RUN	gatling.LoadSpec	loadspec	1685545058066	 	3.9.5
USER	MongoDB - Load Scenario	START	1685545058592
USER	MySql - Save Scenario	START	1685545058592
USER	MySql - Load Scenario	START	1685545058592
USER	MongoDB - Save Scenario	START	1685545058592
USER	MySql - Save Scenario	START	1685545058753
USER	MongoDB - Load Scenario	START	1685545058753
USER	MongoDB - Save Scenario	START	1685545058753
USER	MySql - Load Scenario	START	1685545058753
USER	MySql - Load Scenario	START	1685545058957
USER	MySql - Save Scenario	START	1685545058957
USER	MongoDB - Load Scenario	START	1685545058957
USER	MongoDB - Save Scenario	START	1685545058957
USER	MySql - Load Scenario	START	1685545059158
USER	MySql - Save Scenario	START	1685545059158
USER	MongoDB - Load Scenario	START	1685545059158
USER	MongoDB - Save Scenario	START	1685545059160
REQUEST		MongoDB - Save	1685545059157	1685545059251	OK	 
REQUEST		MongoDB - Load	1685545058956	1685545059254	KO	status.find.in([200, 209], 304), found 500
REQUEST		MongoDB - Load	1685545059157	1685545059251	KO	status.find.in([200, 209], 304), found 500
REQUEST		MongoDB - Save	1685545058751	1685545059261	OK	 
REQUEST		MongoDB - Load	1685545058589	1685545059251	KO	status.find.in([200, 209], 304), found 500
REQUEST		MongoDB - Load	1685545058751	1685545059267	KO	status.find.in([200, 209], 304), found 500
REQUEST		MongoDB - Save	1685545058956	1685545059251	OK	 
REQUEST		MongoDB - Save	1685545058589	1685545059251	OK	 
USER	MongoDB - Save Scenario	END	1685545059283
USER	MongoDB - Save Scenario	END	1685545059284
USER	MongoDB - Load Scenario	END	1685545059284
USER	MongoDB - Load Scenario	END	1685545059284
USER	MongoDB - Save Scenario	END	1685545059284
USER	MongoDB - Load Scenario	END	1685545059284
USER	MongoDB - Load Scenario	END	1685545059284
USER	MongoDB - Save Scenario	END	1685545059284
USER	MySql - Save Scenario	START	1685545059346
USER	MongoDB - Load Scenario	START	1685545059346
USER	MongoDB - Save Scenario	START	1685545059346
USER	MySql - Load Scenario	START	1685545059347
REQUEST		MongoDB - Load	1685545059346	1685545059377	KO	status.find.in([200, 209], 304), found 500
USER	MongoDB - Load Scenario	END	1685545059378
REQUEST		MongoDB - Save	1685545059346	1685545059400	OK	 
USER	MongoDB - Save Scenario	END	1685545059401
USER	MongoDB - Save Scenario	START	1685545059544
USER	MySql - Load Scenario	START	1685545059545
USER	MySql - Save Scenario	START	1685545059550
USER	MongoDB - Load Scenario	START	1685545059551
REQUEST		MongoDB - Save	1685545059544	1685545059570	OK	 
USER	MongoDB - Save Scenario	END	1685545059571
REQUEST		MongoDB - Load	1685545059550	1685545059573	OK	 
USER	MongoDB - Load Scenario	END	1685545059573
USER	MySql - Load Scenario	START	1685545059745
USER	MySql - Save Scenario	START	1685545059753
USER	MongoDB - Save Scenario	START	1685545059754
USER	MongoDB - Load Scenario	START	1685545059754
REQUEST		MongoDB - Load	1685545059752	1685545059784	OK	 
USER	MongoDB - Load Scenario	END	1685545059786
REQUEST		MongoDB - Save	1685545059753	1685545059793	OK	 
USER	MongoDB - Save Scenario	END	1685545059794
REQUEST		MySql - Load	1685545058589	1685545059935	KO	status.find.in([200, 209], 304), found 500
REQUEST		MySql - Load	1685545058751	1685545059935	KO	status.find.in([200, 209], 304), found 500
REQUEST		MySql - Save	1685545059753	1685545059935	OK	 
REQUEST		MySql - Save	1685545059550	1685545059935	OK	 
REQUEST		MySql - Save	1685545059346	1685545059935	OK	 
REQUEST		MySql - Save	1685545058751	1685545059935	OK	 
REQUEST		MySql - Load	1685545059346	1685545059935	KO	status.find.in([200, 209], 304), found 500
REQUEST		MySql - Load	1685545058956	1685545059935	KO	status.find.in([200, 209], 304), found 500
REQUEST		MySql - Save	1685545058589	1685545059936	OK	 
USER	MySql - Load Scenario	END	1685545059936
REQUEST		MySql - Load	1685545059545	1685545059936	KO	status.find.in([200, 209], 304), found 500
USER	MySql - Save Scenario	END	1685545059936
REQUEST		MySql - Save	1685545059157	1685545059936	OK	 
USER	MySql - Save Scenario	END	1685545059936
REQUEST		MySql - Load	1685545059157	1685545059935	KO	status.find.in([200, 209], 304), found 500
USER	MySql - Load Scenario	END	1685545059936
USER	MySql - Save Scenario	END	1685545059936
USER	MySql - Save Scenario	END	1685545059936
USER	MySql - Load Scenario	END	1685545059936
USER	MySql - Load Scenario	END	1685545059936
USER	MySql - Save Scenario	END	1685545059936
USER	MySql - Save Scenario	END	1685545059936
USER	MySql - Load Scenario	END	1685545059936
USER	MySql - Load Scenario	END	1685545059936
REQUEST		MySql - Load	1685545059745	1685545059937	KO	status.find.in([200, 209], 304), found 500
USER	MySql - Load Scenario	END	1685545059937
USER	MongoDB - Save Scenario	START	1685545059945
USER	MySql - Save Scenario	START	1685545059952
USER	MongoDB - Load Scenario	START	1685545059953
USER	MySql - Load Scenario	START	1685545059953
REQUEST		MongoDB - Save	1685545059945	1685545059967	OK	 
USER	MongoDB - Save Scenario	END	1685545059968
REQUEST		MongoDB - Load	1685545059952	1685545059983	OK	 
USER	MongoDB - Load Scenario	END	1685545059984
REQUEST		MySql - Load	1685545059952	1685545060002	KO	status.find.in([200, 209], 304), found 500
USER	MySql - Load Scenario	END	1685545060003
USER	MongoDB - Save Scenario	START	1685545060145
USER	MySql - Save Scenario	START	1685545060156
USER	MongoDB - Load Scenario	START	1685545060156
USER	MySql - Load Scenario	START	1685545060156
REQUEST		MongoDB - Save	1685545060144	1685545060164	OK	 
USER	MongoDB - Save Scenario	END	1685545060164
REQUEST		MongoDB - Load	1685545060155	1685545060180	OK	 
USER	MongoDB - Load Scenario	END	1685545060180
REQUEST		MySql - Load	1685545060155	1685545060212	KO	status.find.in([200, 209], 304), found 500
USER	MySql - Load Scenario	END	1685545060213
USER	MySql - Save Scenario	START	1685545060359
USER	MongoDB - Save Scenario	START	1685545060359
USER	MongoDB - Load Scenario	START	1685545060359
USER	MySql - Load Scenario	START	1685545060359
REQUEST		MongoDB - Load	1685545060358	1685545060385	OK	 
REQUEST		MongoDB - Save	1685545060358	1685545060385	OK	 
USER	MongoDB - Load Scenario	END	1685545060386
USER	MongoDB - Save Scenario	END	1685545060386
REQUEST		MySql - Load	1685545060358	1685545060390	KO	status.find.in([200, 209], 304), found 500
USER	MySql - Load Scenario	END	1685545060391
REQUEST		MySql - Save	1685545060155	1685545060393	OK	 
USER	MySql - Save Scenario	END	1685545060394
USER	MongoDB - Load Scenario	START	1685545060547
USER	MongoDB - Save Scenario	START	1685545060547
USER	MySql - Save Scenario	START	1685545060547
USER	MySql - Load Scenario	START	1685545060548
REQUEST		MongoDB - Load	1685545060547	1685545060567	OK	 
REQUEST		MongoDB - Save	1685545060547	1685545060567	OK	 
USER	MongoDB - Load Scenario	END	1685545060568
USER	MongoDB - Save Scenario	END	1685545060568
REQUEST		MySql - Load	1685545060547	1685545060615	KO	status.find.in([200, 209], 304), found 500
USER	MySql - Load Scenario	END	1685545060616
REQUEST		MySql - Save	1685545060358	1685545060739	OK	 
USER	MySql - Save Scenario	END	1685545060740
USER	MySql - Load Scenario	START	1685545060751
USER	MongoDB - Load Scenario	START	1685545060751
USER	MySql - Save Scenario	START	1685545060751
USER	MongoDB - Save Scenario	START	1685545060751
REQUEST		MongoDB - Load	1685545060750	1685545060773	OK	 
REQUEST		MongoDB - Save	1685545060750	1685545060773	OK	 
USER	MongoDB - Load Scenario	END	1685545060773
USER	MongoDB - Save Scenario	END	1685545060773
REQUEST		MySql - Load	1685545060750	1685545060806	KO	status.find.in([200, 209], 304), found 500
USER	MySql - Load Scenario	END	1685545060807
USER	MongoDB - Load Scenario	START	1685545060955
USER	MySql - Load Scenario	START	1685545060955
USER	MySql - Save Scenario	START	1685545060955
USER	MongoDB - Save Scenario	START	1685545060955
REQUEST		MongoDB - Load	1685545060954	1685545060978	OK	 
REQUEST		MongoDB - Save	1685545060955	1685545060978	OK	 
USER	MongoDB - Load Scenario	END	1685545060979
USER	MongoDB - Save Scenario	END	1685545060979
REQUEST		MySql - Load	1685545060954	1685545061014	KO	status.find.in([200, 209], 304), found 500
USER	MySql - Load Scenario	END	1685545061014
REQUEST		MySql - Save	1685545058956	1685545061085	OK	 
USER	MySql - Save Scenario	END	1685545061085
USER	MongoDB - Save Scenario	START	1685545061157
USER	MySql - Load Scenario	START	1685545061157
USER	MongoDB - Load Scenario	START	1685545061157
USER	MySql - Save Scenario	START	1685545061157
REQUEST		MongoDB - Save	1685545061156	1685545061175	OK	 
USER	MongoDB - Save Scenario	END	1685545061176
REQUEST		MongoDB - Load	1685545061156	1685545061177	OK	 
USER	MongoDB - Load Scenario	END	1685545061178
REQUEST		MySql - Save	1685545059952	1685545061190	OK	 
USER	MySql - Save Scenario	END	1685545061191
REQUEST		MySql - Load	1685545061156	1685545061211	KO	status.find.in([200, 209], 304), found 500
USER	MySql - Load Scenario	END	1685545061212
REQUEST		MySql - Save	1685545060955	1685545061239	OK	 
USER	MySql - Save Scenario	END	1685545061240
USER	MongoDB - Save Scenario	START	1685545061345
USER	MySql - Save Scenario	START	1685545061345
USER	MongoDB - Load Scenario	START	1685545061345
USER	MySql - Load Scenario	START	1685545061345
REQUEST		MongoDB - Save	1685545061345	1685545061370	OK	 
USER	MongoDB - Save Scenario	END	1685545061371
REQUEST		MongoDB - Load	1685545061345	1685545061372	OK	 
USER	MongoDB - Load Scenario	END	1685545061373
REQUEST		MySql - Load	1685545061345	1685545061438	OK	 
USER	MySql - Load Scenario	END	1685545061438
USER	MongoDB - Save Scenario	START	1685545061549
USER	MySql - Load Scenario	START	1685545061549
USER	MongoDB - Load Scenario	START	1685545061549
USER	MySql - Save Scenario	START	1685545061549
REQUEST		MongoDB - Load	1685545061549	1685545061567	OK	 
USER	MongoDB - Load Scenario	END	1685545061568
REQUEST		MongoDB - Save	1685545061549	1685545061572	OK	 
USER	MongoDB - Save Scenario	END	1685545061573
REQUEST		MySql - Load	1685545061549	1685545061608	OK	 
USER	MySql - Load Scenario	END	1685545061609
REQUEST		MySql - Save	1685545060547	1685545061703	OK	 
USER	MySql - Save Scenario	END	1685545061703
USER	MySql - Load Scenario	START	1685545061755
USER	MySql - Save Scenario	START	1685545061755
USER	MongoDB - Save Scenario	START	1685545061755
USER	MongoDB - Load Scenario	START	1685545061755
REQUEST		MongoDB - Load	1685545061754	1685545061773	OK	 
USER	MongoDB - Load Scenario	END	1685545061773
REQUEST		MongoDB - Save	1685545061754	1685545061774	OK	 
USER	MongoDB - Save Scenario	END	1685545061775
REQUEST		MySql - Load	1685545061754	1685545061795	KO	status.find.in([200, 209], 304), found 500
USER	MySql - Load Scenario	END	1685545061795
REQUEST		MySql - Save	1685545061549	1685545061813	OK	 
USER	MySql - Save Scenario	END	1685545061814
REQUEST		MySql - Save	1685545060750	1685545061874	OK	 
USER	MySql - Save Scenario	END	1685545061875
USER	MongoDB - Save Scenario	START	1685545061959
USER	MySql - Load Scenario	START	1685545061959
USER	MongoDB - Load Scenario	START	1685545061959
USER	MySql - Save Scenario	START	1685545061959
REQUEST		MongoDB - Save	1685545061958	1685545061972	OK	 
USER	MongoDB - Save Scenario	END	1685545061973
REQUEST		MongoDB - Load	1685545061958	1685545061975	OK	 
USER	MongoDB - Load Scenario	END	1685545061976
REQUEST		MySql - Load	1685545061958	1685545061996	KO	status.find.in([200, 209], 304), found 500
USER	MySql - Load Scenario	END	1685545061996
USER	MySql - Load Scenario	START	1685545062147
USER	MySql - Save Scenario	START	1685545062147
USER	MongoDB - Load Scenario	START	1685545062147
USER	MongoDB - Save Scenario	START	1685545062147
REQUEST		MongoDB - Load	1685545062147	1685545062164	OK	 
USER	MongoDB - Load Scenario	END	1685545062165
REQUEST		MongoDB - Save	1685545062147	1685545062167	OK	 
USER	MongoDB - Save Scenario	END	1685545062167
REQUEST		MySql - Load	1685545062147	1685545062188	KO	status.find.in([200, 209], 304), found 500
USER	MySql - Load Scenario	END	1685545062189
REQUEST		MySql - Save	1685545061156	1685545062203	OK	 
USER	MySql - Save Scenario	END	1685545062203
REQUEST		MySql - Save	1685545061345	1685545062240	OK	 
USER	MySql - Save Scenario	END	1685545062241
USER	MySql - Save Scenario	START	1685545062351
USER	MySql - Load Scenario	START	1685545062351
USER	MongoDB - Save Scenario	START	1685545062351
USER	MongoDB - Load Scenario	START	1685545062351
REQUEST		MongoDB - Load	1685545062350	1685545062367	OK	 
USER	MongoDB - Load Scenario	END	1685545062368
REQUEST		MongoDB - Save	1685545062350	1685545062369	OK	 
USER	MongoDB - Save Scenario	END	1685545062370
REQUEST		MySql - Save	1685545062147	1685545062372	OK	 
USER	MySql - Save Scenario	END	1685545062372
REQUEST		MySql - Load	1685545062350	1685545062394	OK	 
USER	MySql - Load Scenario	END	1685545062394
USER	MySql - Save Scenario	START	1685545062556
USER	MySql - Load Scenario	START	1685545062556
USER	MongoDB - Save Scenario	START	1685545062556
USER	MongoDB - Load Scenario	START	1685545062556
REQUEST		MongoDB - Load	1685545062556	1685545062572	OK	 
REQUEST		MongoDB - Save	1685545062556	1685545062573	OK	 
USER	MongoDB - Load Scenario	END	1685545062573
USER	MongoDB - Save Scenario	END	1685545062573
REQUEST		MySql - Load	1685545062556	1685545062587	KO	status.find.in([200, 209], 304), found 500
USER	MySql - Load Scenario	END	1685545062587
REQUEST		MySql - Save	1685545061754	1685545062606	OK	 
USER	MySql - Save Scenario	END	1685545062607
USER	MongoDB - Save Scenario	START	1685545062756
USER	MySql - Load Scenario	START	1685545062756
USER	MySql - Save Scenario	START	1685545062756
USER	MongoDB - Load Scenario	START	1685545062756
REQUEST		MongoDB - Save	1685545062756	1685545062780	OK	 
USER	MongoDB - Save Scenario	END	1685545062781
REQUEST		MongoDB - Load	1685545062756	1685545062781	OK	 
USER	MongoDB - Load Scenario	END	1685545062781
REQUEST		MySql - Load	1685545062756	1685545062790	KO	status.find.in([200, 209], 304), found 500
USER	MySql - Load Scenario	END	1685545062791
REQUEST		MySql - Save	1685545061958	1685545062827	OK	 
USER	MySql - Save Scenario	END	1685545062828
REQUEST		MySql - Save	1685545062350	1685545062947	OK	 
USER	MySql - Save Scenario	END	1685545062948
USER	MySql - Load Scenario	START	1685545062957
USER	MongoDB - Save Scenario	START	1685545062957
USER	MySql - Save Scenario	START	1685545062957
USER	MongoDB - Load Scenario	START	1685545062957
REQUEST		MongoDB - Load	1685545062956	1685545062972	OK	 
REQUEST		MongoDB - Save	1685545062956	1685545062972	OK	 
USER	MongoDB - Load Scenario	END	1685545062973
USER	MongoDB - Save Scenario	END	1685545062973
REQUEST		MySql - Load	1685545062956	1685545062990	OK	 
USER	MySql - Load Scenario	END	1685545062990
USER	MongoDB - Load Scenario	START	1685545063145
USER	MySql - Save Scenario	START	1685545063145
USER	MongoDB - Save Scenario	START	1685545063145
USER	MySql - Load Scenario	START	1685545063145
REQUEST		MongoDB - Load	1685545063145	1685545063161	OK	 
USER	MongoDB - Load Scenario	END	1685545063161
REQUEST		MongoDB - Save	1685545063145	1685545063165	OK	 
USER	MongoDB - Save Scenario	END	1685545063166
REQUEST		MySql - Load	1685545063145	1685545063183	OK	 
USER	MySql - Load Scenario	END	1685545063183
USER	MySql - Save Scenario	START	1685545063345
USER	MongoDB - Load Scenario	START	1685545063345
USER	MongoDB - Save Scenario	START	1685545063345
USER	MySql - Load Scenario	START	1685545063345
REQUEST		MongoDB - Save	1685545063345	1685545063360	OK	 
USER	MongoDB - Save Scenario	END	1685545063361
REQUEST		MongoDB - Load	1685545063345	1685545063362	OK	 
USER	MongoDB - Load Scenario	END	1685545063362
REQUEST		MySql - Save	1685545063145	1685545063364	OK	 
USER	MySql - Save Scenario	END	1685545063365
REQUEST		MySql - Load	1685545063345	1685545063379	OK	 
USER	MySql - Load Scenario	END	1685545063379
REQUEST		MySql - Save	1685545062555	1685545063412	OK	 
USER	MySql - Save Scenario	END	1685545063412
USER	MySql - Load Scenario	START	1685545063549
USER	MySql - Save Scenario	START	1685545063549
USER	MongoDB - Load Scenario	START	1685545063549
USER	MongoDB - Save Scenario	START	1685545063549
REQUEST		MongoDB - Load	1685545063549	1685545063564	OK	 
REQUEST		MySql - Save	1685545062756	1685545063564	OK	 
USER	MySql - Save Scenario	END	1685545063564
USER	MongoDB - Load Scenario	END	1685545063564
REQUEST		MongoDB - Save	1685545063549	1685545063567	OK	 
USER	MongoDB - Save Scenario	END	1685545063568
REQUEST		MySql - Load	1685545063549	1685545063582	OK	 
USER	MySql - Load Scenario	END	1685545063582
REQUEST		MySql - Save	1685545063345	1685545063735	OK	 
USER	MySql - Save Scenario	END	1685545063735
USER	MySql - Save Scenario	START	1685545063751
USER	MongoDB - Save Scenario	START	1685545063751
USER	MySql - Load Scenario	START	1685545063751
USER	MongoDB - Load Scenario	START	1685545063751
REQUEST		MongoDB - Save	1685545063750	1685545063766	OK	 
REQUEST		MongoDB - Load	1685545063750	1685545063766	OK	 
USER	MongoDB - Load Scenario	END	1685545063766
USER	MongoDB - Save Scenario	END	1685545063766
REQUEST		MySql - Save	1685545062956	1685545063780	OK	 
REQUEST		MySql - Load	1685545063750	1685545063780	OK	 
USER	MySql - Load Scenario	END	1685545063780
USER	MySql - Save Scenario	END	1685545063780
USER	MongoDB - Load Scenario	START	1685545063955
USER	MySql - Save Scenario	START	1685545063955
USER	MySql - Load Scenario	START	1685545063955
USER	MongoDB - Save Scenario	START	1685545063955
REQUEST		MongoDB - Load	1685545063955	1685545063968	OK	 
USER	MongoDB - Load Scenario	END	1685545063968
REQUEST		MongoDB - Save	1685545063955	1685545063970	OK	 
USER	MongoDB - Save Scenario	END	1685545063970
REQUEST		MySql - Load	1685545063955	1685545063982	KO	status.find.in([200, 209], 304), found 500
USER	MySql - Load Scenario	END	1685545063983
USER	MongoDB - Load Scenario	START	1685545064144
USER	MySql - Save Scenario	START	1685545064144
USER	MySql - Load Scenario	START	1685545064144
REQUEST		MongoDB - Load	1685545064143	1685545064155	OK	 
USER	MongoDB - Load Scenario	END	1685545064156
USER	MongoDB - Save Scenario	START	1685545064159
REQUEST		MySql - Load	1685545064143	1685545064172	KO	status.find.in([200, 209], 304), found 500
USER	MySql - Load Scenario	END	1685545064173
REQUEST		MongoDB - Save	1685545064158	1685545064173	OK	 
USER	MongoDB - Save Scenario	END	1685545064173
REQUEST		MySql - Save	1685545063549	1685545064340	OK	 
USER	MySql - Save Scenario	END	1685545064340
USER	MySql - Save Scenario	START	1685545064345
USER	MongoDB - Save Scenario	START	1685545064345
USER	MySql - Load Scenario	START	1685545064345
USER	MongoDB - Load Scenario	START	1685545064345
REQUEST		MongoDB - Save	1685545064345	1685545064358	OK	 
USER	MongoDB - Save Scenario	END	1685545064359
REQUEST		MongoDB - Load	1685545064345	1685545064361	OK	 
USER	MongoDB - Load Scenario	END	1685545064362
REQUEST		MySql - Load	1685545064345	1685545064373	KO	status.find.in([200, 209], 304), found 500
USER	MySql - Load Scenario	END	1685545064373
REQUEST		MySql - Save	1685545064143	1685545064402	OK	 
USER	MySql - Save Scenario	END	1685545064402
USER	MySql - Save Scenario	START	1685545064549
USER	MySql - Load Scenario	START	1685545064549
USER	MongoDB - Load Scenario	START	1685545064549
USER	MongoDB - Save Scenario	START	1685545064549
REQUEST		MongoDB - Save	1685545064548	1685545064567	OK	 
REQUEST		MongoDB - Load	1685545064548	1685545064567	OK	 
USER	MongoDB - Save Scenario	END	1685545064568
USER	MongoDB - Load Scenario	END	1685545064568
REQUEST		MySql - Load	1685545064548	1685545064581	KO	status.find.in([200, 209], 304), found 500
USER	MySql - Load Scenario	END	1685545064582
REQUEST		MySql - Save	1685545063750	1685545064591	OK	 
USER	MySql - Save Scenario	END	1685545064592
USER	MongoDB - Load Scenario	START	1685545064754
USER	MySql - Load Scenario	START	1685545064754
USER	MongoDB - Save Scenario	START	1685545064754
USER	MySql - Save Scenario	START	1685545064754
REQUEST		MongoDB - Load	1685545064753	1685545064767	OK	 
USER	MongoDB - Load Scenario	END	1685545064767
REQUEST		MongoDB - Save	1685545064753	1685545064769	OK	 
USER	MongoDB - Save Scenario	END	1685545064770
REQUEST		MySql - Load	1685545064753	1685545064784	KO	status.find.in([200, 209], 304), found 500
USER	MySql - Load Scenario	END	1685545064785
REQUEST		MySql - Save	1685545063955	1685545064839	OK	 
USER	MySql - Save Scenario	END	1685545064840
USER	MySql - Save Scenario	START	1685545064958
USER	MongoDB - Save Scenario	START	1685545064958
USER	MySql - Load Scenario	START	1685545064958
USER	MongoDB - Load Scenario	START	1685545064958
REQUEST		MongoDB - Load	1685545064957	1685545064971	OK	 
USER	MongoDB - Load Scenario	END	1685545064972
REQUEST		MongoDB - Save	1685545064957	1685545064974	OK	 
USER	MongoDB - Save Scenario	END	1685545064975
REQUEST		MySql - Load	1685545064957	1685545064993	KO	status.find.in([200, 209], 304), found 500
USER	MySql - Load Scenario	END	1685545064993
USER	MySql - Load Scenario	START	1685545065146
USER	MongoDB - Load Scenario	START	1685545065146
USER	MongoDB - Save Scenario	START	1685545065146
USER	MySql - Save Scenario	START	1685545065146
REQUEST		MongoDB - Load	1685545065145	1685545065164	OK	 
USER	MongoDB - Load Scenario	END	1685545065165
REQUEST		MongoDB - Save	1685545065145	1685545065166	OK	 
USER	MongoDB - Save Scenario	END	1685545065166
REQUEST		MySql - Load	1685545065145	1685545065174	KO	status.find.in([200, 209], 304), found 500
USER	MySql - Load Scenario	END	1685545065175
REQUEST		MySql - Save	1685545064345	1685545065178	OK	 
USER	MySql - Save Scenario	END	1685545065179
USER	MongoDB - Save Scenario	START	1685545065347
USER	MySql - Save Scenario	START	1685545065347
USER	MongoDB - Load Scenario	START	1685545065347
USER	MySql - Load Scenario	START	1685545065347
REQUEST		MongoDB - Save	1685545065347	1685545065359	OK	 
USER	MongoDB - Save Scenario	END	1685545065360
REQUEST		MongoDB - Load	1685545065347	1685545065360	OK	 
USER	MongoDB - Load Scenario	END	1685545065360
REQUEST		MySql - Load	1685545065347	1685545065374	KO	status.find.in([200, 209], 304), found 500
USER	MySql - Load Scenario	END	1685545065374
REQUEST		MySql - Save	1685545064548	1685545065378	OK	 
USER	MySql - Save Scenario	END	1685545065378
REQUEST		MySql - Save	1685545065145	1685545065415	OK	 
USER	MySql - Save Scenario	END	1685545065416
USER	MySql - Save Scenario	START	1685545065551
USER	MongoDB - Load Scenario	START	1685545065551
USER	MySql - Load Scenario	START	1685545065551
USER	MongoDB - Save Scenario	START	1685545065551
REQUEST		MongoDB - Load	1685545065550	1685545065562	OK	 
REQUEST		MongoDB - Save	1685545065550	1685545065562	OK	 
USER	MongoDB - Save Scenario	END	1685545065563
USER	MongoDB - Load Scenario	END	1685545065563
REQUEST		MySql - Save	1685545064753	1685545065570	OK	 
USER	MySql - Save Scenario	END	1685545065570
REQUEST		MySql - Load	1685545065550	1685545065579	OK	 
USER	MySql - Load Scenario	END	1685545065580
USER	MongoDB - Load Scenario	START	1685545065754
USER	MySql - Save Scenario	START	1685545065754
USER	MySql - Load Scenario	START	1685545065754
USER	MongoDB - Save Scenario	START	1685545065754
REQUEST		MongoDB - Load	1685545065754	1685545065766	OK	 
REQUEST		MongoDB - Save	1685545065754	1685545065766	OK	 
USER	MongoDB - Save Scenario	END	1685545065766
USER	MongoDB - Load Scenario	END	1685545065766
REQUEST		MySql - Save	1685545064957	1685545065774	OK	 
USER	MySql - Save Scenario	END	1685545065774
REQUEST		MySql - Load	1685545065754	1685545065780	KO	status.find.in([200, 209], 304), found 500
USER	MySql - Load Scenario	END	1685545065781
USER	MongoDB - Save Scenario	START	1685545065958
USER	MySql - Load Scenario	START	1685545065958
USER	MongoDB - Load Scenario	START	1685545065958
USER	MySql - Save Scenario	START	1685545065958
REQUEST		MongoDB - Load	1685545065958	1685545065972	OK	 
USER	MongoDB - Load Scenario	END	1685545065973
REQUEST		MongoDB - Save	1685545065958	1685545065974	OK	 
USER	MongoDB - Save Scenario	END	1685545065975
REQUEST		MySql - Load	1685545065958	1685545065986	KO	status.find.in([200, 209], 304), found 500
USER	MySql - Load Scenario	END	1685545065986
REQUEST		MySql - Save	1685545065347	1685545066113	OK	 
USER	MySql - Save Scenario	END	1685545066114
USER	MySql - Save Scenario	START	1685545066144
USER	MongoDB - Save Scenario	START	1685545066144
USER	MySql - Load Scenario	START	1685545066144
USER	MongoDB - Load Scenario	START	1685545066144
REQUEST		MongoDB - Save	1685545066144	1685545066157	OK	 
USER	MongoDB - Save Scenario	END	1685545066157
REQUEST		MongoDB - Load	1685545066144	1685545066158	OK	 
USER	MongoDB - Load Scenario	END	1685545066158
REQUEST		MySql - Load	1685545066144	1685545066170	KO	status.find.in([200, 209], 304), found 500
USER	MySql - Load Scenario	END	1685545066171
REQUEST		MySql - Save	1685545065550	1685545066333	OK	 
USER	MySql - Save Scenario	END	1685545066333
USER	MongoDB - Save Scenario	START	1685545066346
USER	MySql - Load Scenario	START	1685545066346
USER	MySql - Save Scenario	START	1685545066346
USER	MongoDB - Load Scenario	START	1685545066346
REQUEST		MongoDB - Save	1685545066346	1685545066358	OK	 
USER	MongoDB - Save Scenario	END	1685545066358
REQUEST		MongoDB - Load	1685545066346	1685545066360	OK	 
USER	MongoDB - Load Scenario	END	1685545066360
REQUEST		MySql - Load	1685545066346	1685545066372	KO	status.find.in([200, 209], 304), found 500
USER	MySql - Load Scenario	END	1685545066373
REQUEST		MySql - Save	1685545065754	1685545066547	OK	 
USER	MySql - Save Scenario	END	1685545066548
USER	MySql - Load Scenario	START	1685545066556
USER	MongoDB - Load Scenario	START	1685545066556
USER	MySql - Save Scenario	START	1685545066556
USER	MongoDB - Save Scenario	START	1685545066556
REQUEST		MongoDB - Save	1685545066555	1685545066570	OK	 
USER	MongoDB - Save Scenario	END	1685545066570
REQUEST		MongoDB - Load	1685545066555	1685545066572	OK	 
USER	MongoDB - Load Scenario	END	1685545066572
REQUEST		MySql - Load	1685545066555	1685545066581	KO	status.find.in([200, 209], 304), found 500
USER	MySql - Load Scenario	END	1685545066582
REQUEST		MySql - Save	1685545065958	1685545066660	OK	 
USER	MySql - Save Scenario	END	1685545066660
USER	MongoDB - Save Scenario	START	1685545066753
USER	MySql - Save Scenario	START	1685545066753
USER	MySql - Load Scenario	START	1685545066753
USER	MongoDB - Load Scenario	START	1685545066753
REQUEST		MongoDB - Load	1685545066753	1685545066766	OK	 
USER	MongoDB - Load Scenario	END	1685545066766
REQUEST		MongoDB - Save	1685545066753	1685545066769	OK	 
USER	MongoDB - Save Scenario	END	1685545066769
REQUEST		MySql - Load	1685545066753	1685545066779	KO	status.find.in([200, 209], 304), found 500
USER	MySql - Load Scenario	END	1685545066780
REQUEST		MySql - Save	1685545066144	1685545066907	OK	 
USER	MySql - Save Scenario	END	1685545066907
USER	MongoDB - Save Scenario	START	1685545066958
USER	MySql - Save Scenario	START	1685545066958
USER	MongoDB - Load Scenario	START	1685545066958
USER	MySql - Load Scenario	START	1685545066958
REQUEST		MongoDB - Load	1685545066958	1685545066972	OK	 
REQUEST		MongoDB - Save	1685545066958	1685545066972	OK	 
USER	MongoDB - Load Scenario	END	1685545066972
USER	MongoDB - Save Scenario	END	1685545066972
REQUEST		MySql - Load	1685545066958	1685545066985	KO	status.find.in([200, 209], 304), found 500
USER	MySql - Load Scenario	END	1685545066985
REQUEST		MySql - Save	1685545066346	1685545067102	OK	 
USER	MySql - Save Scenario	END	1685545067103
USER	MySql - Load Scenario	START	1685545067145
USER	MySql - Save Scenario	START	1685545067145
USER	MongoDB - Save Scenario	START	1685545067145
USER	MongoDB - Load Scenario	START	1685545067145
REQUEST		MongoDB - Load	1685545067145	1685545067158	OK	 
USER	MongoDB - Load Scenario	END	1685545067158
REQUEST		MongoDB - Save	1685545067145	1685545067159	OK	 
USER	MongoDB - Save Scenario	END	1685545067159
REQUEST		MySql - Load	1685545067145	1685545067172	KO	status.find.in([200, 209], 304), found 500
USER	MySql - Load Scenario	END	1685545067173
REQUEST		MySql - Save	1685545066555	1685545067312	OK	 
USER	MySql - Save Scenario	END	1685545067312
USER	MongoDB - Load Scenario	START	1685545067347
USER	MySql - Save Scenario	START	1685545067347
USER	MySql - Load Scenario	START	1685545067347
USER	MongoDB - Save Scenario	START	1685545067347
REQUEST		MongoDB - Save	1685545067347	1685545067357	OK	 
USER	MongoDB - Save Scenario	END	1685545067357
REQUEST		MongoDB - Load	1685545067347	1685545067358	OK	 
USER	MongoDB - Load Scenario	END	1685545067358
REQUEST		MySql - Load	1685545067347	1685545067372	KO	status.find.in([200, 209], 304), found 500
USER	MySql - Load Scenario	END	1685545067372
REQUEST		MySql - Save	1685545066753	1685545067529	OK	 
USER	MySql - Save Scenario	END	1685545067529
USER	MySql - Save Scenario	START	1685545067551
USER	MySql - Load Scenario	START	1685545067551
USER	MongoDB - Save Scenario	START	1685545067551
USER	MongoDB - Load Scenario	START	1685545067551
REQUEST		MongoDB - Load	1685545067551	1685545067570	OK	 
USER	MongoDB - Load Scenario	END	1685545067571
REQUEST		MongoDB - Save	1685545067551	1685545067571	OK	 
USER	MongoDB - Save Scenario	END	1685545067572
REQUEST		MySql - Load	1685545067551	1685545067579	KO	status.find.in([200, 209], 304), found 500
USER	MySql - Load Scenario	END	1685545067579
USER	MongoDB - Save Scenario	START	1685545067755
USER	MySql - Save Scenario	START	1685545067755
USER	MongoDB - Load Scenario	START	1685545067755
USER	MySql - Load Scenario	START	1685545067755
REQUEST		MySql - Save	1685545066958	1685545067764	OK	 
USER	MySql - Save Scenario	END	1685545067764
REQUEST		MongoDB - Load	1685545067755	1685545067767	OK	 
REQUEST		MongoDB - Save	1685545067755	1685545067767	OK	 
USER	MongoDB - Load Scenario	END	1685545067768
USER	MongoDB - Save Scenario	END	1685545067768
REQUEST		MySql - Load	1685545067755	1685545067780	KO	status.find.in([200, 209], 304), found 500
USER	MySql - Load Scenario	END	1685545067781
USER	MySql - Load Scenario	START	1685545067944
USER	MySql - Save Scenario	START	1685545067944
USER	MongoDB - Load Scenario	START	1685545067944
USER	MongoDB - Save Scenario	START	1685545067944
REQUEST		MongoDB - Save	1685545067943	1685545067956	OK	 
USER	MongoDB - Save Scenario	END	1685545067957
REQUEST		MongoDB - Load	1685545067943	1685545067959	OK	 
USER	MongoDB - Load Scenario	END	1685545067959
REQUEST		MySql - Save	1685545067145	1685545067970	OK	 
REQUEST		MySql - Load	1685545067943	1685545067970	KO	status.find.in([200, 209], 304), found 500
USER	MySql - Save Scenario	END	1685545067971
USER	MySql - Load Scenario	END	1685545067971
USER	MySql - Save Scenario	START	1685545068143
USER	MongoDB - Save Scenario	START	1685545068143
USER	MongoDB - Load Scenario	START	1685545068143
USER	MySql - Load Scenario	START	1685545068143
REQUEST		MySql - Save	1685545067943	1685545068145	OK	 
USER	MySql - Save Scenario	END	1685545068146
REQUEST		MongoDB - Load	1685545068143	1685545068157	OK	 
USER	MongoDB - Load Scenario	END	1685545068157
REQUEST		MongoDB - Save	1685545068143	1685545068159	OK	 
USER	MongoDB - Save Scenario	END	1685545068159
REQUEST		MySql - Load	1685545068143	1685545068171	OK	 
USER	MySql - Load Scenario	END	1685545068171
REQUEST		MySql - Save	1685545067347	1685545068191	OK	 
USER	MySql - Save Scenario	END	1685545068192
USER	MySql - Load Scenario	START	1685545068346
USER	MongoDB - Save Scenario	START	1685545068346
USER	MySql - Save Scenario	START	1685545068346
USER	MongoDB - Load Scenario	START	1685545068346
REQUEST		MongoDB - Load	1685545068346	1685545068358	OK	 
USER	MongoDB - Load Scenario	END	1685545068358
REQUEST		MongoDB - Save	1685545068346	1685545068359	OK	 
USER	MongoDB - Save Scenario	END	1685545068359
REQUEST		MySql - Load	1685545068346	1685545068372	KO	status.find.in([200, 209], 304), found 500
USER	MySql - Load Scenario	END	1685545068372
REQUEST		MySql - Save	1685545067551	1685545068391	OK	 
USER	MySql - Save Scenario	END	1685545068391
USER	MongoDB - Save Scenario	START	1685545068547
USER	MySql - Save Scenario	START	1685545068547
USER	MongoDB - Load Scenario	START	1685545068547
USER	MySql - Load Scenario	START	1685545068547
REQUEST		MongoDB - Save	1685545068547	1685545068559	OK	 
USER	MongoDB - Save Scenario	END	1685545068560
REQUEST		MongoDB - Load	1685545068547	1685545068560	OK	 
USER	MongoDB - Load Scenario	END	1685545068561
REQUEST		MySql - Save	1685545067755	1685545068572	OK	 
REQUEST		MySql - Load	1685545068547	1685545068572	KO	status.find.in([200, 209], 304), found 500
USER	MySql - Save Scenario	END	1685545068573
USER	MySql - Load Scenario	END	1685545068573
USER	MySql - Load Scenario	START	1685545068752
USER	MongoDB - Load Scenario	START	1685545068752
USER	MongoDB - Save Scenario	START	1685545068752
USER	MySql - Save Scenario	START	1685545068752
REQUEST		MongoDB - Load	1685545068752	1685545068765	OK	 
REQUEST		MongoDB - Save	1685545068752	1685545068765	OK	 
USER	MongoDB - Save Scenario	END	1685545068765
USER	MongoDB - Load Scenario	END	1685545068765
REQUEST		MySql - Load	1685545068752	1685545068778	KO	status.find.in([200, 209], 304), found 500
USER	MySql - Load Scenario	END	1685545068779
REQUEST		MySql - Save	1685545068143	1685545068931	OK	 
USER	MySql - Save Scenario	END	1685545068931
USER	MySql - Load Scenario	START	1685545068957
USER	MySql - Save Scenario	START	1685545068957
USER	MongoDB - Load Scenario	START	1685545068957
USER	MongoDB - Save Scenario	START	1685545068957
REQUEST		MongoDB - Load	1685545068956	1685545068968	OK	 
USER	MongoDB - Load Scenario	END	1685545068968
REQUEST		MongoDB - Save	1685545068957	1685545068968	OK	 
USER	MongoDB - Save Scenario	END	1685545068969
REQUEST		MySql - Load	1685545068956	1685545068981	KO	status.find.in([200, 209], 304), found 500
USER	MySql - Load Scenario	END	1685545068982
REQUEST		MySql - Save	1685545068346	1685545069145	OK	 
USER	MySql - Save Scenario	END	1685545069145
USER	MySql - Load Scenario	START	1685545069145
USER	MongoDB - Load Scenario	START	1685545069145
USER	MySql - Save Scenario	START	1685545069145
USER	MongoDB - Save Scenario	START	1685545069145
REQUEST		MongoDB - Save	1685545069145	1685545069156	OK	 
REQUEST		MongoDB - Load	1685545069145	1685545069157	OK	 
USER	MongoDB - Save Scenario	END	1685545069157
USER	MongoDB - Load Scenario	END	1685545069157
REQUEST		MySql - Load	1685545069145	1685545069169	KO	status.find.in([200, 209], 304), found 500
USER	MySql - Load Scenario	END	1685545069169
USER	MySql - Load Scenario	START	1685545069346
USER	MongoDB - Load Scenario	START	1685545069346
USER	MySql - Save Scenario	START	1685545069346
USER	MongoDB - Save Scenario	START	1685545069346
REQUEST		MongoDB - Load	1685545069346	1685545069356	OK	 
REQUEST		MongoDB - Save	1685545069346	1685545069356	OK	 
USER	MongoDB - Load Scenario	END	1685545069357
USER	MongoDB - Save Scenario	END	1685545069357
REQUEST		MySql - Load	1685545069346	1685545069368	KO	status.find.in([200, 209], 304), found 500
USER	MySql - Load Scenario	END	1685545069368
REQUEST		MySql - Save	1685545068547	1685545069369	OK	 
USER	MySql - Save Scenario	END	1685545069370
USER	MongoDB - Save Scenario	START	1685545069549
USER	MongoDB - Load Scenario	START	1685545069549
USER	MySql - Load Scenario	START	1685545069549
USER	MySql - Save Scenario	START	1685545069549
REQUEST		MySql - Save	1685545069346	1685545069556	OK	 
USER	MySql - Save Scenario	END	1685545069556
REQUEST		MongoDB - Load	1685545069548	1685545069559	OK	 
REQUEST		MongoDB - Save	1685545069548	1685545069559	OK	 
USER	MongoDB - Save Scenario	END	1685545069559
USER	MongoDB - Load Scenario	END	1685545069559
REQUEST		MySql - Load	1685545069548	1685545069571	KO	status.find.in([200, 209], 304), found 500
USER	MySql - Load Scenario	END	1685545069572
REQUEST		MySql - Save	1685545068752	1685545069585	OK	 
USER	MySql - Save Scenario	END	1685545069586
REQUEST		MySql - Save	1685545068956	1685545069752	OK	 
USER	MongoDB - Save Scenario	START	1685545069753
USER	MongoDB - Load Scenario	START	1685545069753
USER	MySql - Save Scenario	START	1685545069753
USER	MySql - Load Scenario	START	1685545069753
USER	MySql - Save Scenario	END	1685545069753
REQUEST		MongoDB - Save	1685545069752	1685545069769	OK	 
USER	MongoDB - Save Scenario	END	1685545069770
REQUEST		MongoDB - Load	1685545069752	1685545069770	OK	 
USER	MongoDB - Load Scenario	END	1685545069770
REQUEST		MySql - Load	1685545069752	1685545069776	OK	 
USER	MySql - Load Scenario	END	1685545069777
REQUEST		MySql - Save	1685545069145	1685545069905	OK	 
USER	MySql - Save Scenario	END	1685545069905
USER	MySql - Load Scenario	START	1685545069957
USER	MySql - Save Scenario	START	1685545069957
USER	MongoDB - Save Scenario	START	1685545069957
USER	MongoDB - Load Scenario	START	1685545069957
REQUEST		MongoDB - Save	1685545069956	1685545069967	OK	 
REQUEST		MongoDB - Load	1685545069956	1685545069967	OK	 
USER	MongoDB - Load Scenario	END	1685545069968
USER	MongoDB - Save Scenario	END	1685545069968
REQUEST		MySql - Load	1685545069956	1685545069981	KO	status.find.in([200, 209], 304), found 500
USER	MySql - Load Scenario	END	1685545069981
USER	MySql - Save Scenario	START	1685545070157
USER	MySql - Load Scenario	START	1685545070157
USER	MongoDB - Load Scenario	START	1685545070157
USER	MongoDB - Save Scenario	START	1685545070157
REQUEST		MongoDB - Save	1685545070156	1685545070168	OK	 
USER	MongoDB - Save Scenario	END	1685545070168
REQUEST		MongoDB - Load	1685545070156	1685545070170	OK	 
USER	MongoDB - Load Scenario	END	1685545070170
REQUEST		MySql - Load	1685545070156	1685545070182	KO	status.find.in([200, 209], 304), found 500
USER	MySql - Load Scenario	END	1685545070182
REQUEST		MySql - Save	1685545069548	1685545070295	OK	 
USER	MySql - Save Scenario	END	1685545070295
USER	MySql - Save Scenario	START	1685545070344
USER	MongoDB - Load Scenario	START	1685545070344
USER	MySql - Load Scenario	START	1685545070344
USER	MongoDB - Save Scenario	START	1685545070344
REQUEST		MongoDB - Load	1685545070343	1685545070356	OK	 
USER	MongoDB - Load Scenario	END	1685545070356
REQUEST		MongoDB - Save	1685545070343	1685545070359	OK	 
USER	MongoDB - Save Scenario	END	1685545070359
REQUEST		MySql - Load	1685545070343	1685545070369	KO	status.find.in([200, 209], 304), found 500
USER	MySql - Load Scenario	END	1685545070369
REQUEST		MySql - Save	1685545069752	1685545070417	OK	 
REQUEST		MySql - Save	1685545070156	1685545070417	OK	 
USER	MySql - Save Scenario	END	1685545070417
USER	MySql - Save Scenario	END	1685545070417
USER	MySql - Save Scenario	START	1685545070563
USER	MySql - Load Scenario	START	1685545070563
USER	MongoDB - Load Scenario	START	1685545070564
USER	MongoDB - Save Scenario	START	1685545070564
REQUEST		MongoDB - Save	1685545070563	1685545070575	OK	 
USER	MongoDB - Save Scenario	END	1685545070575
REQUEST		MongoDB - Load	1685545070563	1685545070575	OK	 
USER	MongoDB - Load Scenario	END	1685545070576
REQUEST		MySql - Load	1685545070563	1685545070590	OK	 
USER	MySql - Load Scenario	END	1685545070590
REQUEST		MySql - Save	1685545069956	1685545070702	OK	 
USER	MySql - Save Scenario	END	1685545070702
USER	MySql - Load Scenario	START	1685545070749
USER	MySql - Save Scenario	START	1685545070749
USER	MongoDB - Save Scenario	START	1685545070749
USER	MongoDB - Load Scenario	START	1685545070749
REQUEST		MongoDB - Load	1685545070749	1685545070762	OK	 
USER	MongoDB - Load Scenario	END	1685545070762
REQUEST		MongoDB - Save	1685545070749	1685545070763	OK	 
USER	MongoDB - Save Scenario	END	1685545070764
REQUEST		MySql - Load	1685545070749	1685545070775	KO	status.find.in([200, 209], 304), found 500
USER	MySql - Load Scenario	END	1685545070776
USER	MongoDB - Save Scenario	START	1685545070954
USER	MySql - Save Scenario	START	1685545070954
USER	MySql - Load Scenario	START	1685545070954
USER	MongoDB - Load Scenario	START	1685545070954
REQUEST		MongoDB - Save	1685545070954	1685545070967	OK	 
REQUEST		MongoDB - Load	1685545070954	1685545070967	OK	 
USER	MongoDB - Save Scenario	END	1685545070967
USER	MongoDB - Load Scenario	END	1685545070967
REQUEST		MySql - Load	1685545070954	1685545070981	KO	status.find.in([200, 209], 304), found 500
USER	MySql - Load Scenario	END	1685545070982
REQUEST		MySql - Save	1685545070343	1685545071059	OK	 
USER	MySql - Save Scenario	END	1685545071060
USER	MySql - Save Scenario	START	1685545071143
USER	MongoDB - Load Scenario	START	1685545071159
USER	MongoDB - Save Scenario	START	1685545071159
USER	MySql - Load Scenario	START	1685545071159
REQUEST		MongoDB - Load	1685545071158	1685545071172	OK	 
REQUEST		MongoDB - Save	1685545071158	1685545071171	OK	 
USER	MongoDB - Save Scenario	END	1685545071172
USER	MongoDB - Load Scenario	END	1685545071172
REQUEST		MySql - Load	1685545071158	1685545071185	KO	status.find.in([200, 209], 304), found 500
USER	MySql - Load Scenario	END	1685545071186
REQUEST		MySql - Save	1685545070954	1685545071208	OK	 
USER	MySql - Save Scenario	END	1685545071208
REQUEST		MySql - Save	1685545070563	1685545071314	OK	 
USER	MySql - Save Scenario	END	1685545071314
USER	MySql - Load Scenario	START	1685545071357
USER	MongoDB - Load Scenario	START	1685545071357
USER	MySql - Save Scenario	START	1685545071357
USER	MongoDB - Save Scenario	START	1685545071357
REQUEST		MongoDB - Save	1685545071357	1685545071371	OK	 
REQUEST		MongoDB - Load	1685545071357	1685545071371	OK	 
USER	MongoDB - Load Scenario	END	1685545071371
USER	MongoDB - Save Scenario	END	1685545071371
REQUEST		MySql - Load	1685545071357	1685545071383	OK	 
USER	MySql - Load Scenario	END	1685545071384
REQUEST		MySql - Save	1685545070749	1685545071498	OK	 
USER	MySql - Save Scenario	END	1685545071498
USER	MongoDB - Load Scenario	START	1685545071557
USER	MySql - Load Scenario	START	1685545071557
USER	MySql - Save Scenario	START	1685545071557
USER	MongoDB - Save Scenario	START	1685545071557
REQUEST		MongoDB - Load	1685545071556	1685545071567	OK	 
REQUEST		MongoDB - Save	1685545071556	1685545071567	OK	 
USER	MongoDB - Save Scenario	END	1685545071567
USER	MongoDB - Load Scenario	END	1685545071567
REQUEST		MySql - Load	1685545071556	1685545071581	KO	status.find.in([200, 209], 304), found 500
USER	MySql - Load Scenario	END	1685545071582
USER	MongoDB - Save Scenario	START	1685545071745
USER	MySql - Save Scenario	START	1685545071745
USER	MySql - Load Scenario	START	1685545071745
USER	MongoDB - Load Scenario	START	1685545071745
REQUEST		MongoDB - Load	1685545071745	1685545071757	OK	 
REQUEST		MongoDB - Save	1685545071745	1685545071757	OK	 
USER	MongoDB - Save Scenario	END	1685545071757
USER	MongoDB - Load Scenario	END	1685545071757
REQUEST		MySql - Load	1685545071745	1685545071771	KO	status.find.in([200, 209], 304), found 500
USER	MySql - Load Scenario	END	1685545071772
REQUEST		MySql - Save	1685545071142	1685545071884	OK	 
USER	MySql - Save Scenario	END	1685545071885
USER	MongoDB - Save Scenario	START	1685545071949
USER	MongoDB - Load Scenario	START	1685545071949
USER	MySql - Load Scenario	START	1685545071949
USER	MySql - Save Scenario	START	1685545071949
REQUEST		MongoDB - Save	1685545071948	1685545071959	OK	 
USER	MongoDB - Save Scenario	END	1685545071959
REQUEST		MongoDB - Load	1685545071948	1685545071960	OK	 
USER	MongoDB - Load Scenario	END	1685545071960
REQUEST		MySql - Load	1685545071948	1685545071972	KO	status.find.in([200, 209], 304), found 500
USER	MySql - Load Scenario	END	1685545071972
REQUEST		MySql - Save	1685545071745	1685545071981	OK	 
USER	MySql - Save Scenario	END	1685545071981
REQUEST		MySql - Save	1685545071357	1685545072086	OK	 
USER	MySql - Save Scenario	END	1685545072087
USER	MongoDB - Load Scenario	START	1685545072150
USER	MySql - Load Scenario	START	1685545072150
USER	MongoDB - Save Scenario	START	1685545072150
USER	MySql - Save Scenario	START	1685545072150
REQUEST		MongoDB - Load	1685545072150	1685545072160	OK	 
USER	MongoDB - Load Scenario	END	1685545072161
REQUEST		MongoDB - Save	1685545072150	1685545072161	OK	 
USER	MongoDB - Save Scenario	END	1685545072161
REQUEST		MySql - Load	1685545072150	1685545072174	OK	 
USER	MySql - Load Scenario	END	1685545072174
REQUEST		MySql - Save	1685545071556	1685545072318	OK	 
USER	MySql - Save Scenario	END	1685545072318
USER	MySql - Load Scenario	START	1685545072354
USER	MongoDB - Save Scenario	START	1685545072354
USER	MySql - Save Scenario	START	1685545072354
USER	MongoDB - Load Scenario	START	1685545072354
REQUEST		MongoDB - Save	1685545072353	1685545072363	OK	 
USER	MongoDB - Save Scenario	END	1685545072364
REQUEST		MongoDB - Load	1685545072353	1685545072364	OK	 
USER	MongoDB - Load Scenario	END	1685545072364
REQUEST		MySql - Load	1685545072353	1685545072376	KO	status.find.in([200, 209], 304), found 500
USER	MySql - Load Scenario	END	1685545072376
USER	MongoDB - Save Scenario	START	1685545072546
USER	MongoDB - Load Scenario	START	1685545072546
USER	MySql - Save Scenario	START	1685545072546
USER	MySql - Load Scenario	START	1685545072546
REQUEST		MongoDB - Load	1685545072545	1685545072562	OK	 
USER	MongoDB - Load Scenario	END	1685545072562
REQUEST		MongoDB - Save	1685545072545	1685545072563	OK	 
USER	MongoDB - Save Scenario	END	1685545072563
REQUEST		MySql - Load	1685545072545	1685545072571	KO	status.find.in([200, 209], 304), found 500
USER	MySql - Load Scenario	END	1685545072571
REQUEST		MySql - Save	1685545071948	1685545072684	OK	 
USER	MySql - Save Scenario	END	1685545072684
USER	MongoDB - Load Scenario	START	1685545072744
USER	MySql - Load Scenario	START	1685545072744
USER	MySql - Save Scenario	START	1685545072744
USER	MongoDB - Save Scenario	START	1685545072744
REQUEST		MongoDB - Save	1685545072743	1685545072753	OK	 
USER	MongoDB - Save Scenario	END	1685545072754
REQUEST		MongoDB - Load	1685545072743	1685545072754	OK	 
USER	MongoDB - Load Scenario	END	1685545072754
REQUEST		MySql - Load	1685545072743	1685545072766	KO	status.find.in([200, 209], 304), found 500
USER	MySql - Load Scenario	END	1685545072766
REQUEST		MySql - Save	1685545072545	1685545072791	OK	 
USER	MySql - Save Scenario	END	1685545072792
REQUEST		MySql - Save	1685545072150	1685545072899	OK	 
USER	MySql - Save Scenario	END	1685545072899
USER	MongoDB - Save Scenario	START	1685545072947
USER	MySql - Load Scenario	START	1685545072947
USER	MongoDB - Load Scenario	START	1685545072947
USER	MySql - Save Scenario	START	1685545072947
REQUEST		MongoDB - Save	1685545072946	1685545072956	OK	 
USER	MongoDB - Save Scenario	END	1685545072956
REQUEST		MongoDB - Load	1685545072946	1685545072957	OK	 
USER	MongoDB - Load Scenario	END	1685545072957
REQUEST		MySql - Load	1685545072946	1685545072969	OK	 
USER	MySql - Load Scenario	END	1685545072969
REQUEST		MySql - Save	1685545072354	1685545073086	OK	 
USER	MySql - Save Scenario	END	1685545073086
USER	MySql - Load Scenario	START	1685545073150
USER	MongoDB - Save Scenario	START	1685545073150
USER	MySql - Save Scenario	START	1685545073150
USER	MongoDB - Load Scenario	START	1685545073150
REQUEST		MongoDB - Save	1685545073150	1685545073159	OK	 
REQUEST		MongoDB - Load	1685545073150	1685545073160	OK	 
USER	MongoDB - Load Scenario	END	1685545073160
USER	MongoDB - Save Scenario	END	1685545073160
REQUEST		MySql - Load	1685545073150	1685545073173	KO	status.find.in([200, 209], 304), found 500
USER	MySql - Load Scenario	END	1685545073173
USER	MySql - Save Scenario	START	1685545073354
USER	MongoDB - Save Scenario	START	1685545073354
USER	MySql - Load Scenario	START	1685545073354
USER	MongoDB - Load Scenario	START	1685545073354
REQUEST		MongoDB - Load	1685545073354	1685545073364	OK	 
USER	MongoDB - Load Scenario	END	1685545073364
REQUEST		MongoDB - Save	1685545073354	1685545073365	OK	 
USER	MongoDB - Save Scenario	END	1685545073366
REQUEST		MySql - Load	1685545073354	1685545073378	KO	status.find.in([200, 209], 304), found 500
USER	MySql - Load Scenario	END	1685545073378
REQUEST		MySql - Save	1685545072743	1685545073466	OK	 
USER	MySql - Save Scenario	END	1685545073466
USER	MySql - Save Scenario	START	1685545073556
USER	MySql - Load Scenario	START	1685545073556
USER	MongoDB - Load Scenario	START	1685545073556
USER	MongoDB - Save Scenario	START	1685545073556
REQUEST		MongoDB - Load	1685545073555	1685545073566	OK	 
USER	MongoDB - Load Scenario	END	1685545073567
REQUEST		MongoDB - Save	1685545073555	1685545073568	OK	 
USER	MongoDB - Save Scenario	END	1685545073569
REQUEST		MySql - Load	1685545073555	1685545073579	KO	status.find.in([200, 209], 304), found 500
USER	MySql - Load Scenario	END	1685545073579
REQUEST		MySql - Save	1685545073354	1685545073635	OK	 
USER	MySql - Save Scenario	END	1685545073635
REQUEST		MySql - Save	1685545072946	1685545073717	OK	 
USER	MySql - Save Scenario	END	1685545073718
USER	MongoDB - Load Scenario	START	1685545073758
USER	MongoDB - Save Scenario	START	1685545073758
USER	MySql - Save Scenario	START	1685545073758
USER	MySql - Load Scenario	START	1685545073758
REQUEST		MongoDB - Load	1685545073758	1685545073768	OK	 
USER	MongoDB - Load Scenario	END	1685545073769
REQUEST		MongoDB - Save	1685545073758	1685545073770	OK	 
USER	MongoDB - Save Scenario	END	1685545073770
REQUEST		MySql - Load	1685545073758	1685545073782	OK	 
USER	MySql - Load Scenario	END	1685545073783
REQUEST		MySql - Save	1685545073150	1685545073937	OK	 
USER	MySql - Save Scenario	END	1685545073937
USER	MySql - Save Scenario	START	1685545073945
USER	MySql - Load Scenario	START	1685545073945
USER	MongoDB - Save Scenario	START	1685545073945
USER	MongoDB - Load Scenario	START	1685545073945
REQUEST		MongoDB - Load	1685545073945	1685545073954	OK	 
USER	MongoDB - Load Scenario	END	1685545073955
REQUEST		MongoDB - Save	1685545073945	1685545073956	OK	 
USER	MongoDB - Save Scenario	END	1685545073956
REQUEST		MySql - Load	1685545073945	1685545073967	KO	status.find.in([200, 209], 304), found 500
USER	MySql - Load Scenario	END	1685545073967
USER	MySql - Save Scenario	START	1685545074149
USER	MongoDB - Load Scenario	START	1685545074149
USER	MySql - Load Scenario	START	1685545074149
USER	MongoDB - Save Scenario	START	1685545074149
REQUEST		MongoDB - Save	1685545074148	1685545074162	OK	 
REQUEST		MongoDB - Load	1685545074148	1685545074162	OK	 
USER	MongoDB - Load Scenario	END	1685545074162
USER	MongoDB - Save Scenario	END	1685545074162
REQUEST		MySql - Load	1685545074148	1685545074174	KO	status.find.in([200, 209], 304), found 500
USER	MySql - Load Scenario	END	1685545074174
REQUEST		MySql - Save	1685545073555	1685545074321	OK	 
USER	MySql - Save Scenario	END	1685545074322
USER	MongoDB - Load Scenario	START	1685545074354
USER	MySql - Load Scenario	START	1685545074354
USER	MongoDB - Save Scenario	START	1685545074354
USER	MySql - Save Scenario	START	1685545074354
REQUEST		MongoDB - Save	1685545074353	1685545074363	OK	 
REQUEST		MongoDB - Load	1685545074353	1685545074363	OK	 
USER	MongoDB - Save Scenario	END	1685545074363
USER	MongoDB - Load Scenario	END	1685545074363
REQUEST		MySql - Load	1685545074353	1685545074374	KO	status.find.in([200, 209], 304), found 500
USER	MySql - Load Scenario	END	1685545074375
REQUEST		MySql - Save	1685545074148	1685545074434	OK	 
USER	MySql - Save Scenario	END	1685545074434
REQUEST		MySql - Save	1685545073758	1685545074516	OK	 
USER	MySql - Save Scenario	END	1685545074516
USER	MongoDB - Save Scenario	START	1685545074557
USER	MongoDB - Load Scenario	START	1685545074557
USER	MySql - Load Scenario	START	1685545074557
USER	MySql - Save Scenario	START	1685545074557
REQUEST		MongoDB - Save	1685545074556	1685545074567	OK	 
REQUEST		MongoDB - Load	1685545074556	1685545074567	OK	 
USER	MongoDB - Load Scenario	END	1685545074567
USER	MongoDB - Save Scenario	END	1685545074567
REQUEST		MySql - Load	1685545074556	1685545074579	OK	 
USER	MySql - Load Scenario	END	1685545074579
REQUEST		MySql - Save	1685545073945	1685545074688	OK	 
USER	MySql - Save Scenario	END	1685545074688
USER	MongoDB - Load Scenario	START	1685545074755
USER	MongoDB - Save Scenario	START	1685545074755
USER	MySql - Load Scenario	START	1685545074755
USER	MySql - Save Scenario	START	1685545074755
REQUEST		MongoDB - Save	1685545074755	1685545074766	OK	 
USER	MongoDB - Save Scenario	END	1685545074766
REQUEST		MongoDB - Load	1685545074755	1685545074766	OK	 
USER	MongoDB - Load Scenario	END	1685545074767
REQUEST		MySql - Load	1685545074755	1685545074779	KO	status.find.in([200, 209], 304), found 500
USER	MySql - Load Scenario	END	1685545074779
USER	MySql - Load Scenario	START	1685545074955
USER	MongoDB - Load Scenario	START	1685545074955
USER	MySql - Save Scenario	START	1685545074955
USER	MongoDB - Save Scenario	START	1685545074955
REQUEST		MongoDB - Save	1685545074955	1685545074964	OK	 
USER	MongoDB - Save Scenario	END	1685545074965
REQUEST		MongoDB - Load	1685545074955	1685545074965	OK	 
USER	MongoDB - Load Scenario	END	1685545074965
REQUEST		MySql - Load	1685545074955	1685545074977	KO	status.find.in([200, 209], 304), found 500
USER	MySql - Load Scenario	END	1685545074978
REQUEST		MySql - Save	1685545074353	1685545075075	OK	 
USER	MySql - Save Scenario	END	1685545075075
USER	MongoDB - Load Scenario	START	1685545075158
USER	MongoDB - Save Scenario	START	1685545075158
USER	MySql - Load Scenario	START	1685545075158
USER	MySql - Save Scenario	START	1685545075158
REQUEST		MongoDB - Save	1685545075157	1685545075168	OK	 
REQUEST		MongoDB - Load	1685545075157	1685545075168	OK	 
USER	MongoDB - Save Scenario	END	1685545075168
USER	MongoDB - Load Scenario	END	1685545075168
REQUEST		MySql - Load	1685545075157	1685545075180	KO	status.find.in([200, 209], 304), found 500
USER	MySql - Load Scenario	END	1685545075180
REQUEST		MySql - Save	1685545074955	1685545075186	OK	 
USER	MySql - Save Scenario	END	1685545075186
REQUEST		MySql - Save	1685545074556	1685545075258	OK	 
USER	MySql - Save Scenario	END	1685545075258
USER	MongoDB - Load Scenario	START	1685545075346
USER	MongoDB - Save Scenario	START	1685545075346
USER	MySql - Save Scenario	START	1685545075346
USER	MySql - Load Scenario	START	1685545075346
REQUEST		MongoDB - Load	1685545075345	1685545075360	OK	 
USER	MongoDB - Load Scenario	END	1685545075361
REQUEST		MongoDB - Save	1685545075345	1685545075362	OK	 
USER	MongoDB - Save Scenario	END	1685545075362
REQUEST		MySql - Load	1685545075345	1685545075369	OK	 
USER	MySql - Load Scenario	END	1685545075369
REQUEST		MySql - Save	1685545074755	1685545075458	OK	 
USER	MySql - Save Scenario	END	1685545075458
USER	MySql - Load Scenario	START	1685545075548
USER	MongoDB - Save Scenario	START	1685545075548
USER	MongoDB - Load Scenario	START	1685545075548
USER	MySql - Save Scenario	START	1685545075548
REQUEST		MongoDB - Load	1685545075547	1685545075558	OK	 
REQUEST		MongoDB - Save	1685545075547	1685545075558	OK	 
USER	MongoDB - Load Scenario	END	1685545075558
USER	MongoDB - Save Scenario	END	1685545075558
REQUEST		MySql - Load	1685545075547	1685545075570	KO	status.find.in([200, 209], 304), found 500
USER	MySql - Load Scenario	END	1685545075570
USER	MongoDB - Save Scenario	START	1685545075751
USER	MongoDB - Load Scenario	START	1685545075751
USER	MySql - Load Scenario	START	1685545075751
USER	MySql - Save Scenario	START	1685545075751
REQUEST		MongoDB - Save	1685545075750	1685545075760	OK	 
REQUEST		MongoDB - Load	1685545075750	1685545075760	OK	 
USER	MongoDB - Save Scenario	END	1685545075761
USER	MongoDB - Load Scenario	END	1685545075761
REQUEST		MySql - Load	1685545075750	1685545075773	KO	status.find.in([200, 209], 304), found 500
USER	MySql - Load Scenario	END	1685545075774
REQUEST		MySql - Save	1685545075157	1685545075860	OK	 
USER	MySql - Save Scenario	END	1685545075861
USER	MySql - Load Scenario	START	1685545075953
USER	MongoDB - Load Scenario	START	1685545075953
USER	MySql - Save Scenario	START	1685545075953
USER	MongoDB - Save Scenario	START	1685545075953
REQUEST		MongoDB - Save	1685545075953	1685545075962	OK	 
USER	MongoDB - Save Scenario	END	1685545075962
REQUEST		MongoDB - Load	1685545075953	1685545075963	OK	 
USER	MongoDB - Load Scenario	END	1685545075963
REQUEST		MySql - Load	1685545075953	1685545075975	KO	status.find.in([200, 209], 304), found 500
USER	MySql - Load Scenario	END	1685545075976
REQUEST		MySql - Save	1685545075750	1685545075987	OK	 
USER	MySql - Save Scenario	END	1685545075987
REQUEST		MySql - Save	1685545075345	1685545076061	OK	 
USER	MySql - Save Scenario	END	1685545076061
USER	MySql - Save Scenario	START	1685545076156
USER	MongoDB - Save Scenario	START	1685545076156
USER	MySql - Load Scenario	START	1685545076156
USER	MongoDB - Load Scenario	START	1685545076156
REQUEST		MongoDB - Load	1685545076155	1685545076166	OK	 
REQUEST		MongoDB - Save	1685545076155	1685545076166	OK	 
USER	MongoDB - Save Scenario	END	1685545076166
USER	MongoDB - Load Scenario	END	1685545076166
REQUEST		MySql - Load	1685545076155	1685545076182	OK	 
USER	MySql - Load Scenario	END	1685545076182
REQUEST		MySql - Save	1685545075547	1685545076256	OK	 
USER	MySql - Save Scenario	END	1685545076257
USER	MySql - Save Scenario	START	1685545076356
USER	MongoDB - Save Scenario	START	1685545076356
USER	MongoDB - Load Scenario	START	1685545076356
USER	MySql - Load Scenario	START	1685545076356
REQUEST		MongoDB - Save	1685545076355	1685545076365	OK	 
USER	MongoDB - Save Scenario	END	1685545076365
REQUEST		MongoDB - Load	1685545076355	1685545076365	OK	 
USER	MongoDB - Load Scenario	END	1685545076365
REQUEST		MySql - Load	1685545076355	1685545076377	KO	status.find.in([200, 209], 304), found 500
USER	MySql - Load Scenario	END	1685545076377
USER	MySql - Load Scenario	START	1685545076543
USER	MongoDB - Load Scenario	START	1685545076543
USER	MongoDB - Save Scenario	START	1685545076543
USER	MySql - Save Scenario	START	1685545076543
REQUEST		MongoDB - Save	1685545076543	1685545076553	OK	 
REQUEST		MongoDB - Load	1685545076543	1685545076553	OK	 
USER	MongoDB - Load Scenario	END	1685545076553
USER	MongoDB - Save Scenario	END	1685545076553
REQUEST		MySql - Load	1685545076543	1685545076568	KO	status.find.in([200, 209], 304), found 500
USER	MySql - Load Scenario	END	1685545076568
REQUEST		MySql - Save	1685545075953	1685545076629	OK	 
USER	MySql - Save Scenario	END	1685545076629
USER	MySql - Load Scenario	START	1685545076746
USER	MongoDB - Save Scenario	START	1685545076746
USER	MySql - Save Scenario	START	1685545076746
USER	MongoDB - Load Scenario	START	1685545076746
REQUEST		MongoDB - Save	1685545076746	1685545076756	OK	 
USER	MongoDB - Save Scenario	END	1685545076756
REQUEST		MongoDB - Load	1685545076746	1685545076756	OK	 
USER	MongoDB - Load Scenario	END	1685545076756
REQUEST		MySql - Load	1685545076746	1685545076768	KO	status.find.in([200, 209], 304), found 500
USER	MySql - Load Scenario	END	1685545076768
REQUEST		MySql - Save	1685545076543	1685545076776	OK	 
USER	MySql - Save Scenario	END	1685545076776
REQUEST		MySql - Save	1685545076155	1685545076881	OK	 
USER	MySql - Save Scenario	END	1685545076881
USER	MySql - Save Scenario	START	1685545076946
USER	MySql - Load Scenario	START	1685545076946
USER	MongoDB - Save Scenario	START	1685545076946
USER	MongoDB - Load Scenario	START	1685545076946
REQUEST		MongoDB - Load	1685545076946	1685545076956	OK	 
USER	MongoDB - Load Scenario	END	1685545076956
REQUEST		MongoDB - Save	1685545076946	1685545076957	OK	 
USER	MongoDB - Save Scenario	END	1685545076957
REQUEST		MySql - Load	1685545076946	1685545076972	OK	 
USER	MySql - Load Scenario	END	1685545076972
REQUEST		MySql - Save	1685545076355	1685545077085	OK	 
USER	MySql - Save Scenario	END	1685545077085
USER	MySql - Load Scenario	START	1685545077147
USER	MongoDB - Save Scenario	START	1685545077147
USER	MongoDB - Load Scenario	START	1685545077147
USER	MySql - Save Scenario	START	1685545077147
REQUEST		MongoDB - Load	1685545077146	1685545077157	OK	 
USER	MongoDB - Load Scenario	END	1685545077157
REQUEST		MongoDB - Save	1685545077146	1685545077158	OK	 
USER	MongoDB - Save Scenario	END	1685545077159
REQUEST		MySql - Load	1685545077146	1685545077169	KO	status.find.in([200, 209], 304), found 500
USER	MySql - Load Scenario	END	1685545077169
USER	MySql - Load Scenario	START	1685545077348
USER	MongoDB - Save Scenario	START	1685545077348
USER	MongoDB - Load Scenario	START	1685545077348
USER	MySql - Save Scenario	START	1685545077348
REQUEST		MongoDB - Load	1685545077348	1685545077358	OK	 
USER	MongoDB - Load Scenario	END	1685545077359
REQUEST		MongoDB - Save	1685545077348	1685545077360	OK	 
USER	MongoDB - Save Scenario	END	1685545077360
REQUEST		MySql - Load	1685545077348	1685545077373	KO	status.find.in([200, 209], 304), found 500
USER	MySql - Load Scenario	END	1685545077373
REQUEST		MySql - Save	1685545076746	1685545077460	OK	 
USER	MySql - Save Scenario	END	1685545077460
USER	MongoDB - Load Scenario	START	1685545077552
USER	MongoDB - Save Scenario	START	1685545077552
USER	MySql - Load Scenario	START	1685545077552
USER	MySql - Save Scenario	START	1685545077552
REQUEST		MongoDB - Load	1685545077552	1685545077564	OK	 
REQUEST		MongoDB - Save	1685545077552	1685545077563	OK	 
USER	MongoDB - Load Scenario	END	1685545077564
USER	MongoDB - Save Scenario	END	1685545077564
REQUEST		MySql - Load	1685545077552	1685545077578	KO	status.find.in([200, 209], 304), found 500
USER	MySql - Load Scenario	END	1685545077578
REQUEST		MySql - Save	1685545077348	1685545077585	OK	 
USER	MySql - Save Scenario	END	1685545077585
REQUEST		MySql - Save	1685545076946	1685545077692	OK	 
USER	MySql - Save Scenario	END	1685545077693
USER	MongoDB - Save Scenario	START	1685545077754
USER	MySql - Save Scenario	START	1685545077754
USER	MongoDB - Load Scenario	START	1685545077754
USER	MySql - Load Scenario	START	1685545077754
REQUEST		MongoDB - Save	1685545077754	1685545077765	OK	 
REQUEST		MongoDB - Load	1685545077754	1685545077766	OK	 
USER	MongoDB - Save Scenario	END	1685545077766
USER	MongoDB - Load Scenario	END	1685545077766
REQUEST		MySql - Load	1685545077754	1685545077781	OK	 
USER	MySql - Load Scenario	END	1685545077782
REQUEST		MySql - Save	1685545077146	1685545077871	OK	 
USER	MySql - Save Scenario	END	1685545077872
USER	MongoDB - Load Scenario	START	1685545077956
USER	MySql - Load Scenario	START	1685545077956
USER	MySql - Save Scenario	START	1685545077956
USER	MongoDB - Save Scenario	START	1685545077956
REQUEST		MongoDB - Save	1685545077956	1685545077967	OK	 
REQUEST		MongoDB - Load	1685545077956	1685545077967	OK	 
USER	MongoDB - Load Scenario	END	1685545077968
USER	MongoDB - Save Scenario	END	1685545077968
REQUEST		MySql - Load	1685545077956	1685545077980	KO	status.find.in([200, 209], 304), found 500
USER	MySql - Load Scenario	END	1685545077981
USER	MongoDB - Load Scenario	START	1685545078145
USER	MySql - Save Scenario	START	1685545078145
USER	MongoDB - Save Scenario	START	1685545078145
USER	MySql - Load Scenario	START	1685545078145
REQUEST		MongoDB - Save	1685545078144	1685545078160	OK	 
USER	MongoDB - Save Scenario	END	1685545078161
REQUEST		MongoDB - Load	1685545078144	1685545078161	OK	 
USER	MongoDB - Load Scenario	END	1685545078161
REQUEST		MySql - Load	1685545078144	1685545078166	KO	status.find.in([200, 209], 304), found 500
USER	MySql - Load Scenario	END	1685545078167
REQUEST		MySql - Save	1685545077552	1685545078307	OK	 
USER	MySql - Save Scenario	END	1685545078308
REQUEST		MySql - Save	1685545078144	1685545078335	OK	 
USER	MySql - Save Scenario	END	1685545078336
USER	MongoDB - Save Scenario	START	1685545078346
USER	MySql - Load Scenario	START	1685545078346
USER	MongoDB - Load Scenario	START	1685545078346
USER	MySql - Save Scenario	START	1685545078346
REQUEST		MongoDB - Load	1685545078346	1685545078356	OK	 
USER	MongoDB - Load Scenario	END	1685545078356
REQUEST		MongoDB - Save	1685545078346	1685545078357	OK	 
USER	MongoDB - Save Scenario	END	1685545078357
REQUEST		MySql - Load	1685545078346	1685545078370	OK	 
USER	MySql - Load Scenario	END	1685545078370
REQUEST		MySql - Save	1685545077754	1685545078488	OK	 
USER	MySql - Save Scenario	END	1685545078488
REQUEST		MySql - Save	1685545077956	1685545078657	OK	 
USER	MySql - Save Scenario	END	1685545078658
REQUEST		MySql - Save	1685545078346	1685545078944	OK	 
USER	MySql - Save Scenario	END	1685545078944
