RUN	gatling.SpikeSpec	spikespec	1685820494561	 	3.9.5
USER	MongoDB - Save Scenario	START	1685820495587
USER	MongoDB - Load Scenario	START	1685820495586
USER	MySql - Save Scenario	START	1685820495600
USER	MySql - Load Scenario	START	1685820495624
REQUEST		MongoDB - Load	1685820495583	1685820497555	KO	status.find.in([200, 209], 304), found 500
REQUEST		MongoDB - Save	1685820495582	1685820497557	OK	 
USER	MongoDB - Load Scenario	END	1685820497595
USER	MongoDB - Save Scenario	END	1685820497597
REQUEST		MySql - Load	1685820495623	1685820497927	KO	status.find.in([200, 209], 304), found 500
USER	MySql - Load Scenario	END	1685820497929
REQUEST		MySql - Save	1685820495594	1685820498844	OK	 
USER	MySql - Save Scenario	END	1685820498845
USER	MongoDB - Save Scenario	START	1685820500545
USER	MongoDB - Load Scenario	START	1685820500546
USER	MySql - Save Scenario	START	1685820500554
USER	MySql - Load Scenario	START	1685820500555
REQUEST		MongoDB - Save	1685820500545	1685820500648	OK	 
USER	MongoDB - Save Scenario	END	1685820500649
REQUEST		MongoDB - Load	1685820500544	1685820500698	OK	 
USER	MongoDB - Load Scenario	END	1685820500698
REQUEST		MySql - Load	1685820500544	1685820500784	OK	 
USER	MySql - Load Scenario	END	1685820500785
REQUEST		MySql - Save	1685820500545	1685820501420	OK	 
USER	MySql - Save Scenario	END	1685820501421
USER	MongoDB - Save Scenario	START	1685820505545
USER	MongoDB - Save Scenario	START	1685820505545
USER	MongoDB - Save Scenario	START	1685820505545
USER	MongoDB - Save Scenario	START	1685820505545
USER	MongoDB - Save Scenario	START	1685820505546
USER	MongoDB - Save Scenario	START	1685820505546
USER	MongoDB - Save Scenario	START	1685820505546
USER	MongoDB - Save Scenario	START	1685820505546
USER	MongoDB - Save Scenario	START	1685820505547
USER	MongoDB - Save Scenario	START	1685820505547
USER	MongoDB - Save Scenario	START	1685820505547
USER	MongoDB - Save Scenario	START	1685820505547
USER	MongoDB - Save Scenario	START	1685820505548
USER	MongoDB - Save Scenario	START	1685820505548
USER	MySql - Save Scenario	START	1685820505548
USER	MongoDB - Save Scenario	START	1685820505548
USER	MongoDB - Save Scenario	START	1685820505549
USER	MongoDB - Save Scenario	START	1685820505549
USER	MongoDB - Save Scenario	START	1685820505549
USER	MongoDB - Save Scenario	START	1685820505550
USER	MongoDB - Save Scenario	START	1685820505550
USER	MongoDB - Save Scenario	START	1685820505551
USER	MongoDB - Save Scenario	START	1685820505551
USER	MySql - Save Scenario	START	1685820505551
USER	MongoDB - Save Scenario	START	1685820505552
USER	MongoDB - Save Scenario	START	1685820505552
USER	MongoDB - Save Scenario	START	1685820505553
USER	MySql - Save Scenario	START	1685820505552
USER	MongoDB - Save Scenario	START	1685820505554
USER	MongoDB - Save Scenario	START	1685820505554
USER	MongoDB - Save Scenario	START	1685820505555
USER	MongoDB - Save Scenario	START	1685820505555
USER	MongoDB - Save Scenario	START	1685820505555
USER	MySql - Save Scenario	START	1685820505555
USER	MongoDB - Save Scenario	START	1685820505556
USER	MongoDB - Save Scenario	START	1685820505556
USER	MySql - Save Scenario	START	1685820505556
USER	MongoDB - Save Scenario	START	1685820505556
USER	MongoDB - Load Scenario	START	1685820505557
USER	MongoDB - Save Scenario	START	1685820505558
USER	MongoDB - Save Scenario	START	1685820505558
USER	MySql - Save Scenario	START	1685820505559
USER	MySql - Save Scenario	START	1685820505559
USER	MongoDB - Save Scenario	START	1685820505560
USER	MongoDB - Save Scenario	START	1685820505562
USER	MySql - Save Scenario	START	1685820505561
USER	MongoDB - Load Scenario	START	1685820505562
USER	MongoDB - Save Scenario	START	1685820505563
USER	MySql - Save Scenario	START	1685820505563
USER	MongoDB - Load Scenario	START	1685820505564
USER	MongoDB - Save Scenario	START	1685820505564
USER	MongoDB - Load Scenario	START	1685820505564
USER	MongoDB - Save Scenario	START	1685820505561
USER	MongoDB - Save Scenario	START	1685820505562
USER	MongoDB - Save Scenario	START	1685820505567
USER	MySql - Load Scenario	START	1685820505570
USER	MongoDB - Save Scenario	START	1685820505568
USER	MongoDB - Save Scenario	START	1685820505571
USER	MongoDB - Load Scenario	START	1685820505571
USER	MySql - Save Scenario	START	1685820505572
USER	MySql - Save Scenario	START	1685820505570
USER	MongoDB - Save Scenario	START	1685820505572
USER	MongoDB - Save Scenario	START	1685820505572
USER	MySql - Load Scenario	START	1685820505573
USER	MongoDB - Load Scenario	START	1685820505573
USER	MongoDB - Save Scenario	START	1685820505574
USER	MongoDB - Load Scenario	START	1685820505574
USER	MongoDB - Save Scenario	START	1685820505575
USER	MySql - Load Scenario	START	1685820505575
USER	MySql - Save Scenario	START	1685820505574
USER	MySql - Save Scenario	START	1685820505576
USER	MongoDB - Save Scenario	START	1685820505575
USER	MongoDB - Load Scenario	START	1685820505576
USER	MySql - Save Scenario	START	1685820505575
USER	MongoDB - Save Scenario	START	1685820505585
USER	MySql - Load Scenario	START	1685820505608
USER	MongoDB - Load Scenario	START	1685820505609
USER	MongoDB - Save Scenario	START	1685820505603
USER	MongoDB - Save Scenario	START	1685820505609
USER	MySql - Save Scenario	START	1685820505609
USER	MongoDB - Save Scenario	START	1685820505602
USER	MongoDB - Load Scenario	START	1685820505610
USER	MongoDB - Save Scenario	START	1685820505610
USER	MySql - Load Scenario	START	1685820505611
USER	MongoDB - Load Scenario	START	1685820505611
USER	MongoDB - Save Scenario	START	1685820505613
USER	MySql - Save Scenario	START	1685820505613
USER	MongoDB - Load Scenario	START	1685820505613
USER	MySql - Load Scenario	START	1685820505614
USER	MongoDB - Save Scenario	START	1685820505614
USER	MongoDB - Load Scenario	START	1685820505615
USER	MongoDB - Save Scenario	START	1685820505615
USER	MySql - Load Scenario	START	1685820505615
USER	MongoDB - Load Scenario	START	1685820505616
USER	MongoDB - Save Scenario	START	1685820505616
USER	MongoDB - Save Scenario	START	1685820505603
USER	MySql - Save Scenario	START	1685820505611
USER	MongoDB - Save Scenario	START	1685820505619
USER	MySql - Save Scenario	START	1685820505618
USER	MySql - Save Scenario	START	1685820505621
USER	MongoDB - Load Scenario	START	1685820505621
USER	MySql - Load Scenario	START	1685820505622
USER	MongoDB - Load Scenario	START	1685820505622
USER	MySql - Save Scenario	START	1685820505623
USER	MongoDB - Load Scenario	START	1685820505623
USER	MongoDB - Load Scenario	START	1685820505623
USER	MySql - Save Scenario	START	1685820505624
USER	MongoDB - Load Scenario	START	1685820505624
USER	MongoDB - Load Scenario	START	1685820505625
USER	MySql - Save Scenario	START	1685820505625
USER	MongoDB - Load Scenario	START	1685820505625
USER	MongoDB - Load Scenario	START	1685820505626
USER	MySql - Save Scenario	START	1685820505626
USER	MongoDB - Save Scenario	START	1685820505619
USER	MongoDB - Load Scenario	START	1685820505619
USER	MongoDB - Load Scenario	START	1685820505620
USER	MongoDB - Save Scenario	START	1685820505628
USER	MongoDB - Load Scenario	START	1685820505633
USER	MongoDB - Load Scenario	START	1685820505633
USER	MySql - Save Scenario	START	1685820505634
USER	MongoDB - Load Scenario	START	1685820505634
USER	MySql - Save Scenario	START	1685820505634
USER	MySql - Save Scenario	START	1685820505635
USER	MySql - Save Scenario	START	1685820505635
USER	MySql - Save Scenario	START	1685820505636
USER	MongoDB - Load Scenario	START	1685820505636
USER	MySql - Save Scenario	START	1685820505636
USER	MySql - Save Scenario	START	1685820505637
USER	MySql - Save Scenario	START	1685820505637
USER	MySql - Save Scenario	START	1685820505638
USER	MySql - Save Scenario	START	1685820505629
USER	MySql - Save Scenario	START	1685820505638
USER	MySql - Save Scenario	START	1685820505639
USER	MySql - Save Scenario	START	1685820505639
USER	MongoDB - Load Scenario	START	1685820505639
USER	MongoDB - Save Scenario	START	1685820505630
USER	MySql - Load Scenario	START	1685820505639
USER	MySql - Load Scenario	START	1685820505640
USER	MySql - Load Scenario	START	1685820505640
USER	MongoDB - Save Scenario	START	1685820505640
USER	MySql - Load Scenario	START	1685820505641
USER	MySql - Load Scenario	START	1685820505641
USER	MySql - Load Scenario	START	1685820505642
USER	MySql - Load Scenario	START	1685820505642
USER	MySql - Load Scenario	START	1685820505642
USER	MySql - Load Scenario	START	1685820505651
USER	MongoDB - Load Scenario	START	1685820505651
USER	MySql - Load Scenario	START	1685820505652
USER	MySql - Save Scenario	START	1685820505652
USER	MySql - Load Scenario	START	1685820505652
USER	MySql - Load Scenario	START	1685820505653
USER	MySql - Load Scenario	START	1685820505653
USER	MySql - Load Scenario	START	1685820505654
USER	MySql - Load Scenario	START	1685820505655
USER	MySql - Load Scenario	START	1685820505655
USER	MySql - Load Scenario	START	1685820505656
USER	MongoDB - Load Scenario	START	1685820505652
USER	MongoDB - Save Scenario	START	1685820505660
USER	MongoDB - Save Scenario	START	1685820505669
USER	MongoDB - Save Scenario	START	1685820505661
USER	MySql - Load Scenario	START	1685820505673
USER	MySql - Save Scenario	START	1685820505670
USER	MongoDB - Load Scenario	START	1685820505671
USER	MongoDB - Save Scenario	START	1685820505681
USER	MongoDB - Load Scenario	START	1685820505681
USER	MongoDB - Load Scenario	START	1685820505674
USER	MongoDB - Save Scenario	START	1685820505682
USER	MySql - Save Scenario	START	1685820505682
USER	MongoDB - Load Scenario	START	1685820505683
USER	MySql - Load Scenario	START	1685820505684
USER	MongoDB - Save Scenario	START	1685820505689
USER	MongoDB - Load Scenario	START	1685820505690
USER	MySql - Save Scenario	START	1685820505691
USER	MySql - Load Scenario	START	1685820505705
USER	MongoDB - Save Scenario	START	1685820505705
USER	MongoDB - Load Scenario	START	1685820505705
USER	MongoDB - Load Scenario	START	1685820505706
USER	MongoDB - Save Scenario	START	1685820505713
USER	MongoDB - Save Scenario	START	1685820505714
USER	MySql - Save Scenario	START	1685820505714
USER	MySql - Load Scenario	START	1685820505715
USER	MongoDB - Load Scenario	START	1685820505716
USER	MongoDB - Load Scenario	START	1685820505718
USER	MongoDB - Save Scenario	START	1685820505719
USER	MongoDB - Save Scenario	START	1685820505719
USER	MongoDB - Save Scenario	START	1685820505720
USER	MySql - Load Scenario	START	1685820505725
USER	MongoDB - Load Scenario	START	1685820505725
USER	MySql - Save Scenario	START	1685820505726
USER	MongoDB - Load Scenario	START	1685820505726
USER	MySql - Load Scenario	START	1685820505727
USER	MongoDB - Load Scenario	START	1685820505728
USER	MongoDB - Save Scenario	START	1685820505728
USER	MongoDB - Save Scenario	START	1685820505734
USER	MySql - Load Scenario	START	1685820505736
USER	MongoDB - Load Scenario	START	1685820505735
USER	MongoDB - Load Scenario	START	1685820505736
USER	MongoDB - Save Scenario	START	1685820505737
USER	MySql - Save Scenario	START	1685820505738
USER	MongoDB - Save Scenario	START	1685820505744
USER	MongoDB - Load Scenario	START	1685820505743
USER	MySql - Load Scenario	START	1685820505743
USER	MySql - Load Scenario	START	1685820505744
USER	MySql - Load Scenario	START	1685820505750
USER	MongoDB - Save Scenario	START	1685820505749
USER	MySql - Save Scenario	START	1685820505751
USER	MySql - Save Scenario	START	1685820505752
USER	MongoDB - Load Scenario	START	1685820505753
USER	MongoDB - Load Scenario	START	1685820505763
USER	MongoDB - Load Scenario	START	1685820505763
USER	MySql - Load Scenario	START	1685820505763
USER	MySql - Load Scenario	START	1685820505764
USER	MongoDB - Save Scenario	START	1685820505773
USER	MongoDB - Load Scenario	START	1685820505773
USER	MongoDB - Load Scenario	START	1685820505774
USER	MongoDB - Load Scenario	START	1685820505775
USER	MySql - Save Scenario	START	1685820505775
USER	MongoDB - Save Scenario	START	1685820505776
USER	MySql - Load Scenario	START	1685820505776
USER	MongoDB - Save Scenario	START	1685820505777
USER	MySql - Save Scenario	START	1685820505778
USER	MongoDB - Save Scenario	START	1685820505779
USER	MongoDB - Load Scenario	START	1685820505779
USER	MongoDB - Load Scenario	START	1685820505780
USER	MongoDB - Load Scenario	START	1685820505783
USER	MySql - Load Scenario	START	1685820505784
USER	MongoDB - Save Scenario	START	1685820505785
USER	MySql - Load Scenario	START	1685820505793
USER	MongoDB - Load Scenario	START	1685820505794
USER	MongoDB - Save Scenario	START	1685820505795
USER	MySql - Save Scenario	START	1685820505795
USER	MongoDB - Load Scenario	START	1685820505796
USER	MySql - Save Scenario	START	1685820505785
USER	MongoDB - Save Scenario	START	1685820505786
USER	MongoDB - Load Scenario	START	1685820505797
USER	MongoDB - Save Scenario	START	1685820505801
USER	MySql - Save Scenario	START	1685820505802
USER	MySql - Load Scenario	START	1685820505802
USER	MongoDB - Load Scenario	START	1685820505804
USER	MongoDB - Save Scenario	START	1685820505803
USER	MongoDB - Save Scenario	START	1685820505804
REQUEST		MongoDB - Save	1685820505544	1685820505805	OK	 
USER	MySql - Load Scenario	START	1685820505796
USER	MongoDB - Save Scenario	END	1685820505806
USER	MongoDB - Save Scenario	START	1685820505806
USER	MongoDB - Load Scenario	START	1685820505807
USER	MongoDB - Save Scenario	START	1685820505807
USER	MySql - Load Scenario	START	1685820505808
USER	MongoDB - Load Scenario	START	1685820505805
USER	MySql - Load Scenario	START	1685820505810
USER	MongoDB - Load Scenario	START	1685820505810
USER	MongoDB - Save Scenario	START	1685820505811
USER	MySql - Save Scenario	START	1685820505811
USER	MongoDB - Load Scenario	START	1685820505813
USER	MongoDB - Save Scenario	START	1685820505813
USER	MongoDB - Load Scenario	START	1685820505814
USER	MySql - Save Scenario	START	1685820505814
USER	MySql - Load Scenario	START	1685820505815
USER	MongoDB - Load Scenario	START	1685820505816
USER	MongoDB - Save Scenario	START	1685820505819
USER	MongoDB - Load Scenario	START	1685820505812
USER	MySql - Save Scenario	START	1685820505816
USER	MongoDB - Load Scenario	START	1685820505822
USER	MongoDB - Load Scenario	START	1685820505823
USER	MySql - Save Scenario	START	1685820505823
USER	MongoDB - Load Scenario	START	1685820505824
USER	MongoDB - Load Scenario	START	1685820505828
USER	MySql - Save Scenario	START	1685820505829
USER	MongoDB - Load Scenario	START	1685820505830
USER	MongoDB - Load Scenario	START	1685820505830
USER	MongoDB - Save Scenario	START	1685820505820
USER	MySql - Save Scenario	START	1685820505831
USER	MySql - Load Scenario	START	1685820505821
USER	MongoDB - Load Scenario	START	1685820505832
USER	MongoDB - Load Scenario	START	1685820505832
USER	MySql - Load Scenario	START	1685820505831
USER	MongoDB - Load Scenario	START	1685820505832
USER	MongoDB - Save Scenario	START	1685820505833
USER	MongoDB - Load Scenario	START	1685820505833
USER	MySql - Save Scenario	START	1685820505838
USER	MongoDB - Load Scenario	START	1685820505838
USER	MongoDB - Save Scenario	START	1685820505834
USER	MongoDB - Load Scenario	START	1685820505838
USER	MySql - Save Scenario	START	1685820505839
USER	MySql - Save Scenario	START	1685820505839
USER	MySql - Load Scenario	START	1685820505839
USER	MySql - Save Scenario	START	1685820505840
USER	MySql - Save Scenario	START	1685820505840
USER	MySql - Save Scenario	START	1685820505841
USER	MySql - Save Scenario	START	1685820505841
USER	MySql - Save Scenario	START	1685820505847
USER	MySql - Save Scenario	START	1685820505848
USER	MySql - Save Scenario	START	1685820505848
USER	MongoDB - Save Scenario	START	1685820505849
USER	MySql - Save Scenario	START	1685820505849
USER	MySql - Save Scenario	START	1685820505850
USER	MongoDB - Load Scenario	START	1685820505850
USER	MySql - Save Scenario	START	1685820505850
USER	MySql - Load Scenario	START	1685820505851
USER	MySql - Load Scenario	START	1685820505850
USER	MySql - Load Scenario	START	1685820505851
USER	MySql - Load Scenario	START	1685820505851
USER	MySql - Load Scenario	START	1685820505852
USER	MySql - Load Scenario	START	1685820505852
USER	MongoDB - Load Scenario	START	1685820505851
USER	MySql - Save Scenario	START	1685820505857
USER	MongoDB - Load Scenario	START	1685820505856
USER	MySql - Load Scenario	START	1685820505857
REQUEST		MongoDB - Save	1685820505545	1685820505872	OK	 
USER	MongoDB - Save Scenario	END	1685820505873
USER	MongoDB - Load Scenario	START	1685820505877
USER	MongoDB - Load Scenario	START	1685820505877
USER	MySql - Save Scenario	START	1685820505878
USER	MongoDB - Load Scenario	START	1685820505878
USER	MongoDB - Load Scenario	START	1685820505879
USER	MySql - Save Scenario	START	1685820505879
USER	MongoDB - Load Scenario	START	1685820505880
USER	MongoDB - Load Scenario	START	1685820505880
USER	MySql - Save Scenario	START	1685820505880
USER	MySql - Save Scenario	START	1685820505884
USER	MongoDB - Load Scenario	START	1685820505884
USER	MongoDB - Load Scenario	START	1685820505884
USER	MySql - Save Scenario	START	1685820505884
USER	MongoDB - Load Scenario	START	1685820505884
USER	MongoDB - Load Scenario	START	1685820505885
USER	MySql - Save Scenario	START	1685820505885
USER	MongoDB - Load Scenario	START	1685820505885
USER	MongoDB - Load Scenario	START	1685820505885
USER	MySql - Load Scenario	START	1685820505890
USER	MySql - Load Scenario	START	1685820505890
USER	MySql - Load Scenario	START	1685820505891
USER	MySql - Load Scenario	START	1685820505891
USER	MySql - Load Scenario	START	1685820505892
USER	MongoDB - Load Scenario	START	1685820505896
USER	MySql - Save Scenario	START	1685820505899
USER	MongoDB - Load Scenario	START	1685820505902
USER	MySql - Load Scenario	START	1685820505904
USER	MySql - Load Scenario	START	1685820505904
USER	MySql - Load Scenario	START	1685820505904
USER	MySql - Save Scenario	START	1685820505905
USER	MySql - Save Scenario	START	1685820505905
USER	MySql - Save Scenario	START	1685820505905
USER	MySql - Save Scenario	START	1685820505906
USER	MySql - Save Scenario	START	1685820505906
USER	MySql - Save Scenario	START	1685820505907
USER	MySql - Load Scenario	START	1685820505913
USER	MySql - Load Scenario	START	1685820505913
USER	MySql - Save Scenario	START	1685820505914
USER	MySql - Save Scenario	START	1685820505914
USER	MySql - Save Scenario	START	1685820505914
USER	MySql - Save Scenario	START	1685820505915
USER	MySql - Load Scenario	START	1685820505915
USER	MySql - Load Scenario	START	1685820505915
USER	MySql - Load Scenario	START	1685820505916
USER	MySql - Load Scenario	START	1685820505916
USER	MySql - Load Scenario	START	1685820505916
USER	MySql - Save Scenario	START	1685820505920
USER	MongoDB - Load Scenario	START	1685820505922
USER	MongoDB - Load Scenario	START	1685820505927
USER	MySql - Load Scenario	START	1685820505930
USER	MySql - Load Scenario	START	1685820505930
USER	MySql - Load Scenario	START	1685820505932
USER	MySql - Load Scenario	START	1685820505937
USER	MySql - Load Scenario	START	1685820505938
USER	MySql - Load Scenario	START	1685820505945
USER	MySql - Load Scenario	START	1685820505946
USER	MySql - Load Scenario	START	1685820505947
USER	MySql - Load Scenario	START	1685820505951
USER	MySql - Load Scenario	START	1685820505952
USER	MySql - Load Scenario	START	1685820505952
USER	MySql - Load Scenario	START	1685820505953
REQUEST		MongoDB - Save	1685820505545	1685820505959	OK	 
USER	MongoDB - Save Scenario	END	1685820505959
USER	MySql - Load Scenario	START	1685820505954
USER	MySql - Load Scenario	START	1685820505960
USER	MySql - Save Scenario	START	1685820506064
USER	MongoDB - Load Scenario	START	1685820506065
USER	MongoDB - Save Scenario	START	1685820506073
USER	MongoDB - Load Scenario	START	1685820506073
USER	MySql - Save Scenario	START	1685820506074
USER	MongoDB - Load Scenario	START	1685820506092
USER	MongoDB - Load Scenario	START	1685820506093
USER	MySql - Save Scenario	START	1685820506093
USER	MySql - Save Scenario	START	1685820506094
USER	MySql - Save Scenario	START	1685820506095
USER	MySql - Save Scenario	START	1685820506101
USER	MySql - Save Scenario	START	1685820506102
USER	MySql - Save Scenario	START	1685820506102
USER	MySql - Save Scenario	START	1685820506103
USER	MySql - Save Scenario	START	1685820506113
USER	MySql - Save Scenario	START	1685820506113
USER	MySql - Save Scenario	START	1685820506114
USER	MySql - Save Scenario	START	1685820506114
USER	MySql - Load Scenario	START	1685820506119
USER	MySql - Load Scenario	START	1685820506119
USER	MySql - Load Scenario	START	1685820506120
USER	MySql - Load Scenario	START	1685820506121
USER	MySql - Load Scenario	START	1685820506121
USER	MySql - Load Scenario	START	1685820506122
USER	MySql - Load Scenario	START	1685820506128
USER	MySql - Load Scenario	START	1685820506128
USER	MySql - Load Scenario	START	1685820506137
USER	MySql - Load Scenario	START	1685820506138
USER	MySql - Load Scenario	START	1685820506138
USER	MySql - Load Scenario	START	1685820506139
USER	MySql - Load Scenario	START	1685820506139
USER	MySql - Load Scenario	START	1685820506140
USER	MySql - Load Scenario	START	1685820506140
USER	MySql - Load Scenario	START	1685820506141
USER	MySql - Load Scenario	START	1685820506141
REQUEST		MongoDB - Save	1685820505546	1685820506145	OK	 
USER	MongoDB - Save Scenario	END	1685820506147
REQUEST		MongoDB - Save	1685820505546	1685820506198	OK	 
USER	MongoDB - Save Scenario	END	1685820506200
REQUEST		MongoDB - Save	1685820505547	1685820506225	OK	 
USER	MongoDB - Save Scenario	END	1685820506229
REQUEST		MySql - Save	1685820505548	1685820506261	OK	 
USER	MySql - Save Scenario	END	1685820506263
REQUEST		MySql - Save	1685820505556	1685820506262	OK	 
USER	MySql - Save Scenario	END	1685820506264
REQUEST		MongoDB - Save	1685820505548	1685820506278	OK	 
USER	MongoDB - Save Scenario	END	1685820506279
REQUEST		MongoDB - Save	1685820505547	1685820506279	OK	 
USER	MongoDB - Save Scenario	END	1685820506280
REQUEST		MongoDB - Save	1685820505551	1685820506377	OK	 
USER	MongoDB - Save Scenario	END	1685820506378
REQUEST		MongoDB - Save	1685820505554	1685820506386	OK	 
USER	MongoDB - Save Scenario	END	1685820506387
REQUEST		MongoDB - Save	1685820505555	1685820506441	OK	 
USER	MongoDB - Save Scenario	END	1685820506442
REQUEST		MongoDB - Save	1685820505555	1685820506478	OK	 
USER	MongoDB - Save Scenario	END	1685820506479
REQUEST		MongoDB - Load	1685820505556	1685820506487	OK	 
USER	MongoDB - Load Scenario	END	1685820506487
REQUEST		MySql - Load	1685820505575	1685820506539	KO	status.find.in([200, 209], 304), found 500
USER	MySql - Load Scenario	END	1685820506539
REQUEST		MongoDB - Save	1685820505562	1685820506585	OK	 
USER	MongoDB - Save Scenario	END	1685820506586
REQUEST		MySql - Load	1685820505608	1685820506597	KO	status.find.in([200, 209], 304), found 500
REQUEST		MySql - Load	1685820505573	1685820506598	KO	status.find.in([200, 209], 304), found 500
REQUEST		MySql - Load	1685820505570	1685820506599	OK	 
USER	MySql - Load Scenario	END	1685820506598
USER	MySql - Load Scenario	END	1685820506604
USER	MySql - Load Scenario	END	1685820506605
REQUEST		MongoDB - Load	1685820505562	1685820506606	OK	 
USER	MongoDB - Load Scenario	END	1685820506607
REQUEST		MongoDB - Load	1685820505563	1685820506681	OK	 
USER	MongoDB - Load Scenario	END	1685820506682
REQUEST		MongoDB - Save	1685820505563	1685820506689	OK	 
USER	MongoDB - Save Scenario	END	1685820506690
REQUEST		MySql - Save	1685820505563	1685820506727	OK	 
USER	MySql - Save Scenario	END	1685820506728
REQUEST		MongoDB - Save	1685820505564	1685820506735	OK	 
USER	MongoDB - Save Scenario	END	1685820506735
REQUEST		MongoDB - Save	1685820505571	1685820506755	OK	 
USER	MongoDB - Save Scenario	END	1685820506756
REQUEST		MongoDB - Load	1685820505564	1685820506795	OK	 
USER	MongoDB - Load Scenario	END	1685820506795
REQUEST		MongoDB - Save	1685820505572	1685820506808	OK	 
USER	MongoDB - Save Scenario	END	1685820506809
REQUEST		MongoDB - Load	1685820505571	1685820506877	OK	 
USER	MongoDB - Load Scenario	END	1685820506878
REQUEST		MongoDB - Load	1685820505573	1685820506901	OK	 
USER	MongoDB - Load Scenario	END	1685820506902
REQUEST		MySql - Save	1685820505575	1685820506934	OK	 
USER	MySql - Save Scenario	END	1685820506935
REQUEST		MongoDB - Save	1685820505574	1685820506972	OK	 
USER	MongoDB - Save Scenario	END	1685820506973
REQUEST		MongoDB - Load	1685820505574	1685820506983	OK	 
USER	MongoDB - Load Scenario	END	1685820506983
REQUEST		MongoDB - Save	1685820505549	1685820507005	KO	j.i.IOException: Premature close
USER	MongoDB - Save Scenario	END	1685820507007
REQUEST		MySql - Load	1685820505611	1685820507007	KO	status.find.in([200, 209], 304), found 500
REQUEST		MongoDB - Save	1685820505660	1685820507009	KO	j.i.IOException: Premature close
REQUEST		MongoDB - Save	1685820505639	1685820507010	KO	j.i.IOException: Premature close
REQUEST		MongoDB - Save	1685820505610	1685820507010	KO	j.i.IOException: Premature close
USER	MongoDB - Save Scenario	END	1685820507010
USER	MongoDB - Save Scenario	END	1685820507010
REQUEST		MongoDB - Save	1685820505601	1685820507018	KO	j.i.IOException: Premature close
REQUEST		MongoDB - Save	1685820505570	1685820507018	KO	j.i.IOException: Premature close
REQUEST		MongoDB - Save	1685820505562	1685820507018	KO	j.i.IOException: Premature close
REQUEST		MongoDB - Save	1685820505552	1685820507018	KO	j.i.IOException: Premature close
REQUEST		MongoDB - Save	1685820505552	1685820507018	KO	j.i.IOException: Premature close
REQUEST		MongoDB - Save	1685820505551	1685820507018	KO	j.i.IOException: Premature close
REQUEST		MongoDB - Save	1685820505550	1685820507018	KO	j.i.IOException: Premature close
REQUEST		MongoDB - Save	1685820505550	1685820507018	KO	j.i.IOException: Premature close
REQUEST		MongoDB - Save	1685820505549	1685820507018	KO	j.i.IOException: Premature close
REQUEST		MongoDB - Save	1685820505548	1685820507018	KO	j.i.IOException: Premature close
USER	MongoDB - Save Scenario	END	1685820507010
USER	MySql - Load Scenario	END	1685820507019
USER	MongoDB - Save Scenario	END	1685820507019
USER	MongoDB - Save Scenario	END	1685820507020
USER	MongoDB - Save Scenario	END	1685820507020
USER	MongoDB - Save Scenario	END	1685820507020
USER	MongoDB - Save Scenario	END	1685820507020
USER	MongoDB - Save Scenario	END	1685820507020
USER	MongoDB - Save Scenario	END	1685820507020
USER	MongoDB - Save Scenario	END	1685820507020
USER	MongoDB - Save Scenario	END	1685820507020
USER	MongoDB - Save Scenario	END	1685820507020
REQUEST		MySql - Load	1685820505614	1685820507070	KO	status.find.in([200, 209], 304), found 500
USER	MySql - Load Scenario	END	1685820507070
REQUEST		MongoDB - Load	1685820505576	1685820507079	OK	 
USER	MongoDB - Load Scenario	END	1685820507080
REQUEST		MongoDB - Save	1685820505574	1685820507080	OK	 
USER	MongoDB - Save Scenario	END	1685820507081
REQUEST		MySql - Save	1685820505914	1685820507097	KO	j.i.IOException: Premature close
USER	MySql - Save Scenario	END	1685820507097
REQUEST		MySql - Save	1685820505914	1685820507097	KO	j.i.IOException: Premature close
USER	MySql - Save Scenario	END	1685820507097
REQUEST		MySql - Save	1685820505914	1685820507097	KO	j.i.IOException: Premature close
REQUEST		MySql - Save	1685820505913	1685820507097	KO	j.i.IOException: Premature close
USER	MySql - Save Scenario	END	1685820507097
USER	MySql - Save Scenario	END	1685820507097
REQUEST		MySql - Save	1685820505906	1685820507097	KO	j.i.IOException: Premature close
REQUEST		MySql - Save	1685820505906	1685820507098	KO	j.i.IOException: Premature close
REQUEST		MySql - Save	1685820505906	1685820507098	KO	j.i.IOException: Premature close
REQUEST		MySql - Save	1685820505905	1685820507098	KO	j.i.IOException: Premature close
REQUEST		MySql - Save	1685820505905	1685820507098	KO	j.i.IOException: Premature close
USER	MySql - Save Scenario	END	1685820507098
REQUEST		MySql - Save	1685820505900	1685820507098	KO	j.i.IOException: Premature close
USER	MySql - Save Scenario	END	1685820507098
USER	MySql - Save Scenario	END	1685820507098
USER	MySql - Save Scenario	END	1685820507098
USER	MySql - Save Scenario	END	1685820507098
USER	MySql - Save Scenario	END	1685820507098
REQUEST		MySql - Save	1685820505899	1685820507098	KO	j.i.IOException: Premature close
REQUEST		MySql - Save	1685820505884	1685820507098	KO	j.i.IOException: Premature close
REQUEST		MySql - Save	1685820505880	1685820507098	KO	j.i.IOException: Premature close
REQUEST		MySql - Save	1685820505879	1685820507098	KO	j.i.IOException: Premature close
REQUEST		MySql - Save	1685820505878	1685820507098	KO	j.i.IOException: Premature close
REQUEST		MySql - Save	1685820505856	1685820507098	KO	j.i.IOException: Premature close
USER	MySql - Save Scenario	END	1685820507098
USER	MySql - Save Scenario	END	1685820507098
USER	MySql - Save Scenario	END	1685820507098
USER	MySql - Save Scenario	END	1685820507098
USER	MySql - Save Scenario	END	1685820507098
USER	MySql - Save Scenario	END	1685820507098
REQUEST		MySql - Save	1685820506064	1685820507154	KO	j.i.IOException: Premature close
USER	MySql - Save Scenario	END	1685820507155
REQUEST		MySql - Save	1685820505919	1685820507158	KO	j.i.IOException: Premature close
REQUEST		MySql - Save	1685820506101	1685820507158	KO	j.i.IOException: Premature close
REQUEST		MySql - Save	1685820506074	1685820507158	KO	j.i.IOException: Premature close
REQUEST		MySql - Save	1685820506094	1685820507158	KO	j.i.IOException: Premature close
REQUEST		MySql - Save	1685820506093	1685820507158	KO	j.i.IOException: Premature close
REQUEST		MySql - Save	1685820506094	1685820507158	KO	j.i.IOException: Premature close
REQUEST		MySql - Save	1685820506114	1685820507158	KO	j.i.IOException: Premature close
REQUEST		MySql - Save	1685820506114	1685820507159	KO	j.i.IOException: Premature close
REQUEST		MySql - Save	1685820506103	1685820507159	KO	j.i.IOException: Premature close
REQUEST		MySql - Save	1685820506102	1685820507159	KO	j.i.IOException: Premature close
REQUEST		MySql - Save	1685820506113	1685820507159	KO	j.i.IOException: Premature close
REQUEST		MySql - Save	1685820506102	1685820507159	KO	j.i.IOException: Premature close
REQUEST		MySql - Save	1685820506112	1685820507159	KO	j.i.IOException: Premature close
USER	MySql - Save Scenario	END	1685820507160
USER	MySql - Save Scenario	END	1685820507160
USER	MySql - Save Scenario	END	1685820507160
USER	MySql - Save Scenario	END	1685820507160
USER	MySql - Save Scenario	END	1685820507160
USER	MySql - Save Scenario	END	1685820507160
USER	MySql - Save Scenario	END	1685820507160
USER	MySql - Save Scenario	END	1685820507160
USER	MySql - Save Scenario	END	1685820507160
USER	MySql - Save Scenario	END	1685820507160
USER	MySql - Save Scenario	END	1685820507160
USER	MySql - Save Scenario	END	1685820507160
USER	MySql - Save Scenario	END	1685820507160
REQUEST		MongoDB - Load	1685820505608	1685820507181	OK	 
USER	MongoDB - Load Scenario	END	1685820507182
REQUEST		MongoDB - Save	1685820505609	1685820507209	OK	 
USER	MongoDB - Save Scenario	END	1685820507209
REQUEST		MongoDB - Load	1685820505610	1685820507260	OK	 
USER	MongoDB - Load Scenario	END	1685820507261
REQUEST		MongoDB - Save	1685820505610	1685820507298	OK	 
USER	MongoDB - Save Scenario	END	1685820507300
REQUEST		MongoDB - Load	1685820505611	1685820507328	OK	 
USER	MongoDB - Load Scenario	END	1685820507329
REQUEST		MySql - Load	1685820505621	1685820507353	KO	status.find.in([200, 209], 304), found 500
USER	MySql - Load Scenario	END	1685820507353
REQUEST		MySql - Load	1685820505615	1685820507381	KO	status.find.in([200, 209], 304), found 500
USER	MySql - Load Scenario	END	1685820507382
REQUEST		MongoDB - Save	1685820505612	1685820507384	OK	 
USER	MongoDB - Save Scenario	END	1685820507384
REQUEST		MongoDB - Save	1685820505614	1685820507411	OK	 
USER	MongoDB - Save Scenario	END	1685820507412
REQUEST		MongoDB - Load	1685820505613	1685820507449	OK	 
USER	MongoDB - Load Scenario	END	1685820507449
REQUEST		MySql - Save	1685820505621	1685820507465	OK	 
USER	MySql - Save Scenario	END	1685820507466
REQUEST		MongoDB - Load	1685820505614	1685820507474	OK	 
USER	MongoDB - Load Scenario	END	1685820507474
REQUEST		MongoDB - Save	1685820505615	1685820507522	OK	 
USER	MongoDB - Save Scenario	END	1685820507523
REQUEST		MongoDB - Load	1685820505616	1685820507558	OK	 
USER	MongoDB - Load Scenario	END	1685820507558
REQUEST		MongoDB - Save	1685820505616	1685820507584	OK	 
USER	MongoDB - Save Scenario	END	1685820507585
REQUEST		MySql - Save	1685820505624	1685820507609	OK	 
USER	MySql - Save Scenario	END	1685820507609
REQUEST		MongoDB - Load	1685820505621	1685820507633	OK	 
USER	MongoDB - Load Scenario	END	1685820507634
REQUEST		MongoDB - Load	1685820505622	1685820507644	OK	 
USER	MongoDB - Load Scenario	END	1685820507644
REQUEST		MySql - Save	1685820505622	1685820507652	OK	 
USER	MySql - Save Scenario	END	1685820507652
REQUEST		MongoDB - Load	1685820505623	1685820507686	OK	 
USER	MongoDB - Load Scenario	END	1685820507687
REQUEST		MongoDB - Load	1685820505636	1685820507709	OK	 
USER	MongoDB - Load Scenario	END	1685820507710
REQUEST		MongoDB - Load	1685820505623	1685820507737	OK	 
USER	MongoDB - Load Scenario	END	1685820507738
REQUEST		MongoDB - Load	1685820505624	1685820507781	OK	 
USER	MongoDB - Load Scenario	END	1685820507782
REQUEST		MongoDB - Load	1685820505624	1685820507783	OK	 
USER	MongoDB - Load Scenario	END	1685820507783
REQUEST		MongoDB - Load	1685820505625	1685820507826	OK	 
USER	MongoDB - Load Scenario	END	1685820507826
REQUEST		MongoDB - Load	1685820505626	1685820507842	OK	 
USER	MongoDB - Load Scenario	END	1685820507843
REQUEST		MongoDB - Load	1685820505626	1685820507899	OK	 
USER	MongoDB - Load Scenario	END	1685820507899
REQUEST		MongoDB - Load	1685820505633	1685820507907	OK	 
USER	MongoDB - Load Scenario	END	1685820507907
REQUEST		MongoDB - Load	1685820505634	1685820507954	OK	 
USER	MongoDB - Load Scenario	END	1685820507955
REQUEST		MongoDB - Load	1685820505752	1685820507964	OK	 
USER	MongoDB - Load Scenario	END	1685820507965
REQUEST		MongoDB - Save	1685820505544	1685820507998	OK	 
USER	MongoDB - Save Scenario	END	1685820507999
REQUEST		MongoDB - Save	1685820505545	1685820508017	OK	 
USER	MongoDB - Save Scenario	END	1685820508018
REQUEST		MongoDB - Load	1685820505706	1685820508072	OK	 
USER	MongoDB - Load Scenario	END	1685820508072
REQUEST		MongoDB - Save	1685820505553	1685820508092	OK	 
USER	MongoDB - Save Scenario	END	1685820508092
REQUEST		MongoDB - Load	1685820505805	1685820508106	OK	 
USER	MongoDB - Load Scenario	END	1685820508106
REQUEST		MongoDB - Load	1685820506092	1685820508107	OK	 
USER	MongoDB - Load Scenario	END	1685820508108
REQUEST		MongoDB - Save	1685820505811	1685820508151	OK	 
USER	MongoDB - Save Scenario	END	1685820508152
REQUEST		MongoDB - Save	1685820505803	1685820508171	OK	 
USER	MongoDB - Save Scenario	END	1685820508172
REQUEST		MongoDB - Save	1685820505786	1685820508230	OK	 
USER	MongoDB - Save Scenario	END	1685820508231
REQUEST		MongoDB - Save	1685820505777	1685820508236	OK	 
USER	MongoDB - Save Scenario	END	1685820508236
REQUEST		MySql - Load	1685820505642	1685820508244	KO	status.find.in([200, 209], 304), found 500
USER	MySql - Load Scenario	END	1685820508245
REQUEST		MongoDB - Load	1685820505797	1685820508251	OK	 
USER	MongoDB - Load Scenario	END	1685820508251
REQUEST		MongoDB - Load	1685820505779	1685820508269	OK	 
USER	MongoDB - Load Scenario	END	1685820508270
REQUEST		MongoDB - Load	1685820505772	1685820508287	OK	 
USER	MongoDB - Load Scenario	END	1685820508288
REQUEST		MongoDB - Save	1685820505749	1685820508308	OK	 
USER	MongoDB - Save Scenario	END	1685820508309
REQUEST		MongoDB - Load	1685820505735	1685820508333	OK	 
USER	MongoDB - Load Scenario	END	1685820508334
REQUEST		MongoDB - Save	1685820505728	1685820508343	OK	 
USER	MongoDB - Save Scenario	END	1685820508344
REQUEST		MongoDB - Load	1685820505726	1685820508371	OK	 
USER	MongoDB - Load Scenario	END	1685820508372
REQUEST		MongoDB - Save	1685820505719	1685820508387	OK	 
USER	MongoDB - Save Scenario	END	1685820508388
REQUEST		MongoDB - Load	1685820505715	1685820508406	OK	 
USER	MongoDB - Load Scenario	END	1685820508407
REQUEST		MongoDB - Save	1685820505713	1685820508440	OK	 
USER	MongoDB - Save Scenario	END	1685820508440
REQUEST		MongoDB - Load	1685820505705	1685820508450	OK	 
USER	MongoDB - Load Scenario	END	1685820508450
REQUEST		MongoDB - Save	1685820505680	1685820508485	OK	 
USER	MongoDB - Save Scenario	END	1685820508487
REQUEST		MongoDB - Load	1685820505670	1685820508490	OK	 
USER	MongoDB - Load Scenario	END	1685820508491
REQUEST		MongoDB - Save	1685820505560	1685820508530	OK	 
USER	MongoDB - Save Scenario	END	1685820508530
REQUEST		MongoDB - Load	1685820505689	1685820508539	OK	 
USER	MongoDB - Load Scenario	END	1685820508540
REQUEST		MongoDB - Save	1685820505776	1685820508568	OK	 
USER	MongoDB - Save Scenario	END	1685820508569
REQUEST		MongoDB - Load	1685820505638	1685820508588	OK	 
USER	MongoDB - Load Scenario	END	1685820508589
REQUEST		MongoDB - Save	1685820505562	1685820508612	OK	 
USER	MongoDB - Save Scenario	END	1685820508613
REQUEST		MongoDB - Load	1685820505774	1685820508653	OK	 
USER	MongoDB - Load Scenario	END	1685820508654
REQUEST		MongoDB - Save	1685820505573	1685820508658	OK	 
USER	MongoDB - Save Scenario	END	1685820508659
REQUEST		MySql - Save	1685820505635	1685820508678	OK	 
USER	MySql - Save Scenario	END	1685820508679
REQUEST		MongoDB - Load	1685820505833	1685820508684	OK	 
USER	MongoDB - Load Scenario	END	1685820508684
REQUEST		MongoDB - Load	1685820505856	1685820508685	OK	 
USER	MongoDB - Load Scenario	END	1685820508685
REQUEST		MongoDB - Load	1685820505849	1685820508691	OK	 
USER	MongoDB - Load Scenario	END	1685820508692
REQUEST		MongoDB - Load	1685820505619	1685820508719	OK	 
USER	MongoDB - Load Scenario	END	1685820508720
REQUEST		MongoDB - Load	1685820505641	1685820508728	OK	 
USER	MongoDB - Load Scenario	END	1685820508729
REQUEST		MongoDB - Save	1685820505660	1685820508771	OK	 
USER	MongoDB - Save Scenario	END	1685820508771
REQUEST		MongoDB - Save	1685820505689	1685820508782	OK	 
USER	MongoDB - Save Scenario	END	1685820508783
REQUEST		MongoDB - Save	1685820505682	1685820508799	OK	 
USER	MongoDB - Save Scenario	END	1685820508800
REQUEST		MongoDB - Load	1685820505681	1685820508807	OK	 
USER	MongoDB - Load Scenario	END	1685820508808
REQUEST		MongoDB - Save	1685820505744	1685820508833	OK	 
USER	MongoDB - Save Scenario	END	1685820508835
REQUEST		MongoDB - Save	1685820505734	1685820508845	OK	 
USER	MongoDB - Save Scenario	END	1685820508845
REQUEST		MongoDB - Load	1685820505674	1685820508873	OK	 
USER	MongoDB - Load Scenario	END	1685820508874
REQUEST		MongoDB - Load	1685820505812	1685820508888	OK	 
USER	MongoDB - Load Scenario	END	1685820508888
REQUEST		MongoDB - Load	1685820505683	1685820508891	OK	 
USER	MongoDB - Load Scenario	END	1685820508891
REQUEST		MySql - Save	1685820505635	1685820508912	OK	 
REQUEST		MySql - Save	1685820505634	1685820508913	OK	 
USER	MySql - Save Scenario	END	1685820508913
USER	MySql - Save Scenario	END	1685820508913
REQUEST		MongoDB - Load	1685820505640	1685820508930	OK	 
USER	MongoDB - Load Scenario	END	1685820508930
REQUEST		MongoDB - Load	1685820505620	1685820508944	OK	 
USER	MongoDB - Load Scenario	END	1685820508945
REQUEST		MongoDB - Load	1685820505759	1685820508968	OK	 
USER	MongoDB - Load Scenario	END	1685820508969
REQUEST		MongoDB - Load	1685820505736	1685820508975	OK	 
USER	MongoDB - Load Scenario	END	1685820508976
REQUEST		MongoDB - Load	1685820505725	1685820509001	OK	 
USER	MongoDB - Load Scenario	END	1685820509002
REQUEST		MongoDB - Save	1685820505546	1685820509014	OK	 
USER	MongoDB - Save Scenario	END	1685820509014
REQUEST		MongoDB - Save	1685820505546	1685820509028	OK	 
USER	MongoDB - Save Scenario	END	1685820509029
REQUEST		MongoDB - Save	1685820505820	1685820509041	OK	 
USER	MongoDB - Save Scenario	END	1685820509042
REQUEST		MongoDB - Save	1685820505683	1685820509053	OK	 
USER	MongoDB - Save Scenario	END	1685820509054
REQUEST		MongoDB - Save	1685820505714	1685820509068	OK	 
USER	MongoDB - Save Scenario	END	1685820509069
REQUEST		MongoDB - Save	1685820505576	1685820509075	OK	 
USER	MongoDB - Save Scenario	END	1685820509075
REQUEST		MongoDB - Save	1685820505618	1685820509095	OK	 
USER	MongoDB - Save Scenario	END	1685820509096
REQUEST		MongoDB - Save	1685820505547	1685820509108	OK	 
USER	MongoDB - Save Scenario	END	1685820509109
REQUEST		MongoDB - Save	1685820505547	1685820509129	OK	 
USER	MongoDB - Save Scenario	END	1685820509129
REQUEST		MongoDB - Save	1685820505628	1685820509143	OK	 
USER	MongoDB - Save Scenario	END	1685820509144
REQUEST		MongoDB - Save	1685820505652	1685820509155	OK	 
USER	MongoDB - Save Scenario	END	1685820509156
REQUEST		MongoDB - Save	1685820505547	1685820509170	OK	 
USER	MongoDB - Save Scenario	END	1685820509171
REQUEST		MongoDB - Save	1685820505554	1685820509190	OK	 
USER	MongoDB - Save Scenario	END	1685820509191
REQUEST		MongoDB - Save	1685820505834	1685820509192	OK	 
USER	MongoDB - Save Scenario	END	1685820509193
REQUEST		MongoDB - Save	1685820505554	1685820509213	OK	 
USER	MongoDB - Save Scenario	END	1685820509214
REQUEST		MongoDB - Save	1685820505555	1685820509237	OK	 
USER	MongoDB - Save Scenario	END	1685820509238
REQUEST		MongoDB - Save	1685820505556	1685820509248	OK	 
USER	MongoDB - Save Scenario	END	1685820509248
REQUEST		MongoDB - Save	1685820505556	1685820509272	OK	 
USER	MongoDB - Save Scenario	END	1685820509273
REQUEST		MongoDB - Save	1685820505556	1685820509281	OK	 
USER	MongoDB - Save Scenario	END	1685820509281
REQUEST		MongoDB - Save	1685820505568	1685820509325	OK	 
USER	MongoDB - Save Scenario	END	1685820509326
REQUEST		MongoDB - Save	1685820505561	1685820509330	OK	 
USER	MongoDB - Save Scenario	END	1685820509331
REQUEST		MongoDB - Save	1685820505558	1685820509334	OK	 
USER	MongoDB - Save Scenario	END	1685820509335
REQUEST		MongoDB - Save	1685820505585	1685820509365	OK	 
USER	MongoDB - Save Scenario	END	1685820509365
REQUEST		MySql - Save	1685820505635	1685820509371	OK	 
USER	MySql - Save Scenario	END	1685820509377
REQUEST		MongoDB - Save	1685820505719	1685820509387	OK	 
USER	MongoDB - Save Scenario	END	1685820509387
REQUEST		MongoDB - Load	1685820505884	1685820509405	OK	 
USER	MongoDB - Load Scenario	END	1685820509405
REQUEST		MongoDB - Load	1685820505884	1685820509420	OK	 
USER	MongoDB - Load Scenario	END	1685820509421
REQUEST		MongoDB - Load	1685820505885	1685820509429	OK	 
USER	MongoDB - Load Scenario	END	1685820509429
REQUEST		MongoDB - Save	1685820505784	1685820509459	OK	 
USER	MongoDB - Save Scenario	END	1685820509459
REQUEST		MongoDB - Load	1685820505794	1685820509495	OK	 
USER	MongoDB - Load Scenario	END	1685820509496
REQUEST		MongoDB - Save	1685820505794	1685820509507	OK	 
USER	MongoDB - Save Scenario	END	1685820509508
REQUEST		MongoDB - Load	1685820505838	1685820509508	OK	 
USER	MongoDB - Load Scenario	END	1685820509509
REQUEST		MongoDB - Save	1685820505806	1685820509547	OK	 
USER	MongoDB - Save Scenario	END	1685820509548
REQUEST		MongoDB - Load	1685820505796	1685820509591	OK	 
USER	MongoDB - Load Scenario	END	1685820509592
REQUEST		MongoDB - Load	1685820505806	1685820509598	OK	 
USER	MongoDB - Load Scenario	END	1685820509598
REQUEST		MongoDB - Save	1685820505807	1685820509603	OK	 
USER	MongoDB - Save Scenario	END	1685820509603
REQUEST		MongoDB - Load	1685820505808	1685820509647	OK	 
USER	MongoDB - Load Scenario	END	1685820509648
REQUEST		MongoDB - Save	1685820505813	1685820509654	OK	 
USER	MongoDB - Save Scenario	END	1685820509655
REQUEST		MongoDB - Load	1685820505814	1685820509682	OK	 
USER	MongoDB - Load Scenario	END	1685820509682
REQUEST		MongoDB - Load	1685820505815	1685820509686	OK	 
USER	MongoDB - Load Scenario	END	1685820509687
REQUEST		MongoDB - Load	1685820505822	1685820509735	OK	 
USER	MongoDB - Load Scenario	END	1685820509736
REQUEST		MongoDB - Load	1685820505824	1685820509739	OK	 
USER	MongoDB - Load Scenario	END	1685820509739
REQUEST		MongoDB - Load	1685820505822	1685820509743	OK	 
USER	MongoDB - Load Scenario	END	1685820509744
REQUEST		MongoDB - Load	1685820505824	1685820509748	OK	 
USER	MongoDB - Load Scenario	END	1685820509749
REQUEST		MongoDB - Load	1685820505829	1685820509765	OK	 
USER	MongoDB - Load Scenario	END	1685820509767
REQUEST		MongoDB - Load	1685820505832	1685820509799	OK	 
USER	MongoDB - Load Scenario	END	1685820509800
REQUEST		MongoDB - Load	1685820505780	1685820509807	OK	 
USER	MongoDB - Load Scenario	END	1685820509808
REQUEST		MongoDB - Load	1685820505830	1685820509817	OK	 
USER	MongoDB - Load Scenario	END	1685820509818
REQUEST		MongoDB - Load	1685820505831	1685820509819	OK	 
USER	MongoDB - Load Scenario	END	1685820509820
REQUEST		MongoDB - Load	1685820505718	1685820509838	OK	 
USER	MongoDB - Load Scenario	END	1685820509839
REQUEST		MySql - Save	1685820505637	1685820509846	OK	 
REQUEST		MySql - Save	1685820505613	1685820509847	OK	 
USER	MySql - Save Scenario	END	1685820509848
USER	MySql - Save Scenario	END	1685820509848
REQUEST		MongoDB - Load	1685820505728	1685820509856	OK	 
USER	MongoDB - Load Scenario	END	1685820509857
REQUEST		MongoDB - Save	1685820505720	1685820509862	OK	 
USER	MongoDB - Save Scenario	END	1685820509863
REQUEST		MongoDB - Save	1685820505737	1685820509895	OK	 
USER	MongoDB - Save Scenario	END	1685820509896
REQUEST		MongoDB - Load	1685820505742	1685820509900	OK	 
USER	MongoDB - Load Scenario	END	1685820509901
REQUEST		MongoDB - Load	1685820505762	1685820509921	OK	 
USER	MongoDB - Load Scenario	END	1685820509922
REQUEST		MongoDB - Save	1685820505778	1685820509965	OK	 
USER	MongoDB - Save Scenario	END	1685820509966
REQUEST		MongoDB - Save	1685820505773	1685820509975	OK	 
USER	MongoDB - Save Scenario	END	1685820509976
REQUEST		MongoDB - Load	1685820505774	1685820509979	OK	 
USER	MongoDB - Load Scenario	END	1685820509980
REQUEST		MongoDB - Load	1685820505783	1685820509981	OK	 
USER	MongoDB - Load Scenario	END	1685820509982
REQUEST		MongoDB - Save	1685820505801	1685820510001	OK	 
USER	MongoDB - Save Scenario	END	1685820510002
REQUEST		MongoDB - Load	1685820505901	1685820510012	OK	 
USER	MongoDB - Load Scenario	END	1685820510013
REQUEST		MySql - Save	1685820505638	1685820510053	OK	 
REQUEST		MongoDB - Save	1685820506073	1685820510054	OK	 
USER	MongoDB - Save Scenario	END	1685820510055
USER	MySql - Save Scenario	END	1685820510055
REQUEST		MongoDB - Load	1685820505922	1685820510061	OK	 
USER	MongoDB - Load Scenario	END	1685820510061
REQUEST		MongoDB - Load	1685820506065	1685820510063	OK	 
USER	MongoDB - Load Scenario	END	1685820510063
REQUEST		MongoDB - Load	1685820505922	1685820510068	OK	 
USER	MongoDB - Load Scenario	END	1685820510069
REQUEST		MongoDB - Load	1685820506074	1685820510112	OK	 
USER	MongoDB - Load Scenario	END	1685820510113
REQUEST		MongoDB - Load	1685820506073	1685820510114	OK	 
USER	MongoDB - Load Scenario	END	1685820510114
REQUEST		MongoDB - Load	1685820505803	1685820510142	OK	 
USER	MongoDB - Load Scenario	END	1685820510143
REQUEST		MongoDB - Save	1685820505804	1685820510159	OK	 
USER	MongoDB - Save Scenario	END	1685820510160
REQUEST		MongoDB - Load	1685820505809	1685820510167	OK	 
USER	MongoDB - Load Scenario	END	1685820510167
REQUEST		MongoDB - Load	1685820505885	1685820510184	OK	 
USER	MongoDB - Load Scenario	END	1685820510184
REQUEST		MongoDB - Save	1685820505818	1685820510185	OK	 
USER	MongoDB - Save Scenario	END	1685820510185
REQUEST		MongoDB - Load	1685820505832	1685820510203	OK	 
USER	MongoDB - Load Scenario	END	1685820510203
REQUEST		MongoDB - Load	1685820505885	1685820510205	OK	 
USER	MongoDB - Load Scenario	END	1685820510205
REQUEST		MongoDB - Load	1685820505884	1685820510227	OK	 
USER	MongoDB - Load Scenario	END	1685820510227
REQUEST		MongoDB - Load	1685820505884	1685820510231	OK	 
USER	MongoDB - Load Scenario	END	1685820510231
REQUEST		MongoDB - Load	1685820505880	1685820510252	OK	 
USER	MongoDB - Load Scenario	END	1685820510252
REQUEST		MongoDB - Load	1685820505879	1685820510264	OK	 
USER	MongoDB - Load Scenario	END	1685820510265
REQUEST		MongoDB - Load	1685820505878	1685820510270	OK	 
USER	MongoDB - Load Scenario	END	1685820510271
REQUEST		MySql - Save	1685820505637	1685820510297	OK	 
REQUEST		MySql - Load	1685820505640	1685820510298	KO	status.find.in([200, 209], 304), found 500
USER	MySql - Save Scenario	END	1685820510298
USER	MySql - Load Scenario	END	1685820510298
REQUEST		MongoDB - Load	1685820505878	1685820510304	OK	 
USER	MongoDB - Load Scenario	END	1685820510305
REQUEST		MongoDB - Load	1685820505877	1685820510310	OK	 
USER	MongoDB - Load Scenario	END	1685820510312
REQUEST		MongoDB - Load	1685820505867	1685820510326	OK	 
USER	MongoDB - Load Scenario	END	1685820510326
REQUEST		MongoDB - Load	1685820505850	1685820510335	OK	 
USER	MongoDB - Load Scenario	END	1685820510336
REQUEST		MongoDB - Save	1685820505849	1685820510355	OK	 
USER	MongoDB - Save Scenario	END	1685820510356
REQUEST		MongoDB - Save	1685820505833	1685820510371	OK	 
USER	MongoDB - Save Scenario	END	1685820510371
REQUEST		MongoDB - Load	1685820505838	1685820510390	OK	 
USER	MongoDB - Load Scenario	END	1685820510390
REQUEST		MongoDB - Save	1685820505629	1685820510409	OK	 
USER	MongoDB - Save Scenario	END	1685820510409
REQUEST		MongoDB - Save	1685820505603	1685820510417	OK	 
USER	MongoDB - Save Scenario	END	1685820510418
USER	MySql - Save Scenario	START	1685820510544
USER	MongoDB - Save Scenario	START	1685820510545
USER	MongoDB - Load Scenario	START	1685820510546
USER	MySql - Load Scenario	START	1685820510550
REQUEST		MySql - Load	1685820505640	1685820510564	KO	status.find.in([200, 209], 304), found 500
USER	MySql - Load Scenario	END	1685820510565
REQUEST		MySql - Load	1685820505641	1685820510572	KO	status.find.in([200, 209], 304), found 500
USER	MySql - Load Scenario	END	1685820510573
REQUEST		MySql - Load	1685820505639	1685820510583	KO	status.find.in([200, 209], 304), found 500
USER	MySql - Load Scenario	END	1685820510584
REQUEST		MongoDB - Save	1685820510545	1685820510602	OK	 
USER	MongoDB - Save Scenario	END	1685820510603
REQUEST		MongoDB - Load	1685820510545	1685820510609	OK	 
USER	MongoDB - Load Scenario	END	1685820510609
REQUEST		MySql - Save	1685820505552	1685820510737	OK	 
USER	MySql - Save Scenario	END	1685820510737
REQUEST		MySql - Load	1685820505641	1685820510738	KO	status.find.in([200, 209], 304), found 500
USER	MySql - Load Scenario	END	1685820510738
REQUEST		MySql - Load	1685820505642	1685820510785	KO	status.find.in([200, 209], 304), found 500
USER	MySql - Load Scenario	END	1685820510786
REQUEST		MySql - Load	1685820505641	1685820510808	KO	status.find.in([200, 209], 304), found 500
USER	MySql - Load Scenario	END	1685820510808
REQUEST		MySql - Load	1685820505651	1685820510950	KO	status.find.in([200, 209], 304), found 500
USER	MySql - Load Scenario	END	1685820510950
REQUEST		MySql - Load	1685820505651	1685820511003	KO	status.find.in([200, 209], 304), found 500
USER	MySql - Load Scenario	END	1685820511004
REQUEST		MySql - Load	1685820505656	1685820511058	KO	status.find.in([200, 209], 304), found 500
USER	MySql - Load Scenario	END	1685820511059
REQUEST		MySql - Load	1685820505653	1685820511059	KO	status.find.in([200, 209], 304), found 500
USER	MySql - Load Scenario	END	1685820511060
REQUEST		MySql - Save	1685820505636	1685820511066	OK	 
USER	MySql - Save Scenario	END	1685820511067
REQUEST		MySql - Load	1685820505653	1685820511109	KO	status.find.in([200, 209], 304), found 500
USER	MySql - Load Scenario	END	1685820511110
REQUEST		MySql - Load	1685820505655	1685820511237	KO	status.find.in([200, 209], 304), found 500
USER	MySql - Load Scenario	END	1685820511238
REQUEST		MySql - Load	1685820505654	1685820511238	KO	status.find.in([200, 209], 304), found 500
USER	MySql - Load Scenario	END	1685820511239
REQUEST		MySql - Save	1685820505572	1685820511239	OK	 
USER	MySql - Save Scenario	END	1685820511239
REQUEST		MySql - Load	1685820505654	1685820511239	KO	status.find.in([200, 209], 304), found 500
USER	MySql - Load Scenario	END	1685820511240
REQUEST		MySql - Load	1685820505652	1685820511259	KO	status.find.in([200, 209], 304), found 500
USER	MySql - Load Scenario	END	1685820511259
REQUEST		MySql - Save	1685820505569	1685820511515	OK	 
USER	MySql - Save Scenario	END	1685820511516
REQUEST		MySql - Load	1685820505704	1685820511657	KO	status.find.in([200, 209], 304), found 500
REQUEST		MySql - Save	1685820505626	1685820511657	OK	 
USER	MySql - Save Scenario	END	1685820511658
USER	MySql - Load Scenario	END	1685820511658
REQUEST		MySql - Save	1685820505640	1685820511763	OK	 
REQUEST		MySql - Save	1685820505637	1685820511763	OK	 
USER	MySql - Save Scenario	END	1685820511764
USER	MySql - Save Scenario	END	1685820511764
REQUEST		MySql - Save	1685820505609	1685820511764	OK	 
USER	MySql - Save Scenario	END	1685820511765
REQUEST		MySql - Load	1685820505720	1685820511988	KO	status.find.in([200, 209], 304), found 500
USER	MySql - Load Scenario	END	1685820511989
REQUEST		MySql - Load	1685820505784	1685820511999	KO	status.find.in([200, 209], 304), found 500
USER	MySql - Load Scenario	END	1685820511999
REQUEST		MySql - Load	1685820505743	1685820512002	KO	status.find.in([200, 209], 304), found 500
USER	MySql - Load Scenario	END	1685820512002
REQUEST		MySql - Load	1685820505810	1685820512018	KO	status.find.in([200, 209], 304), found 500
USER	MySql - Load Scenario	END	1685820512019
REQUEST		MySql - Load	1685820505763	1685820512024	KO	status.find.in([200, 209], 304), found 500
USER	MySql - Load Scenario	END	1685820512025
REQUEST		MySql - Load	1685820505954	1685820512298	KO	status.find.in([200, 209], 304), found 500
USER	MySql - Load Scenario	END	1685820512299
REQUEST		MySql - Save	1685820505840	1685820512301	OK	 
USER	MySql - Save Scenario	END	1685820512301
REQUEST		MySql - Save	1685820505823	1685820512307	OK	 
USER	MySql - Save Scenario	END	1685820512307
REQUEST		MySql - Load	1685820506139	1685820512405	KO	status.find.in([200, 209], 304), found 500
USER	MySql - Load Scenario	END	1685820512406
REQUEST		MySql - Load	1685820505953	1685820512516	KO	status.find.in([200, 209], 304), found 500
USER	MySql - Load Scenario	END	1685820512517
REQUEST		MySql - Load	1685820506122	1685820512552	KO	status.find.in([200, 209], 304), found 500
USER	MySql - Load Scenario	END	1685820512552
REQUEST		MySql - Save	1685820505682	1685820512693	OK	 
USER	MySql - Save Scenario	END	1685820512693
REQUEST		MySql - Save	1685820505737	1685820512808	OK	 
USER	MySql - Save Scenario	END	1685820512808
REQUEST		MySql - Save	1685820505849	1685820512809	OK	 
USER	MySql - Save Scenario	END	1685820512809
REQUEST		MySql - Save	1685820505775	1685820512812	OK	 
USER	MySql - Save Scenario	END	1685820512813
REQUEST		MySql - Load	1685820505916	1685820512813	KO	status.find.in([200, 209], 304), found 500
REQUEST		MySql - Load	1685820505815	1685820512813	KO	status.find.in([200, 209], 304), found 500
USER	MySql - Load Scenario	END	1685820512813
USER	MySql - Load Scenario	END	1685820512814
REQUEST		MySql - Save	1685820505625	1685820512893	OK	 
USER	MySql - Save Scenario	END	1685820512894
REQUEST		MySql - Save	1685820505633	1685820513045	OK	 
REQUEST		MySql - Load	1685820505673	1685820513045	KO	status.find.in([200, 209], 304), found 500
USER	MySql - Load Scenario	END	1685820513046
USER	MySql - Save Scenario	END	1685820513046
REQUEST		MySql - Save	1685820505560	1685820513066	OK	 
USER	MySql - Save Scenario	END	1685820513067
REQUEST		MySql - Load	1685820506140	1685820513191	KO	status.find.in([200, 209], 304), found 500
USER	MySql - Load Scenario	END	1685820513192
REQUEST		MySql - Save	1685820505841	1685820513263	OK	 
USER	MySql - Save Scenario	END	1685820513264
REQUEST		MySql - Load	1685820506140	1685820513287	KO	status.find.in([200, 209], 304), found 500
USER	MySql - Load Scenario	END	1685820513287
REQUEST		MySql - Load	1685820506141	1685820513376	KO	status.find.in([200, 209], 304), found 500
USER	MySql - Load Scenario	END	1685820513377
REQUEST		MySql - Load	1685820505808	1685820513380	KO	status.find.in([200, 209], 304), found 500
USER	MySql - Load Scenario	END	1685820513380
REQUEST		MySql - Load	1685820506141	1685820513501	KO	status.find.in([200, 209], 304), found 500
USER	MySql - Load Scenario	END	1685820513501
REQUEST		MySql - Load	1685820505952	1685820513595	KO	status.find.in([200, 209], 304), found 500
USER	MySql - Load Scenario	END	1685820513595
REQUEST		MySql - Load	1685820505951	1685820513628	KO	status.find.in([200, 209], 304), found 500
USER	MySql - Load Scenario	END	1685820513629
REQUEST		MySql - Load	1685820506121	1685820513772	KO	status.find.in([200, 209], 304), found 500
USER	MySql - Load Scenario	END	1685820513772
REQUEST		MySql - Load	1685820506127	1685820513773	KO	status.find.in([200, 209], 304), found 500
USER	MySql - Load Scenario	END	1685820513773
REQUEST		MySql - Load	1685820506121	1685820513773	KO	status.find.in([200, 209], 304), found 500
USER	MySql - Load Scenario	END	1685820513773
REQUEST		MySql - Load	1685820510550	1685820513927	KO	status.find.in([200, 209], 304), found 500
USER	MySql - Load Scenario	END	1685820513928
REQUEST		MySql - Save	1685820505839	1685820513970	OK	 
USER	MySql - Save Scenario	END	1685820513970
REQUEST		MySql - Save	1685820505811	1685820514095	OK	 
USER	MySql - Save Scenario	END	1685820514096
REQUEST		MySql - Load	1685820505802	1685820514134	KO	status.find.in([200, 209], 304), found 500
REQUEST		MySql - Save	1685820505802	1685820514135	OK	 
USER	MySql - Load Scenario	END	1685820514136
USER	MySql - Save Scenario	END	1685820514136
REQUEST		MySql - Save	1685820505840	1685820514281	OK	 
USER	MySql - Save Scenario	END	1685820514282
REQUEST		MySql - Load	1685820505839	1685820514282	KO	status.find.in([200, 209], 304), found 500
USER	MySql - Load Scenario	END	1685820514283
REQUEST		MySql - Load	1685820505684	1685820514466	KO	status.find.in([200, 209], 304), found 500
USER	MySql - Load Scenario	END	1685820514466
REQUEST		MySql - Save	1685820505795	1685820514467	OK	 
USER	MySql - Save Scenario	END	1685820514467
REQUEST		MySql - Save	1685820505638	1685820514467	OK	 
USER	MySql - Save Scenario	END	1685820514468
REQUEST		MySql - Save	1685820505572	1685820514582	OK	 
USER	MySql - Save Scenario	END	1685820514583
REQUEST		MySql - Load	1685820505831	1685820514798	KO	status.find.in([200, 209], 304), found 500
USER	MySql - Load Scenario	END	1685820514799
REQUEST		MySql - Save	1685820505639	1685820514837	OK	 
USER	MySql - Save Scenario	END	1685820514838
REQUEST		MySql - Load	1685820505750	1685820514840	KO	status.find.in([200, 209], 304), found 500
USER	MySql - Load Scenario	END	1685820514841
REQUEST		MySql - Load	1685820505776	1685820514845	KO	status.find.in([200, 209], 304), found 500
USER	MySql - Load Scenario	END	1685820514846
REQUEST		MySql - Load	1685820505734	1685820514890	KO	status.find.in([200, 209], 304), found 500
USER	MySql - Load Scenario	END	1685820514890
REQUEST		MySql - Save	1685820505752	1685820514959	OK	 
USER	MySql - Save Scenario	END	1685820514960
REQUEST		MySql - Save	1685820505885	1685820514964	OK	 
USER	MySql - Save Scenario	END	1685820514965
REQUEST		MySql - Save	1685820505857	1685820515184	OK	 
USER	MySql - Save Scenario	END	1685820515184
REQUEST		MySql - Load	1685820505793	1685820515311	KO	status.find.in([200, 209], 304), found 500
USER	MySql - Load Scenario	END	1685820515313
REQUEST		MySql - Load	1685820505764	1685820515439	KO	status.find.in([200, 209], 304), found 500
USER	MySql - Load Scenario	END	1685820515441
REQUEST		MySql - Load	1685820505744	1685820515444	KO	status.find.in([200, 209], 304), found 500
USER	MySql - Load Scenario	END	1685820515444
REQUEST		MySql - Save	1685820505618	1685820515447	OK	 
USER	MySql - Save Scenario	END	1685820515453
REQUEST		MySql - Load	1685820505727	1685820515455	KO	status.find.in([200, 209], 304), found 500
USER	MySql - Load Scenario	END	1685820515455
REQUEST		MySql - Save	1685820505816	1685820515503	OK	 
USER	MySql - Save Scenario	END	1685820515504
REQUEST		MySql - Load	1685820505850	1685820515600	KO	status.find.in([200, 209], 304), found 500
USER	MySql - Load Scenario	END	1685820515602
REQUEST		MySql - Save	1685820505778	1685820515603	OK	 
USER	MySql - Save Scenario	END	1685820515603
REQUEST		MySql - Save	1685820505559	1685820515604	OK	 
USER	MySql - Save Scenario	END	1685820515605
REQUEST		MySql - Save	1685820505559	1685820515708	OK	 
USER	MySql - Save Scenario	END	1685820515709
REQUEST		MySql - Save	1685820505609	1685820515899	OK	 
USER	MySql - Save Scenario	END	1685820515900
REQUEST		MySql - Load	1685820505960	1685820515948	KO	status.find.in([200, 209], 304), found 500
USER	MySql - Load Scenario	END	1685820515948
REQUEST		MySql - Load	1685820505915	1685820515949	KO	status.find.in([200, 209], 304), found 500
USER	MySql - Load Scenario	END	1685820515950
REQUEST		MySql - Load	1685820505820	1685820516009	KO	status.find.in([200, 209], 304), found 500
USER	MySql - Load Scenario	END	1685820516009
REQUEST		MySql - Save	1685820505555	1685820516019	OK	 
USER	MySql - Save Scenario	END	1685820516020
REQUEST		MySql - Load	1685820505916	1685820516031	KO	status.find.in([200, 209], 304), found 500
USER	MySql - Load Scenario	END	1685820516033
REQUEST		MySql - Load	1685820505915	1685820516094	KO	status.find.in([200, 209], 304), found 500
USER	MySql - Load Scenario	END	1685820516094
REQUEST		MySql - Load	1685820505932	1685820516137	KO	status.find.in([200, 209], 304), found 500
USER	MySql - Load Scenario	END	1685820516138
REQUEST		MySql - Load	1685820505929	1685820516138	KO	status.find.in([200, 209], 304), found 500
USER	MySql - Load Scenario	END	1685820516139
REQUEST		MySql - Load	1685820505930	1685820516139	KO	status.find.in([200, 209], 304), found 500
USER	MySql - Load Scenario	END	1685820516139
REQUEST		MySql - Load	1685820505916	1685820516140	KO	status.find.in([200, 209], 304), found 500
USER	MySql - Load Scenario	END	1685820516140
REQUEST		MySql - Load	1685820505937	1685820516231	KO	status.find.in([200, 209], 304), found 500
USER	MySql - Load Scenario	END	1685820516231
REQUEST		MySql - Load	1685820505946	1685820516296	KO	status.find.in([200, 209], 304), found 500
USER	MySql - Load Scenario	END	1685820516296
REQUEST		MySql - Load	1685820505946	1685820516297	KO	status.find.in([200, 209], 304), found 500
USER	MySql - Load Scenario	END	1685820516297
REQUEST		MySql - Load	1685820505938	1685820516297	KO	status.find.in([200, 209], 304), found 500
USER	MySql - Load Scenario	END	1685820516298
REQUEST		MySql - Load	1685820505945	1685820516334	KO	status.find.in([200, 209], 304), found 500
USER	MySql - Load Scenario	END	1685820516335
REQUEST		MySql - Load	1685820505951	1685820516437	KO	status.find.in([200, 209], 304), found 500
USER	MySql - Load Scenario	END	1685820516437
REQUEST		MySql - Load	1685820505891	1685820516471	KO	status.find.in([200, 209], 304), found 500
USER	MySql - Load Scenario	END	1685820516472
REQUEST		MySql - Load	1685820505891	1685820516472	KO	status.find.in([200, 209], 304), found 500
USER	MySql - Load Scenario	END	1685820516472
REQUEST		MySql - Load	1685820505903	1685820516529	KO	status.find.in([200, 209], 304), found 500
USER	MySql - Load Scenario	END	1685820516530
REQUEST		MySql - Load	1685820505891	1685820516575	KO	status.find.in([200, 209], 304), found 500
USER	MySql - Load Scenario	END	1685820516576
REQUEST		MySql - Load	1685820505912	1685820516588	KO	status.find.in([200, 209], 304), found 500
USER	MySql - Load Scenario	END	1685820516588
REQUEST		MySql - Load	1685820505913	1685820516589	KO	status.find.in([200, 209], 304), found 500
USER	MySql - Load Scenario	END	1685820516590
REQUEST		MySql - Load	1685820506119	1685820516600	KO	status.find.in([200, 209], 304), found 500
USER	MySql - Load Scenario	END	1685820516600
REQUEST		MySql - Load	1685820505904	1685820516632	KO	status.find.in([200, 209], 304), found 500
USER	MySql - Load Scenario	END	1685820516633
REQUEST		MySql - Load	1685820505904	1685820516642	KO	status.find.in([200, 209], 304), found 500
USER	MySql - Load Scenario	END	1685820516643
REQUEST		MySql - Load	1685820506119	1685820516662	KO	status.find.in([200, 209], 304), found 500
USER	MySql - Load Scenario	END	1685820516662
REQUEST		MySql - Save	1685820505714	1685820516723	OK	 
USER	MySql - Save Scenario	END	1685820516724
REQUEST		MySql - Save	1685820505751	1685820516728	OK	 
USER	MySql - Save Scenario	END	1685820516729
REQUEST		MySql - Save	1685820505838	1685820516736	OK	 
USER	MySql - Save Scenario	END	1685820516736
REQUEST		MySql - Load	1685820506137	1685820516756	KO	status.find.in([200, 209], 304), found 500
USER	MySql - Load Scenario	END	1685820516757
REQUEST		MySql - Load	1685820506128	1685820516760	KO	status.find.in([200, 209], 304), found 500
USER	MySql - Load Scenario	END	1685820516761
REQUEST		MySql - Load	1685820506137	1685820516770	KO	status.find.in([200, 209], 304), found 500
USER	MySql - Load Scenario	END	1685820516770
REQUEST		MySql - Save	1685820505785	1685820516799	OK	 
USER	MySql - Save Scenario	END	1685820516800
REQUEST		MySql - Load	1685820506120	1685820516805	KO	status.find.in([200, 209], 304), found 500
USER	MySql - Load Scenario	END	1685820516805
REQUEST		MySql - Save	1685820505850	1685820516884	OK	 
USER	MySql - Save Scenario	END	1685820516885
REQUEST		MySql - Save	1685820505726	1685820516940	OK	 
USER	MySql - Save Scenario	END	1685820516940
REQUEST		MySql - Save	1685820510544	1685820516986	OK	 
USER	MySql - Save Scenario	END	1685820516987
REQUEST		MySql - Save	1685820505670	1685820517026	OK	 
USER	MySql - Save Scenario	END	1685820517026
REQUEST		MySql - Save	1685820505551	1685820517031	OK	 
USER	MySql - Save Scenario	END	1685820517031
REQUEST		MySql - Save	1685820505814	1685820517049	OK	 
USER	MySql - Save Scenario	END	1685820517051
REQUEST		MySql - Save	1685820505629	1685820517116	OK	 
USER	MySql - Save Scenario	END	1685820517116
REQUEST		MySql - Save	1685820505573	1685820517250	OK	 
USER	MySql - Save Scenario	END	1685820517251
REQUEST		MySql - Save	1685820505691	1685820517493	OK	 
USER	MySql - Save Scenario	END	1685820517493
REQUEST		MySql - Save	1685820505849	1685820520527	OK	 
USER	MySql - Save Scenario	END	1685820520527
REQUEST		MySql - Save	1685820505833	1685820520527	OK	 
USER	MySql - Save Scenario	END	1685820520527
REQUEST		MySql - Save	1685820505831	1685820520594	OK	 
USER	MySql - Save Scenario	END	1685820520594
REQUEST		MySql - Save	1685820505829	1685820520661	OK	 
USER	MySql - Save Scenario	END	1685820520661
REQUEST		MySql - Load	1685820505715	1685820520668	KO	status.find.in([200, 209], 304), found 500
USER	MySql - Load Scenario	END	1685820520668
REQUEST		MySql - Load	1685820505890	1685820520672	KO	status.find.in([200, 209], 304), found 500
USER	MySql - Load Scenario	END	1685820520672
REQUEST		MySql - Load	1685820505850	1685820520735	KO	status.find.in([200, 209], 304), found 500
USER	MySql - Load Scenario	END	1685820520735
REQUEST		MySql - Save	1685820505848	1685820520736	OK	 
USER	MySql - Save Scenario	END	1685820520736
REQUEST		MySql - Load	1685820505796	1685820520736	OK	 
USER	MySql - Load Scenario	END	1685820520737
REQUEST		MySql - Load	1685820505852	1685820520789	OK	 
USER	MySql - Load Scenario	END	1685820520790
REQUEST		MySql - Load	1685820505857	1685820520790	KO	status.find.in([200, 209], 304), found 500
USER	MySql - Load Scenario	END	1685820520790
REQUEST		MySql - Save	1685820505847	1685820520820	OK	 
USER	MySql - Save Scenario	END	1685820520821
REQUEST		MySql - Load	1685820505852	1685820520829	KO	status.find.in([200, 209], 304), found 500
USER	MySql - Load Scenario	END	1685820520830
REQUEST		MySql - Load	1685820505852	1685820520855	OK	 
USER	MySql - Load Scenario	END	1685820520855
REQUEST		MySql - Load	1685820506138	1685820520933	OK	 
USER	MySql - Load Scenario	END	1685820520933
REQUEST		MySql - Load	1685820505851	1685820520939	OK	 
USER	MySql - Load Scenario	END	1685820520940
REQUEST		MySql - Load	1685820505851	1685820520940	OK	 
USER	MySql - Load Scenario	END	1685820520941
REQUEST		MySql - Load	1685820506139	1685820520944	OK	 
USER	MySql - Load Scenario	END	1685820520944
REQUEST		MySql - Save	1685820505848	1685820521440	OK	 
USER	MySql - Save Scenario	END	1685820521441
REQUEST		MySql - Save	1685820505839	1685820521509	OK	 
USER	MySql - Save Scenario	END	1685820521510
