RUN	gatling.SpikeSpec	spikespec	1685545105647	 	3.9.5
USER	MySql - Load Scenario	START	1685545116281
USER	MongoDB - Load Scenario	START	1685545116281
USER	MongoDB - Load Scenario	START	1685545116281
USER	MongoDB - Load Scenario	START	1685545116281
USER	MongoDB - Load Scenario	START	1685545116281
USER	MongoDB - Load Scenario	START	1685545116281
USER	MongoDB - Load Scenario	START	1685545116281
USER	MySql - Load Scenario	START	1685545116281
USER	MySql - Load Scenario	START	1685545116281
USER	MySql - Load Scenario	START	1685545116281
USER	MongoDB - Load Scenario	START	1685545116281
USER	MySql - Load Scenario	START	1685545116282
USER	MySql - Load Scenario	START	1685545116281
USER	MySql - Load Scenario	START	1685545116281
USER	MongoDB - Load Scenario	START	1685545116282
USER	MongoDB - Load Scenario	START	1685545116281
USER	MongoDB - Load Scenario	START	1685545116281
USER	MySql - Load Scenario	START	1685545116281
USER	MySql - Load Scenario	START	1685545116285
USER	MySql - Load Scenario	START	1685545116285
USER	MongoDB - Load Scenario	START	1685545116285
USER	MongoDB - Load Scenario	START	1685545116285
USER	MongoDB - Load Scenario	START	1685545116285
USER	MongoDB - Load Scenario	START	1685545116281
USER	MongoDB - Load Scenario	START	1685545116285
USER	MySql - Load Scenario	START	1685545116285
USER	MySql - Load Scenario	START	1685545116285
USER	MySql - Load Scenario	START	1685545116285
USER	MongoDB - Load Scenario	START	1685545116285
USER	MySql - Load Scenario	START	1685545116285
USER	MongoDB - Load Scenario	START	1685545116285
USER	MongoDB - Load Scenario	START	1685545116285
USER	MongoDB - Load Scenario	START	1685545116281
USER	MongoDB - Load Scenario	START	1685545116285
USER	MongoDB - Load Scenario	START	1685545116285
USER	MySql - Load Scenario	START	1685545116285
USER	MongoDB - Load Scenario	START	1685545116281
USER	MySql - Load Scenario	START	1685545116285
USER	MySql - Load Scenario	START	1685545116285
USER	MySql - Load Scenario	START	1685545116285
USER	MySql - Load Scenario	START	1685545116281
USER	MongoDB - Load Scenario	START	1685545116285
USER	MongoDB - Load Scenario	START	1685545116285
USER	MongoDB - Load Scenario	START	1685545116285
USER	MongoDB - Load Scenario	START	1685545116285
USER	MongoDB - Load Scenario	START	1685545116285
USER	MongoDB - Load Scenario	START	1685545116285
USER	MySql - Load Scenario	START	1685545116285
USER	MongoDB - Load Scenario	START	1685545116285
USER	MySql - Load Scenario	START	1685545116281
USER	MySql - Load Scenario	START	1685545116281
USER	MongoDB - Load Scenario	START	1685545116285
USER	MongoDB - Load Scenario	START	1685545116285
USER	MongoDB - Load Scenario	START	1685545116281
USER	MongoDB - Load Scenario	START	1685545116286
USER	MongoDB - Load Scenario	START	1685545116286
USER	MongoDB - Load Scenario	START	1685545116286
USER	MySql - Load Scenario	START	1685545116286
USER	MySql - Load Scenario	START	1685545116286
USER	MySql - Load Scenario	START	1685545116286
USER	MySql - Load Scenario	START	1685545116286
USER	MySql - Load Scenario	START	1685545116286
USER	MySql - Load Scenario	START	1685545116281
USER	MongoDB - Load Scenario	START	1685545116286
USER	MySql - Load Scenario	START	1685545116286
USER	MySql - Load Scenario	START	1685545116286
USER	MySql - Load Scenario	START	1685545116286
USER	MySql - Load Scenario	START	1685545116286
USER	MySql - Load Scenario	START	1685545116286
USER	MongoDB - Load Scenario	START	1685545116286
USER	MySql - Load Scenario	START	1685545116281
USER	MongoDB - Load Scenario	START	1685545116281
USER	MySql - Load Scenario	START	1685545116286
USER	MongoDB - Load Scenario	START	1685545116286
USER	MongoDB - Load Scenario	START	1685545116281
USER	MongoDB - Load Scenario	START	1685545116281
USER	MongoDB - Load Scenario	START	1685545116286
USER	MySql - Load Scenario	START	1685545116286
USER	MySql - Load Scenario	START	1685545116281
USER	MySql - Load Scenario	START	1685545116281
USER	MySql - Load Scenario	START	1685545116286
USER	MySql - Load Scenario	START	1685545116286
USER	MySql - Load Scenario	START	1685545116286
USER	MongoDB - Load Scenario	START	1685545116286
USER	MongoDB - Load Scenario	START	1685545116286
USER	MongoDB - Load Scenario	START	1685545116286
USER	MySql - Load Scenario	START	1685545116286
USER	MySql - Load Scenario	START	1685545116286
USER	MongoDB - Load Scenario	START	1685545116286
USER	MySql - Load Scenario	START	1685545116286
USER	MySql - Load Scenario	START	1685545116287
USER	MySql - Load Scenario	START	1685545116287
USER	MySql - Load Scenario	START	1685545116287
USER	MySql - Load Scenario	START	1685545116287
USER	MongoDB - Load Scenario	START	1685545116287
USER	MongoDB - Load Scenario	START	1685545116287
USER	MongoDB - Load Scenario	START	1685545116287
USER	MySql - Load Scenario	START	1685545116287
USER	MySql - Load Scenario	START	1685545116287
USER	MySql - Load Scenario	START	1685545116287
USER	MongoDB - Save Scenario	START	1685545116296
USER	MongoDB - Save Scenario	START	1685545116296
USER	MongoDB - Save Scenario	START	1685545116296
USER	MongoDB - Save Scenario	START	1685545116296
USER	MongoDB - Save Scenario	START	1685545116296
USER	MongoDB - Save Scenario	START	1685545116296
USER	MongoDB - Save Scenario	START	1685545116296
USER	MongoDB - Save Scenario	START	1685545116296
USER	MongoDB - Save Scenario	START	1685545116296
USER	MongoDB - Save Scenario	START	1685545116296
USER	MongoDB - Save Scenario	START	1685545116296
USER	MongoDB - Save Scenario	START	1685545116296
USER	MongoDB - Save Scenario	START	1685545116296
USER	MongoDB - Save Scenario	START	1685545116296
USER	MongoDB - Save Scenario	START	1685545116296
USER	MongoDB - Save Scenario	START	1685545116296
USER	MongoDB - Save Scenario	START	1685545116296
USER	MongoDB - Save Scenario	START	1685545116296
USER	MongoDB - Save Scenario	START	1685545116296
USER	MongoDB - Save Scenario	START	1685545116297
USER	MongoDB - Save Scenario	START	1685545116297
USER	MongoDB - Save Scenario	START	1685545116297
USER	MongoDB - Save Scenario	START	1685545116297
USER	MongoDB - Save Scenario	START	1685545116297
USER	MongoDB - Save Scenario	START	1685545116297
USER	MongoDB - Save Scenario	START	1685545116297
USER	MongoDB - Save Scenario	START	1685545116297
USER	MongoDB - Save Scenario	START	1685545116297
USER	MongoDB - Save Scenario	START	1685545116297
USER	MongoDB - Save Scenario	START	1685545116297
USER	MongoDB - Save Scenario	START	1685545116297
USER	MongoDB - Save Scenario	START	1685545116297
USER	MongoDB - Save Scenario	START	1685545116297
USER	MongoDB - Save Scenario	START	1685545116297
USER	MongoDB - Save Scenario	START	1685545116297
USER	MongoDB - Load Scenario	START	1685545116297
USER	MongoDB - Save Scenario	START	1685545116297
USER	MongoDB - Save Scenario	START	1685545116297
USER	MongoDB - Save Scenario	START	1685545116297
USER	MongoDB - Save Scenario	START	1685545116297
USER	MongoDB - Save Scenario	START	1685545116297
USER	MongoDB - Save Scenario	START	1685545116297
USER	MySql - Load Scenario	START	1685545116297
USER	MongoDB - Save Scenario	START	1685545116297
USER	MongoDB - Save Scenario	START	1685545116297
USER	MongoDB - Save Scenario	START	1685545116297
USER	MongoDB - Save Scenario	START	1685545116297
USER	MongoDB - Save Scenario	START	1685545116297
USER	MongoDB - Save Scenario	START	1685545116297
USER	MongoDB - Save Scenario	START	1685545116297
USER	MongoDB - Save Scenario	START	1685545116297
USER	MySql - Load Scenario	START	1685545116298
USER	MySql - Load Scenario	START	1685545116298
USER	MySql - Load Scenario	START	1685545116298
USER	MongoDB - Save Scenario	START	1685545116298
USER	MySql - Load Scenario	START	1685545116298
USER	MongoDB - Save Scenario	START	1685545116298
USER	MongoDB - Save Scenario	START	1685545116298
USER	MongoDB - Save Scenario	START	1685545116298
USER	MongoDB - Save Scenario	START	1685545116298
USER	MySql - Load Scenario	START	1685545116298
USER	MongoDB - Save Scenario	START	1685545116298
USER	MongoDB - Save Scenario	START	1685545116298
USER	MongoDB - Load Scenario	START	1685545116298
USER	MongoDB - Load Scenario	START	1685545116298
USER	MySql - Load Scenario	START	1685545116298
USER	MongoDB - Load Scenario	START	1685545116298
USER	MySql - Load Scenario	START	1685545116298
USER	MongoDB - Save Scenario	START	1685545116298
USER	MongoDB - Load Scenario	START	1685545116298
USER	MySql - Load Scenario	START	1685545116298
USER	MongoDB - Save Scenario	START	1685545116298
USER	MySql - Load Scenario	START	1685545116298
USER	MongoDB - Save Scenario	START	1685545116298
USER	MongoDB - Save Scenario	START	1685545116298
USER	MongoDB - Save Scenario	START	1685545116298
USER	MongoDB - Save Scenario	START	1685545116298
USER	MongoDB - Save Scenario	START	1685545116298
USER	MongoDB - Load Scenario	START	1685545116298
USER	MongoDB - Load Scenario	START	1685545116298
USER	MongoDB - Save Scenario	START	1685545116298
USER	MongoDB - Save Scenario	START	1685545116298
USER	MySql - Load Scenario	START	1685545116298
USER	MongoDB - Save Scenario	START	1685545116298
USER	MongoDB - Load Scenario	START	1685545116298
USER	MongoDB - Load Scenario	START	1685545116299
USER	MongoDB - Load Scenario	START	1685545116299
USER	MongoDB - Save Scenario	START	1685545116299
USER	MongoDB - Load Scenario	START	1685545116299
USER	MySql - Load Scenario	START	1685545116299
USER	MongoDB - Save Scenario	START	1685545116299
USER	MongoDB - Save Scenario	START	1685545116299
USER	MongoDB - Load Scenario	START	1685545116299
USER	MySql - Load Scenario	START	1685545116299
USER	MongoDB - Save Scenario	START	1685545116299
USER	MongoDB - Save Scenario	START	1685545116299
USER	MySql - Load Scenario	START	1685545116299
USER	MongoDB - Save Scenario	START	1685545116299
USER	MongoDB - Load Scenario	START	1685545116299
USER	MongoDB - Load Scenario	START	1685545116299
USER	MongoDB - Load Scenario	START	1685545116299
USER	MongoDB - Save Scenario	START	1685545116299
USER	MongoDB - Load Scenario	START	1685545116299
USER	MySql - Load Scenario	START	1685545116299
USER	MongoDB - Save Scenario	START	1685545116299
USER	MySql - Load Scenario	START	1685545116299
USER	MongoDB - Load Scenario	START	1685545116299
USER	MySql - Load Scenario	START	1685545116299
USER	MySql - Load Scenario	START	1685545116299
USER	MongoDB - Load Scenario	START	1685545116299
USER	MySql - Load Scenario	START	1685545116300
USER	MySql - Load Scenario	START	1685545116300
USER	MySql - Load Scenario	START	1685545116300
USER	MongoDB - Load Scenario	START	1685545116300
USER	MongoDB - Load Scenario	START	1685545116300
USER	MongoDB - Save Scenario	START	1685545116300
USER	MongoDB - Load Scenario	START	1685545116300
USER	MongoDB - Save Scenario	START	1685545116300
USER	MongoDB - Load Scenario	START	1685545116300
USER	MySql - Load Scenario	START	1685545116300
USER	MongoDB - Save Scenario	START	1685545116300
USER	MySql - Save Scenario	START	1685545116300
USER	MongoDB - Load Scenario	START	1685545116300
USER	MongoDB - Load Scenario	START	1685545116300
USER	MongoDB - Save Scenario	START	1685545116300
USER	MongoDB - Load Scenario	START	1685545116300
USER	MongoDB - Load Scenario	START	1685545116300
USER	MongoDB - Save Scenario	START	1685545116300
USER	MySql - Load Scenario	START	1685545116300
USER	MongoDB - Save Scenario	START	1685545116300
USER	MongoDB - Load Scenario	START	1685545116300
USER	MySql - Load Scenario	START	1685545116300
USER	MySql - Load Scenario	START	1685545116300
USER	MongoDB - Save Scenario	START	1685545116300
USER	MySql - Load Scenario	START	1685545116300
USER	MongoDB - Load Scenario	START	1685545116301
USER	MySql - Load Scenario	START	1685545116301
USER	MySql - Load Scenario	START	1685545116301
USER	MongoDB - Load Scenario	START	1685545116301
USER	MongoDB - Load Scenario	START	1685545116301
USER	MySql - Load Scenario	START	1685545116301
USER	MySql - Load Scenario	START	1685545116301
USER	MongoDB - Load Scenario	START	1685545116301
USER	MongoDB - Save Scenario	START	1685545116301
USER	MongoDB - Load Scenario	START	1685545116301
USER	MongoDB - Save Scenario	START	1685545116301
USER	MongoDB - Load Scenario	START	1685545116301
USER	MongoDB - Load Scenario	START	1685545116301
USER	MongoDB - Load Scenario	START	1685545116301
USER	MongoDB - Load Scenario	START	1685545116301
USER	MongoDB - Load Scenario	START	1685545116301
USER	MySql - Load Scenario	START	1685545116301
USER	MongoDB - Load Scenario	START	1685545116302
USER	MySql - Load Scenario	START	1685545116302
USER	MongoDB - Save Scenario	START	1685545116302
USER	MongoDB - Load Scenario	START	1685545116302
USER	MongoDB - Load Scenario	START	1685545116302
USER	MongoDB - Save Scenario	START	1685545116302
USER	MongoDB - Load Scenario	START	1685545116302
USER	MySql - Load Scenario	START	1685545116302
USER	MySql - Load Scenario	START	1685545116302
USER	MySql - Load Scenario	START	1685545116302
USER	MongoDB - Load Scenario	START	1685545116302
USER	MySql - Load Scenario	START	1685545116303
USER	MySql - Load Scenario	START	1685545116303
USER	MySql - Load Scenario	START	1685545116303
USER	MongoDB - Save Scenario	START	1685545116303
USER	MongoDB - Save Scenario	START	1685545116303
USER	MongoDB - Save Scenario	START	1685545116303
USER	MongoDB - Save Scenario	START	1685545116304
USER	MySql - Load Scenario	START	1685545116305
USER	MySql - Load Scenario	START	1685545116305
USER	MongoDB - Save Scenario	START	1685545116306
USER	MySql - Load Scenario	START	1685545116306
USER	MongoDB - Load Scenario	START	1685545116306
USER	MySql - Load Scenario	START	1685545116306
USER	MySql - Load Scenario	START	1685545116308
USER	MongoDB - Save Scenario	START	1685545116309
USER	MySql - Load Scenario	START	1685545116315
USER	MongoDB - Load Scenario	START	1685545116319
USER	MongoDB - Load Scenario	START	1685545116320
USER	MongoDB - Save Scenario	START	1685545116321
USER	MySql - Load Scenario	START	1685545116321
USER	MongoDB - Save Scenario	START	1685545116335
USER	MongoDB - Save Scenario	START	1685545116336
USER	MongoDB - Save Scenario	START	1685545116336
USER	MySql - Load Scenario	START	1685545116337
USER	MongoDB - Save Scenario	START	1685545116337
USER	MongoDB - Save Scenario	START	1685545116337
USER	MongoDB - Save Scenario	START	1685545116338
USER	MongoDB - Load Scenario	START	1685545116338
USER	MySql - Load Scenario	START	1685545116338
USER	MongoDB - Save Scenario	START	1685545116338
USER	MongoDB - Save Scenario	START	1685545116340
USER	MongoDB - Load Scenario	START	1685545116340
USER	MongoDB - Load Scenario	START	1685545116342
USER	MongoDB - Load Scenario	START	1685545116342
USER	MySql - Load Scenario	START	1685545116343
USER	MongoDB - Load Scenario	START	1685545116343
USER	MongoDB - Load Scenario	START	1685545116346
USER	MySql - Load Scenario	START	1685545116349
USER	MySql - Save Scenario	START	1685545116369
USER	MySql - Save Scenario	START	1685545116370
USER	MySql - Save Scenario	START	1685545116372
USER	MySql - Save Scenario	START	1685545116372
USER	MySql - Save Scenario	START	1685545116372
USER	MySql - Save Scenario	START	1685545116373
USER	MySql - Save Scenario	START	1685545116373
USER	MySql - Save Scenario	START	1685545116373
USER	MySql - Save Scenario	START	1685545116373
USER	MySql - Save Scenario	START	1685545116484
USER	MySql - Save Scenario	START	1685545116485
USER	MySql - Save Scenario	START	1685545116486
USER	MySql - Save Scenario	START	1685545116487
USER	MySql - Save Scenario	START	1685545116493
USER	MySql - Save Scenario	START	1685545116494
USER	MySql - Save Scenario	START	1685545116494
USER	MySql - Save Scenario	START	1685545116495
USER	MySql - Save Scenario	START	1685545116496
USER	MySql - Save Scenario	START	1685545116497
USER	MySql - Save Scenario	START	1685545116497
USER	MySql - Save Scenario	START	1685545116498
USER	MySql - Save Scenario	START	1685545116498
USER	MySql - Save Scenario	START	1685545116514
USER	MySql - Save Scenario	START	1685545116515
USER	MySql - Save Scenario	START	1685545116515
USER	MySql - Save Scenario	START	1685545116515
USER	MySql - Save Scenario	START	1685545116516
USER	MySql - Save Scenario	START	1685545116516
USER	MySql - Save Scenario	START	1685545116517
USER	MySql - Save Scenario	START	1685545116517
USER	MySql - Save Scenario	START	1685545116524
USER	MySql - Save Scenario	START	1685545116527
USER	MySql - Save Scenario	START	1685545116527
USER	MySql - Save Scenario	START	1685545116527
USER	MySql - Save Scenario	START	1685545116528
USER	MySql - Save Scenario	START	1685545116528
USER	MySql - Save Scenario	START	1685545116528
USER	MySql - Save Scenario	START	1685545116528
USER	MySql - Save Scenario	START	1685545116528
USER	MySql - Save Scenario	START	1685545116530
USER	MySql - Save Scenario	START	1685545116533
USER	MySql - Save Scenario	START	1685545116533
USER	MySql - Save Scenario	START	1685545116533
USER	MySql - Save Scenario	START	1685545116534
USER	MySql - Save Scenario	START	1685545116534
USER	MySql - Save Scenario	START	1685545116534
USER	MySql - Save Scenario	START	1685545116546
USER	MySql - Save Scenario	START	1685545116548
USER	MySql - Save Scenario	START	1685545116550
USER	MySql - Save Scenario	START	1685545116551
USER	MySql - Save Scenario	START	1685545116551
USER	MySql - Save Scenario	START	1685545116551
USER	MySql - Save Scenario	START	1685545116552
USER	MySql - Save Scenario	START	1685545116552
USER	MySql - Save Scenario	START	1685545116552
USER	MySql - Save Scenario	START	1685545116557
USER	MySql - Save Scenario	START	1685545116562
USER	MySql - Save Scenario	START	1685545116562
USER	MySql - Save Scenario	START	1685545116562
USER	MySql - Save Scenario	START	1685545116563
USER	MySql - Save Scenario	START	1685545116563
USER	MySql - Save Scenario	START	1685545116564
USER	MySql - Save Scenario	START	1685545116564
USER	MySql - Save Scenario	START	1685545116564
USER	MySql - Save Scenario	START	1685545116564
USER	MySql - Save Scenario	START	1685545116564
USER	MySql - Save Scenario	START	1685545116565
USER	MySql - Save Scenario	START	1685545116565
USER	MySql - Save Scenario	START	1685545116568
USER	MySql - Save Scenario	START	1685545116568
USER	MySql - Save Scenario	START	1685545116568
USER	MySql - Save Scenario	START	1685545116571
USER	MySql - Save Scenario	START	1685545116571
USER	MySql - Save Scenario	START	1685545116571
USER	MySql - Save Scenario	START	1685545116571
USER	MySql - Save Scenario	START	1685545116572
USER	MySql - Save Scenario	START	1685545116572
USER	MySql - Save Scenario	START	1685545116563
USER	MySql - Save Scenario	START	1685545116571
USER	MySql - Save Scenario	START	1685545116579
USER	MySql - Save Scenario	START	1685545116579
USER	MySql - Save Scenario	START	1685545116579
USER	MySql - Save Scenario	START	1685545116579
USER	MySql - Save Scenario	START	1685545116579
USER	MySql - Save Scenario	START	1685545116579
USER	MySql - Save Scenario	START	1685545116579
USER	MySql - Save Scenario	START	1685545116577
USER	MySql - Save Scenario	START	1685545116580
USER	MySql - Save Scenario	START	1685545116581
USER	MySql - Save Scenario	START	1685545116582
USER	MySql - Save Scenario	START	1685545116583
USER	MySql - Save Scenario	START	1685545116584
USER	MySql - Save Scenario	START	1685545116586
USER	MySql - Save Scenario	START	1685545116587
USER	MySql - Save Scenario	START	1685545116587
USER	MySql - Save Scenario	START	1685545116587
USER	MySql - Save Scenario	START	1685545116587
USER	MySql - Save Scenario	START	1685545116587
USER	MySql - Save Scenario	START	1685545116588
REQUEST		MongoDB - Load	1685545116269	1685545117378	KO	status.find.in([200, 209], 304), found 500
REQUEST		MongoDB - Load	1685545116269	1685545117375	KO	status.find.in([200, 209], 304), found 500
REQUEST		MongoDB - Load	1685545116284	1685545117375	KO	status.find.in([200, 209], 304), found 500
REQUEST		MongoDB - Load	1685545116269	1685545117382	KO	status.find.in([200, 209], 304), found 500
REQUEST		MongoDB - Load	1685545116270	1685545117378	KO	status.find.in([200, 209], 304), found 500
REQUEST		MongoDB - Load	1685545116285	1685545117375	KO	status.find.in([200, 209], 304), found 500
REQUEST		MongoDB - Load	1685545116284	1685545117375	KO	status.find.in([200, 209], 304), found 500
REQUEST		MongoDB - Load	1685545116284	1685545117375	KO	status.find.in([200, 209], 304), found 500
REQUEST		MongoDB - Load	1685545116297	1685545117375	KO	status.find.in([200, 209], 304), found 500
REQUEST		MongoDB - Load	1685545116284	1685545117375	KO	status.find.in([200, 209], 304), found 500
REQUEST		MongoDB - Load	1685545116285	1685545117394	KO	status.find.in([200, 209], 304), found 500
REQUEST		MongoDB - Load	1685545116269	1685545117375	KO	status.find.in([200, 209], 304), found 500
REQUEST		MongoDB - Load	1685545116269	1685545117375	KO	status.find.in([200, 209], 304), found 500
USER	MongoDB - Load Scenario	END	1685545117436
USER	MongoDB - Load Scenario	END	1685545117436
USER	MongoDB - Load Scenario	END	1685545117436
USER	MongoDB - Load Scenario	END	1685545117436
USER	MongoDB - Load Scenario	END	1685545117436
USER	MongoDB - Load Scenario	END	1685545117436
USER	MongoDB - Load Scenario	END	1685545117437
USER	MongoDB - Load Scenario	END	1685545117437
USER	MongoDB - Load Scenario	END	1685545117437
USER	MongoDB - Load Scenario	END	1685545117437
USER	MongoDB - Load Scenario	END	1685545117437
USER	MongoDB - Load Scenario	END	1685545117437
USER	MongoDB - Load Scenario	END	1685545117437
REQUEST		MongoDB - Load	1685545116269	1685545117438	KO	status.find.in([200, 209], 304), found 500
REQUEST		MongoDB - Load	1685545116269	1685545117438	KO	status.find.in([200, 209], 304), found 500
REQUEST		MongoDB - Load	1685545116285	1685545117438	KO	status.find.in([200, 209], 304), found 500
REQUEST		MongoDB - Load	1685545116269	1685545117438	KO	status.find.in([200, 209], 304), found 500
REQUEST		MongoDB - Load	1685545116286	1685545117438	KO	status.find.in([200, 209], 304), found 500
USER	MongoDB - Load Scenario	END	1685545117439
USER	MongoDB - Load Scenario	END	1685545117439
USER	MongoDB - Load Scenario	END	1685545117439
USER	MongoDB - Load Scenario	END	1685545117439
USER	MongoDB - Load Scenario	END	1685545117439
REQUEST		MongoDB - Load	1685545116284	1685545117439	KO	status.find.in([200, 209], 304), found 500
REQUEST		MongoDB - Load	1685545116285	1685545117439	KO	status.find.in([200, 209], 304), found 500
REQUEST		MongoDB - Load	1685545116285	1685545117439	KO	status.find.in([200, 209], 304), found 500
USER	MongoDB - Load Scenario	END	1685545117439
USER	MongoDB - Load Scenario	END	1685545117439
USER	MongoDB - Load Scenario	END	1685545117439
REQUEST		MongoDB - Load	1685545116285	1685545117439	KO	status.find.in([200, 209], 304), found 500
REQUEST		MongoDB - Load	1685545116269	1685545117439	KO	status.find.in([200, 209], 304), found 500
REQUEST		MongoDB - Load	1685545116270	1685545117439	KO	status.find.in([200, 209], 304), found 500
REQUEST		MongoDB - Load	1685545116269	1685545117440	KO	status.find.in([200, 209], 304), found 500
USER	MongoDB - Load Scenario	END	1685545117440
USER	MongoDB - Load Scenario	END	1685545117440
USER	MongoDB - Load Scenario	END	1685545117440
USER	MongoDB - Load Scenario	END	1685545117440
REQUEST		MongoDB - Load	1685545116286	1685545117440	KO	status.find.in([200, 209], 304), found 500
REQUEST		MongoDB - Load	1685545116286	1685545117440	KO	status.find.in([200, 209], 304), found 500
USER	MongoDB - Load Scenario	END	1685545117440
USER	MongoDB - Load Scenario	END	1685545117440
REQUEST		MongoDB - Load	1685545116285	1685545117441	KO	status.find.in([200, 209], 304), found 500
USER	MongoDB - Load Scenario	END	1685545117441
REQUEST		MongoDB - Save	1685545116296	1685545117470	OK	 
REQUEST		MongoDB - Save	1685545116296	1685545117470	OK	 
USER	MongoDB - Save Scenario	END	1685545117472
USER	MongoDB - Save Scenario	END	1685545117472
REQUEST		MongoDB - Save	1685545116296	1685545117475	OK	 
USER	MongoDB - Save Scenario	END	1685545117476
REQUEST		MongoDB - Save	1685545116297	1685545117478	OK	 
REQUEST		MongoDB - Save	1685545116297	1685545117478	OK	 
USER	MongoDB - Save Scenario	END	1685545117478
USER	MongoDB - Save Scenario	END	1685545117478
REQUEST		MongoDB - Save	1685545116297	1685545117479	OK	 
USER	MongoDB - Save Scenario	END	1685545117479
REQUEST		MongoDB - Save	1685545116298	1685545117479	OK	 
REQUEST		MongoDB - Save	1685545116297	1685545117479	OK	 
USER	MongoDB - Save Scenario	END	1685545117480
USER	MongoDB - Save Scenario	END	1685545117480
REQUEST		MongoDB - Save	1685545116297	1685545117489	OK	 
USER	MongoDB - Save Scenario	END	1685545117490
REQUEST		MongoDB - Save	1685545116298	1685545117487	KO	j.i.IOException: Premature close
REQUEST		MongoDB - Save	1685545116321	1685545117487	KO	j.i.IOException: Premature close
REQUEST		MongoDB - Save	1685545116301	1685545117487	KO	j.i.IOException: Premature close
USER	MongoDB - Save Scenario	END	1685545117492
USER	MongoDB - Save Scenario	END	1685545117492
USER	MongoDB - Save Scenario	END	1685545117492
REQUEST		MongoDB - Save	1685545116299	1685545117492	KO	j.i.IOException: Premature close
USER	MongoDB - Save Scenario	END	1685545117492
REQUEST		MongoDB - Save	1685545116297	1685545117497	OK	 
REQUEST		MongoDB - Save	1685545116298	1685545117497	OK	 
USER	MongoDB - Save Scenario	END	1685545117497
USER	MongoDB - Save Scenario	END	1685545117497
REQUEST		MongoDB - Save	1685545116298	1685545117499	OK	 
USER	MongoDB - Save Scenario	END	1685545117499
REQUEST		MongoDB - Save	1685545116297	1685545117509	OK	 
USER	MongoDB - Save Scenario	END	1685545117512
REQUEST		MongoDB - Load	1685545116300	1685545117529	OK	 
USER	MongoDB - Load Scenario	END	1685545117530
REQUEST		MongoDB - Save	1685545116295	1685545117531	OK	 
USER	MongoDB - Save Scenario	END	1685545117531
REQUEST		MongoDB - Load	1685545116301	1685545117532	OK	 
USER	MongoDB - Load Scenario	END	1685545117532
REQUEST		MongoDB - Save	1685545116296	1685545117538	OK	 
REQUEST		MongoDB - Save	1685545116298	1685545117538	OK	 
USER	MongoDB - Save Scenario	END	1685545117539
USER	MongoDB - Save Scenario	END	1685545117539
REQUEST		MongoDB - Save	1685545116297	1685545117543	OK	 
REQUEST		MongoDB - Save	1685545116298	1685545117543	OK	 
REQUEST		MongoDB - Save	1685545116298	1685545117543	OK	 
USER	MongoDB - Save Scenario	END	1685545117543
REQUEST		MongoDB - Save	1685545116296	1685545117543	OK	 
REQUEST		MongoDB - Load	1685545116285	1685545117543	OK	 
USER	MongoDB - Save Scenario	END	1685545117544
USER	MongoDB - Load Scenario	END	1685545117544
USER	MongoDB - Save Scenario	END	1685545117544
USER	MongoDB - Save Scenario	END	1685545117544
REQUEST		MongoDB - Save	1685545116298	1685545117545	OK	 
USER	MongoDB - Save Scenario	END	1685545117546
REQUEST		MongoDB - Load	1685545116285	1685545117547	OK	 
USER	MongoDB - Load Scenario	END	1685545117548
REQUEST		MongoDB - Save	1685545116298	1685545117549	OK	 
REQUEST		MongoDB - Load	1685545116300	1685545117549	OK	 
REQUEST		MongoDB - Load	1685545116285	1685545117549	OK	 
REQUEST		MongoDB - Load	1685545116341	1685545117549	OK	 
REQUEST		MongoDB - Load	1685545116269	1685545117550	OK	 
REQUEST		MongoDB - Load	1685545116286	1685545117550	OK	 
REQUEST		MongoDB - Save	1685545116297	1685545117550	OK	 
REQUEST		MongoDB - Save	1685545116297	1685545117550	OK	 
USER	MongoDB - Load Scenario	END	1685545117551
USER	MongoDB - Load Scenario	END	1685545117551
USER	MongoDB - Load Scenario	END	1685545117551
USER	MongoDB - Save Scenario	END	1685545117551
USER	MongoDB - Load Scenario	END	1685545117551
USER	MongoDB - Load Scenario	END	1685545117551
USER	MongoDB - Save Scenario	END	1685545117551
USER	MongoDB - Save Scenario	END	1685545117551
REQUEST		MongoDB - Load	1685545116299	1685545117552	OK	 
USER	MongoDB - Load Scenario	END	1685545117552
REQUEST		MongoDB - Load	1685545116297	1685545117556	OK	 
USER	MongoDB - Load Scenario	END	1685545117557
REQUEST		MongoDB - Load	1685545116286	1685545117558	OK	 
USER	MongoDB - Load Scenario	END	1685545117559
REQUEST		MongoDB - Save	1685545116296	1685545117560	OK	 
USER	MongoDB - Save Scenario	END	1685545117561
REQUEST		MongoDB - Save	1685545116297	1685545117561	OK	 
REQUEST		MongoDB - Save	1685545116296	1685545117561	OK	 
USER	MongoDB - Save Scenario	END	1685545117562
USER	MongoDB - Save Scenario	END	1685545117562
REQUEST		MongoDB - Load	1685545116301	1685545117563	OK	 
USER	MongoDB - Load Scenario	END	1685545117563
REQUEST		MongoDB - Load	1685545116300	1685545117564	OK	 
USER	MongoDB - Load Scenario	END	1685545117564
REQUEST		MongoDB - Load	1685545116297	1685545117565	OK	 
USER	MongoDB - Load Scenario	END	1685545117566
REQUEST		MongoDB - Load	1685545116339	1685545117570	OK	 
USER	MongoDB - Load Scenario	END	1685545117570
REQUEST		MongoDB - Load	1685545116298	1685545117573	OK	 
USER	MongoDB - Load Scenario	END	1685545117574
REQUEST		MongoDB - Save	1685545116296	1685545117578	OK	 
USER	MongoDB - Save Scenario	END	1685545117578
REQUEST		MongoDB - Load	1685545116269	1685545117583	OK	 
REQUEST		MongoDB - Load	1685545116287	1685545117583	OK	 
USER	MongoDB - Load Scenario	END	1685545117583
USER	MongoDB - Load Scenario	END	1685545117583
REQUEST		MongoDB - Load	1685545116299	1685545117588	OK	 
REQUEST		MongoDB - Load	1685545116300	1685545117589	OK	 
USER	MongoDB - Load Scenario	END	1685545117589
REQUEST		MongoDB - Load	1685545116300	1685545117588	OK	 
USER	MongoDB - Load Scenario	END	1685545117590
USER	MongoDB - Load Scenario	END	1685545117590
REQUEST		MongoDB - Load	1685545116301	1685545117591	OK	 
USER	MongoDB - Load Scenario	END	1685545117591
REQUEST		MongoDB - Save	1685545116296	1685545117591	OK	 
USER	MongoDB - Save Scenario	END	1685545117592
REQUEST		MongoDB - Save	1685545116301	1685545117594	OK	 
REQUEST		MongoDB - Save	1685545116297	1685545117593	OK	 
USER	MongoDB - Save Scenario	END	1685545117594
USER	MongoDB - Save Scenario	END	1685545117594
REQUEST		MongoDB - Load	1685545116297	1685545117607	OK	 
REQUEST		MongoDB - Load	1685545116299	1685545117607	OK	 
USER	MongoDB - Load Scenario	END	1685545117608
REQUEST		MongoDB - Save	1685545116295	1685545117608	OK	 
USER	MongoDB - Load Scenario	END	1685545117608
USER	MongoDB - Save Scenario	END	1685545117609
REQUEST		MongoDB - Load	1685545116299	1685545117609	OK	 
USER	MongoDB - Load Scenario	END	1685545117610
REQUEST		MongoDB - Save	1685545116299	1685545117614	OK	 
REQUEST		MongoDB - Load	1685545116298	1685545117614	OK	 
USER	MongoDB - Save Scenario	END	1685545117615
USER	MongoDB - Load Scenario	END	1685545117615
REQUEST		MongoDB - Load	1685545116270	1685545117615	OK	 
USER	MongoDB - Load Scenario	END	1685545117615
REQUEST		MongoDB - Load	1685545116299	1685545117617	OK	 
USER	MongoDB - Load Scenario	END	1685545117618
REQUEST		MongoDB - Save	1685545116295	1685545117627	OK	 
REQUEST		MongoDB - Save	1685545116299	1685545117628	OK	 
USER	MongoDB - Save Scenario	END	1685545117628
USER	MongoDB - Save Scenario	END	1685545117628
REQUEST		MongoDB - Save	1685545116299	1685545117632	OK	 
USER	MongoDB - Save Scenario	END	1685545117633
REQUEST		MongoDB - Load	1685545116287	1685545117634	OK	 
USER	MongoDB - Load Scenario	END	1685545117634
REQUEST		MongoDB - Save	1685545116298	1685545117639	OK	 
REQUEST		MongoDB - Save	1685545116298	1685545117639	OK	 
USER	MongoDB - Save Scenario	END	1685545117640
USER	MongoDB - Save Scenario	END	1685545117640
REQUEST		MongoDB - Load	1685545116299	1685545117642	OK	 
USER	MongoDB - Load Scenario	END	1685545117643
REQUEST		MongoDB - Load	1685545116299	1685545117645	OK	 
USER	MongoDB - Load Scenario	END	1685545117646
REQUEST		MongoDB - Load	1685545116301	1685545117672	OK	 
USER	MongoDB - Load Scenario	END	1685545117672
REQUEST		MongoDB - Save	1685545116299	1685545117692	OK	 
REQUEST		MongoDB - Load	1685545116319	1685545117692	OK	 
REQUEST		MongoDB - Save	1685545116298	1685545117692	OK	 
REQUEST		MongoDB - Save	1685545116296	1685545117692	OK	 
USER	MongoDB - Save Scenario	END	1685545117692
USER	MongoDB - Save Scenario	END	1685545117692
USER	MongoDB - Save Scenario	END	1685545117692
USER	MongoDB - Load Scenario	END	1685545117692
REQUEST		MongoDB - Save	1685545116299	1685545117702	OK	 
USER	MongoDB - Save Scenario	END	1685545117703
REQUEST		MongoDB - Save	1685545116298	1685545117708	OK	 
USER	MongoDB - Save Scenario	END	1685545117709
REQUEST		MongoDB - Load	1685545116304	1685545117716	OK	 
REQUEST		MongoDB - Save	1685545116298	1685545117716	OK	 
USER	MongoDB - Load Scenario	END	1685545117716
USER	MongoDB - Save Scenario	END	1685545117716
REQUEST		MongoDB - Save	1685545116297	1685545117718	OK	 
USER	MongoDB - Save Scenario	END	1685545117718
REQUEST		MongoDB - Load	1685545116341	1685545117721	OK	 
USER	MongoDB - Load Scenario	END	1685545117721
REQUEST		MongoDB - Load	1685545116298	1685545117735	OK	 
USER	MongoDB - Load Scenario	END	1685545117736
REQUEST		MongoDB - Save	1685545116298	1685545117737	OK	 
REQUEST		MongoDB - Save	1685545116298	1685545117737	OK	 
USER	MongoDB - Save Scenario	END	1685545117738
USER	MongoDB - Save Scenario	END	1685545117738
REQUEST		MongoDB - Save	1685545116298	1685545117738	OK	 
USER	MongoDB - Save Scenario	END	1685545117739
REQUEST		MongoDB - Save	1685545116297	1685545117741	OK	 
REQUEST		MongoDB - Load	1685545116301	1685545117741	OK	 
REQUEST		MongoDB - Save	1685545116295	1685545117741	OK	 
USER	MongoDB - Load Scenario	END	1685545117743
USER	MongoDB - Save Scenario	END	1685545117743
USER	MongoDB - Save Scenario	END	1685545117743
REQUEST		MongoDB - Save	1685545116297	1685545117744	OK	 
USER	MongoDB - Save Scenario	END	1685545117745
REQUEST		MongoDB - Save	1685545116339	1685545117775	OK	 
USER	MongoDB - Save Scenario	END	1685545117776
REQUEST		MongoDB - Save	1685545116320	1685545117780	OK	 
USER	MongoDB - Save Scenario	END	1685545117780
REQUEST		MongoDB - Save	1685545116336	1685545117781	OK	 
USER	MongoDB - Save Scenario	END	1685545117781
REQUEST		MongoDB - Save	1685545116338	1685545117790	OK	 
USER	MongoDB - Save Scenario	END	1685545117790
REQUEST		MongoDB - Save	1685545116335	1685545117790	OK	 
USER	MongoDB - Save Scenario	END	1685545117791
REQUEST		MongoDB - Save	1685545116296	1685545117792	OK	 
REQUEST		MongoDB - Save	1685545116297	1685545117792	OK	 
REQUEST		MongoDB - Save	1685545116303	1685545117792	OK	 
USER	MongoDB - Save Scenario	END	1685545117793
USER	MongoDB - Save Scenario	END	1685545117793
USER	MongoDB - Save Scenario	END	1685545117793
REQUEST		MongoDB - Load	1685545116299	1685545117797	OK	 
USER	MongoDB - Load Scenario	END	1685545117798
REQUEST		MongoDB - Load	1685545116286	1685545117805	OK	 
USER	MongoDB - Load Scenario	END	1685545117806
REQUEST		MongoDB - Load	1685545116298	1685545117811	OK	 
REQUEST		MongoDB - Load	1685545116298	1685545117812	OK	 
USER	MongoDB - Load Scenario	END	1685545117812
USER	MongoDB - Load Scenario	END	1685545117812
REQUEST		MongoDB - Load	1685545116298	1685545117813	OK	 
USER	MongoDB - Load Scenario	END	1685545117814
REQUEST		MongoDB - Load	1685545116298	1685545117820	OK	 
USER	MongoDB - Load Scenario	END	1685545117821
REQUEST		MongoDB - Load	1685545116269	1685545117822	OK	 
USER	MongoDB - Load Scenario	END	1685545117823
REQUEST		MongoDB - Load	1685545116285	1685545117846	OK	 
REQUEST		MongoDB - Load	1685545116285	1685545117846	OK	 
REQUEST		MongoDB - Load	1685545116299	1685545117846	OK	 
USER	MongoDB - Load Scenario	END	1685545117846
USER	MongoDB - Load Scenario	END	1685545117846
USER	MongoDB - Load Scenario	END	1685545117846
REQUEST		MongoDB - Load	1685545116298	1685545117846	OK	 
REQUEST		MongoDB - Load	1685545116284	1685545117846	OK	 
USER	MongoDB - Load Scenario	END	1685545117847
USER	MongoDB - Load Scenario	END	1685545117847
REQUEST		MongoDB - Load	1685545116286	1685545117851	OK	 
USER	MongoDB - Load Scenario	END	1685545117852
REQUEST		MongoDB - Load	1685545116284	1685545117887	OK	 
USER	MongoDB - Load Scenario	END	1685545117888
REQUEST		MongoDB - Load	1685545116343	1685545117896	OK	 
REQUEST		MongoDB - Load	1685545116298	1685545117896	OK	 
USER	MongoDB - Load Scenario	END	1685545117896
USER	MongoDB - Load Scenario	END	1685545117896
REQUEST		MongoDB - Load	1685545116300	1685545117902	OK	 
USER	MongoDB - Load Scenario	END	1685545117902
REQUEST		MongoDB - Load	1685545116298	1685545117909	OK	 
USER	MongoDB - Load Scenario	END	1685545117909
REQUEST		MongoDB - Load	1685545116299	1685545117911	OK	 
REQUEST		MongoDB - Load	1685545116320	1685545117911	OK	 
USER	MongoDB - Load Scenario	END	1685545117911
USER	MongoDB - Load Scenario	END	1685545117911
REQUEST		MongoDB - Load	1685545116301	1685545117916	OK	 
REQUEST		MongoDB - Load	1685545116344	1685545117916	OK	 
REQUEST		MongoDB - Save	1685545116295	1685545117916	OK	 
REQUEST		MongoDB - Load	1685545116299	1685545117916	OK	 
USER	MongoDB - Load Scenario	END	1685545117916
USER	MongoDB - Load Scenario	END	1685545117916
USER	MongoDB - Load Scenario	END	1685545117916
USER	MongoDB - Save Scenario	END	1685545117916
REQUEST		MongoDB - Load	1685545116286	1685545117919	OK	 
REQUEST		MongoDB - Load	1685545116301	1685545117919	OK	 
USER	MongoDB - Load Scenario	END	1685545117919
USER	MongoDB - Load Scenario	END	1685545117919
REQUEST		MongoDB - Load	1685545116301	1685545117921	OK	 
USER	MongoDB - Load Scenario	END	1685545117922
REQUEST		MongoDB - Load	1685545116285	1685545117922	OK	 
USER	MongoDB - Load Scenario	END	1685545117923
REQUEST		MongoDB - Load	1685545116287	1685545117946	OK	 
USER	MongoDB - Load Scenario	END	1685545117947
REQUEST		MongoDB - Save	1685545116298	1685545117948	OK	 
REQUEST		MongoDB - Save	1685545116301	1685545117949	OK	 
REQUEST		MongoDB - Save	1685545116297	1685545117948	OK	 
REQUEST		MongoDB - Save	1685545116298	1685545117949	OK	 
USER	MongoDB - Save Scenario	END	1685545117949
USER	MongoDB - Save Scenario	END	1685545117949
USER	MongoDB - Save Scenario	END	1685545117949
REQUEST		MongoDB - Load	1685545116337	1685545117949	OK	 
USER	MongoDB - Save Scenario	END	1685545117950
USER	MongoDB - Load Scenario	END	1685545117950
REQUEST		MongoDB - Save	1685545116299	1685545117951	OK	 
USER	MongoDB - Save Scenario	END	1685545117951
REQUEST		MongoDB - Save	1685545116337	1685545117956	OK	 
REQUEST		MongoDB - Load	1685545116301	1685545117956	OK	 
USER	MongoDB - Load Scenario	END	1685545117957
USER	MongoDB - Save Scenario	END	1685545117957
REQUEST		MongoDB - Save	1685545116334	1685545117957	OK	 
USER	MongoDB - Save Scenario	END	1685545117958
REQUEST		MongoDB - Save	1685545116321	1685545117959	OK	 
REQUEST		MongoDB - Load	1685545116299	1685545117959	OK	 
USER	MongoDB - Save Scenario	END	1685545117959
USER	MongoDB - Load Scenario	END	1685545117960
REQUEST		MongoDB - Save	1685545116295	1685545117964	OK	 
USER	MongoDB - Save Scenario	END	1685545117965
REQUEST		MongoDB - Save	1685545116302	1685545117968	OK	 
USER	MongoDB - Save Scenario	END	1685545117968
REQUEST		MongoDB - Save	1685545116296	1685545118168	OK	 
USER	MongoDB - Save Scenario	END	1685545118169
REQUEST		MongoDB - Save	1685545116296	1685545118175	OK	 
USER	MongoDB - Save Scenario	END	1685545118176
REQUEST		MongoDB - Save	1685545116296	1685545118204	OK	 
USER	MongoDB - Save Scenario	END	1685545118204
REQUEST		MongoDB - Save	1685545116296	1685545118217	OK	 
USER	MongoDB - Save Scenario	END	1685545118218
REQUEST		MongoDB - Save	1685545116296	1685545118221	OK	 
REQUEST		MongoDB - Save	1685545116297	1685545118221	OK	 
USER	MongoDB - Save Scenario	END	1685545118221
USER	MongoDB - Save Scenario	END	1685545118221
REQUEST		MongoDB - Save	1685545116295	1685545118231	OK	 
USER	MongoDB - Save Scenario	END	1685545118232
REQUEST		MongoDB - Save	1685545116295	1685545118239	OK	 
USER	MongoDB - Save Scenario	END	1685545118240
REQUEST		MongoDB - Save	1685545116295	1685545118267	OK	 
USER	MongoDB - Save Scenario	END	1685545118268
REQUEST		MongoDB - Save	1685545116297	1685545118270	OK	 
USER	MongoDB - Save Scenario	END	1685545118270
REQUEST		MongoDB - Save	1685545116296	1685545118283	OK	 
USER	MongoDB - Save Scenario	END	1685545118284
REQUEST		MongoDB - Save	1685545116295	1685545118295	OK	 
USER	MongoDB - Save Scenario	END	1685545118295
REQUEST		MongoDB - Save	1685545116295	1685545118302	OK	 
USER	MongoDB - Save Scenario	END	1685545118303
REQUEST		MongoDB - Save	1685545116297	1685545118306	OK	 
USER	MongoDB - Save Scenario	END	1685545118307
REQUEST		MongoDB - Save	1685545116297	1685545118308	OK	 
USER	MongoDB - Save Scenario	END	1685545118308
REQUEST		MongoDB - Save	1685545116297	1685545118313	OK	 
USER	MongoDB - Save Scenario	END	1685545118314
REQUEST		MongoDB - Save	1685545116297	1685545118315	OK	 
USER	MongoDB - Save Scenario	END	1685545118316
REQUEST		MongoDB - Save	1685545116295	1685545118320	OK	 
USER	MongoDB - Save Scenario	END	1685545118321
REQUEST		MongoDB - Save	1685545116295	1685545118335	OK	 
USER	MongoDB - Save Scenario	END	1685545118336
REQUEST		MongoDB - Save	1685545116295	1685545118337	OK	 
USER	MongoDB - Save Scenario	END	1685545118338
REQUEST		MongoDB - Save	1685545116297	1685545118342	OK	 
USER	MongoDB - Save Scenario	END	1685545118342
REQUEST		MySql - Load	1685545116286	1685545118443	KO	status.find.in([200, 209], 304), found 500
REQUEST		MySql - Load	1685545116269	1685545118443	KO	status.find.in([200, 209], 304), found 500
USER	MySql - Load Scenario	END	1685545118444
USER	MySql - Load Scenario	END	1685545118444
REQUEST		MySql - Load	1685545116297	1685545118445	KO	status.find.in([200, 209], 304), found 500
REQUEST		MySql - Load	1685545116269	1685545118445	KO	status.find.in([200, 209], 304), found 500
USER	MySql - Load Scenario	END	1685545118445
USER	MySql - Load Scenario	END	1685545118445
REQUEST		MySql - Load	1685545116286	1685545118446	KO	status.find.in([200, 209], 304), found 500
REQUEST		MySql - Load	1685545116284	1685545118446	KO	status.find.in([200, 209], 304), found 500
REQUEST		MySql - Load	1685545116269	1685545118446	KO	status.find.in([200, 209], 304), found 500
REQUEST		MySql - Load	1685545116284	1685545118446	KO	status.find.in([200, 209], 304), found 500
REQUEST		MySql - Load	1685545116300	1685545118446	KO	status.find.in([200, 209], 304), found 500
USER	MySql - Load Scenario	END	1685545118446
REQUEST		MySql - Load	1685545116300	1685545118446	KO	status.find.in([200, 209], 304), found 500
USER	MySql - Load Scenario	END	1685545118446
USER	MySql - Load Scenario	END	1685545118446
USER	MySql - Load Scenario	END	1685545118446
REQUEST		MySql - Load	1685545116285	1685545118446	KO	status.find.in([200, 209], 304), found 500
USER	MySql - Load Scenario	END	1685545118447
USER	MySql - Load Scenario	END	1685545118447
REQUEST		MySql - Load	1685545116299	1685545118447	KO	status.find.in([200, 209], 304), found 500
USER	MySql - Load Scenario	END	1685545118447
USER	MySql - Load Scenario	END	1685545118447
REQUEST		MySql - Load	1685545116286	1685545118447	KO	status.find.in([200, 209], 304), found 500
REQUEST		MySql - Load	1685545116269	1685545118447	KO	status.find.in([200, 209], 304), found 500
USER	MySql - Load Scenario	END	1685545118448
USER	MySql - Load Scenario	END	1685545118448
REQUEST		MySql - Load	1685545116269	1685545118448	KO	status.find.in([200, 209], 304), found 500
REQUEST		MySql - Load	1685545116269	1685545118448	KO	status.find.in([200, 209], 304), found 500
REQUEST		MySql - Load	1685545116297	1685545118448	KO	status.find.in([200, 209], 304), found 500
REQUEST		MySql - Load	1685545116286	1685545118448	KO	status.find.in([200, 209], 304), found 500
REQUEST		MySql - Load	1685545116285	1685545118448	KO	status.find.in([200, 209], 304), found 500
USER	MySql - Load Scenario	END	1685545118448
USER	MySql - Load Scenario	END	1685545118448
USER	MySql - Load Scenario	END	1685545118448
USER	MySql - Load Scenario	END	1685545118448
USER	MySql - Load Scenario	END	1685545118448
REQUEST		MySql - Load	1685545116286	1685545118448	KO	status.find.in([200, 209], 304), found 500
USER	MySql - Load Scenario	END	1685545118449
REQUEST		MySql - Load	1685545116286	1685545118449	KO	status.find.in([200, 209], 304), found 500
REQUEST		MySql - Load	1685545116297	1685545118449	KO	status.find.in([200, 209], 304), found 500
REQUEST		MySql - Load	1685545116286	1685545118449	KO	status.find.in([200, 209], 304), found 500
USER	MySql - Load Scenario	END	1685545118449
USER	MySql - Load Scenario	END	1685545118449
REQUEST		MySql - Load	1685545116286	1685545118449	KO	status.find.in([200, 209], 304), found 500
REQUEST		MySql - Load	1685545116286	1685545118449	KO	status.find.in([200, 209], 304), found 500
REQUEST		MySql - Load	1685545116299	1685545118449	KO	status.find.in([200, 209], 304), found 500
USER	MySql - Load Scenario	END	1685545118449
USER	MySql - Load Scenario	END	1685545118449
USER	MySql - Load Scenario	END	1685545118449
USER	MySql - Load Scenario	END	1685545118449
REQUEST		MySql - Load	1685545116269	1685545118449	KO	status.find.in([200, 209], 304), found 500
REQUEST		MySql - Load	1685545116298	1685545118449	KO	status.find.in([200, 209], 304), found 500
USER	MySql - Load Scenario	END	1685545118449
USER	MySql - Load Scenario	END	1685545118449
REQUEST		MySql - Load	1685545116284	1685545118451	KO	status.find.in([200, 209], 304), found 500
REQUEST		MySql - Load	1685545116299	1685545118451	KO	status.find.in([200, 209], 304), found 500
REQUEST		MySql - Load	1685545116298	1685545118451	KO	status.find.in([200, 209], 304), found 500
REQUEST		MySql - Load	1685545116284	1685545118451	KO	status.find.in([200, 209], 304), found 500
REQUEST		MySql - Load	1685545116286	1685545118451	KO	status.find.in([200, 209], 304), found 500
REQUEST		MySql - Load	1685545116298	1685545118451	KO	status.find.in([200, 209], 304), found 500
REQUEST		MySql - Load	1685545116298	1685545118451	KO	status.find.in([200, 209], 304), found 500
REQUEST		MySql - Load	1685545116284	1685545118451	KO	status.find.in([200, 209], 304), found 500
REQUEST		MySql - Load	1685545116286	1685545118451	KO	status.find.in([200, 209], 304), found 500
REQUEST		MySql - Load	1685545116269	1685545118451	KO	status.find.in([200, 209], 304), found 500
REQUEST		MySql - Load	1685545116286	1685545118451	KO	status.find.in([200, 209], 304), found 500
REQUEST		MySql - Load	1685545116297	1685545118452	KO	status.find.in([200, 209], 304), found 500
REQUEST		MySql - Load	1685545116297	1685545118452	KO	status.find.in([200, 209], 304), found 500
USER	MySql - Load Scenario	END	1685545118452
USER	MySql - Load Scenario	END	1685545118452
USER	MySql - Load Scenario	END	1685545118452
USER	MySql - Load Scenario	END	1685545118452
USER	MySql - Load Scenario	END	1685545118452
USER	MySql - Load Scenario	END	1685545118452
USER	MySql - Load Scenario	END	1685545118452
USER	MySql - Load Scenario	END	1685545118452
USER	MySql - Load Scenario	END	1685545118452
USER	MySql - Load Scenario	END	1685545118452
USER	MySql - Load Scenario	END	1685545118452
USER	MySql - Load Scenario	END	1685545118452
USER	MySql - Load Scenario	END	1685545118452
REQUEST		MySql - Load	1685545116299	1685545118452	KO	status.find.in([200, 209], 304), found 500
USER	MySql - Load Scenario	END	1685545118452
REQUEST		MySql - Load	1685545116287	1685545118454	KO	status.find.in([200, 209], 304), found 500
REQUEST		MySql - Load	1685545116297	1685545118454	KO	status.find.in([200, 209], 304), found 500
USER	MySql - Load Scenario	END	1685545118454
USER	MySql - Load Scenario	END	1685545118454
REQUEST		MySql - Load	1685545116301	1685545118456	KO	status.find.in([200, 209], 304), found 500
USER	MySql - Load Scenario	END	1685545118457
REQUEST		MySql - Load	1685545116302	1685545118466	KO	status.find.in([200, 209], 304), found 500
REQUEST		MySql - Load	1685545116269	1685545118466	KO	status.find.in([200, 209], 304), found 500
USER	MySql - Load Scenario	END	1685545118467
USER	MySql - Load Scenario	END	1685545118467
REQUEST		MySql - Load	1685545116269	1685545118467	KO	status.find.in([200, 209], 304), found 500
USER	MySql - Load Scenario	END	1685545118468
REQUEST		MySql - Load	1685545116287	1685545118467	KO	status.find.in([200, 209], 304), found 500
REQUEST		MySql - Load	1685545116297	1685545118467	KO	status.find.in([200, 209], 304), found 500
USER	MySql - Load Scenario	END	1685545118468
USER	MySql - Load Scenario	END	1685545118468
REQUEST		MySql - Load	1685545116302	1685545118480	KO	status.find.in([200, 209], 304), found 500
REQUEST		MySql - Load	1685545116302	1685545118480	KO	status.find.in([200, 209], 304), found 500
USER	MySql - Load Scenario	END	1685545118481
USER	MySql - Load Scenario	END	1685545118481
REQUEST		MySql - Load	1685545116300	1685545118482	KO	status.find.in([200, 209], 304), found 500
REQUEST		MySql - Load	1685545116299	1685545118482	KO	status.find.in([200, 209], 304), found 500
REQUEST		MySql - Load	1685545116301	1685545118482	KO	status.find.in([200, 209], 304), found 500
REQUEST		MySql - Load	1685545116284	1685545118482	KO	status.find.in([200, 209], 304), found 500
REQUEST		MySql - Load	1685545116286	1685545118482	KO	status.find.in([200, 209], 304), found 500
USER	MySql - Load Scenario	END	1685545118483
USER	MySql - Load Scenario	END	1685545118483
USER	MySql - Load Scenario	END	1685545118483
USER	MySql - Load Scenario	END	1685545118483
USER	MySql - Load Scenario	END	1685545118483
REQUEST		MySql - Load	1685545116286	1685545118488	KO	status.find.in([200, 209], 304), found 500
REQUEST		MySql - Load	1685545116304	1685545118488	KO	status.find.in([200, 209], 304), found 500
REQUEST		MySql - Load	1685545116303	1685545118488	KO	status.find.in([200, 209], 304), found 500
USER	MySql - Load Scenario	END	1685545118488
USER	MySql - Load Scenario	END	1685545118488
USER	MySql - Load Scenario	END	1685545118488
REQUEST		MySql - Load	1685545116284	1685545118489	KO	status.find.in([200, 209], 304), found 500
USER	MySql - Load Scenario	END	1685545118489
REQUEST		MySql - Load	1685545116286	1685545118492	KO	status.find.in([200, 209], 304), found 500
USER	MySql - Load Scenario	END	1685545118493
REQUEST		MySql - Load	1685545116285	1685545118494	KO	status.find.in([200, 209], 304), found 500
USER	MySql - Load Scenario	END	1685545118497
REQUEST		MySql - Load	1685545116300	1685545118502	KO	status.find.in([200, 209], 304), found 500
USER	MySql - Load Scenario	END	1685545118503
REQUEST		MySql - Load	1685545116269	1685545118506	KO	status.find.in([200, 209], 304), found 500
USER	MySql - Load Scenario	END	1685545118506
REQUEST		MySql - Load	1685545116301	1685545118509	KO	status.find.in([200, 209], 304), found 500
USER	MySql - Load Scenario	END	1685545118509
REQUEST		MySql - Load	1685545116338	1685545118514	KO	status.find.in([200, 209], 304), found 500
USER	MySql - Load Scenario	END	1685545118518
REQUEST		MySql - Load	1685545116287	1685545118542	KO	status.find.in([200, 209], 304), found 500
USER	MySql - Load Scenario	END	1685545118543
REQUEST		MySql - Load	1685545116269	1685545118557	KO	status.find.in([200, 209], 304), found 500
REQUEST		MySql - Load	1685545116311	1685545118557	KO	status.find.in([200, 209], 304), found 500
USER	MySql - Load Scenario	END	1685545118558
USER	MySql - Load Scenario	END	1685545118558
REQUEST		MySql - Load	1685545116321	1685545118558	KO	status.find.in([200, 209], 304), found 500
USER	MySql - Load Scenario	END	1685545118560
REQUEST		MySql - Load	1685545116286	1685545118561	KO	status.find.in([200, 209], 304), found 500
USER	MySql - Load Scenario	END	1685545118562
REQUEST		MySql - Load	1685545116287	1685545118567	KO	status.find.in([200, 209], 304), found 500
USER	MySql - Load Scenario	END	1685545118568
REQUEST		MySql - Load	1685545116298	1685545118570	KO	status.find.in([200, 209], 304), found 500
USER	MySql - Load Scenario	END	1685545118571
REQUEST		MySql - Load	1685545116300	1685545118572	KO	status.find.in([200, 209], 304), found 500
USER	MySql - Load Scenario	END	1685545118573
REQUEST		MySql - Load	1685545116286	1685545118573	KO	status.find.in([200, 209], 304), found 500
USER	MySql - Load Scenario	END	1685545118575
REQUEST		MySql - Load	1685545116269	1685545118577	KO	status.find.in([200, 209], 304), found 500
REQUEST		MySql - Load	1685545116300	1685545118577	KO	status.find.in([200, 209], 304), found 500
USER	MySql - Load Scenario	END	1685545118578
USER	MySql - Load Scenario	END	1685545118578
REQUEST		MySql - Load	1685545116297	1685545118586	KO	status.find.in([200, 209], 304), found 500
REQUEST		MySql - Load	1685545116336	1685545118586	KO	status.find.in([200, 209], 304), found 500
USER	MySql - Load Scenario	END	1685545118587
USER	MySql - Load Scenario	END	1685545118587
REQUEST		MySql - Load	1685545116286	1685545118597	KO	status.find.in([200, 209], 304), found 500
USER	MySql - Load Scenario	END	1685545118597
REQUEST		MySql - Load	1685545116305	1685545118607	KO	status.find.in([200, 209], 304), found 500
USER	MySql - Load Scenario	END	1685545118607
REQUEST		MySql - Load	1685545116298	1685545118616	KO	status.find.in([200, 209], 304), found 500
USER	MySql - Load Scenario	END	1685545118617
REQUEST		MySql - Load	1685545116299	1685545118618	KO	status.find.in([200, 209], 304), found 500
USER	MySql - Load Scenario	END	1685545118619
REQUEST		MySql - Load	1685545116307	1685545118621	KO	status.find.in([200, 209], 304), found 500
USER	MySql - Load Scenario	END	1685545118622
REQUEST		MySql - Load	1685545116303	1685545118623	KO	status.find.in([200, 209], 304), found 500
REQUEST		MySql - Load	1685545116299	1685545118623	KO	status.find.in([200, 209], 304), found 500
USER	MySql - Load Scenario	END	1685545118624
USER	MySql - Load Scenario	END	1685545118624
REQUEST		MySql - Load	1685545116300	1685545118625	KO	status.find.in([200, 209], 304), found 500
USER	MySql - Load Scenario	END	1685545118626
REQUEST		MySql - Load	1685545116287	1685545118628	KO	status.find.in([200, 209], 304), found 500
USER	MySql - Load Scenario	END	1685545118629
REQUEST		MySql - Load	1685545116303	1685545118635	KO	status.find.in([200, 209], 304), found 500
USER	MySql - Load Scenario	END	1685545118635
REQUEST		MySql - Load	1685545116298	1685545118646	KO	status.find.in([200, 209], 304), found 500
USER	MySql - Load Scenario	END	1685545118647
REQUEST		MySql - Save	1685545116371	1685545118919	OK	 
REQUEST		MySql - Save	1685545116299	1685545118919	OK	 
USER	MySql - Save Scenario	END	1685545118920
USER	MySql - Save Scenario	END	1685545118920
REQUEST		MySql - Load	1685545116286	1685545119515	KO	status.find.in([200, 209], 304), found 500
USER	MySql - Load Scenario	END	1685545119516
REQUEST		MySql - Load	1685545116285	1685545119522	KO	status.find.in([200, 209], 304), found 500
USER	MySql - Load Scenario	END	1685545119522
REQUEST		MySql - Load	1685545116298	1685545119526	KO	status.find.in([200, 209], 304), found 500
REQUEST		MySql - Load	1685545116300	1685545119526	KO	status.find.in([200, 209], 304), found 500
USER	MySql - Load Scenario	END	1685545119527
USER	MySql - Load Scenario	END	1685545119527
REQUEST		MySql - Load	1685545116269	1685545119533	KO	status.find.in([200, 209], 304), found 500
USER	MySql - Load Scenario	END	1685545119534
REQUEST		MySql - Load	1685545116270	1685545119534	KO	status.find.in([200, 209], 304), found 500
USER	MySql - Load Scenario	END	1685545119535
REQUEST		MySql - Load	1685545116286	1685545119535	KO	status.find.in([200, 209], 304), found 500
USER	MySql - Load Scenario	END	1685545119535
REQUEST		MySql - Load	1685545116348	1685545119560	KO	status.find.in([200, 209], 304), found 500
USER	MySql - Load Scenario	END	1685545119561
REQUEST		MongoDB - Save	1685545116303	1685545119578	OK	 
USER	MongoDB - Save Scenario	END	1685545119579
REQUEST		MongoDB - Load	1685545116285	1685545119588	OK	 
USER	MongoDB - Load Scenario	END	1685545119588
REQUEST		MongoDB - Load	1685545116302	1685545119589	OK	 
REQUEST		MongoDB - Load	1685545116269	1685545119589	OK	 
USER	MongoDB - Load Scenario	END	1685545119589
USER	MongoDB - Load Scenario	END	1685545119589
REQUEST		MongoDB - Save	1685545116308	1685545119589	OK	 
USER	MongoDB - Save Scenario	END	1685545119590
REQUEST		MongoDB - Save	1685545116305	1685545119594	OK	 
USER	MongoDB - Save Scenario	END	1685545119594
REQUEST		MongoDB - Save	1685545116301	1685545119598	OK	 
USER	MongoDB - Save Scenario	END	1685545119599
REQUEST		MongoDB - Save	1685545116303	1685545119603	OK	 
USER	MongoDB - Save Scenario	END	1685545119604
REQUEST		MySql - Save	1685545116369	1685545119642	OK	 
REQUEST		MySql - Save	1685545116373	1685545119642	OK	 
REQUEST		MySql - Save	1685545116372	1685545119642	OK	 
USER	MySql - Save Scenario	END	1685545119642
USER	MySql - Save Scenario	END	1685545119642
USER	MySql - Save Scenario	END	1685545119642
REQUEST		MySql - Save	1685545116371	1685545119643	OK	 
REQUEST		MySql - Save	1685545116372	1685545119643	OK	 
USER	MySql - Save Scenario	END	1685545119643
USER	MySql - Save Scenario	END	1685545119643
REQUEST		MySql - Save	1685545116370	1685545119644	OK	 
REQUEST		MySql - Save	1685545116372	1685545119644	OK	 
USER	MySql - Save Scenario	END	1685545119645
USER	MySql - Save Scenario	END	1685545119645
REQUEST		MySql - Save	1685545116513	1685545119759	OK	 
USER	MySql - Save Scenario	END	1685545119759
REQUEST		MySql - Save	1685545116527	1685545119761	OK	 
REQUEST		MySql - Save	1685545116515	1685545119761	OK	 
USER	MySql - Save Scenario	END	1685545119761
USER	MySql - Save Scenario	END	1685545119761
REQUEST		MySql - Save	1685545116550	1685545119835	OK	 
USER	MySql - Save Scenario	END	1685545119836
REQUEST		MySql - Save	1685545116515	1685545119855	OK	 
REQUEST		MySql - Save	1685545116533	1685545119855	OK	 
REQUEST		MySql - Save	1685545116528	1685545119855	OK	 
REQUEST		MySql - Save	1685545116534	1685545119855	OK	 
REQUEST		MySql - Save	1685545116517	1685545119855	OK	 
USER	MySql - Save Scenario	END	1685545119855
USER	MySql - Save Scenario	END	1685545119855
USER	MySql - Save Scenario	END	1685545119855
USER	MySql - Save Scenario	END	1685545119855
USER	MySql - Save Scenario	END	1685545119855
REQUEST		MySql - Save	1685545116527	1685545119855	OK	 
USER	MySql - Save Scenario	END	1685545119855
REQUEST		MySql - Save	1685545116547	1685545119867	OK	 
USER	MySql - Save Scenario	END	1685545119868
REQUEST		MySql - Save	1685545116486	1685545119873	OK	 
REQUEST		MySql - Save	1685545116531	1685545119873	OK	 
USER	MySql - Save Scenario	END	1685545119873
USER	MySql - Save Scenario	END	1685545119873
REQUEST		MySql - Save	1685545116484	1685545119899	OK	 
REQUEST		MySql - Save	1685545116545	1685545119899	OK	 
USER	MySql - Save Scenario	END	1685545119900
USER	MySql - Save Scenario	END	1685545119900
REQUEST		MySql - Load	1685545116342	1685545119921	KO	status.find.in([200, 209], 304), found 500
USER	MySql - Load Scenario	END	1685545119922
REQUEST		MySql - Save	1685545116515	1685545119932	OK	 
USER	MySql - Save Scenario	END	1685545119932
REQUEST		MySql - Save	1685545116534	1685545119934	OK	 
USER	MySql - Save Scenario	END	1685545119935
REQUEST		MySql - Save	1685545116529	1685545120011	OK	 
USER	MySql - Save Scenario	END	1685545120012
REQUEST		MySql - Save	1685545116528	1685545120029	OK	 
REQUEST		MySql - Save	1685545116515	1685545120029	OK	 
USER	MySql - Save Scenario	END	1685545120030
USER	MySql - Save Scenario	END	1685545120030
REQUEST		MySql - Save	1685545116516	1685545120038	OK	 
USER	MySql - Save Scenario	END	1685545120038
REQUEST		MySql - Save	1685545116517	1685545120041	OK	 
USER	MySql - Save Scenario	END	1685545120041
REQUEST		MySql - Save	1685545116494	1685545120050	OK	 
USER	MySql - Save Scenario	END	1685545120051
REQUEST		MySql - Save	1685545116527	1685545120092	OK	 
REQUEST		MySql - Save	1685545116527	1685545120092	OK	 
REQUEST		MySql - Save	1685545116533	1685545120092	OK	 
USER	MySql - Save Scenario	END	1685545120093
USER	MySql - Save Scenario	END	1685545120093
USER	MySql - Save Scenario	END	1685545120093
REQUEST		MySql - Save	1685545116485	1685545120093	OK	 
USER	MySql - Save Scenario	END	1685545120093
REQUEST		MySql - Save	1685545116496	1685545120097	OK	 
USER	MySql - Save Scenario	END	1685545120097
REQUEST		MySql - Save	1685545116550	1685545120145	OK	 
REQUEST		MySql - Save	1685545116528	1685545120145	OK	 
USER	MySql - Save Scenario	END	1685545120145
USER	MySql - Save Scenario	END	1685545120145
REQUEST		MySql - Save	1685545116496	1685545120145	OK	 
REQUEST		MySql - Save	1685545116497	1685545120146	OK	 
REQUEST		MySql - Save	1685545116563	1685545120146	OK	 
USER	MySql - Save Scenario	END	1685545120146
USER	MySql - Save Scenario	END	1685545120146
USER	MySql - Save Scenario	END	1685545120146
REQUEST		MySql - Save	1685545116562	1685545120156	OK	 
REQUEST		MySql - Save	1685545116571	1685545120156	OK	 
USER	MySql - Save Scenario	END	1685545120157
USER	MySql - Save Scenario	END	1685545120157
REQUEST		MySql - Save	1685545116552	1685545120159	OK	 
USER	MySql - Save Scenario	END	1685545120160
REQUEST		MySql - Save	1685545116569	1685545120200	OK	 
USER	MySql - Save Scenario	END	1685545120200
REQUEST		MySql - Save	1685545116565	1685545120226	OK	 
USER	MySql - Save Scenario	END	1685545120227
REQUEST		MySql - Save	1685545116571	1685545120248	OK	 
REQUEST		MySql - Save	1685545116562	1685545120248	OK	 
REQUEST		MySql - Save	1685545116564	1685545120248	OK	 
USER	MySql - Save Scenario	END	1685545120248
USER	MySql - Save Scenario	END	1685545120248
USER	MySql - Save Scenario	END	1685545120248
REQUEST		MySql - Save	1685545116579	1685545120248	OK	 
USER	MySql - Save Scenario	END	1685545120249
REQUEST		MySql - Save	1685545116588	1685545120251	OK	 
USER	MySql - Save Scenario	END	1685545120251
REQUEST		MySql - Save	1685545116564	1685545120263	OK	 
USER	MySql - Save Scenario	END	1685545120263
REQUEST		MySql - Save	1685545116579	1685545120264	OK	 
REQUEST		MySql - Save	1685545116562	1685545120264	OK	 
USER	MySql - Save Scenario	END	1685545120264
USER	MySql - Save Scenario	END	1685545120264
REQUEST		MySql - Save	1685545116569	1685545120265	OK	 
REQUEST		MySql - Save	1685545116573	1685545120265	OK	 
USER	MySql - Save Scenario	END	1685545120265
USER	MySql - Save Scenario	END	1685545120265
REQUEST		MySql - Save	1685545116552	1685545120273	OK	 
USER	MySql - Save Scenario	END	1685545120274
REQUEST		MySql - Save	1685545116580	1685545120274	OK	 
USER	MySql - Save Scenario	END	1685545120275
REQUEST		MySql - Save	1685545116563	1685545120278	OK	 
USER	MySql - Save Scenario	END	1685545120278
REQUEST		MySql - Save	1685545116563	1685545120283	OK	 
USER	MySql - Save Scenario	END	1685545120283
REQUEST		MySql - Save	1685545116578	1685545120284	OK	 
USER	MySql - Save Scenario	END	1685545120285
REQUEST		MySql - Save	1685545116577	1685545120289	OK	 
USER	MySql - Save Scenario	END	1685545120290
REQUEST		MySql - Save	1685545116494	1685545120296	OK	 
USER	MySql - Save Scenario	END	1685545120296
REQUEST		MySql - Save	1685545116551	1685545120300	OK	 
REQUEST		MySql - Save	1685545116579	1685545120300	OK	 
USER	MySql - Save Scenario	END	1685545120300
USER	MySql - Save Scenario	END	1685545120300
REQUEST		MySql - Save	1685545116563	1685545120303	OK	 
REQUEST		MySql - Save	1685545116583	1685545120303	OK	 
USER	MySql - Save Scenario	END	1685545120303
USER	MySql - Save Scenario	END	1685545120303
REQUEST		MySql - Save	1685545116567	1685545120319	OK	 
REQUEST		MySql - Save	1685545116587	1685545120319	OK	 
REQUEST		MySql - Save	1685545116585	1685545120319	OK	 
USER	MySql - Save Scenario	END	1685545120319
USER	MySql - Save Scenario	END	1685545120319
USER	MySql - Save Scenario	END	1685545120319
REQUEST		MySql - Save	1685545116578	1685545120323	OK	 
USER	MySql - Save Scenario	END	1685545120324
REQUEST		MySql - Save	1685545116530	1685545120332	OK	 
USER	MySql - Save Scenario	END	1685545120332
REQUEST		MySql - Save	1685545116579	1685545120334	OK	 
USER	MySql - Save Scenario	END	1685545120334
REQUEST		MySql - Save	1685545116551	1685545120338	OK	 
USER	MySql - Save Scenario	END	1685545120338
REQUEST		MySql - Save	1685545116569	1685545120368	OK	 
USER	MySql - Save Scenario	END	1685545120369
REQUEST		MySql - Save	1685545116583	1685545120381	OK	 
REQUEST		MySql - Save	1685545116568	1685545120381	OK	 
USER	MySql - Save Scenario	END	1685545120381
USER	MySql - Save Scenario	END	1685545120381
REQUEST		MySql - Save	1685545116564	1685545120382	OK	 
REQUEST		MySql - Save	1685545116563	1685545120382	OK	 
REQUEST		MySql - Save	1685545116556	1685545120382	OK	 
REQUEST		MySql - Save	1685545116564	1685545120382	OK	 
USER	MySql - Save Scenario	END	1685545120386
USER	MySql - Save Scenario	END	1685545120386
USER	MySql - Save Scenario	END	1685545120386
USER	MySql - Save Scenario	END	1685545120386
REQUEST		MySql - Save	1685545116567	1685545120388	OK	 
USER	MySql - Save Scenario	END	1685545120389
REQUEST		MySql - Save	1685545116497	1685545120402	OK	 
USER	MySql - Save Scenario	END	1685545120403
REQUEST		MySql - Save	1685545116587	1685545120403	OK	 
USER	MySql - Save Scenario	END	1685545120404
REQUEST		MySql - Save	1685545116578	1685545120404	OK	 
USER	MySql - Save Scenario	END	1685545120405
REQUEST		MySql - Save	1685545116493	1685545120412	OK	 
USER	MySql - Save Scenario	END	1685545120413
REQUEST		MySql - Save	1685545116571	1685545120416	OK	 
REQUEST		MySql - Save	1685545116564	1685545120416	OK	 
USER	MySql - Save Scenario	END	1685545120417
USER	MySql - Save Scenario	END	1685545120417
REQUEST		MySql - Save	1685545116586	1685545120429	OK	 
USER	MySql - Save Scenario	END	1685545120430
REQUEST		MySql - Save	1685545116501	1685545120437	OK	 
USER	MySql - Save Scenario	END	1685545120438
REQUEST		MySql - Save	1685545116496	1685545120579	OK	 
USER	MySql - Save Scenario	END	1685545120579
REQUEST		MySql - Save	1685545116483	1685545120620	OK	 
USER	MySql - Save Scenario	END	1685545120621
REQUEST		MySql - Save	1685545116372	1685545121097	OK	 
REQUEST		MySql - Save	1685545116528	1685545121097	OK	 
USER	MySql - Save Scenario	END	1685545121097
USER	MySql - Save Scenario	END	1685545121097
REQUEST		MySql - Save	1685545116550	1685545121170	OK	 
USER	MySql - Save Scenario	END	1685545121170
REQUEST		MySql - Save	1685545116485	1685545121188	OK	 
USER	MySql - Save Scenario	END	1685545121188
REQUEST		MySql - Save	1685545116586	1685545123859	OK	 
REQUEST		MySql - Save	1685545116587	1685545123859	OK	 
USER	MySql - Save Scenario	END	1685545123859
USER	MySql - Save Scenario	END	1685545123859
REQUEST		MySql - Save	1685545116568	1685545124466	OK	 
USER	MySql - Save Scenario	END	1685545124466
