RUN	gatling.LoadSpec	loadspec	1685820449664	 	3.9.5
USER	MongoDB - Save Scenario	START	1685820450733
USER	MySql - Load Scenario	START	1685820450735
USER	MySql - Save Scenario	START	1685820450735
USER	MongoDB - Load Scenario	START	1685820450735
USER	MongoDB - Save Scenario	START	1685820450883
USER	MySql - Save Scenario	START	1685820450887
USER	MongoDB - Load Scenario	START	1685820450893
USER	MySql - Load Scenario	START	1685820450894
USER	MongoDB - Load Scenario	START	1685820451083
USER	MySql - Load Scenario	START	1685820451085
USER	MongoDB - Save Scenario	START	1685820451086
USER	MySql - Save Scenario	START	1685820451099
USER	MySql - Load Scenario	START	1685820451285
USER	MongoDB - Save Scenario	START	1685820451284
USER	MongoDB - Load Scenario	START	1685820451284
USER	MySql - Save Scenario	START	1685820451302
USER	MySql - Load Scenario	START	1685820451483
USER	MongoDB - Load Scenario	START	1685820451486
USER	MongoDB - Save Scenario	START	1685820451485
USER	MySql - Save Scenario	START	1685820451502
USER	MongoDB - Save Scenario	START	1685820451684
USER	MySql - Load Scenario	START	1685820451686
USER	MongoDB - Load Scenario	START	1685820451686
USER	MySql - Save Scenario	START	1685820451702
USER	MongoDB - Load Scenario	START	1685820451884
USER	MySql - Load Scenario	START	1685820451886
USER	MongoDB - Save Scenario	START	1685820451884
USER	MySql - Save Scenario	START	1685820451903
USER	MySql - Load Scenario	START	1685820452085
USER	MongoDB - Load Scenario	START	1685820452086
USER	MongoDB - Save Scenario	START	1685820452087
USER	MySql - Save Scenario	START	1685820452105
USER	MySql - Load Scenario	START	1685820452284
USER	MongoDB - Load Scenario	START	1685820452284
USER	MongoDB - Save Scenario	START	1685820452285
USER	MySql - Save Scenario	START	1685820452305
USER	MongoDB - Load Scenario	START	1685820452484
USER	MongoDB - Save Scenario	START	1685820452484
USER	MySql - Load Scenario	START	1685820452485
USER	MySql - Save Scenario	START	1685820452505
USER	MySql - Load Scenario	START	1685820452684
USER	MongoDB - Load Scenario	START	1685820452685
USER	MongoDB - Save Scenario	START	1685820452684
USER	MySql - Save Scenario	START	1685820452705
USER	MongoDB - Load Scenario	START	1685820452883
USER	MySql - Load Scenario	START	1685820452883
USER	MongoDB - Save Scenario	START	1685820452884
USER	MySql - Save Scenario	START	1685820452885
USER	MongoDB - Load Scenario	START	1685820453083
USER	MySql - Load Scenario	START	1685820453083
USER	MySql - Save Scenario	START	1685820453084
USER	MongoDB - Save Scenario	START	1685820453084
REQUEST		MongoDB - Load	1685820451883	1685820453239	OK	 
USER	MongoDB - Load Scenario	END	1685820453246
REQUEST		MongoDB - Save	1685820451485	1685820453210	OK	 
USER	MongoDB - Save Scenario	END	1685820453246
REQUEST		MongoDB - Load	1685820451685	1685820453273	OK	 
USER	MongoDB - Load Scenario	END	1685820453274
USER	MongoDB - Load Scenario	START	1685820453283
USER	MySql - Load Scenario	START	1685820453283
USER	MySql - Save Scenario	START	1685820453284
USER	MongoDB - Save Scenario	START	1685820453289
REQUEST		MongoDB - Save	1685820451283	1685820453384	OK	 
USER	MongoDB - Save Scenario	END	1685820453385
REQUEST		MongoDB - Save	1685820451086	1685820453391	OK	 
USER	MongoDB - Save Scenario	END	1685820453392
REQUEST		MongoDB - Load	1685820451083	1685820453440	KO	status.find.in([200, 209], 304), found 500
USER	MongoDB - Load Scenario	END	1685820453442
REQUEST		MongoDB - Load	1685820451486	1685820453446	OK	 
USER	MongoDB - Load Scenario	END	1685820453447
REQUEST		MongoDB - Load	1685820451284	1685820453467	OK	 
USER	MongoDB - Load Scenario	END	1685820453468
USER	MongoDB - Load Scenario	START	1685820453483
USER	MySql - Load Scenario	START	1685820453483
USER	MySql - Save Scenario	START	1685820453484
USER	MongoDB - Save Scenario	START	1685820453484
REQUEST		MongoDB - Save	1685820450730	1685820453496	OK	 
USER	MongoDB - Save Scenario	END	1685820453496
REQUEST		MongoDB - Load	1685820450893	1685820453514	OK	 
USER	MongoDB - Load Scenario	END	1685820453515
REQUEST		MongoDB - Save	1685820450883	1685820453520	OK	 
REQUEST		MongoDB - Load	1685820450732	1685820453521	KO	status.find.in([200, 209], 304), found 500
USER	MongoDB - Save Scenario	END	1685820453521
USER	MongoDB - Load Scenario	END	1685820453521
REQUEST		MongoDB - Save	1685820451883	1685820453537	OK	 
USER	MongoDB - Save Scenario	END	1685820453538
REQUEST		MongoDB - Load	1685820452085	1685820453554	OK	 
USER	MongoDB - Load Scenario	END	1685820453555
REQUEST		MongoDB - Save	1685820451683	1685820453579	OK	 
USER	MongoDB - Save Scenario	END	1685820453579
REQUEST		MongoDB - Save	1685820452087	1685820453669	OK	 
USER	MongoDB - Save Scenario	END	1685820453670
REQUEST		MongoDB - Load	1685820452283	1685820453682	OK	 
USER	MongoDB - Load Scenario	START	1685820453683
USER	MySql - Save Scenario	START	1685820453684
USER	MongoDB - Save Scenario	START	1685820453685
USER	MongoDB - Load Scenario	END	1685820453687
USER	MySql - Load Scenario	START	1685820453687
REQUEST		MongoDB - Load	1685820452483	1685820453761	OK	 
USER	MongoDB - Load Scenario	END	1685820453762
REQUEST		MongoDB - Save	1685820452285	1685820453847	OK	 
USER	MongoDB - Save Scenario	END	1685820453848
REQUEST		MongoDB - Save	1685820452684	1685820453851	OK	 
USER	MongoDB - Save Scenario	END	1685820453851
REQUEST		MySql - Load	1685820451483	1685820453860	KO	status.find.in([200, 209], 304), found 500
USER	MySql - Load Scenario	END	1685820453861
REQUEST		MongoDB - Save	1685820452483	1685820453863	OK	 
USER	MongoDB - Save Scenario	END	1685820453864
USER	MySql - Load Scenario	START	1685820453883
USER	MySql - Save Scenario	START	1685820453884
USER	MongoDB - Load Scenario	START	1685820453885
USER	MongoDB - Save Scenario	START	1685820453886
REQUEST		MongoDB - Load	1685820452684	1685820453913	OK	 
USER	MongoDB - Load Scenario	END	1685820453913
REQUEST		MongoDB - Load	1685820452882	1685820453933	OK	 
USER	MongoDB - Load Scenario	END	1685820453934
REQUEST		MongoDB - Save	1685820452883	1685820453994	OK	 
USER	MongoDB - Save Scenario	END	1685820453995
REQUEST		MongoDB - Save	1685820453084	1685820454027	OK	 
USER	MongoDB - Save Scenario	END	1685820454028
REQUEST		MongoDB - Load	1685820453082	1685820454034	OK	 
USER	MongoDB - Load Scenario	END	1685820454035
USER	MongoDB - Load Scenario	START	1685820454083
USER	MySql - Save Scenario	START	1685820454083
USER	MongoDB - Save Scenario	START	1685820454085
USER	MySql - Load Scenario	START	1685820454086
REQUEST		MongoDB - Load	1685820453282	1685820454113	OK	 
USER	MongoDB - Load Scenario	END	1685820454114
REQUEST		MongoDB - Save	1685820453288	1685820454142	OK	 
USER	MongoDB - Save Scenario	END	1685820454143
REQUEST		MySql - Load	1685820450893	1685820454176	KO	status.find.in([200, 209], 304), found 500
USER	MySql - Load Scenario	END	1685820454177
REQUEST		MySql - Load	1685820450732	1685820454178	KO	status.find.in([200, 209], 304), found 500
REQUEST		MySql - Save	1685820450732	1685820454178	OK	 
REQUEST		MySql - Load	1685820451085	1685820454179	KO	status.find.in([200, 209], 304), found 500
USER	MySql - Save Scenario	END	1685820454179
REQUEST		MySql - Save	1685820451098	1685820454180	OK	 
USER	MySql - Load Scenario	END	1685820454180
USER	MySql - Load Scenario	END	1685820454181
REQUEST		MySql - Load	1685820451885	1685820454181	KO	status.find.in([200, 209], 304), found 500
REQUEST		MySql - Load	1685820451285	1685820454182	KO	status.find.in([200, 209], 304), found 500
USER	MySql - Save Scenario	END	1685820454182
USER	MySql - Load Scenario	END	1685820454182
USER	MySql - Load Scenario	END	1685820454183
REQUEST		MongoDB - Save	1685820453685	1685820454190	OK	 
USER	MongoDB - Save Scenario	END	1685820454190
REQUEST		MongoDB - Load	1685820453482	1685820454192	OK	 
USER	MongoDB - Load Scenario	END	1685820454193
REQUEST		MongoDB - Load	1685820453683	1685820454204	OK	 
USER	MongoDB - Load Scenario	END	1685820454205
REQUEST		MongoDB - Load	1685820453884	1685820454223	OK	 
USER	MongoDB - Load Scenario	END	1685820454224
REQUEST		MongoDB - Save	1685820453886	1685820454271	OK	 
USER	MongoDB - Save Scenario	END	1685820454272
REQUEST		MongoDB - Save	1685820453484	1685820454281	OK	 
USER	MongoDB - Save Scenario	END	1685820454282
USER	MySql - Load Scenario	START	1685820454283
USER	MySql - Save Scenario	START	1685820454283
USER	MongoDB - Load Scenario	START	1685820454284
USER	MongoDB - Save Scenario	START	1685820454285
REQUEST		MongoDB - Save	1685820454084	1685820454325	OK	 
USER	MongoDB - Save Scenario	END	1685820454325
REQUEST		MongoDB - Load	1685820454082	1685820454368	OK	 
USER	MongoDB - Load Scenario	END	1685820454369
REQUEST		MongoDB - Save	1685820454284	1685820454377	OK	 
USER	MongoDB - Save Scenario	END	1685820454377
REQUEST		MongoDB - Load	1685820454284	1685820454383	OK	 
USER	MongoDB - Load Scenario	END	1685820454384
REQUEST		MySql - Load	1685820451686	1685820454399	KO	status.find.in([200, 209], 304), found 500
USER	MySql - Load Scenario	END	1685820454401
USER	MongoDB - Save Scenario	START	1685820454483
USER	MongoDB - Load Scenario	START	1685820454483
USER	MySql - Save Scenario	START	1685820454484
USER	MySql - Load Scenario	START	1685820454484
REQUEST		MongoDB - Load	1685820454483	1685820454530	OK	 
USER	MongoDB - Load Scenario	END	1685820454531
REQUEST		MySql - Save	1685820451502	1685820454538	OK	 
USER	MySql - Save Scenario	END	1685820454539
REQUEST		MongoDB - Save	1685820454482	1685820454540	OK	 
REQUEST		MySql - Save	1685820451301	1685820454540	OK	 
USER	MySql - Save Scenario	END	1685820454541
USER	MongoDB - Save Scenario	END	1685820454541
REQUEST		MySql - Save	1685820451702	1685820454613	OK	 
USER	MySql - Save Scenario	END	1685820454614
REQUEST		MySql - Load	1685820452085	1685820454644	KO	status.find.in([200, 209], 304), found 500
USER	MySql - Load Scenario	END	1685820454646
USER	MySql - Load Scenario	START	1685820454683
USER	MongoDB - Load Scenario	START	1685820454683
USER	MongoDB - Save Scenario	START	1685820454685
USER	MySql - Save Scenario	START	1685820454686
REQUEST		MongoDB - Load	1685820454683	1685820454712	OK	 
USER	MongoDB - Load Scenario	END	1685820454713
REQUEST		MongoDB - Save	1685820454685	1685820454721	OK	 
USER	MongoDB - Save Scenario	END	1685820454722
USER	MySql - Load Scenario	START	1685820454883
USER	MongoDB - Save Scenario	START	1685820454883
USER	MySql - Save Scenario	START	1685820454884
USER	MongoDB - Load Scenario	START	1685820454884
REQUEST		MySql - Load	1685820452283	1685820454889	KO	status.find.in([200, 209], 304), found 500
USER	MySql - Load Scenario	END	1685820454890
REQUEST		MySql - Load	1685820452484	1685820454897	KO	status.find.in([200, 209], 304), found 500
USER	MySql - Load Scenario	END	1685820454898
REQUEST		MongoDB - Load	1685820454883	1685820454928	OK	 
USER	MongoDB - Load Scenario	END	1685820454928
REQUEST		MongoDB - Save	1685820454882	1685820454929	OK	 
USER	MongoDB - Save Scenario	END	1685820454930
USER	MongoDB - Load Scenario	START	1685820455083
USER	MySql - Load Scenario	START	1685820455084
USER	MySql - Save Scenario	START	1685820455084
USER	MongoDB - Save Scenario	START	1685820455085
REQUEST		MongoDB - Load	1685820455082	1685820455130	OK	 
USER	MongoDB - Load Scenario	END	1685820455131
REQUEST		MongoDB - Save	1685820455083	1685820455137	OK	 
USER	MongoDB - Save Scenario	END	1685820455138
USER	MySql - Load Scenario	START	1685820455283
USER	MongoDB - Load Scenario	START	1685820455283
USER	MongoDB - Save Scenario	START	1685820455285
USER	MySql - Save Scenario	START	1685820455285
REQUEST		MongoDB - Load	1685820455282	1685820455335	OK	 
REQUEST		MongoDB - Save	1685820455285	1685820455335	OK	 
USER	MongoDB - Save Scenario	END	1685820455336
USER	MongoDB - Load Scenario	END	1685820455339
REQUEST		MySql - Load	1685820452684	1685820455413	KO	status.find.in([200, 209], 304), found 500
USER	MySql - Load Scenario	END	1685820455414
REQUEST		MySql - Load	1685820452883	1685820455416	KO	status.find.in([200, 209], 304), found 500
USER	MySql - Load Scenario	END	1685820455417
REQUEST		MySql - Save	1685820452505	1685820455466	OK	 
USER	MySql - Save Scenario	END	1685820455466
USER	MySql - Load Scenario	START	1685820455483
USER	MySql - Save Scenario	START	1685820455484
USER	MongoDB - Load Scenario	START	1685820455485
USER	MongoDB - Save Scenario	START	1685820455487
REQUEST		MongoDB - Save	1685820455487	1685820455533	OK	 
USER	MongoDB - Save Scenario	END	1685820455533
REQUEST		MongoDB - Load	1685820455484	1685820455538	OK	 
USER	MongoDB - Load Scenario	END	1685820455539
REQUEST		MySql - Save	1685820452305	1685820455639	OK	 
USER	MySql - Save Scenario	END	1685820455640
REQUEST		MySql - Load	1685820453083	1685820455671	KO	status.find.in([200, 209], 304), found 500
USER	MySql - Load Scenario	END	1685820455672
USER	MongoDB - Save Scenario	START	1685820455683
USER	MongoDB - Load Scenario	START	1685820455684
USER	MySql - Save Scenario	START	1685820455685
USER	MySql - Load Scenario	START	1685820455686
REQUEST		MongoDB - Save	1685820455682	1685820455733	OK	 
USER	MongoDB - Save Scenario	END	1685820455734
REQUEST		MongoDB - Load	1685820455683	1685820455764	OK	 
USER	MongoDB - Load Scenario	END	1685820455765
USER	MongoDB - Save Scenario	START	1685820455883
USER	MySql - Load Scenario	START	1685820455884
USER	MySql - Save Scenario	START	1685820455885
USER	MongoDB - Load Scenario	START	1685820455886
REQUEST		MongoDB - Save	1685820455882	1685820455936	OK	 
USER	MongoDB - Save Scenario	END	1685820455937
REQUEST		MongoDB - Load	1685820455886	1685820455945	OK	 
USER	MongoDB - Load Scenario	END	1685820455946
USER	MongoDB - Load Scenario	START	1685820456083
USER	MySql - Save Scenario	START	1685820456084
USER	MySql - Load Scenario	START	1685820456085
USER	MongoDB - Save Scenario	START	1685820456085
REQUEST		MongoDB - Load	1685820456082	1685820456123	OK	 
USER	MongoDB - Load Scenario	END	1685820456124
REQUEST		MySql - Load	1685820453483	1685820456134	KO	status.find.in([200, 209], 304), found 500
REQUEST		MongoDB - Save	1685820456085	1685820456134	OK	 
USER	MongoDB - Save Scenario	END	1685820456135
USER	MySql - Load Scenario	END	1685820456136
REQUEST		MySql - Load	1685820453283	1685820456266	KO	status.find.in([200, 209], 304), found 500
USER	MySql - Load Scenario	END	1685820456267
USER	MongoDB - Save Scenario	START	1685820456283
USER	MySql - Save Scenario	START	1685820456284
USER	MongoDB - Load Scenario	START	1685820456285
USER	MySql - Load Scenario	START	1685820456287
REQUEST		MongoDB - Save	1685820456282	1685820456314	OK	 
USER	MongoDB - Save Scenario	END	1685820456316
REQUEST		MongoDB - Load	1685820456285	1685820456341	OK	 
USER	MongoDB - Load Scenario	END	1685820456342
REQUEST		MySql - Save	1685820452884	1685820456419	OK	 
USER	MySql - Save Scenario	END	1685820456420
USER	MongoDB - Save Scenario	START	1685820456483
USER	MySql - Load Scenario	START	1685820456484
USER	MySql - Save Scenario	START	1685820456484
USER	MongoDB - Load Scenario	START	1685820456485
REQUEST		MongoDB - Save	1685820456482	1685820456536	OK	 
USER	MongoDB - Save Scenario	END	1685820456537
REQUEST		MongoDB - Load	1685820456485	1685820456539	OK	 
USER	MongoDB - Load Scenario	END	1685820456540
USER	MongoDB - Load Scenario	START	1685820456683
USER	MySql - Save Scenario	START	1685820456683
USER	MySql - Load Scenario	START	1685820456685
USER	MongoDB - Save Scenario	START	1685820456685
REQUEST		MongoDB - Save	1685820456684	1685820456728	OK	 
USER	MongoDB - Save Scenario	END	1685820456729
REQUEST		MongoDB - Load	1685820456682	1685820456731	OK	 
USER	MongoDB - Load Scenario	END	1685820456732
REQUEST		MySql - Load	1685820453687	1685820456856	KO	status.find.in([200, 209], 304), found 500
USER	MySql - Load Scenario	END	1685820456857
REQUEST		MySql - Load	1685820453882	1685820456859	KO	status.find.in([200, 209], 304), found 500
USER	MySql - Load Scenario	END	1685820456859
REQUEST		MySql - Save	1685820453483	1685820456862	OK	 
USER	MySql - Save Scenario	END	1685820456863
USER	MySql - Load Scenario	START	1685820456882
USER	MongoDB - Save Scenario	START	1685820456883
USER	MySql - Save Scenario	START	1685820456883
USER	MongoDB - Load Scenario	START	1685820456885
REQUEST		MySql - Save	1685820453284	1685820456895	OK	 
USER	MySql - Save Scenario	END	1685820456896
REQUEST		MongoDB - Load	1685820456884	1685820456924	OK	 
USER	MongoDB - Load Scenario	END	1685820456925
REQUEST		MongoDB - Save	1685820456883	1685820456927	OK	 
USER	MongoDB - Save Scenario	END	1685820456929
REQUEST		MySql - Save	1685820453684	1685820457022	OK	 
USER	MySql - Save Scenario	END	1685820457023
REQUEST		MySql - Save	1685820452705	1685820457056	OK	 
USER	MySql - Save Scenario	END	1685820457057
USER	MongoDB - Load Scenario	START	1685820457083
USER	MySql - Load Scenario	START	1685820457083
USER	MySql - Save Scenario	START	1685820457083
USER	MongoDB - Save Scenario	START	1685820457084
REQUEST		MongoDB - Load	1685820457082	1685820457121	OK	 
USER	MongoDB - Load Scenario	END	1685820457122
REQUEST		MongoDB - Save	1685820457084	1685820457135	OK	 
USER	MongoDB - Save Scenario	END	1685820457136
USER	MySql - Load Scenario	START	1685820457283
USER	MongoDB - Load Scenario	START	1685820457283
USER	MySql - Save Scenario	START	1685820457283
USER	MongoDB - Save Scenario	START	1685820457284
REQUEST		MongoDB - Save	1685820457284	1685820457324	OK	 
USER	MongoDB - Save Scenario	END	1685820457324
REQUEST		MongoDB - Load	1685820457282	1685820457325	OK	 
USER	MongoDB - Load Scenario	END	1685820457326
USER	MySql - Load Scenario	START	1685820457483
USER	MongoDB - Load Scenario	START	1685820457483
USER	MySql - Save Scenario	START	1685820457484
USER	MongoDB - Save Scenario	START	1685820457485
REQUEST		MySql - Load	1685820454082	1685820457511	KO	status.find.in([200, 209], 304), found 500
REQUEST		MySql - Load	1685820454282	1685820457511	KO	status.find.in([200, 209], 304), found 500
USER	MySql - Load Scenario	END	1685820457512
USER	MySql - Load Scenario	END	1685820457512
REQUEST		MongoDB - Save	1685820457485	1685820457533	OK	 
USER	MongoDB - Save Scenario	END	1685820457534
REQUEST		MongoDB - Load	1685820457482	1685820457543	OK	 
USER	MongoDB - Load Scenario	END	1685820457544
REQUEST		MySql - Load	1685820454484	1685820457669	KO	status.find.in([200, 209], 304), found 500
USER	MySql - Load Scenario	END	1685820457670
USER	MongoDB - Load Scenario	START	1685820457683
USER	MySql - Load Scenario	START	1685820457683
USER	MySql - Save Scenario	START	1685820457684
USER	MongoDB - Save Scenario	START	1685820457685
REQUEST		MongoDB - Save	1685820457685	1685820457711	OK	 
USER	MongoDB - Save Scenario	END	1685820457711
REQUEST		MongoDB - Load	1685820457682	1685820457721	OK	 
USER	MongoDB - Load Scenario	END	1685820457722
USER	MongoDB - Load Scenario	START	1685820457883
USER	MySql - Load Scenario	START	1685820457883
USER	MySql - Save Scenario	START	1685820457884
USER	MongoDB - Save Scenario	START	1685820457885
REQUEST		MongoDB - Save	1685820457885	1685820457909	OK	 
USER	MongoDB - Save Scenario	END	1685820457910
REQUEST		MongoDB - Load	1685820457882	1685820457913	OK	 
USER	MongoDB - Load Scenario	END	1685820457914
USER	MongoDB - Save Scenario	START	1685820458083
USER	MongoDB - Load Scenario	START	1685820458084
USER	MySql - Save Scenario	START	1685820458084
USER	MySql - Load Scenario	START	1685820458085
REQUEST		MongoDB - Save	1685820458082	1685820458112	OK	 
USER	MongoDB - Save Scenario	END	1685820458112
REQUEST		MongoDB - Load	1685820458083	1685820458117	OK	 
USER	MongoDB - Load Scenario	END	1685820458118
USER	MongoDB - Save Scenario	START	1685820458283
USER	MongoDB - Load Scenario	START	1685820458283
USER	MySql - Save Scenario	START	1685820458284
USER	MySql - Load Scenario	START	1685820458285
REQUEST		MongoDB - Save	1685820458282	1685820458301	OK	 
USER	MongoDB - Save Scenario	END	1685820458301
REQUEST		MySql - Load	1685820454682	1685820458319	KO	status.find.in([200, 209], 304), found 500
USER	MySql - Load Scenario	END	1685820458320
REQUEST		MySql - Load	1685820455082	1685820458321	KO	status.find.in([200, 209], 304), found 500
REQUEST		MySql - Save	1685820450887	1685820458321	OK	 
USER	MySql - Save Scenario	END	1685820458322
USER	MySql - Load Scenario	END	1685820458322
REQUEST		MySql - Load	1685820454882	1685820458325	KO	status.find.in([200, 209], 304), found 500
USER	MySql - Load Scenario	END	1685820458326
REQUEST		MongoDB - Load	1685820458282	1685820458342	OK	 
USER	MongoDB - Load Scenario	END	1685820458343
USER	MySql - Load Scenario	START	1685820458483
USER	MongoDB - Load Scenario	START	1685820458484
USER	MySql - Save Scenario	START	1685820458485
USER	MongoDB - Save Scenario	START	1685820458486
REQUEST		MongoDB - Load	1685820458484	1685820458534	OK	 
USER	MongoDB - Load Scenario	END	1685820458535
REQUEST		MongoDB - Save	1685820458486	1685820458536	OK	 
USER	MongoDB - Save Scenario	END	1685820458537
REQUEST		MySql - Save	1685820454686	1685820458559	OK	 
USER	MySql - Save Scenario	END	1685820458559
USER	MongoDB - Save Scenario	START	1685820458683
USER	MongoDB - Load Scenario	START	1685820458684
USER	MySql - Save Scenario	START	1685820458684
USER	MySql - Load Scenario	START	1685820458685
REQUEST		MongoDB - Save	1685820458682	1685820458723	OK	 
USER	MongoDB - Save Scenario	END	1685820458723
REQUEST		MongoDB - Load	1685820458684	1685820458725	OK	 
USER	MongoDB - Load Scenario	END	1685820458726
REQUEST		MySql - Save	1685820454484	1685820458827	OK	 
USER	MySql - Save Scenario	END	1685820458827
REQUEST		MySql - Load	1685820455282	1685820458835	KO	status.find.in([200, 209], 304), found 500
USER	MySql - Load Scenario	END	1685820458836
REQUEST		MySql - Save	1685820455084	1685820458879	OK	 
USER	MySql - Save Scenario	END	1685820458879
USER	MySql - Load Scenario	START	1685820458883
USER	MongoDB - Load Scenario	START	1685820458883
USER	MongoDB - Save Scenario	START	1685820458884
USER	MySql - Save Scenario	START	1685820458884
REQUEST		MongoDB - Load	1685820458883	1685820458924	OK	 
USER	MongoDB - Load Scenario	END	1685820458924
REQUEST		MongoDB - Save	1685820458883	1685820458929	OK	 
USER	MongoDB - Save Scenario	END	1685820458929
REQUEST		MySql - Save	1685820454283	1685820458997	OK	 
USER	MySql - Save Scenario	END	1685820458997
REQUEST		MySql - Load	1685820455482	1685820459067	KO	status.find.in([200, 209], 304), found 500
USER	MySql - Load Scenario	END	1685820459068
USER	MySql - Save Scenario	START	1685820459083
USER	MongoDB - Save Scenario	START	1685820459083
USER	MySql - Load Scenario	START	1685820459084
USER	MongoDB - Load Scenario	START	1685820459085
REQUEST		MongoDB - Save	1685820459083	1685820459128	OK	 
USER	MongoDB - Save Scenario	END	1685820459129
REQUEST		MongoDB - Load	1685820459084	1685820459131	OK	 
USER	MongoDB - Load Scenario	END	1685820459131
REQUEST		MySql - Save	1685820455283	1685820459158	OK	 
USER	MySql - Save Scenario	END	1685820459158
USER	MongoDB - Load Scenario	START	1685820459283
USER	MySql - Load Scenario	START	1685820459283
USER	MySql - Save Scenario	START	1685820459284
USER	MongoDB - Save Scenario	START	1685820459285
REQUEST		MongoDB - Save	1685820459285	1685820459337	OK	 
USER	MongoDB - Save Scenario	END	1685820459338
REQUEST		MongoDB - Load	1685820459283	1685820459345	OK	 
USER	MongoDB - Load Scenario	END	1685820459345
REQUEST		MySql - Save	1685820451902	1685820459412	OK	 
USER	MySql - Save Scenario	END	1685820459413
USER	MySql - Load Scenario	START	1685820459483
USER	MySql - Save Scenario	START	1685820459483
USER	MongoDB - Load Scenario	START	1685820459484
USER	MongoDB - Save Scenario	START	1685820459484
REQUEST		MySql - Load	1685820455883	1685820459509	KO	status.find.in([200, 209], 304), found 500
USER	MySql - Load Scenario	END	1685820459510
REQUEST		MySql - Load	1685820455686	1685820459510	KO	status.find.in([200, 209], 304), found 500
USER	MySql - Load Scenario	END	1685820459511
REQUEST		MongoDB - Save	1685820459484	1685820459529	OK	 
USER	MongoDB - Save Scenario	END	1685820459530
REQUEST		MongoDB - Load	1685820459484	1685820459537	OK	 
USER	MongoDB - Load Scenario	END	1685820459537
REQUEST		MySql - Save	1685820455685	1685820459662	OK	 
USER	MySql - Save Scenario	END	1685820459663
USER	MySql - Save Scenario	START	1685820459683
USER	MongoDB - Save Scenario	START	1685820459683
USER	MongoDB - Load Scenario	START	1685820459684
USER	MySql - Load Scenario	START	1685820459685
REQUEST		MongoDB - Save	1685820459683	1685820459733	OK	 
USER	MongoDB - Save Scenario	END	1685820459734
REQUEST		MongoDB - Load	1685820459684	1685820459742	OK	 
USER	MongoDB - Load Scenario	END	1685820459743
REQUEST		MySql - Load	1685820456084	1685820459781	KO	status.find.in([200, 209], 304), found 500
USER	MySql - Load Scenario	END	1685820459782
REQUEST		MySql - Save	1685820455483	1685820459786	OK	 
USER	MySql - Save Scenario	END	1685820459787
REQUEST		MySql - Save	1685820452105	1685820459812	OK	 
USER	MySql - Save Scenario	END	1685820459813
REQUEST		MySql - Load	1685820456286	1685820459830	KO	status.find.in([200, 209], 304), found 500
USER	MySql - Load Scenario	END	1685820459831
USER	MongoDB - Save Scenario	START	1685820459883
USER	MongoDB - Load Scenario	START	1685820459884
USER	MySql - Save Scenario	START	1685820459884
USER	MySql - Load Scenario	START	1685820459884
REQUEST		MongoDB - Save	1685820459882	1685820459944	OK	 
USER	MongoDB - Save Scenario	END	1685820459944
REQUEST		MongoDB - Load	1685820459883	1685820459949	OK	 
USER	MongoDB - Load Scenario	END	1685820459950
USER	MongoDB - Save Scenario	START	1685820460083
USER	MySql - Save Scenario	START	1685820460083
USER	MySql - Load Scenario	START	1685820460083
USER	MongoDB - Load Scenario	START	1685820460083
REQUEST		MongoDB - Load	1685820460082	1685820460132	OK	 
USER	MongoDB - Load Scenario	END	1685820460133
REQUEST		MongoDB - Save	1685820460082	1685820460138	OK	 
USER	MongoDB - Save Scenario	END	1685820460138
REQUEST		MySql - Load	1685820456483	1685820460144	KO	status.find.in([200, 209], 304), found 500
USER	MySql - Load Scenario	END	1685820460144
REQUEST		MySql - Save	1685820453084	1685820460232	OK	 
USER	MySql - Save Scenario	END	1685820460232
USER	MySql - Save Scenario	START	1685820460283
USER	MongoDB - Load Scenario	START	1685820460283
USER	MongoDB - Save Scenario	START	1685820460283
USER	MySql - Load Scenario	START	1685820460285
REQUEST		MongoDB - Load	1685820460282	1685820460322	OK	 
USER	MongoDB - Load Scenario	END	1685820460322
REQUEST		MongoDB - Save	1685820460283	1685820460323	OK	 
USER	MongoDB - Save Scenario	END	1685820460323
REQUEST		MySql - Load	1685820457082	1685820460451	KO	status.find.in([200, 209], 304), found 500
USER	MySql - Load Scenario	END	1685820460452
USER	MongoDB - Load Scenario	START	1685820460483
USER	MySql - Save Scenario	START	1685820460484
USER	MongoDB - Save Scenario	START	1685820460484
USER	MySql - Load Scenario	START	1685820460485
REQUEST		MySql - Load	1685820456684	1685820460502	KO	status.find.in([200, 209], 304), found 500
USER	MySql - Load Scenario	END	1685820460503
REQUEST		MySql - Load	1685820456882	1685820460504	KO	status.find.in([200, 209], 304), found 500
USER	MySql - Load Scenario	END	1685820460504
REQUEST		MongoDB - Load	1685820460482	1685820460530	OK	 
USER	MongoDB - Load Scenario	END	1685820460530
REQUEST		MongoDB - Save	1685820460484	1685820460532	OK	 
USER	MongoDB - Save Scenario	END	1685820460532
REQUEST		MySql - Save	1685820456683	1685820460631	OK	 
USER	MySql - Save Scenario	END	1685820460632
REQUEST		MySql - Load	1685820457282	1685820460648	KO	status.find.in([200, 209], 304), found 500
USER	MySql - Load Scenario	END	1685820460649
REQUEST		MySql - Save	1685820456883	1685820460664	OK	 
USER	MySql - Save Scenario	END	1685820460665
USER	MongoDB - Save Scenario	START	1685820460683
USER	MongoDB - Load Scenario	START	1685820460683
USER	MySql - Save Scenario	START	1685820460685
USER	MySql - Load Scenario	START	1685820460686
REQUEST		MongoDB - Save	1685820460682	1685820460721	OK	 
USER	MongoDB - Save Scenario	END	1685820460722
REQUEST		MongoDB - Load	1685820460683	1685820460732	OK	 
USER	MongoDB - Load Scenario	END	1685820460732
REQUEST		MySql - Save	1685820457083	1685820460738	OK	 
USER	MySql - Save Scenario	END	1685820460739
REQUEST		MySql - Load	1685820457482	1685820460747	KO	status.find.in([200, 209], 304), found 500
USER	MySql - Load Scenario	END	1685820460748
REQUEST		MySql - Save	1685820456484	1685820460817	OK	 
USER	MySql - Save Scenario	END	1685820460817
USER	MongoDB - Save Scenario	START	1685820460883
USER	MongoDB - Load Scenario	START	1685820460884
USER	MySql - Load Scenario	START	1685820460888
USER	MySql - Save Scenario	START	1685820460889
REQUEST		MongoDB - Save	1685820460882	1685820460954	OK	 
USER	MongoDB - Save Scenario	END	1685820460955
REQUEST		MongoDB - Load	1685820460884	1685820460958	OK	 
USER	MongoDB - Load Scenario	END	1685820460959
USER	MySql - Load Scenario	START	1685820461083
USER	MongoDB - Save Scenario	START	1685820461084
USER	MySql - Save Scenario	START	1685820461085
USER	MongoDB - Load Scenario	START	1685820461086
REQUEST		MongoDB - Save	1685820461084	1685820461123	OK	 
USER	MongoDB - Save Scenario	END	1685820461124
REQUEST		MongoDB - Load	1685820461086	1685820461123	OK	 
USER	MongoDB - Load Scenario	END	1685820461124
USER	MySql - Load Scenario	START	1685820461283
USER	MySql - Save Scenario	START	1685820461284
USER	MongoDB - Load Scenario	START	1685820461284
USER	MongoDB - Save Scenario	START	1685820461286
REQUEST		MongoDB - Load	1685820461284	1685820461334	OK	 
USER	MongoDB - Load Scenario	END	1685820461335
REQUEST		MongoDB - Save	1685820461286	1685820461351	OK	 
USER	MongoDB - Save Scenario	END	1685820461351
REQUEST		MySql - Load	1685820457882	1685820461409	KO	status.find.in([200, 209], 304), found 500
USER	MySql - Load Scenario	END	1685820461410
USER	MySql - Load Scenario	START	1685820461483
USER	MongoDB - Save Scenario	START	1685820461483
USER	MySql - Save Scenario	START	1685820461490
USER	MongoDB - Load Scenario	START	1685820461491
REQUEST		MongoDB - Save	1685820461482	1685820461526	OK	 
USER	MongoDB - Save Scenario	END	1685820461527
REQUEST		MongoDB - Load	1685820461490	1685820461530	OK	 
USER	MongoDB - Load Scenario	END	1685820461531
REQUEST		MySql - Save	1685820454083	1685820461566	OK	 
USER	MySql - Save Scenario	END	1685820461567
REQUEST		MySql - Load	1685820457682	1685820461614	KO	status.find.in([200, 209], 304), found 500
USER	MySql - Load Scenario	END	1685820461615
USER	MongoDB - Save Scenario	START	1685820461683
USER	MySql - Load Scenario	START	1685820461683
USER	MongoDB - Load Scenario	START	1685820461684
USER	MySql - Save Scenario	START	1685820461684
REQUEST		MongoDB - Save	1685820461682	1685820461704	OK	 
USER	MongoDB - Save Scenario	END	1685820461705
REQUEST		MySql - Load	1685820458084	1685820461715	KO	status.find.in([200, 209], 304), found 500
REQUEST		MySql - Save	1685820456284	1685820461715	OK	 
USER	MySql - Load Scenario	END	1685820461716
USER	MySql - Save Scenario	END	1685820461716
REQUEST		MongoDB - Load	1685820461683	1685820461717	OK	 
USER	MongoDB - Load Scenario	END	1685820461718
USER	MySql - Load Scenario	START	1685820461883
USER	MySql - Save Scenario	START	1685820461883
USER	MongoDB - Save Scenario	START	1685820461884
USER	MongoDB - Load Scenario	START	1685820461885
REQUEST		MongoDB - Save	1685820461884	1685820461915	OK	 
USER	MongoDB - Save Scenario	END	1685820461916
REQUEST		MongoDB - Load	1685820461885	1685820461931	OK	 
USER	MongoDB - Load Scenario	END	1685820461932
REQUEST		MySql - Load	1685820458284	1685820461987	KO	status.find.in([200, 209], 304), found 500
USER	MySql - Load Scenario	END	1685820461987
USER	MongoDB - Save Scenario	START	1685820462083
USER	MongoDB - Load Scenario	START	1685820462083
USER	MySql - Load Scenario	START	1685820462084
USER	MySql - Save Scenario	START	1685820462085
REQUEST		MongoDB - Load	1685820462083	1685820462114	OK	 
USER	MongoDB - Load Scenario	END	1685820462115
REQUEST		MySql - Save	1685820453883	1685820462115	OK	 
USER	MySql - Save Scenario	END	1685820462116
REQUEST		MySql - Save	1685820458083	1685820462116	OK	 
USER	MySql - Save Scenario	END	1685820462117
REQUEST		MongoDB - Save	1685820462083	1685820462121	OK	 
USER	MongoDB - Save Scenario	END	1685820462121
REQUEST		MySql - Save	1685820457883	1685820462182	OK	 
USER	MySql - Save Scenario	END	1685820462183
USER	MySql - Load Scenario	START	1685820462283
USER	MySql - Save Scenario	START	1685820462283
USER	MongoDB - Save Scenario	START	1685820462284
USER	MongoDB - Load Scenario	START	1685820462285
REQUEST		MongoDB - Save	1685820462284	1685820462327	OK	 
USER	MongoDB - Save Scenario	END	1685820462328
REQUEST		MySql - Save	1685820457683	1685820462340	OK	 
USER	MySql - Save Scenario	END	1685820462341
REQUEST		MySql - Save	1685820457484	1685820462341	OK	 
USER	MySql - Save Scenario	END	1685820462341
REQUEST		MySql - Load	1685820458684	1685820462343	KO	status.find.in([200, 209], 304), found 500
USER	MySql - Load Scenario	END	1685820462343
REQUEST		MongoDB - Load	1685820462285	1685820462351	OK	 
USER	MongoDB - Load Scenario	END	1685820462352
USER	MySql - Load Scenario	START	1685820462483
USER	MySql - Save Scenario	START	1685820462483
USER	MongoDB - Load Scenario	START	1685820462484
USER	MongoDB - Save Scenario	START	1685820462485
REQUEST		MongoDB - Load	1685820462484	1685820462518	OK	 
USER	MongoDB - Load Scenario	END	1685820462519
REQUEST		MongoDB - Save	1685820462484	1685820462520	OK	 
USER	MongoDB - Save Scenario	END	1685820462520
REQUEST		MySql - Load	1685820458482	1685820462588	OK	 
REQUEST		MySql - Load	1685820458882	1685820462589	KO	status.find.in([200, 209], 304), found 500
USER	MySql - Load Scenario	END	1685820462589
USER	MySql - Load Scenario	END	1685820462590
USER	MySql - Save Scenario	START	1685820462683
USER	MongoDB - Load Scenario	START	1685820462684
USER	MongoDB - Save Scenario	START	1685820462684
USER	MySql - Load Scenario	START	1685820462685
REQUEST		MongoDB - Load	1685820462683	1685820462745	OK	 
USER	MongoDB - Load Scenario	END	1685820462746
REQUEST		MongoDB - Save	1685820462684	1685820462749	OK	 
USER	MongoDB - Save Scenario	END	1685820462749
USER	MongoDB - Save Scenario	START	1685820462883
USER	MySql - Load Scenario	START	1685820462883
USER	MySql - Save Scenario	START	1685820462884
USER	MongoDB - Load Scenario	START	1685820462884
REQUEST		MongoDB - Load	1685820462884	1685820462921	OK	 
USER	MongoDB - Load Scenario	END	1685820462922
REQUEST		MongoDB - Save	1685820462883	1685820462923	OK	 
USER	MongoDB - Save Scenario	END	1685820462924
REQUEST		MySql - Save	1685820456084	1685820462931	OK	 
USER	MySql - Save Scenario	END	1685820462931
REQUEST		MySql - Save	1685820458884	1685820462932	OK	 
USER	MySql - Save Scenario	END	1685820462932
REQUEST		MySql - Save	1685820454884	1685820462932	OK	 
USER	MySql - Save Scenario	END	1685820462933
REQUEST		MySql - Load	1685820459283	1685820462996	OK	 
USER	MySql - Load Scenario	END	1685820462997
USER	MongoDB - Save Scenario	START	1685820463083
USER	MySql - Save Scenario	START	1685820463083
USER	MySql - Load Scenario	START	1685820463084
USER	MongoDB - Load Scenario	START	1685820463084
REQUEST		MySql - Load	1685820459084	1685820463130	OK	 
USER	MySql - Load Scenario	END	1685820463131
REQUEST		MongoDB - Save	1685820463082	1685820463138	OK	 
USER	MongoDB - Save Scenario	END	1685820463139
REQUEST		MongoDB - Load	1685820463084	1685820463150	OK	 
USER	MongoDB - Load Scenario	END	1685820463150
USER	MySql - Save Scenario	START	1685820463283
USER	MongoDB - Load Scenario	START	1685820463284
USER	MongoDB - Save Scenario	START	1685820463285
USER	MySql - Load Scenario	START	1685820463288
REQUEST		MongoDB - Load	1685820463283	1685820463312	OK	 
USER	MongoDB - Load Scenario	END	1685820463312
REQUEST		MongoDB - Save	1685820463284	1685820463339	OK	 
USER	MongoDB - Save Scenario	END	1685820463340
REQUEST		MySql - Load	1685820459483	1685820463365	KO	status.find.in([200, 209], 304), found 500
USER	MySql - Load Scenario	END	1685820463366
USER	MySql - Load Scenario	START	1685820463483
USER	MongoDB - Load Scenario	START	1685820463484
USER	MongoDB - Save Scenario	START	1685820463485
USER	MySql - Save Scenario	START	1685820463486
REQUEST		MySql - Save	1685820459083	1685820463507	OK	 
USER	MySql - Save Scenario	END	1685820463508
REQUEST		MongoDB - Save	1685820463484	1685820463525	OK	 
USER	MongoDB - Save Scenario	END	1685820463526
REQUEST		MongoDB - Load	1685820463484	1685820463538	OK	 
USER	MongoDB - Load Scenario	END	1685820463539
REQUEST		MySql - Load	1685820459684	1685820463552	KO	status.find.in([200, 209], 304), found 500
USER	MySql - Load Scenario	END	1685820463553
REQUEST		MySql - Save	1685820459483	1685820463570	OK	 
USER	MySql - Save Scenario	END	1685820463570
USER	MySql - Save Scenario	START	1685820463683
USER	MongoDB - Save Scenario	START	1685820463684
USER	MongoDB - Load Scenario	START	1685820463685
USER	MySql - Load Scenario	START	1685820463685
REQUEST		MongoDB - Load	1685820463685	1685820463716	OK	 
REQUEST		MongoDB - Save	1685820463684	1685820463716	OK	 
USER	MongoDB - Save Scenario	END	1685820463717
USER	MongoDB - Load Scenario	END	1685820463717
REQUEST		MySql - Save	1685820455884	1685820463874	OK	 
USER	MySql - Save Scenario	END	1685820463875
REQUEST		MySql - Load	1685820460083	1685820463881	OK	 
USER	MongoDB - Load Scenario	START	1685820463882
REQUEST		MySql - Load	1685820459884	1685820463884	OK	 
USER	MySql - Load Scenario	END	1685820463884
USER	MySql - Load Scenario	START	1685820463885
USER	MySql - Load Scenario	END	1685820463885
USER	MongoDB - Save Scenario	START	1685820463886
REQUEST		MySql - Save	1685820459883	1685820463886	OK	 
USER	MySql - Save Scenario	END	1685820463887
USER	MySql - Save Scenario	START	1685820463888
REQUEST		MongoDB - Save	1685820463885	1685820463917	OK	 
USER	MongoDB - Save Scenario	END	1685820463918
REQUEST		MongoDB - Load	1685820463882	1685820463919	OK	 
USER	MongoDB - Load Scenario	END	1685820463919
REQUEST		MySql - Load	1685820460285	1685820464062	KO	status.find.in([200, 209], 304), found 500
USER	MySql - Load Scenario	END	1685820464062
USER	MongoDB - Save Scenario	START	1685820464082
USER	MongoDB - Load Scenario	START	1685820464082
USER	MySql - Save Scenario	START	1685820464083
USER	MySql - Load Scenario	START	1685820464084
REQUEST		MongoDB - Load	1685820464082	1685820464117	OK	 
USER	MongoDB - Load Scenario	END	1685820464119
REQUEST		MongoDB - Save	1685820464082	1685820464122	OK	 
USER	MongoDB - Save Scenario	END	1685820464122
REQUEST		MySql - Save	1685820460083	1685820464235	OK	 
USER	MySql - Save Scenario	END	1685820464236
USER	MongoDB - Save Scenario	START	1685820464283
USER	MongoDB - Load Scenario	START	1685820464283
USER	MySql - Save Scenario	START	1685820464283
USER	MySql - Load Scenario	START	1685820464284
REQUEST		MongoDB - Save	1685820464282	1685820464325	OK	 
USER	MongoDB - Save Scenario	END	1685820464326
REQUEST		MongoDB - Load	1685820464282	1685820464329	OK	 
USER	MongoDB - Load Scenario	END	1685820464330
REQUEST		MySql - Load	1685820460484	1685820464405	KO	status.find.in([200, 209], 304), found 500
USER	MySql - Load Scenario	END	1685820464405
REQUEST		MySql - Load	1685820460685	1685820464455	KO	status.find.in([200, 209], 304), found 500
USER	MySql - Load Scenario	END	1685820464457
USER	MongoDB - Load Scenario	START	1685820464483
USER	MySql - Save Scenario	START	1685820464483
USER	MongoDB - Save Scenario	START	1685820464484
USER	MySql - Load Scenario	START	1685820464484
REQUEST		MongoDB - Load	1685820464482	1685820464538	OK	 
USER	MongoDB - Load Scenario	END	1685820464539
REQUEST		MongoDB - Save	1685820464484	1685820464541	OK	 
USER	MongoDB - Save Scenario	END	1685820464542
REQUEST		MySql - Load	1685820460888	1685820464557	KO	status.find.in([200, 209], 304), found 500
USER	MySql - Load Scenario	END	1685820464558
REQUEST		MySql - Save	1685820457283	1685820464666	OK	 
USER	MySql - Save Scenario	END	1685820464666
USER	MongoDB - Save Scenario	START	1685820464682
USER	MongoDB - Load Scenario	START	1685820464682
USER	MySql - Load Scenario	START	1685820464683
USER	MySql - Save Scenario	START	1685820464685
REQUEST		MongoDB - Load	1685820464682	1685820464698	OK	 
USER	MongoDB - Load Scenario	END	1685820464699
REQUEST		MongoDB - Save	1685820464682	1685820464710	OK	 
USER	MongoDB - Save Scenario	END	1685820464711
REQUEST		MySql - Save	1685820458683	1685820464750	OK	 
USER	MySql - Save Scenario	END	1685820464750
REQUEST		MySql - Save	1685820460483	1685820464773	OK	 
USER	MySql - Save Scenario	END	1685820464773
USER	MongoDB - Load Scenario	START	1685820464883
USER	MySql - Load Scenario	START	1685820464883
USER	MongoDB - Save Scenario	START	1685820464884
USER	MySql - Save Scenario	START	1685820464885
REQUEST		MongoDB - Load	1685820464882	1685820464900	OK	 
USER	MongoDB - Load Scenario	END	1685820464901
REQUEST		MongoDB - Save	1685820464884	1685820464911	OK	 
USER	MongoDB - Save Scenario	END	1685820464911
REQUEST		MySql - Save	1685820460685	1685820464955	OK	 
USER	MySql - Save Scenario	END	1685820464955
REQUEST		MySql - Save	1685820459284	1685820464956	OK	 
USER	MySql - Save Scenario	END	1685820464957
REQUEST		MySql - Load	1685820461282	1685820464957	KO	status.find.in([200, 209], 304), found 500
USER	MySql - Load Scenario	END	1685820464958
REQUEST		MySql - Load	1685820461082	1685820464969	KO	status.find.in([200, 209], 304), found 500
USER	MySql - Load Scenario	END	1685820464969
REQUEST		MySql - Save	1685820460283	1685820465001	OK	 
USER	MySql - Save Scenario	END	1685820465002
USER	MySql - Save Scenario	START	1685820465082
USER	MySql - Load Scenario	START	1685820465082
USER	MongoDB - Save Scenario	START	1685820465083
USER	MongoDB - Load Scenario	START	1685820465085
REQUEST		MongoDB - Save	1685820465083	1685820465121	OK	 
USER	MongoDB - Save Scenario	END	1685820465122
REQUEST		MongoDB - Load	1685820465084	1685820465131	OK	 
USER	MongoDB - Load Scenario	END	1685820465132
REQUEST		MySql - Load	1685820461482	1685820465260	KO	status.find.in([200, 209], 304), found 500
USER	MySql - Load Scenario	END	1685820465261
REQUEST		MySql - Load	1685820461682	1685820465262	OK	 
USER	MySql - Load Scenario	END	1685820465262
REQUEST		MySql - Save	1685820459683	1685820465273	OK	 
USER	MySql - Save Scenario	END	1685820465273
REQUEST		MySql - Save	1685820461283	1685820465278	OK	 
USER	MySql - Save Scenario	END	1685820465279
USER	MySql - Save Scenario	START	1685820465282
USER	MongoDB - Load Scenario	START	1685820465283
USER	MySql - Load Scenario	START	1685820465286
USER	MongoDB - Save Scenario	START	1685820465286
REQUEST		MongoDB - Save	1685820465286	1685820465312	OK	 
USER	MongoDB - Save Scenario	END	1685820465313
REQUEST		MongoDB - Load	1685820465282	1685820465323	OK	 
USER	MongoDB - Load Scenario	END	1685820465323
USER	MySql - Save Scenario	START	1685820465483
USER	MongoDB - Save Scenario	START	1685820465483
USER	MongoDB - Load Scenario	START	1685820465484
USER	MySql - Load Scenario	START	1685820465484
REQUEST		MongoDB - Save	1685820465482	1685820465502	OK	 
USER	MongoDB - Save Scenario	END	1685820465503
REQUEST		MongoDB - Load	1685820465484	1685820465509	OK	 
USER	MongoDB - Load Scenario	END	1685820465510
REQUEST		MySql - Save	1685820461883	1685820465637	OK	 
USER	MySql - Save Scenario	END	1685820465638
REQUEST		MySql - Load	1685820462084	1685820465639	KO	status.find.in([200, 209], 304), found 500
USER	MySql - Load Scenario	END	1685820465639
REQUEST		MySql - Load	1685820461883	1685820465639	KO	status.find.in([200, 209], 304), found 500
USER	MySql - Load Scenario	END	1685820465640
USER	MySql - Load Scenario	START	1685820465683
USER	MongoDB - Save Scenario	START	1685820465683
USER	MongoDB - Load Scenario	START	1685820465683
USER	MySql - Save Scenario	START	1685820465684
REQUEST		MongoDB - Save	1685820465682	1685820465736	OK	 
USER	MongoDB - Save Scenario	END	1685820465739
REQUEST		MongoDB - Load	1685820465683	1685820465763	OK	 
USER	MongoDB - Load Scenario	END	1685820465764
REQUEST		MySql - Save	1685820458283	1685820465803	OK	 
USER	MySql - Save Scenario	END	1685820465804
REQUEST		MySql - Save	1685820461085	1685820465807	OK	 
USER	MySql - Save Scenario	END	1685820465807
REQUEST		MySql - Save	1685820461489	1685820465843	OK	 
USER	MySql - Save Scenario	END	1685820465844
USER	MySql - Save Scenario	START	1685820465882
USER	MySql - Load Scenario	START	1685820465882
USER	MongoDB - Save Scenario	START	1685820465883
USER	MongoDB - Load Scenario	START	1685820465884
REQUEST		MongoDB - Load	1685820465884	1685820465911	OK	 
USER	MongoDB - Load Scenario	END	1685820465912
REQUEST		MongoDB - Save	1685820465883	1685820465923	OK	 
USER	MongoDB - Save Scenario	END	1685820465923
USER	MongoDB - Load Scenario	START	1685820466083
USER	MySql - Load Scenario	START	1685820466083
USER	MongoDB - Save Scenario	START	1685820466084
USER	MySql - Save Scenario	START	1685820466085
REQUEST		MongoDB - Save	1685820466084	1685820466116	OK	 
USER	MongoDB - Save Scenario	END	1685820466117
REQUEST		MongoDB - Load	1685820466082	1685820466119	OK	 
USER	MongoDB - Load Scenario	END	1685820466120
REQUEST		MySql - Load	1685820462283	1685820466194	OK	 
USER	MySql - Load Scenario	END	1685820466194
REQUEST		MySql - Load	1685820462483	1685820466195	OK	 
USER	MySql - Load Scenario	END	1685820466195
REQUEST		MySql - Load	1685820462883	1685820466276	OK	 
USER	MySql - Load Scenario	END	1685820466277
REQUEST		MySql - Save	1685820462483	1685820466277	OK	 
USER	MySql - Save Scenario	END	1685820466278
REQUEST		MySql - Load	1685820462685	1685820466278	OK	 
USER	MySql - Load Scenario	END	1685820466278
USER	MySql - Save Scenario	START	1685820466282
USER	MongoDB - Save Scenario	START	1685820466283
USER	MongoDB - Load Scenario	START	1685820466284
USER	MySql - Load Scenario	START	1685820466285
REQUEST		MongoDB - Save	1685820466283	1685820466318	OK	 
REQUEST		MongoDB - Load	1685820466284	1685820466319	OK	 
USER	MongoDB - Save Scenario	END	1685820466319
USER	MongoDB - Load Scenario	END	1685820466319
REQUEST		MySql - Load	1685820463084	1685820466479	KO	status.find.in([200, 209], 304), found 500
USER	MySql - Load Scenario	END	1685820466479
USER	MySql - Load Scenario	START	1685820466483
USER	MongoDB - Load Scenario	START	1685820466483
USER	MongoDB - Save Scenario	START	1685820466484
USER	MySql - Save Scenario	START	1685820466485
REQUEST		MySql - Save	1685820458484	1685820466486	OK	 
USER	MySql - Save Scenario	END	1685820466487
REQUEST		MongoDB - Save	1685820466484	1685820466512	OK	 
USER	MongoDB - Save Scenario	END	1685820466513
REQUEST		MongoDB - Load	1685820466483	1685820466520	OK	 
USER	MongoDB - Load Scenario	END	1685820466520
REQUEST		MySql - Save	1685820462683	1685820466575	OK	 
USER	MySql - Save Scenario	END	1685820466576
REQUEST		MySql - Save	1685820463082	1685820466579	OK	 
USER	MySql - Save Scenario	END	1685820466579
USER	MySql - Save Scenario	START	1685820466683
USER	MongoDB - Save Scenario	START	1685820466683
USER	MySql - Load Scenario	START	1685820466684
USER	MongoDB - Load Scenario	START	1685820466684
REQUEST		MySql - Load	1685820463288	1685820466687	KO	status.find.in([200, 209], 304), found 500
USER	MySql - Load Scenario	END	1685820466689
REQUEST		MongoDB - Load	1685820466684	1685820466706	OK	 
USER	MongoDB - Load Scenario	END	1685820466706
REQUEST		MongoDB - Save	1685820466683	1685820466713	OK	 
USER	MongoDB - Save Scenario	END	1685820466714
USER	MySql - Load Scenario	START	1685820466883
USER	MySql - Save Scenario	START	1685820466884
USER	MongoDB - Save Scenario	START	1685820466884
USER	MongoDB - Load Scenario	START	1685820466886
REQUEST		MySql - Save	1685820463282	1685820466910	OK	 
USER	MySql - Save Scenario	END	1685820466911
REQUEST		MongoDB - Save	1685820466884	1685820466913	OK	 
USER	MongoDB - Save Scenario	END	1685820466913
REQUEST		MongoDB - Load	1685820466886	1685820466915	OK	 
USER	MongoDB - Load Scenario	END	1685820466915
REQUEST		MySql - Load	1685820463685	1685820466926	KO	status.find.in([200, 209], 304), found 500
USER	MySql - Load Scenario	END	1685820466927
REQUEST		MySql - Load	1685820463482	1685820466929	OK	 
USER	MySql - Load Scenario	END	1685820466930
USER	MySql - Save Scenario	START	1685820467083
USER	MySql - Load Scenario	START	1685820467083
USER	MongoDB - Load Scenario	START	1685820467083
USER	MongoDB - Save Scenario	START	1685820467083
REQUEST		MongoDB - Load	1685820467083	1685820467123	OK	 
USER	MongoDB - Load Scenario	END	1685820467124
REQUEST		MongoDB - Save	1685820467083	1685820467134	OK	 
USER	MongoDB - Save Scenario	END	1685820467134
REQUEST		MySql - Save	1685820463486	1685820467245	OK	 
USER	MySql - Save Scenario	END	1685820467246
REQUEST		MySql - Load	1685820463885	1685820467246	KO	status.find.in([200, 209], 304), found 500
USER	MySql - Load Scenario	END	1685820467247
USER	MySql - Save Scenario	START	1685820467283
USER	MongoDB - Save Scenario	START	1685820467283
USER	MySql - Load Scenario	START	1685820467284
USER	MongoDB - Load Scenario	START	1685820467287
REQUEST		MongoDB - Save	1685820467283	1685820467328	OK	 
USER	MongoDB - Save Scenario	END	1685820467329
REQUEST		MongoDB - Load	1685820467283	1685820467342	OK	 
USER	MongoDB - Load Scenario	END	1685820467342
USER	MongoDB - Save Scenario	START	1685820467483
USER	MySql - Save Scenario	START	1685820467483
USER	MongoDB - Load Scenario	START	1685820467484
USER	MySql - Load Scenario	START	1685820467484
REQUEST		MongoDB - Load	1685820467484	1685820467517	OK	 
USER	MongoDB - Load Scenario	END	1685820467517
REQUEST		MongoDB - Save	1685820467483	1685820467526	OK	 
USER	MongoDB - Save Scenario	END	1685820467526
USER	MongoDB - Save Scenario	START	1685820467683
USER	MySql - Save Scenario	START	1685820467683
USER	MongoDB - Load Scenario	START	1685820467684
USER	MySql - Load Scenario	START	1685820467685
REQUEST		MySql - Save	1685820464083	1685820467712	OK	 
USER	MySql - Save Scenario	END	1685820467713
REQUEST		MongoDB - Save	1685820467683	1685820467713	OK	 
REQUEST		MongoDB - Load	1685820467684	1685820467713	OK	 
USER	MongoDB - Save Scenario	END	1685820467715
USER	MongoDB - Load Scenario	END	1685820467715
REQUEST		MySql - Load	1685820464683	1685820467719	KO	status.find.in([200, 209], 304), found 500
REQUEST		MySql - Save	1685820463887	1685820467719	OK	 
USER	MySql - Save Scenario	END	1685820467719
USER	MySql - Load Scenario	END	1685820467719
REQUEST		MySql - Load	1685820464084	1685820467726	KO	status.find.in([200, 209], 304), found 500
USER	MySql - Load Scenario	END	1685820467727
REQUEST		MySql - Load	1685820464484	1685820467729	KO	status.find.in([200, 209], 304), found 500
USER	MySql - Load Scenario	END	1685820467729
REQUEST		MySql - Load	1685820464283	1685820467769	KO	status.find.in([200, 209], 304), found 500
USER	MySql - Load Scenario	END	1685820467770
REQUEST		MySql - Save	1685820460889	1685820467771	OK	 
USER	MySql - Save Scenario	END	1685820467772
REQUEST		MySql - Save	1685820463683	1685820467785	OK	 
USER	MySql - Save Scenario	END	1685820467786
USER	MySql - Save Scenario	START	1685820467882
USER	MySql - Load Scenario	START	1685820467883
USER	MongoDB - Save Scenario	START	1685820467885
USER	MongoDB - Load Scenario	START	1685820467886
REQUEST		MySql - Save	1685820462883	1685820467888	OK	 
USER	MySql - Save Scenario	END	1685820467889
REQUEST		MongoDB - Load	1685820467886	1685820467921	OK	 
USER	MongoDB - Load Scenario	END	1685820467922
REQUEST		MongoDB - Save	1685820467885	1685820467923	OK	 
USER	MongoDB - Save Scenario	END	1685820467924
REQUEST		MySql - Save	1685820462283	1685820468043	OK	 
USER	MySql - Save Scenario	END	1685820468043
REQUEST		MySql - Load	1685820464882	1685820468054	KO	status.find.in([200, 209], 304), found 500
USER	MySql - Load Scenario	END	1685820468055
USER	MySql - Save Scenario	START	1685820468082
USER	MongoDB - Save Scenario	START	1685820468082
USER	MySql - Load Scenario	START	1685820468083
USER	MongoDB - Load Scenario	START	1685820468083
REQUEST		MongoDB - Save	1685820468082	1685820468101	OK	 
USER	MongoDB - Save Scenario	END	1685820468101
REQUEST		MongoDB - Load	1685820468083	1685820468105	OK	 
USER	MongoDB - Load Scenario	END	1685820468105
REQUEST		MySql - Load	1685820465082	1685820468258	KO	status.find.in([200, 209], 304), found 500
USER	MySql - Load Scenario	END	1685820468258
USER	MongoDB - Load Scenario	START	1685820468282
USER	MySql - Save Scenario	START	1685820468282
USER	MySql - Load Scenario	START	1685820468283
USER	MongoDB - Save Scenario	START	1685820468283
REQUEST		MongoDB - Save	1685820468283	1685820468308	OK	 
USER	MongoDB - Save Scenario	END	1685820468308
REQUEST		MongoDB - Load	1685820468282	1685820468309	OK	 
USER	MongoDB - Load Scenario	END	1685820468309
REQUEST		MySql - Save	1685820464684	1685820468368	OK	 
USER	MySql - Save Scenario	END	1685820468369
REQUEST		MySql - Save	1685820461684	1685820468391	OK	 
USER	MySql - Save Scenario	END	1685820468392
REQUEST		MySql - Load	1685820465285	1685820468433	KO	status.find.in([200, 209], 304), found 500
USER	MySql - Load Scenario	END	1685820468434
USER	MongoDB - Save Scenario	START	1685820468483
USER	MySql - Load Scenario	START	1685820468484
USER	MongoDB - Load Scenario	START	1685820468491
USER	MySql - Save Scenario	START	1685820468491
REQUEST		MongoDB - Save	1685820468482	1685820468500	OK	 
USER	MongoDB - Save Scenario	END	1685820468501
REQUEST		MongoDB - Load	1685820468491	1685820468513	OK	 
USER	MongoDB - Load Scenario	END	1685820468513
REQUEST		MySql - Load	1685820465682	1685820468644	KO	status.find.in([200, 209], 304), found 500
USER	MySql - Load Scenario	END	1685820468645
REQUEST		MySql - Load	1685820465484	1685820468646	OK	 
REQUEST		MySql - Save	1685820462085	1685820468645	OK	 
USER	MySql - Load Scenario	END	1685820468646
USER	MySql - Save Scenario	END	1685820468646
REQUEST		MySql - Save	1685820465282	1685820468647	OK	 
USER	MySql - Save Scenario	END	1685820468647
USER	MySql - Save Scenario	START	1685820468683
USER	MySql - Load Scenario	START	1685820468682
USER	MongoDB - Load Scenario	START	1685820468685
USER	MongoDB - Save Scenario	START	1685820468686
REQUEST		MongoDB - Load	1685820468685	1685820468701	OK	 
USER	MongoDB - Load Scenario	END	1685820468702
REQUEST		MongoDB - Save	1685820468685	1685820468712	OK	 
USER	MongoDB - Save Scenario	END	1685820468712
REQUEST		MySql - Save	1685820464283	1685820468714	OK	 
USER	MySql - Save Scenario	END	1685820468714
USER	MySql - Load Scenario	START	1685820468883
USER	MySql - Save Scenario	START	1685820468884
USER	MongoDB - Load Scenario	START	1685820468885
USER	MongoDB - Save Scenario	START	1685820468886
REQUEST		MongoDB - Save	1685820468886	1685820468906	OK	 
USER	MongoDB - Save Scenario	END	1685820468906
REQUEST		MongoDB - Load	1685820468885	1685820468913	OK	 
USER	MongoDB - Load Scenario	END	1685820468914
REQUEST		MySql - Save	1685820465882	1685820468958	OK	 
USER	MySql - Save Scenario	END	1685820468959
REQUEST		MySql - Save	1685820465482	1685820468959	OK	 
USER	MySql - Save Scenario	END	1685820468959
REQUEST		MySql - Load	1685820466083	1685820468959	KO	status.find.in([200, 209], 304), found 500
USER	MySql - Load Scenario	END	1685820468960
REQUEST		MySql - Load	1685820465882	1685820468965	KO	status.find.in([200, 209], 304), found 500
USER	MySql - Load Scenario	END	1685820468966
USER	MySql - Save Scenario	START	1685820469083
USER	MongoDB - Load Scenario	START	1685820469084
USER	MongoDB - Save Scenario	START	1685820469085
USER	MySql - Load Scenario	START	1685820469086
REQUEST		MongoDB - Load	1685820469083	1685820469101	OK	 
USER	MongoDB - Load Scenario	END	1685820469101
REQUEST		MongoDB - Save	1685820469085	1685820469108	OK	 
USER	MongoDB - Save Scenario	END	1685820469108
USER	MongoDB - Load Scenario	START	1685820469283
USER	MongoDB - Save Scenario	START	1685820469284
USER	MySql - Load Scenario	START	1685820469285
USER	MySql - Save Scenario	START	1685820469286
REQUEST		MongoDB - Save	1685820469283	1685820469315	OK	 
USER	MongoDB - Save Scenario	END	1685820469315
REQUEST		MongoDB - Load	1685820469283	1685820469318	OK	 
USER	MongoDB - Load Scenario	END	1685820469318
REQUEST		MySql - Load	1685820466482	1685820469367	KO	status.find.in([200, 209], 304), found 500
USER	MySql - Load Scenario	END	1685820469367
REQUEST		MySql - Load	1685820467083	1685820469451	KO	status.find.in([200, 209], 304), found 500
USER	MySql - Load Scenario	END	1685820469452
USER	MySql - Save Scenario	START	1685820469483
USER	MongoDB - Save Scenario	START	1685820469484
USER	MySql - Load Scenario	START	1685820469485
USER	MongoDB - Load Scenario	START	1685820469486
REQUEST		MongoDB - Save	1685820469483	1685820469509	OK	 
USER	MongoDB - Save Scenario	END	1685820469509
REQUEST		MongoDB - Load	1685820469486	1685820469516	OK	 
USER	MongoDB - Load Scenario	END	1685820469516
REQUEST		MySql - Load	1685820466285	1685820469630	KO	status.find.in([200, 209], 304), found 500
USER	MySql - Load Scenario	END	1685820469631
REQUEST		MySql - Load	1685820466883	1685820469632	KO	status.find.in([200, 209], 304), found 500
USER	MySql - Load Scenario	END	1685820469632
REQUEST		MySql - Load	1685820466684	1685820469633	KO	status.find.in([200, 209], 304), found 500
USER	MySql - Load Scenario	END	1685820469634
REQUEST		MySql - Save	1685820466682	1685820469642	OK	 
REQUEST		MySql - Save	1685820467083	1685820469643	OK	 
USER	MySql - Save Scenario	END	1685820469646
USER	MySql - Save Scenario	END	1685820469646
USER	MySql - Save Scenario	START	1685820469683
USER	MongoDB - Load Scenario	START	1685820469683
USER	MySql - Load Scenario	START	1685820469685
USER	MongoDB - Save Scenario	START	1685820469688
REQUEST		MongoDB - Save	1685820469688	1685820469724	OK	 
USER	MongoDB - Save Scenario	END	1685820469724
REQUEST		MongoDB - Load	1685820469683	1685820469728	OK	 
USER	MongoDB - Load Scenario	END	1685820469729
USER	MySql - Load Scenario	START	1685820469883
USER	MySql - Save Scenario	START	1685820469884
USER	MongoDB - Save Scenario	START	1685820469885
USER	MongoDB - Load Scenario	START	1685820469886
REQUEST		MongoDB - Save	1685820469885	1685820469907	OK	 
USER	MongoDB - Save Scenario	END	1685820469908
REQUEST		MongoDB - Load	1685820469886	1685820469909	OK	 
USER	MongoDB - Load Scenario	END	1685820469910
REQUEST		MySql - Save	1685820466485	1685820470055	OK	 
USER	MySql - Save Scenario	END	1685820470055
REQUEST		MySql - Load	1685820467284	1685820470063	KO	status.find.in([200, 209], 304), found 500
USER	MySql - Load Scenario	END	1685820470064
REQUEST		MySql - Load	1685820467685	1685820470065	KO	status.find.in([200, 209], 304), found 500
USER	MySql - Load Scenario	END	1685820470065
REQUEST		MySql - Load	1685820467483	1685820470066	KO	status.find.in([200, 209], 304), found 500
USER	MySql - Load Scenario	END	1685820470067
USER	MySql - Load Scenario	START	1685820470083
USER	MongoDB - Save Scenario	START	1685820470084
USER	MySql - Save Scenario	START	1685820470084
USER	MongoDB - Load Scenario	START	1685820470085
REQUEST		MongoDB - Save	1685820470084	1685820470111	OK	 
USER	MongoDB - Save Scenario	END	1685820470112
REQUEST		MongoDB - Load	1685820470085	1685820470122	OK	 
USER	MongoDB - Load Scenario	END	1685820470122
REQUEST		MySql - Save	1685820464483	1685820470161	OK	 
USER	MySql - Save Scenario	END	1685820470161
USER	MySql - Load Scenario	START	1685820470283
USER	MongoDB - Save Scenario	START	1685820470283
USER	MySql - Save Scenario	START	1685820470284
USER	MongoDB - Load Scenario	START	1685820470284
REQUEST		MongoDB - Save	1685820470283	1685820470306	OK	 
USER	MongoDB - Save Scenario	END	1685820470307
REQUEST		MongoDB - Load	1685820470284	1685820470309	OK	 
USER	MongoDB - Load Scenario	END	1685820470309
USER	MySql - Load Scenario	START	1685820470483
USER	MongoDB - Save Scenario	START	1685820470484
USER	MongoDB - Load Scenario	START	1685820470484
USER	MySql - Save Scenario	START	1685820470486
REQUEST		MongoDB - Save	1685820470483	1685820470508	OK	 
USER	MongoDB - Save Scenario	END	1685820470508
REQUEST		MongoDB - Load	1685820470484	1685820470512	OK	 
USER	MongoDB - Load Scenario	END	1685820470513
REQUEST		MySql - Load	1685820468083	1685820470526	KO	status.find.in([200, 209], 304), found 500
USER	MySql - Load Scenario	END	1685820470527
REQUEST		MySql - Save	1685820467683	1685820470527	OK	 
USER	MySql - Save Scenario	END	1685820470527
REQUEST		MySql - Save	1685820467483	1685820470528	OK	 
USER	MySql - Save Scenario	END	1685820470528
REQUEST		MySql - Load	1685820467883	1685820470538	KO	status.find.in([200, 209], 304), found 500
USER	MySql - Load Scenario	END	1685820470539
REQUEST		MySql - Load	1685820468283	1685820470673	KO	status.find.in([200, 209], 304), found 500
USER	MySql - Load Scenario	END	1685820470674
REQUEST		MySql - Load	1685820468484	1685820470773	KO	status.find.in([200, 209], 304), found 500
USER	MySql - Load Scenario	END	1685820470774
REQUEST		MySql - Save	1685820466082	1685820470860	OK	 
USER	MySql - Save Scenario	END	1685820470860
REQUEST		MySql - Load	1685820468682	1685820471020	KO	status.find.in([200, 209], 304), found 500
USER	MySql - Load Scenario	END	1685820471021
REQUEST		MySql - Save	1685820464885	1685820471021	OK	 
USER	MySql - Save Scenario	END	1685820471022
REQUEST		MySql - Load	1685820468882	1685820471153	KO	status.find.in([200, 209], 304), found 500
USER	MySql - Load Scenario	END	1685820471153
REQUEST		MySql - Save	1685820468082	1685820471156	OK	 
USER	MySql - Save Scenario	END	1685820471157
REQUEST		MySql - Save	1685820468491	1685820471159	OK	 
USER	MySql - Save Scenario	END	1685820471159
REQUEST		MySql - Load	1685820469086	1685820471258	KO	status.find.in([200, 209], 304), found 500
USER	MySql - Load Scenario	END	1685820471259
REQUEST		MySql - Save	1685820467882	1685820471468	OK	 
USER	MySql - Save Scenario	END	1685820471469
REQUEST		MySql - Load	1685820469285	1685820471469	KO	status.find.in([200, 209], 304), found 500
USER	MySql - Load Scenario	END	1685820471470
REQUEST		MySql - Load	1685820469485	1685820471645	KO	status.find.in([200, 209], 304), found 500
USER	MySql - Load Scenario	END	1685820471646
REQUEST		MySql - Load	1685820469684	1685820471661	KO	status.find.in([200, 209], 304), found 500
USER	MySql - Load Scenario	END	1685820471661
REQUEST		MySql - Save	1685820465682	1685820471787	OK	 
USER	MySql - Save Scenario	END	1685820471787
REQUEST		MySql - Load	1685820469883	1685820471789	KO	status.find.in([200, 209], 304), found 500
USER	MySql - Load Scenario	END	1685820471789
REQUEST		MySql - Save	1685820465082	1685820471874	OK	 
USER	MySql - Save Scenario	END	1685820471875
REQUEST		MySql - Load	1685820470283	1685820472025	KO	status.find.in([200, 209], 304), found 500
USER	MySql - Load Scenario	END	1685820472026
REQUEST		MySql - Save	1685820469482	1685820472132	OK	 
USER	MySql - Save Scenario	END	1685820472133
REQUEST		MySql - Load	1685820470083	1685820472139	KO	status.find.in([200, 209], 304), found 500
USER	MySql - Load Scenario	END	1685820472139
REQUEST		MySql - Save	1685820469082	1685820472146	OK	 
USER	MySql - Save Scenario	END	1685820472147
REQUEST		MySql - Load	1685820470483	1685820472147	KO	status.find.in([200, 209], 304), found 500
USER	MySql - Load Scenario	END	1685820472147
REQUEST		MySql - Save	1685820470284	1685820472400	OK	 
USER	MySql - Save Scenario	END	1685820472401
REQUEST		MySql - Save	1685820470486	1685820472442	OK	 
USER	MySql - Save Scenario	END	1685820472443
REQUEST		MySql - Save	1685820469682	1685820472531	OK	 
USER	MySql - Save Scenario	END	1685820472532
REQUEST		MySql - Save	1685820468282	1685820472618	OK	 
USER	MySql - Save Scenario	END	1685820472619
REQUEST		MySql - Save	1685820466883	1685820472642	OK	 
USER	MySql - Save Scenario	END	1685820472642
REQUEST		MySql - Save	1685820470084	1685820472702	OK	 
USER	MySql - Save Scenario	END	1685820472702
REQUEST		MySql - Save	1685820469286	1685820472801	OK	 
USER	MySql - Save Scenario	END	1685820472802
REQUEST		MySql - Save	1685820468883	1685820472814	OK	 
USER	MySql - Save Scenario	END	1685820472814
REQUEST		MySql - Save	1685820466282	1685820472832	OK	 
USER	MySql - Save Scenario	END	1685820472832
REQUEST		MySql - Save	1685820467282	1685820472928	OK	 
USER	MySql - Save Scenario	END	1685820472929
REQUEST		MySql - Save	1685820469884	1685820472991	OK	 
USER	MySql - Save Scenario	END	1685820472992
REQUEST		MySql - Save	1685820468683	1685820473113	OK	 
USER	MySql - Save Scenario	END	1685820473113
