RUN	gatling.SpikeSpec	spikespec	1685816757100	 	3.9.5
USER	MongoDB - Save Scenario	START	1685816758053
USER	MySql - Save Scenario	START	1685816758065
USER	MySql - Load Scenario	START	1685816758051
USER	MongoDB - Load Scenario	START	1685816758092
REQUEST		MongoDB - Load	1685816758091	1685816759919	KO	status.find.in([200, 209], 304), found 500
USER	MongoDB - Load Scenario	END	1685816759949
REQUEST		MongoDB - Save	1685816758049	1685816759906	OK	 
USER	MongoDB - Save Scenario	END	1685816759962
REQUEST		MySql - Load	1685816758049	1685816760300	KO	status.find.in([200, 209], 304), found 500
USER	MySql - Load Scenario	END	1685816760302
REQUEST		MySql - Save	1685816758065	1685816761120	OK	 
USER	MySql - Save Scenario	END	1685816761121
USER	MongoDB - Load Scenario	START	1685816763004
USER	MySql - Save Scenario	START	1685816763009
USER	MongoDB - Save Scenario	START	1685816763010
USER	MySql - Load Scenario	START	1685816763012
REQUEST		MongoDB - Load	1685816763003	1685816763213	OK	 
USER	MongoDB - Load Scenario	END	1685816763215
REQUEST		MongoDB - Save	1685816763010	1685816763216	OK	 
USER	MongoDB - Save Scenario	END	1685816763217
REQUEST		MySql - Load	1685816763012	1685816763344	OK	 
USER	MySql - Load Scenario	END	1685816763345
REQUEST		MySql - Save	1685816763009	1685816763941	OK	 
USER	MySql - Save Scenario	END	1685816763942
USER	MongoDB - Save Scenario	START	1685816768004
USER	MongoDB - Save Scenario	START	1685816768005
USER	MongoDB - Save Scenario	START	1685816768005
USER	MongoDB - Save Scenario	START	1685816768005
USER	MongoDB - Save Scenario	START	1685816768005
USER	MongoDB - Save Scenario	START	1685816768006
USER	MongoDB - Save Scenario	START	1685816768006
USER	MongoDB - Save Scenario	START	1685816768006
USER	MongoDB - Save Scenario	START	1685816768006
USER	MongoDB - Save Scenario	START	1685816768007
USER	MongoDB - Save Scenario	START	1685816768007
USER	MySql - Save Scenario	START	1685816768007
USER	MongoDB - Save Scenario	START	1685816768007
USER	MongoDB - Save Scenario	START	1685816768008
USER	MySql - Save Scenario	START	1685816768008
USER	MongoDB - Save Scenario	START	1685816768008
USER	MongoDB - Save Scenario	START	1685816768008
USER	MongoDB - Save Scenario	START	1685816768010
USER	MongoDB - Save Scenario	START	1685816768010
USER	MongoDB - Save Scenario	START	1685816768010
USER	MongoDB - Save Scenario	START	1685816768010
USER	MongoDB - Save Scenario	START	1685816768011
USER	MongoDB - Save Scenario	START	1685816768011
USER	MongoDB - Save Scenario	START	1685816768011
USER	MongoDB - Save Scenario	START	1685816768012
USER	MongoDB - Save Scenario	START	1685816768012
USER	MongoDB - Save Scenario	START	1685816768013
USER	MySql - Save Scenario	START	1685816768014
USER	MongoDB - Save Scenario	START	1685816768015
USER	MySql - Save Scenario	START	1685816768015
USER	MongoDB - Save Scenario	START	1685816768015
USER	MongoDB - Save Scenario	START	1685816768016
USER	MongoDB - Save Scenario	START	1685816768016
USER	MongoDB - Save Scenario	START	1685816768017
USER	MySql - Save Scenario	START	1685816768017
USER	MongoDB - Save Scenario	START	1685816768017
USER	MySql - Save Scenario	START	1685816768018
USER	MySql - Save Scenario	START	1685816768018
USER	MySql - Save Scenario	START	1685816768018
USER	MongoDB - Save Scenario	START	1685816768018
USER	MongoDB - Save Scenario	START	1685816768019
USER	MongoDB - Save Scenario	START	1685816768019
USER	MongoDB - Save Scenario	START	1685816768019
USER	MySql - Save Scenario	START	1685816768020
USER	MongoDB - Save Scenario	START	1685816768020
USER	MySql - Save Scenario	START	1685816768020
USER	MongoDB - Save Scenario	START	1685816768021
USER	MongoDB - Save Scenario	START	1685816768022
USER	MongoDB - Save Scenario	START	1685816768022
USER	MySql - Save Scenario	START	1685816768021
USER	MySql - Save Scenario	START	1685816768022
USER	MongoDB - Save Scenario	START	1685816768027
USER	MongoDB - Save Scenario	START	1685816768024
USER	MongoDB - Save Scenario	START	1685816768023
USER	MySql - Save Scenario	START	1685816768027
USER	MongoDB - Save Scenario	START	1685816768028
USER	MySql - Save Scenario	START	1685816768029
USER	MongoDB - Save Scenario	START	1685816768029
USER	MySql - Save Scenario	START	1685816768030
USER	MongoDB - Save Scenario	START	1685816768031
USER	MySql - Save Scenario	START	1685816768039
USER	MySql - Load Scenario	START	1685816768034
USER	MySql - Load Scenario	START	1685816768039
USER	MySql - Save Scenario	START	1685816768040
USER	MongoDB - Save Scenario	START	1685816768040
USER	MySql - Save Scenario	START	1685816768046
USER	MongoDB - Save Scenario	START	1685816768046
USER	MySql - Load Scenario	START	1685816768047
USER	MySql - Save Scenario	START	1685816768048
USER	MongoDB - Save Scenario	START	1685816768053
USER	MySql - Load Scenario	START	1685816768054
USER	MongoDB - Save Scenario	START	1685816768056
USER	MongoDB - Save Scenario	START	1685816768058
USER	MongoDB - Save Scenario	START	1685816768057
USER	MongoDB - Load Scenario	START	1685816768059
USER	MySql - Save Scenario	START	1685816768060
USER	MySql - Load Scenario	START	1685816768061
USER	MySql - Save Scenario	START	1685816768061
USER	MySql - Load Scenario	START	1685816768060
USER	MongoDB - Save Scenario	START	1685816768062
USER	MongoDB - Save Scenario	START	1685816768069
USER	MongoDB - Load Scenario	START	1685816768063
USER	MySql - Load Scenario	START	1685816768071
USER	MySql - Save Scenario	START	1685816768072
USER	MongoDB - Save Scenario	START	1685816768072
USER	MongoDB - Save Scenario	START	1685816768072
USER	MongoDB - Load Scenario	START	1685816768077
USER	MySql - Load Scenario	START	1685816768079
USER	MongoDB - Save Scenario	START	1685816768080
USER	MongoDB - Load Scenario	START	1685816768080
USER	MySql - Save Scenario	START	1685816768080
USER	MySql - Load Scenario	START	1685816768081
USER	MongoDB - Save Scenario	START	1685816768081
USER	MongoDB - Load Scenario	START	1685816768082
USER	MongoDB - Save Scenario	START	1685816768082
USER	MongoDB - Load Scenario	START	1685816768083
USER	MySql - Load Scenario	START	1685816768083
USER	MySql - Save Scenario	START	1685816768083
USER	MongoDB - Save Scenario	START	1685816768084
USER	MongoDB - Load Scenario	START	1685816768084
USER	MySql - Save Scenario	START	1685816768073
USER	MySql - Load Scenario	START	1685816768078
USER	MongoDB - Save Scenario	START	1685816768093
USER	MySql - Save Scenario	START	1685816768087
USER	MySql - Load Scenario	START	1685816768095
USER	MongoDB - Save Scenario	START	1685816768094
USER	MongoDB - Save Scenario	START	1685816768096
USER	MySql - Load Scenario	START	1685816768097
USER	MongoDB - Save Scenario	START	1685816768098
USER	MySql - Save Scenario	START	1685816768098
USER	MongoDB - Save Scenario	START	1685816768105
USER	MongoDB - Save Scenario	START	1685816768099
USER	MySql - Save Scenario	START	1685816768105
USER	MySql - Load Scenario	START	1685816768106
USER	MongoDB - Load Scenario	START	1685816768107
USER	MySql - Save Scenario	START	1685816768107
USER	MySql - Load Scenario	START	1685816768109
USER	MongoDB - Save Scenario	START	1685816768109
USER	MongoDB - Save Scenario	START	1685816768110
USER	MySql - Load Scenario	START	1685816768110
USER	MongoDB - Save Scenario	START	1685816768102
USER	MongoDB - Load Scenario	START	1685816768102
USER	MySql - Save Scenario	START	1685816768112
USER	MongoDB - Save Scenario	START	1685816768113
USER	MongoDB - Save Scenario	START	1685816768114
USER	MySql - Save Scenario	START	1685816768114
USER	MongoDB - Load Scenario	START	1685816768111
USER	MySql - Save Scenario	START	1685816768117
USER	MongoDB - Save Scenario	START	1685816768116
USER	MongoDB - Save Scenario	START	1685816768117
USER	MongoDB - Load Scenario	START	1685816768118
USER	MySql - Load Scenario	START	1685816768118
USER	MongoDB - Save Scenario	START	1685816768119
USER	MongoDB - Save Scenario	START	1685816768119
USER	MySql - Load Scenario	START	1685816768115
USER	MySql - Load Scenario	START	1685816768115
USER	MongoDB - Load Scenario	START	1685816768121
USER	MySql - Save Scenario	START	1685816768120
USER	MySql - Save Scenario	START	1685816768121
USER	MongoDB - Load Scenario	START	1685816768122
USER	MongoDB - Save Scenario	START	1685816768122
USER	MongoDB - Load Scenario	START	1685816768123
USER	MongoDB - Load Scenario	START	1685816768123
USER	MongoDB - Save Scenario	START	1685816768130
USER	MongoDB - Save Scenario	START	1685816768129
USER	MySql - Save Scenario	START	1685816768123
USER	MySql - Load Scenario	START	1685816768131
USER	MySql - Load Scenario	START	1685816768131
USER	MongoDB - Load Scenario	START	1685816768132
USER	MongoDB - Save Scenario	START	1685816768132
USER	MongoDB - Load Scenario	START	1685816768133
USER	MySql - Save Scenario	START	1685816768133
USER	MongoDB - Save Scenario	START	1685816768137
USER	MongoDB - Save Scenario	START	1685816768138
USER	MongoDB - Load Scenario	START	1685816768138
USER	MongoDB - Load Scenario	START	1685816768139
USER	MongoDB - Load Scenario	START	1685816768141
USER	MongoDB - Save Scenario	START	1685816768123
USER	MongoDB - Load Scenario	START	1685816768141
USER	MySql - Load Scenario	START	1685816768146
USER	MySql - Save Scenario	START	1685816768147
USER	MongoDB - Save Scenario	START	1685816768142
USER	MySql - Save Scenario	START	1685816768142
USER	MongoDB - Save Scenario	START	1685816768151
USER	MongoDB - Load Scenario	START	1685816768152
USER	MongoDB - Save Scenario	START	1685816768152
USER	MongoDB - Load Scenario	START	1685816768153
USER	MySql - Save Scenario	START	1685816768162
USER	MySql - Load Scenario	START	1685816768163
USER	MongoDB - Save Scenario	START	1685816768163
USER	MongoDB - Load Scenario	START	1685816768164
USER	MySql - Save Scenario	START	1685816768164
USER	MySql - Load Scenario	START	1685816768165
USER	MySql - Save Scenario	START	1685816768165
USER	MongoDB - Save Scenario	START	1685816768165
USER	MySql - Save Scenario	START	1685816768166
USER	MongoDB - Save Scenario	START	1685816768167
USER	MongoDB - Load Scenario	START	1685816768162
USER	MongoDB - Load Scenario	START	1685816768167
USER	MongoDB - Save Scenario	START	1685816768171
USER	MySql - Load Scenario	START	1685816768171
USER	MongoDB - Load Scenario	START	1685816768171
USER	MySql - Load Scenario	START	1685816768172
USER	MongoDB - Save Scenario	START	1685816768172
USER	MongoDB - Save Scenario	START	1685816768172
USER	MongoDB - Load Scenario	START	1685816768173
USER	MySql - Save Scenario	START	1685816768172
USER	MySql - Load Scenario	START	1685816768173
USER	MySql - Save Scenario	START	1685816768174
USER	MongoDB - Load Scenario	START	1685816768174
USER	MongoDB - Save Scenario	START	1685816768174
USER	MongoDB - Load Scenario	START	1685816768175
USER	MongoDB - Save Scenario	START	1685816768175
USER	MongoDB - Load Scenario	START	1685816768175
USER	MongoDB - Save Scenario	START	1685816768176
USER	MongoDB - Load Scenario	START	1685816768176
USER	MongoDB - Load Scenario	START	1685816768174
USER	MongoDB - Save Scenario	START	1685816768180
USER	MySql - Load Scenario	START	1685816768181
USER	MongoDB - Load Scenario	START	1685816768181
USER	MongoDB - Load Scenario	START	1685816768182
USER	MySql - Save Scenario	START	1685816768182
USER	MySql - Save Scenario	START	1685816768183
USER	MongoDB - Save Scenario	START	1685816768184
USER	MySql - Load Scenario	START	1685816768184
USER	MongoDB - Load Scenario	START	1685816768186
USER	MongoDB - Load Scenario	START	1685816768186
USER	MongoDB - Save Scenario	START	1685816768189
USER	MySql - Save Scenario	START	1685816768190
USER	MongoDB - Load Scenario	START	1685816768194
USER	MongoDB - Load Scenario	START	1685816768194
USER	MySql - Save Scenario	START	1685816768201
USER	MySql - Load Scenario	START	1685816768203
USER	MongoDB - Save Scenario	START	1685816768203
USER	MongoDB - Load Scenario	START	1685816768204
USER	MySql - Load Scenario	START	1685816768205
USER	MySql - Save Scenario	START	1685816768205
USER	MySql - Save Scenario	START	1685816768209
USER	MongoDB - Save Scenario	START	1685816768209
USER	MongoDB - Load Scenario	START	1685816768210
USER	MongoDB - Save Scenario	START	1685816768210
USER	MongoDB - Load Scenario	START	1685816768210
USER	MySql - Save Scenario	START	1685816768211
USER	MongoDB - Save Scenario	START	1685816768211
USER	MySql - Load Scenario	START	1685816768212
USER	MongoDB - Load Scenario	START	1685816768206
USER	MySql - Load Scenario	START	1685816768214
USER	MySql - Save Scenario	START	1685816768214
USER	MongoDB - Load Scenario	START	1685816768215
USER	MongoDB - Load Scenario	START	1685816768215
USER	MongoDB - Load Scenario	START	1685816768216
USER	MySql - Load Scenario	START	1685816768221
USER	MySql - Save Scenario	START	1685816768222
USER	MySql - Save Scenario	START	1685816768222
USER	MySql - Load Scenario	START	1685816768223
USER	MongoDB - Load Scenario	START	1685816768223
USER	MongoDB - Load Scenario	START	1685816768225
USER	MySql - Load Scenario	START	1685816768224
USER	MongoDB - Load Scenario	START	1685816768212
USER	MySql - Save Scenario	START	1685816768232
USER	MongoDB - Load Scenario	START	1685816768232
USER	MySql - Load Scenario	START	1685816768232
USER	MySql - Load Scenario	START	1685816768235
USER	MySql - Save Scenario	START	1685816768233
USER	MongoDB - Load Scenario	START	1685816768238
USER	MySql - Save Scenario	START	1685816768238
USER	MongoDB - Load Scenario	START	1685816768240
USER	MySql - Load Scenario	START	1685816768241
USER	MySql - Save Scenario	START	1685816768243
USER	MongoDB - Load Scenario	START	1685816768244
USER	MongoDB - Load Scenario	START	1685816768244
USER	MySql - Save Scenario	START	1685816768249
USER	MySql - Load Scenario	START	1685816768250
USER	MongoDB - Load Scenario	START	1685816768251
USER	MongoDB - Load Scenario	START	1685816768250
USER	MySql - Load Scenario	START	1685816768257
USER	MySql - Load Scenario	START	1685816768258
USER	MySql - Save Scenario	START	1685816768258
USER	MySql - Save Scenario	START	1685816768259
USER	MySql - Load Scenario	START	1685816768259
USER	MySql - Load Scenario	START	1685816768240
USER	MongoDB - Load Scenario	START	1685816768264
USER	MySql - Save Scenario	START	1685816768264
USER	MySql - Save Scenario	START	1685816768265
USER	MySql - Load Scenario	START	1685816768265
USER	MongoDB - Load Scenario	START	1685816768266
USER	MongoDB - Load Scenario	START	1685816768260
USER	MongoDB - Load Scenario	START	1685816768269
USER	MySql - Load Scenario	START	1685816768271
USER	MySql - Save Scenario	START	1685816768271
USER	MongoDB - Load Scenario	START	1685816768272
USER	MySql - Load Scenario	START	1685816768273
USER	MongoDB - Load Scenario	START	1685816768267
USER	MongoDB - Load Scenario	START	1685816768266
USER	MongoDB - Save Scenario	START	1685816768278
USER	MySql - Load Scenario	START	1685816768277
USER	MongoDB - Load Scenario	START	1685816768278
USER	MySql - Save Scenario	START	1685816768279
USER	MySql - Save Scenario	START	1685816768279
USER	MongoDB - Load Scenario	START	1685816768280
USER	MySql - Load Scenario	START	1685816768280
USER	MySql - Save Scenario	START	1685816768273
USER	MongoDB - Load Scenario	START	1685816768274
USER	MySql - Load Scenario	START	1685816768283
USER	MongoDB - Load Scenario	START	1685816768284
USER	MySql - Load Scenario	START	1685816768281
USER	MongoDB - Load Scenario	START	1685816768282
USER	MongoDB - Load Scenario	START	1685816768288
USER	MySql - Save Scenario	START	1685816768289
USER	MongoDB - Load Scenario	START	1685816768284
USER	MySql - Save Scenario	START	1685816768289
USER	MySql - Save Scenario	START	1685816768288
USER	MySql - Load Scenario	START	1685816768290
USER	MySql - Save Scenario	START	1685816768290
USER	MySql - Load Scenario	START	1685816768290
USER	MongoDB - Load Scenario	START	1685816768290
USER	MySql - Load Scenario	START	1685816768291
USER	MongoDB - Load Scenario	START	1685816768291
USER	MongoDB - Load Scenario	START	1685816768291
USER	MySql - Load Scenario	START	1685816768292
USER	MongoDB - Load Scenario	START	1685816768291
USER	MongoDB - Load Scenario	START	1685816768292
USER	MySql - Save Scenario	START	1685816768293
USER	MySql - Save Scenario	START	1685816768294
USER	MongoDB - Load Scenario	START	1685816768298
USER	MySql - Save Scenario	START	1685816768310
USER	MySql - Load Scenario	START	1685816768310
USER	MySql - Load Scenario	START	1685816768311
USER	MySql - Load Scenario	START	1685816768310
USER	MySql - Save Scenario	START	1685816768311
USER	MySql - Load Scenario	START	1685816768311
USER	MongoDB - Load Scenario	START	1685816768311
USER	MongoDB - Load Scenario	START	1685816768312
USER	MySql - Load Scenario	START	1685816768312
USER	MySql - Save Scenario	START	1685816768312
USER	MongoDB - Load Scenario	START	1685816768313
USER	MySql - Load Scenario	START	1685816768313
USER	MySql - Load Scenario	START	1685816768314
USER	MySql - Save Scenario	START	1685816768321
USER	MySql - Save Scenario	START	1685816768320
USER	MySql - Load Scenario	START	1685816768322
USER	MongoDB - Load Scenario	START	1685816768322
USER	MySql - Load Scenario	START	1685816768323
USER	MongoDB - Load Scenario	START	1685816768315
USER	MySql - Load Scenario	START	1685816768315
USER	MongoDB - Load Scenario	START	1685816768325
USER	MySql - Save Scenario	START	1685816768326
USER	MySql - Save Scenario	START	1685816768326
USER	MySql - Save Scenario	START	1685816768323
USER	MySql - Load Scenario	START	1685816768324
USER	MongoDB - Load Scenario	START	1685816768330
USER	MySql - Load Scenario	START	1685816768331
USER	MongoDB - Load Scenario	START	1685816768327
USER	MySql - Load Scenario	START	1685816768335
USER	MySql - Load Scenario	START	1685816768331
USER	MySql - Load Scenario	START	1685816768335
USER	MongoDB - Load Scenario	START	1685816768336
USER	MySql - Load Scenario	START	1685816768336
USER	MySql - Save Scenario	START	1685816768336
USER	MongoDB - Load Scenario	START	1685816768336
USER	MySql - Load Scenario	START	1685816768342
REQUEST		MongoDB - Save	1685816768010	1685816768343	OK	 
USER	MongoDB - Save Scenario	END	1685816768345
REQUEST		MongoDB - Save	1685816768004	1685816768346	OK	 
USER	MongoDB - Load Scenario	START	1685816768347
USER	MongoDB - Save Scenario	END	1685816768351
REQUEST		MongoDB - Save	1685816768027	1685816768351	OK	 
USER	MongoDB - Save Scenario	END	1685816768356
USER	MongoDB - Load Scenario	START	1685816768357
USER	MySql - Load Scenario	START	1685816768357
USER	MySql - Save Scenario	START	1685816768357
USER	MongoDB - Load Scenario	START	1685816768358
USER	MySql - Save Scenario	START	1685816768361
USER	MySql - Load Scenario	START	1685816768361
USER	MongoDB - Load Scenario	START	1685816768362
USER	MySql - Save Scenario	START	1685816768362
USER	MongoDB - Load Scenario	START	1685816768364
USER	MySql - Save Scenario	START	1685816768364
USER	MySql - Load Scenario	START	1685816768368
USER	MySql - Load Scenario	START	1685816768371
USER	MySql - Save Scenario	START	1685816768371
USER	MySql - Load Scenario	START	1685816768372
USER	MySql - Save Scenario	START	1685816768372
USER	MySql - Load Scenario	START	1685816768378
USER	MySql - Load Scenario	START	1685816768381
USER	MongoDB - Load Scenario	START	1685816768381
USER	MySql - Load Scenario	START	1685816768381
USER	MySql - Save Scenario	START	1685816768382
USER	MongoDB - Load Scenario	START	1685816768382
USER	MySql - Load Scenario	START	1685816768382
USER	MongoDB - Load Scenario	START	1685816768383
USER	MySql - Save Scenario	START	1685816768383
USER	MySql - Load Scenario	START	1685816768384
USER	MySql - Save Scenario	START	1685816768384
USER	MySql - Load Scenario	START	1685816768384
USER	MySql - Load Scenario	START	1685816768380
USER	MySql - Load Scenario	START	1685816768386
USER	MySql - Load Scenario	START	1685816768408
USER	MySql - Save Scenario	START	1685816768408
USER	MySql - Load Scenario	START	1685816768425
USER	MySql - Load Scenario	START	1685816768425
USER	MySql - Save Scenario	START	1685816768426
USER	MongoDB - Load Scenario	START	1685816768426
USER	MySql - Load Scenario	START	1685816768427
USER	MySql - Load Scenario	START	1685816768427
REQUEST		MongoDB - Save	1685816768010	1685816768466	OK	 
USER	MongoDB - Save Scenario	END	1685816768469
USER	MySql - Save Scenario	START	1685816768483
USER	MongoDB - Load Scenario	START	1685816768484
USER	MySql - Load Scenario	START	1685816768484
USER	MongoDB - Load Scenario	START	1685816768484
USER	MySql - Save Scenario	START	1685816768497
USER	MongoDB - Load Scenario	START	1685816768497
USER	MySql - Load Scenario	START	1685816768497
USER	MySql - Save Scenario	START	1685816768498
USER	MongoDB - Load Scenario	START	1685816768498
USER	MySql - Load Scenario	START	1685816768517
USER	MySql - Save Scenario	START	1685816768517
USER	MongoDB - Load Scenario	START	1685816768518
USER	MySql - Load Scenario	START	1685816768518
USER	MongoDB - Load Scenario	START	1685816768519
USER	MySql - Save Scenario	START	1685816768519
USER	MySql - Load Scenario	START	1685816768519
USER	MySql - Load Scenario	START	1685816768520
USER	MySql - Save Scenario	START	1685816768550
USER	MySql - Load Scenario	START	1685816768551
USER	MySql - Save Scenario	START	1685816768551
USER	MySql - Load Scenario	START	1685816768551
USER	MySql - Load Scenario	START	1685816768552
USER	MySql - Load Scenario	START	1685816768552
USER	MySql - Load Scenario	START	1685816768564
USER	MySql - Save Scenario	START	1685816768564
REQUEST		MongoDB - Save	1685816768011	1685816768599	OK	 
USER	MongoDB - Save Scenario	END	1685816768600
REQUEST		MongoDB - Save	1685816768011	1685816768605	OK	 
USER	MongoDB - Save Scenario	END	1685816768606
REQUEST		MongoDB - Save	1685816768016	1685816768654	OK	 
USER	MongoDB - Save Scenario	END	1685816768655
REQUEST		MongoDB - Save	1685816768017	1685816768733	OK	 
USER	MongoDB - Save Scenario	END	1685816768734
REQUEST		MongoDB - Save	1685816768021	1685816768767	OK	 
USER	MongoDB - Save Scenario	END	1685816768768
REQUEST		MySql - Save	1685816768019	1685816768776	OK	 
USER	MySql - Save Scenario	END	1685816768780
REQUEST		MongoDB - Save	1685816768018	1685816768790	OK	 
USER	MongoDB - Save Scenario	END	1685816768790
REQUEST		MongoDB - Save	1685816768022	1685816768808	OK	 
USER	MongoDB - Save Scenario	END	1685816768808
REQUEST		MongoDB - Save	1685816768005	1685816768887	OK	 
USER	MongoDB - Save Scenario	END	1685816768888
REQUEST		MongoDB - Save	1685816768004	1685816768896	OK	 
REQUEST		MongoDB - Save	1685816768005	1685816768897	OK	 
USER	MongoDB - Save Scenario	END	1685816768897
USER	MongoDB - Save Scenario	END	1685816768897
REQUEST		MySql - Save	1685816768027	1685816768901	OK	 
USER	MySql - Save Scenario	END	1685816768908
REQUEST		MongoDB - Save	1685816768006	1685816768939	OK	 
USER	MongoDB - Save Scenario	END	1685816768940
REQUEST		MongoDB - Save	1685816768006	1685816768976	OK	 
USER	MongoDB - Save Scenario	END	1685816768976
REQUEST		MongoDB - Save	1685816768006	1685816769002	OK	 
USER	MongoDB - Save Scenario	END	1685816769002
REQUEST		MongoDB - Save	1685816768007	1685816769068	OK	 
USER	MongoDB - Save Scenario	END	1685816769069
REQUEST		MongoDB - Save	1685816768008	1685816769086	OK	 
USER	MongoDB - Save Scenario	END	1685816769087
REQUEST		MongoDB - Save	1685816768017	1685816769153	OK	 
USER	MongoDB - Save Scenario	END	1685816769154
REQUEST		MongoDB - Save	1685816768024	1685816769173	OK	 
USER	MongoDB - Save Scenario	END	1685816769174
REQUEST		MySql - Save	1685816768008	1685816769176	OK	 
USER	MySql - Save Scenario	END	1685816769177
REQUEST		MongoDB - Save	1685816768019	1685816769242	OK	 
USER	MongoDB - Save Scenario	END	1685816769243
REQUEST		MongoDB - Save	1685816768005	1685816769258	OK	 
USER	MongoDB - Save Scenario	END	1685816769259
REQUEST		MongoDB - Save	1685816768004	1685816769303	OK	 
USER	MongoDB - Save Scenario	END	1685816769304
REQUEST		MongoDB - Save	1685816768006	1685816769323	OK	 
USER	MongoDB - Save Scenario	END	1685816769324
REQUEST		MongoDB - Save	1685816768005	1685816769363	OK	 
USER	MongoDB - Save Scenario	END	1685816769364
REQUEST		MongoDB - Save	1685816768006	1685816769389	OK	 
USER	MongoDB - Save Scenario	END	1685816769390
REQUEST		MongoDB - Save	1685816768008	1685816769412	OK	 
USER	MongoDB - Save Scenario	END	1685816769413
REQUEST		MongoDB - Save	1685816768007	1685816769455	OK	 
USER	MongoDB - Save Scenario	END	1685816769455
REQUEST		MongoDB - Save	1685816768019	1685816769458	OK	 
USER	MongoDB - Save Scenario	END	1685816769458
REQUEST		MongoDB - Save	1685816768021	1685816769511	OK	 
USER	MongoDB - Save Scenario	END	1685816769511
REQUEST		MongoDB - Save	1685816768021	1685816769538	OK	 
USER	MongoDB - Save Scenario	END	1685816769540
REQUEST		MongoDB - Save	1685816768029	1685816769596	OK	 
USER	MongoDB - Save Scenario	END	1685816769596
REQUEST		MongoDB - Save	1685816768030	1685816769605	OK	 
USER	MongoDB - Save Scenario	END	1685816769606
REQUEST		MySql - Save	1685816768007	1685816769649	OK	 
USER	MySql - Save Scenario	END	1685816769650
REQUEST		MySql - Save	1685816768028	1685816769651	OK	 
USER	MySql - Save Scenario	END	1685816769651
REQUEST		MongoDB - Save	1685816768046	1685816769658	OK	 
USER	MongoDB - Save Scenario	END	1685816769659
REQUEST		MongoDB - Save	1685816768040	1685816769667	OK	 
USER	MongoDB - Save Scenario	END	1685816769668
REQUEST		MongoDB - Save	1685816768053	1685816769715	OK	 
USER	MongoDB - Save Scenario	END	1685816769717
REQUEST		MongoDB - Save	1685816768057	1685816769735	OK	 
USER	MongoDB - Save Scenario	END	1685816769736
REQUEST		MongoDB - Load	1685816768059	1685816769764	OK	 
USER	MongoDB - Load Scenario	END	1685816769764
REQUEST		MongoDB - Save	1685816768062	1685816769797	OK	 
USER	MongoDB - Save Scenario	END	1685816769798
REQUEST		MongoDB - Load	1685816768102	1685816769811	OK	 
USER	MongoDB - Load Scenario	END	1685816769812
REQUEST		MongoDB - Save	1685816768113	1685816769859	OK	 
USER	MongoDB - Save Scenario	END	1685816769860
REQUEST		MySql - Save	1685816768007	1685816769862	OK	 
USER	MySql - Save Scenario	END	1685816769863
REQUEST		MongoDB - Load	1685816768122	1685816769873	OK	 
USER	MongoDB - Load Scenario	END	1685816769873
REQUEST		MongoDB - Save	1685816768122	1685816769923	OK	 
USER	MongoDB - Save Scenario	END	1685816769924
REQUEST		MongoDB - Load	1685816768122	1685816769935	OK	 
USER	MongoDB - Load Scenario	END	1685816769935
REQUEST		MongoDB - Save	1685816768071	1685816769977	OK	 
USER	MongoDB - Save Scenario	END	1685816769977
REQUEST		MongoDB - Load	1685816768063	1685816769987	OK	 
USER	MongoDB - Load Scenario	END	1685816769987
REQUEST		MongoDB - Load	1685816768077	1685816770009	OK	 
USER	MongoDB - Load Scenario	END	1685816770010
REQUEST		MongoDB - Save	1685816768165	1685816770021	OK	 
USER	MongoDB - Save Scenario	END	1685816770021
REQUEST		MongoDB - Save	1685816768123	1685816770053	OK	 
USER	MongoDB - Save Scenario	END	1685816770054
REQUEST		MongoDB - Load	1685816768141	1685816770071	OK	 
USER	MongoDB - Load Scenario	END	1685816770072
REQUEST		MongoDB - Save	1685816768151	1685816770107	OK	 
USER	MongoDB - Save Scenario	END	1685816770107
REQUEST		MongoDB - Load	1685816768152	1685816770129	OK	 
USER	MongoDB - Load Scenario	END	1685816770129
REQUEST		MongoDB - Save	1685816768152	1685816770150	OK	 
USER	MongoDB - Save Scenario	END	1685816770151
REQUEST		MongoDB - Load	1685816768152	1685816770184	OK	 
USER	MongoDB - Load Scenario	END	1685816770185
REQUEST		MongoDB - Save	1685816768094	1685816770196	OK	 
USER	MongoDB - Save Scenario	END	1685816770196
REQUEST		MongoDB - Save	1685816768011	1685816770230	OK	 
USER	MongoDB - Save Scenario	END	1685816770230
REQUEST		MongoDB - Save	1685816768117	1685816770263	OK	 
USER	MongoDB - Save Scenario	END	1685816770264
REQUEST		MongoDB - Load	1685816768244	1685816770281	OK	 
USER	MongoDB - Load Scenario	END	1685816770282
REQUEST		MySql - Save	1685816768028	1685816770288	OK	 
USER	MySql - Save Scenario	END	1685816770289
REQUEST		MongoDB - Load	1685816768250	1685816770320	OK	 
USER	MongoDB - Load Scenario	END	1685816770321
REQUEST		MySql - Load	1685816768034	1685816770324	KO	status.find.in([200, 209], 304), found 500
USER	MySql - Load Scenario	END	1685816770325
REQUEST		MongoDB - Save	1685816768010	1685816770331	OK	 
USER	MongoDB - Save Scenario	END	1685816770332
REQUEST		MongoDB - Save	1685816768010	1685816770351	OK	 
USER	MongoDB - Save Scenario	END	1685816770351
REQUEST		MongoDB - Save	1685816768023	1685816770366	OK	 
USER	MongoDB - Save Scenario	END	1685816770366
REQUEST		MongoDB - Save	1685816768019	1685816770380	OK	 
USER	MongoDB - Save Scenario	END	1685816770381
REQUEST		MongoDB - Save	1685816768016	1685816770403	OK	 
USER	MongoDB - Save Scenario	END	1685816770404
REQUEST		MongoDB - Save	1685816768016	1685816770414	OK	 
USER	MongoDB - Save Scenario	END	1685816770415
REQUEST		MySql - Load	1685816768047	1685816770435	KO	status.find.in([200, 209], 304), found 500
USER	MySql - Load Scenario	END	1685816770435
REQUEST		MongoDB - Save	1685816768014	1685816770443	OK	 
USER	MongoDB - Save Scenario	END	1685816770444
REQUEST		MongoDB - Save	1685816768013	1685816770448	OK	 
USER	MongoDB - Save Scenario	END	1685816770448
REQUEST		MongoDB - Save	1685816768012	1685816770475	OK	 
USER	MongoDB - Save Scenario	END	1685816770476
REQUEST		MongoDB - Save	1685816768011	1685816770479	OK	 
USER	MongoDB - Save Scenario	END	1685816770479
REQUEST		MongoDB - Save	1685816768072	1685816770522	OK	 
USER	MongoDB - Save Scenario	END	1685816770523
REQUEST		MongoDB - Save	1685816768068	1685816770526	OK	 
USER	MongoDB - Save Scenario	END	1685816770527
REQUEST		MongoDB - Save	1685816768057	1685816770558	OK	 
USER	MongoDB - Save Scenario	END	1685816770559
REQUEST		MongoDB - Save	1685816768047	1685816770570	OK	 
USER	MongoDB - Save Scenario	END	1685816770570
REQUEST		MongoDB - Save	1685816768079	1685816770597	OK	 
USER	MongoDB - Save Scenario	END	1685816770598
REQUEST		MongoDB - Load	1685816768194	1685816770608	OK	 
USER	MongoDB - Load Scenario	END	1685816770609
REQUEST		MongoDB - Load	1685816768185	1685816770626	OK	 
USER	MongoDB - Load Scenario	END	1685816770626
REQUEST		MySql - Load	1685816768053	1685816770649	KO	status.find.in([200, 209], 304), found 500
USER	MySql - Load Scenario	END	1685816770649
REQUEST		MongoDB - Load	1685816768181	1685816770658	OK	 
USER	MongoDB - Load Scenario	END	1685816770659
REQUEST		MongoDB - Save	1685816768183	1685816770673	OK	 
USER	MongoDB - Save Scenario	END	1685816770674
REQUEST		MongoDB - Save	1685816768142	1685816770711	OK	 
USER	MongoDB - Save Scenario	END	1685816770712
REQUEST		MongoDB - Save	1685816768180	1685816770716	OK	 
USER	MongoDB - Save Scenario	END	1685816770717
REQUEST		MongoDB - Save	1685816768203	1685816770719	OK	 
USER	MongoDB - Save Scenario	END	1685816770719
REQUEST		MySql - Save	1685816768030	1685816770731	OK	 
USER	MySql - Save Scenario	END	1685816770731
REQUEST		MongoDB - Save	1685816768163	1685816770732	OK	 
USER	MongoDB - Save Scenario	END	1685816770733
REQUEST		MongoDB - Load	1685816768140	1685816770735	OK	 
USER	MongoDB - Load Scenario	END	1685816770736
REQUEST		MongoDB - Load	1685816768269	1685816770773	OK	 
USER	MongoDB - Load Scenario	END	1685816770774
REQUEST		MongoDB - Load	1685816768173	1685816770788	OK	 
USER	MongoDB - Load Scenario	END	1685816770789
REQUEST		MongoDB - Load	1685816768167	1685816770860	OK	 
USER	MongoDB - Load Scenario	END	1685816770861
REQUEST		MongoDB - Load	1685816768284	1685816770862	OK	 
USER	MongoDB - Load Scenario	END	1685816770862
REQUEST		MongoDB - Load	1685816768244	1685816770868	OK	 
USER	MongoDB - Load Scenario	END	1685816770869
REQUEST		MongoDB - Load	1685816768280	1685816770883	OK	 
USER	MongoDB - Load Scenario	END	1685816770884
REQUEST		MongoDB - Load	1685816768290	1685816770908	OK	 
USER	MongoDB - Load Scenario	END	1685816770909
REQUEST		MongoDB - Load	1685816768518	1685816770909	OK	 
USER	MongoDB - Load Scenario	END	1685816770910
REQUEST		MongoDB - Load	1685816768120	1685816770943	OK	 
USER	MongoDB - Load Scenario	END	1685816770944
REQUEST		MongoDB - Load	1685816768260	1685816770963	OK	 
USER	MongoDB - Load Scenario	END	1685816770964
REQUEST		MongoDB - Load	1685816768518	1685816770972	OK	 
USER	MongoDB - Load Scenario	END	1685816770973
REQUEST		MongoDB - Load	1685816768483	1685816771009	OK	 
USER	MongoDB - Load Scenario	END	1685816771010
REQUEST		MongoDB - Load	1685816768288	1685816771027	OK	 
USER	MongoDB - Load Scenario	END	1685816771027
REQUEST		MongoDB - Load	1685816768497	1685816771061	OK	 
USER	MongoDB - Load Scenario	END	1685816771062
REQUEST		MongoDB - Save	1685816768166	1685816771067	OK	 
USER	MongoDB - Save Scenario	END	1685816771067
REQUEST		MongoDB - Save	1685816768172	1685816771068	OK	 
USER	MongoDB - Save Scenario	END	1685816771069
REQUEST		MongoDB - Load	1685816768484	1685816771072	OK	 
USER	MongoDB - Load Scenario	END	1685816771072
REQUEST		MongoDB - Save	1685816768132	1685816771125	OK	 
USER	MongoDB - Save Scenario	END	1685816771126
REQUEST		MongoDB - Save	1685816768137	1685816771147	OK	 
USER	MongoDB - Save Scenario	END	1685816771147
REQUEST		MongoDB - Save	1685816768098	1685816771191	OK	 
USER	MongoDB - Save Scenario	END	1685816771192
REQUEST		MongoDB - Save	1685816768096	1685816771193	OK	 
USER	MongoDB - Save Scenario	END	1685816771193
REQUEST		MongoDB - Load	1685816768138	1685816771194	OK	 
USER	MongoDB - Load Scenario	END	1685816771194
REQUEST		MongoDB - Save	1685816768099	1685816771236	OK	 
USER	MongoDB - Save Scenario	END	1685816771237
REQUEST		MongoDB - Save	1685816768108	1685816771264	OK	 
USER	MongoDB - Save Scenario	END	1685816771265
REQUEST		MongoDB - Load	1685816768133	1685816771266	OK	 
USER	MongoDB - Load Scenario	END	1685816771267
REQUEST		MongoDB - Save	1685816768189	1685816771279	OK	 
USER	MongoDB - Save Scenario	END	1685816771280
REQUEST		MySql - Load	1685816768077	1685816771285	KO	status.find.in([200, 209], 304), found 500
USER	MySql - Load Scenario	END	1685816771285
REQUEST		MySql - Load	1685816768060	1685816771286	KO	status.find.in([200, 209], 304), found 500
USER	MySql - Load Scenario	END	1685816771287
REQUEST		MongoDB - Save	1685816768119	1685816771300	OK	 
USER	MongoDB - Save Scenario	END	1685816771300
REQUEST		MongoDB - Load	1685816768206	1685816771478	OK	 
USER	MongoDB - Load Scenario	END	1685816771479
REQUEST		MongoDB - Load	1685816768215	1685816771503	OK	 
USER	MongoDB - Load Scenario	END	1685816771504
REQUEST		MongoDB - Load	1685816768082	1685816771525	OK	 
USER	MongoDB - Load Scenario	END	1685816771526
REQUEST		MongoDB - Load	1685816768081	1685816771526	OK	 
USER	MongoDB - Load Scenario	END	1685816771527
REQUEST		MongoDB - Save	1685816768119	1685816771574	OK	 
USER	MongoDB - Save Scenario	END	1685816771575
REQUEST		MongoDB - Load	1685816768080	1685816771589	OK	 
USER	MongoDB - Load Scenario	END	1685816771590
REQUEST		MongoDB - Save	1685816768081	1685816771620	OK	 
USER	MongoDB - Save Scenario	END	1685816771620
REQUEST		MySql - Save	1685816768048	1685816771623	OK	 
USER	MySql - Save Scenario	END	1685816771624
REQUEST		MongoDB - Save	1685816768082	1685816771624	OK	 
USER	MongoDB - Save Scenario	END	1685816771625
REQUEST		MySql - Load	1685816768115	1685816771640	KO	status.find.in([200, 209], 304), found 500
USER	MySql - Load Scenario	END	1685816771640
REQUEST		MongoDB - Save	1685816768084	1685816771683	OK	 
USER	MongoDB - Save Scenario	END	1685816771684
REQUEST		MySql - Save	1685816768312	1685816771702	KO	j.i.IOException: Premature close
USER	MySql - Save Scenario	END	1685816771704
REQUEST		MongoDB - Load	1685816768084	1685816771715	OK	 
USER	MongoDB - Load Scenario	END	1685816771715
REQUEST		MongoDB - Save	1685816768084	1685816771723	OK	 
USER	MongoDB - Save Scenario	END	1685816771723
REQUEST		MongoDB - Load	1685816768106	1685816771764	OK	 
USER	MongoDB - Load Scenario	END	1685816771774
REQUEST		MongoDB - Save	1685816768110	1685816771784	OK	 
USER	MongoDB - Save Scenario	END	1685816771785
REQUEST		MongoDB - Load	1685816768111	1685816771821	OK	 
USER	MongoDB - Load Scenario	END	1685816771822
REQUEST		MongoDB - Load	1685816768117	1685816771848	OK	 
USER	MongoDB - Load Scenario	END	1685816771850
REQUEST		MongoDB - Load	1685816768122	1685816771850	OK	 
USER	MongoDB - Load Scenario	END	1685816771851
REQUEST		MySql - Save	1685816768426	1685816771858	KO	j.i.IOException: Premature close
REQUEST		MySql - Save	1685816768408	1685816771858	KO	j.i.IOException: Premature close
REQUEST		MySql - Save	1685816768384	1685816771858	KO	j.i.IOException: Premature close
REQUEST		MySql - Save	1685816768357	1685816771858	KO	j.i.IOException: Premature close
REQUEST		MySql - Save	1685816768364	1685816771858	KO	j.i.IOException: Premature close
REQUEST		MySql - Save	1685816768383	1685816771858	KO	j.i.IOException: Premature close
REQUEST		MySql - Save	1685816768325	1685816771858	KO	j.i.IOException: Premature close
REQUEST		MySql - Save	1685816768382	1685816771858	KO	j.i.IOException: Premature close
REQUEST		MySql - Save	1685816768292	1685816771858	KO	j.i.IOException: Premature close
USER	MySql - Save Scenario	END	1685816771859
USER	MySql - Save Scenario	END	1685816771859
USER	MySql - Save Scenario	END	1685816771859
USER	MySql - Save Scenario	END	1685816771859
USER	MySql - Save Scenario	END	1685816771859
USER	MySql - Save Scenario	END	1685816771859
USER	MySql - Save Scenario	END	1685816771859
USER	MySql - Save Scenario	END	1685816771859
USER	MySql - Save Scenario	END	1685816771859
REQUEST		MongoDB - Save	1685816768116	1685816771874	OK	 
USER	MongoDB - Save Scenario	END	1685816771875
REQUEST		MongoDB - Load	1685816768204	1685816771885	OK	 
USER	MongoDB - Load Scenario	END	1685816771885
REQUEST		MongoDB - Load	1685816768131	1685816771925	OK	 
USER	MongoDB - Load Scenario	END	1685816771926
REQUEST		MongoDB - Save	1685816768130	1685816771929	OK	 
USER	MongoDB - Save Scenario	END	1685816771930
REQUEST		MongoDB - Save	1685816768137	1685816771958	OK	 
USER	MongoDB - Save Scenario	END	1685816771958
REQUEST		MongoDB - Load	1685816768139	1685816771971	OK	 
USER	MongoDB - Load Scenario	END	1685816771971
REQUEST		MongoDB - Load	1685816768162	1685816772000	OK	 
USER	MongoDB - Load Scenario	END	1685816772001
REQUEST		MongoDB - Load	1685816768173	1685816772004	OK	 
USER	MongoDB - Load Scenario	END	1685816772005
REQUEST		MongoDB - Load	1685816768182	1685816772028	OK	 
USER	MongoDB - Load Scenario	END	1685816772028
REQUEST		MongoDB - Load	1685816768194	1685816772033	OK	 
USER	MongoDB - Load Scenario	END	1685816772034
REQUEST		MongoDB - Load	1685816768186	1685816772053	OK	 
USER	MongoDB - Load Scenario	END	1685816772054
REQUEST		MongoDB - Save	1685816768093	1685816772061	OK	 
USER	MongoDB - Save Scenario	END	1685816772062
REQUEST		MongoDB - Save	1685816768096	1685816772082	OK	 
USER	MongoDB - Save Scenario	END	1685816772083
REQUEST		MongoDB - Save	1685816768114	1685816772085	OK	 
USER	MongoDB - Save Scenario	END	1685816772085
REQUEST		MongoDB - Save	1685816768129	1685816772131	OK	 
USER	MongoDB - Save Scenario	END	1685816772132
REQUEST		MongoDB - Load	1685816768267	1685816772141	OK	 
USER	MongoDB - Load Scenario	END	1685816772142
REQUEST		MongoDB - Load	1685816768214	1685816772150	OK	 
USER	MongoDB - Load Scenario	END	1685816772151
REQUEST		MongoDB - Load	1685816768216	1685816772175	OK	 
USER	MongoDB - Load Scenario	END	1685816772176
REQUEST		MySql - Save	1685816768164	1685816772187	OK	 
USER	MySql - Save Scenario	END	1685816772188
REQUEST		MongoDB - Load	1685816768239	1685816772210	OK	 
USER	MongoDB - Load Scenario	END	1685816772210
REQUEST		MongoDB - Load	1685816768266	1685816772238	OK	 
USER	MongoDB - Load Scenario	END	1685816772239
REQUEST		MongoDB - Load	1685816768171	1685816772243	OK	 
USER	MongoDB - Load Scenario	END	1685816772244
REQUEST		MongoDB - Save	1685816768171	1685816772258	OK	 
USER	MongoDB - Save Scenario	END	1685816772259
REQUEST		MongoDB - Load	1685816768224	1685816772265	OK	 
USER	MongoDB - Load Scenario	END	1685816772265
REQUEST		MongoDB - Load	1685816768232	1685816772297	OK	 
USER	MongoDB - Load Scenario	END	1685816772297
REQUEST		MongoDB - Save	1685816768172	1685816772335	OK	 
USER	MongoDB - Save Scenario	END	1685816772335
REQUEST		MongoDB - Load	1685816768173	1685816772337	OK	 
USER	MongoDB - Load Scenario	END	1685816772337
REQUEST		MongoDB - Save	1685816768174	1685816772372	OK	 
USER	MongoDB - Save Scenario	END	1685816772373
REQUEST		MongoDB - Load	1685816768174	1685816772373	OK	 
USER	MongoDB - Load Scenario	END	1685816772374
REQUEST		MongoDB - Save	1685816768175	1685816772396	OK	 
USER	MongoDB - Save Scenario	END	1685816772397
REQUEST		MongoDB - Load	1685816768175	1685816772432	OK	 
USER	MongoDB - Load Scenario	END	1685816772433
REQUEST		MongoDB - Load	1685816768176	1685816772452	OK	 
USER	MongoDB - Load Scenario	END	1685816772452
REQUEST		MongoDB - Load	1685816768209	1685816772456	OK	 
USER	MongoDB - Load Scenario	END	1685816772457
REQUEST		MongoDB - Save	1685816768176	1685816772482	OK	 
USER	MongoDB - Save Scenario	END	1685816772483
REQUEST		MongoDB - Save	1685816768209	1685816772483	OK	 
USER	MongoDB - Save Scenario	END	1685816772483
REQUEST		MongoDB - Save	1685816768210	1685816772520	OK	 
USER	MongoDB - Save Scenario	END	1685816772520
REQUEST		MongoDB - Load	1685816768210	1685816772528	OK	 
USER	MongoDB - Load Scenario	END	1685816772528
REQUEST		MongoDB - Save	1685816768211	1685816772557	OK	 
USER	MongoDB - Save Scenario	END	1685816772558
REQUEST		MongoDB - Load	1685816768212	1685816772561	OK	 
USER	MongoDB - Load Scenario	END	1685816772562
REQUEST		MongoDB - Load	1685816768164	1685816772598	OK	 
USER	MongoDB - Load Scenario	END	1685816772599
REQUEST		MongoDB - Load	1685816768223	1685816772602	OK	 
USER	MongoDB - Load Scenario	END	1685816772603
REQUEST		MongoDB - Load	1685816768347	1685816772625	OK	 
USER	MongoDB - Load Scenario	END	1685816772626
REQUEST		MongoDB - Load	1685816768357	1685816772629	OK	 
USER	MongoDB - Load Scenario	END	1685816772630
REQUEST		MongoDB - Load	1685816768250	1685816772653	OK	 
USER	MongoDB - Load Scenario	END	1685816772653
REQUEST		MongoDB - Load	1685816768272	1685816772667	OK	 
USER	MongoDB - Load Scenario	END	1685816772668
REQUEST		MongoDB - Load	1685816768273	1685816772686	OK	 
USER	MongoDB - Load Scenario	END	1685816772686
REQUEST		MongoDB - Load	1685816768383	1685816772691	OK	 
USER	MongoDB - Load Scenario	END	1685816772692
REQUEST		MongoDB - Load	1685816768263	1685816772700	OK	 
USER	MongoDB - Load Scenario	END	1685816772700
REQUEST		MySql - Save	1685816768087	1685816772710	OK	 
USER	MySql - Save Scenario	END	1685816772710
REQUEST		MongoDB - Load	1685816768266	1685816772727	OK	 
USER	MongoDB - Load Scenario	END	1685816772727
REQUEST		MongoDB - Save	1685816768277	1685816772733	OK	 
USER	MongoDB - Save Scenario	END	1685816772734
REQUEST		MongoDB - Load	1685816768362	1685816772764	OK	 
USER	MongoDB - Load Scenario	END	1685816772765
REQUEST		MongoDB - Load	1685816768336	1685816772765	OK	 
USER	MongoDB - Load Scenario	END	1685816772766
REQUEST		MongoDB - Load	1685816768290	1685816772781	OK	 
USER	MongoDB - Load Scenario	END	1685816772782
REQUEST		MongoDB - Load	1685816768293	1685816772819	OK	 
USER	MongoDB - Load Scenario	END	1685816772820
REQUEST		MongoDB - Load	1685816768312	1685816772824	OK	 
USER	MongoDB - Load Scenario	END	1685816772825
REQUEST		MongoDB - Load	1685816768238	1685816772848	OK	 
USER	MongoDB - Load Scenario	END	1685816772849
REQUEST		MongoDB - Load	1685816768283	1685816772855	OK	 
USER	MongoDB - Load Scenario	END	1685816772855
REQUEST		MongoDB - Load	1685816768291	1685816772904	OK	 
USER	MongoDB - Load Scenario	END	1685816772904
REQUEST		MongoDB - Load	1685816768292	1685816772923	OK	 
USER	MongoDB - Load Scenario	END	1685816772924
REQUEST		MongoDB - Load	1685816768498	1685816772929	OK	 
USER	MongoDB - Load Scenario	END	1685816772930
REQUEST		MongoDB - Load	1685816768325	1685816772943	OK	 
USER	MongoDB - Load Scenario	END	1685816772944
REQUEST		MongoDB - Load	1685816768382	1685816772957	OK	 
USER	MongoDB - Load Scenario	END	1685816772958
REQUEST		MongoDB - Load	1685816768314	1685816772976	OK	 
USER	MongoDB - Load Scenario	END	1685816772976
USER	MySql - Save Scenario	START	1685816773004
USER	MySql - Load Scenario	START	1685816773004
USER	MongoDB - Load Scenario	START	1685816773005
USER	MongoDB - Save Scenario	START	1685816773005
REQUEST		MongoDB - Load	1685816768381	1685816773021	OK	 
USER	MongoDB - Load Scenario	END	1685816773021
REQUEST		MongoDB - Load	1685816768358	1685816773030	OK	 
USER	MongoDB - Load Scenario	END	1685816773030
REQUEST		MongoDB - Load	1685816768357	1685816773063	OK	 
USER	MongoDB - Load Scenario	END	1685816773064
REQUEST		MongoDB - Load	1685816768327	1685816773064	OK	 
USER	MongoDB - Load Scenario	END	1685816773065
REQUEST		MongoDB - Load	1685816768278	1685816773084	OK	 
USER	MongoDB - Load Scenario	END	1685816773085
REQUEST		MongoDB - Load	1685816768281	1685816773097	OK	 
USER	MongoDB - Load Scenario	END	1685816773098
REQUEST		MongoDB - Load	1685816768291	1685816773101	OK	 
USER	MongoDB - Load Scenario	END	1685816773102
REQUEST		MongoDB - Load	1685816768310	1685816773134	OK	 
USER	MongoDB - Load Scenario	END	1685816773135
REQUEST		MongoDB - Load	1685816768312	1685816773141	OK	 
USER	MongoDB - Load Scenario	END	1685816773141
REQUEST		MySql - Save	1685816768017	1685816773143	OK	 
USER	MySql - Save Scenario	END	1685816773143
REQUEST		MySql - Load	1685816768039	1685816773144	KO	status.find.in([200, 209], 304), found 500
REQUEST		MySql - Save	1685816768142	1685816773144	OK	 
USER	MySql - Load Scenario	END	1685816773144
USER	MySql - Save Scenario	END	1685816773145
REQUEST		MongoDB - Save	1685816773004	1685816773165	OK	 
USER	MongoDB - Save Scenario	END	1685816773165
REQUEST		MongoDB - Load	1685816773005	1685816773179	OK	 
USER	MongoDB - Load Scenario	END	1685816773179
REQUEST		MySql - Save	1685816768022	1685816773313	OK	 
USER	MySql - Save Scenario	END	1685816773314
REQUEST		MySql - Load	1685816768071	1685816773504	KO	status.find.in([200, 209], 304), found 500
USER	MySql - Load Scenario	END	1685816773504
REQUEST		MySql - Save	1685816768059	1685816773579	OK	 
USER	MySql - Save Scenario	END	1685816773580
REQUEST		MySql - Load	1685816768059	1685816773580	KO	status.find.in([200, 209], 304), found 500
USER	MySql - Load Scenario	END	1685816773581
REQUEST		MySql - Save	1685816768072	1685816773624	OK	 
USER	MySql - Save Scenario	END	1685816773624
REQUEST		MySql - Save	1685816768020	1685816773646	OK	 
USER	MySql - Save Scenario	END	1685816773647
REQUEST		MySql - Load	1685816768097	1685816773711	KO	status.find.in([200, 209], 304), found 500
USER	MySql - Load Scenario	END	1685816773711
REQUEST		MySql - Load	1685816768072	1685816773749	KO	status.find.in([200, 209], 304), found 500
USER	MySql - Load Scenario	END	1685816773750
REQUEST		MySql - Save	1685816768040	1685816773824	OK	 
USER	MySql - Save Scenario	END	1685816773825
REQUEST		MySql - Save	1685816768061	1685816773885	OK	 
USER	MySql - Save Scenario	END	1685816773886
REQUEST		MySql - Save	1685816768021	1685816773963	OK	 
USER	MySql - Save Scenario	END	1685816773964
REQUEST		MySql - Save	1685816768008	1685816774007	OK	 
USER	MySql - Save Scenario	END	1685816774008
REQUEST		MySql - Load	1685816768106	1685816774223	KO	status.find.in([200, 209], 304), found 500
USER	MySql - Load Scenario	END	1685816774224
REQUEST		MySql - Load	1685816768110	1685816774263	OK	 
USER	MySql - Load Scenario	END	1685816774264
REQUEST		MySql - Save	1685816768041	1685816774353	OK	 
USER	MySql - Save Scenario	END	1685816774353
REQUEST		MySql - Load	1685816768118	1685816774583	OK	 
USER	MySql - Load Scenario	END	1685816774584
REQUEST		MySql - Save	1685816768195	1685816774585	OK	 
USER	MySql - Save Scenario	END	1685816774585
REQUEST		MySql - Load	1685816768164	1685816774585	KO	status.find.in([200, 209], 304), found 500
USER	MySql - Load Scenario	END	1685816774586
REQUEST		MySql - Save	1685816768111	1685816774586	OK	 
USER	MySql - Save Scenario	END	1685816774587
REQUEST		MySql - Load	1685816768131	1685816774587	OK	 
USER	MySql - Load Scenario	END	1685816774587
REQUEST		MySql - Save	1685816768165	1685816774740	OK	 
USER	MySql - Save Scenario	END	1685816774741
REQUEST		MySql - Load	1685816768204	1685816774853	KO	status.find.in([200, 209], 304), found 500
USER	MySql - Load Scenario	END	1685816774853
REQUEST		MySql - Load	1685816768081	1685816775137	KO	status.find.in([200, 209], 304), found 500
USER	MySql - Load Scenario	END	1685816775138
REQUEST		MySql - Save	1685816768107	1685816775168	OK	 
USER	MySql - Save Scenario	END	1685816775169
REQUEST		MySql - Load	1685816768216	1685816775169	KO	status.find.in([200, 209], 304), found 500
USER	MySql - Load Scenario	END	1685816775170
REQUEST		MySql - Save	1685816768114	1685816775368	OK	 
USER	MySql - Save Scenario	END	1685816775369
REQUEST		MySql - Load	1685816768083	1685816775372	KO	status.find.in([200, 209], 304), found 500
USER	MySql - Load Scenario	END	1685816775372
REQUEST		MySql - Save	1685816768221	1685816775509	OK	 
USER	MySql - Save Scenario	END	1685816775510
REQUEST		MySql - Save	1685816768014	1685816775711	OK	 
USER	MySql - Save Scenario	END	1685816775711
REQUEST		MongoDB - Load	1685816768426	1685816775778	OK	 
USER	MongoDB - Load Scenario	END	1685816775779
REQUEST		MongoDB - Load	1685816768335	1685816775794	OK	 
USER	MongoDB - Load Scenario	END	1685816775794
REQUEST		MongoDB - Load	1685816768322	1685816775798	OK	 
USER	MongoDB - Load Scenario	END	1685816775798
REQUEST		MongoDB - Load	1685816768330	1685816775820	OK	 
USER	MongoDB - Load Scenario	END	1685816775820
REQUEST		MySql - Load	1685816768108	1685816775904	OK	 
USER	MySql - Load Scenario	END	1685816775904
REQUEST		MySql - Save	1685816768015	1685816775932	OK	 
USER	MySql - Save Scenario	END	1685816775932
REQUEST		MySql - Save	1685816768483	1685816775935	OK	 
USER	MySql - Save Scenario	END	1685816775936
REQUEST		MySql - Save	1685816768496	1685816775954	KO	j.i.IOException: Premature close
REQUEST		MySql - Save	1685816768273	1685816775954	KO	j.i.IOException: Premature close
REQUEST		MySql - Save	1685816768258	1685816775954	KO	j.i.IOException: Premature close
REQUEST		MySql - Save	1685816768290	1685816775954	KO	j.i.IOException: Premature close
REQUEST		MySql - Save	1685816768298	1685816775954	KO	j.i.IOException: Premature close
REQUEST		MySql - Save	1685816768326	1685816775954	KO	j.i.IOException: Premature close
REQUEST		MySql - Save	1685816768249	1685816775954	KO	j.i.IOException: Premature close
USER	MySql - Save Scenario	END	1685816775955
USER	MySql - Save Scenario	END	1685816775955
USER	MySql - Save Scenario	END	1685816775955
USER	MySql - Save Scenario	END	1685816775955
USER	MySql - Save Scenario	END	1685816775955
USER	MySql - Save Scenario	END	1685816775955
USER	MySql - Save Scenario	END	1685816775955
REQUEST		MySql - Save	1685816768232	1685816775955	KO	j.i.IOException: Premature close
USER	MySql - Save Scenario	END	1685816775956
REQUEST		MySql - Save	1685816768264	1685816775956	KO	j.i.IOException: Premature close
USER	MySql - Save Scenario	END	1685816775956
REQUEST		MySql - Save	1685816768279	1685816775956	KO	j.i.IOException: Premature close
USER	MySql - Save Scenario	END	1685816775956
REQUEST		MySql - Save	1685816768288	1685816775956	KO	j.i.IOException: Premature close
USER	MySql - Save Scenario	END	1685816775956
REQUEST		MySql - Save	1685816768293	1685816775956	KO	j.i.IOException: Premature close
USER	MySql - Save Scenario	END	1685816775957
REQUEST		MySql - Load	1685816768277	1685816775963	KO	status.find.in([200, 209], 304), found 500
USER	MySql - Load Scenario	END	1685816775964
REQUEST		MySql - Save	1685816768120	1685816776188	OK	 
USER	MySql - Save Scenario	END	1685816776188
REQUEST		MySql - Load	1685816768211	1685816776190	KO	status.find.in([200, 209], 304), found 500
USER	MySql - Load Scenario	END	1685816776191
REQUEST		MySql - Load	1685816768380	1685816776191	KO	status.find.in([200, 209], 304), found 500
USER	MySql - Load Scenario	END	1685816776191
REQUEST		MySql - Load	1685816768173	1685816776226	KO	status.find.in([200, 209], 304), found 500
USER	MySql - Load Scenario	END	1685816776227
REQUEST		MySql - Save	1685816768073	1685816776228	OK	 
USER	MySql - Save Scenario	END	1685816776229
REQUEST		MySql - Save	1685816768018	1685816776307	OK	 
USER	MySql - Save Scenario	END	1685816776308
REQUEST		MySql - Save	1685816768080	1685816776358	OK	 
USER	MySql - Save Scenario	END	1685816776359
REQUEST		MySql - Save	1685816768122	1685816776390	OK	 
USER	MySql - Save Scenario	END	1685816776391
REQUEST		MySql - Load	1685816768172	1685816776392	KO	status.find.in([200, 209], 304), found 500
USER	MySql - Load Scenario	END	1685816776392
REQUEST		MySql - Load	1685816768115	1685816776487	KO	status.find.in([200, 209], 304), found 500
USER	MySql - Load Scenario	END	1685816776488
REQUEST		MySql - Save	1685816768098	1685816776641	OK	 
USER	MySql - Save Scenario	END	1685816776642
REQUEST		MySql - Save	1685816768083	1685816776642	OK	 
USER	MySql - Save Scenario	END	1685816776643
REQUEST		MySql - Save	1685816768105	1685816776725	OK	 
USER	MySql - Save Scenario	END	1685816776725
REQUEST		MySql - Load	1685816768222	1685816776889	KO	status.find.in([200, 209], 304), found 500
USER	MySql - Load Scenario	END	1685816776890
REQUEST		MySql - Load	1685816768146	1685816776894	KO	status.find.in([200, 209], 304), found 500
USER	MySql - Load Scenario	END	1685816776894
REQUEST		MySql - Load	1685816768427	1685816776989	KO	status.find.in([200, 209], 304), found 500
USER	MySql - Load Scenario	END	1685816776990
REQUEST		MySql - Save	1685816768371	1685816777028	OK	 
USER	MySql - Save Scenario	END	1685816777028
REQUEST		MySql - Load	1685816768385	1685816777093	KO	status.find.in([200, 209], 304), found 500
USER	MySql - Load Scenario	END	1685816777094
REQUEST		MySql - Load	1685816768281	1685816777095	KO	status.find.in([200, 209], 304), found 500
USER	MySql - Load Scenario	END	1685816777096
REQUEST		MySql - Load	1685816768425	1685816777096	KO	status.find.in([200, 209], 304), found 500
USER	MySql - Load Scenario	END	1685816777097
REQUEST		MySql - Save	1685816768133	1685816777097	OK	 
USER	MySql - Save Scenario	END	1685816777097
REQUEST		MySql - Load	1685816768425	1685816777320	KO	status.find.in([200, 209], 304), found 500
USER	MySql - Load Scenario	END	1685816777320
REQUEST		MySql - Load	1685816773003	1685816777385	KO	status.find.in([200, 209], 304), found 500
USER	MySql - Load Scenario	END	1685816777386
REQUEST		MySql - Load	1685816768163	1685816777386	KO	status.find.in([200, 209], 304), found 500
USER	MySql - Load Scenario	END	1685816777387
REQUEST		MySql - Load	1685816768213	1685816777432	KO	status.find.in([200, 209], 304), found 500
USER	MySql - Load Scenario	END	1685816777433
REQUEST		MySql - Save	1685816768121	1685816777543	OK	 
USER	MySql - Save Scenario	END	1685816777544
REQUEST		MySql - Load	1685816768180	1685816777665	KO	status.find.in([200, 209], 304), found 500
USER	MySql - Load Scenario	END	1685816777666
REQUEST		MySql - Save	1685816768171	1685816777666	OK	 
USER	MySql - Save Scenario	END	1685816777667
REQUEST		MySql - Save	1685816773003	1685816777667	OK	 
USER	MySql - Save Scenario	END	1685816777667
REQUEST		MySql - Save	1685816768147	1685816777753	OK	 
USER	MySql - Save Scenario	END	1685816777754
REQUEST		MySql - Load	1685816768170	1685816777768	KO	status.find.in([200, 209], 304), found 500
USER	MySql - Load Scenario	END	1685816777768
REQUEST		MySql - Load	1685816768184	1685816777773	KO	status.find.in([200, 209], 304), found 500
USER	MySql - Load Scenario	END	1685816777774
REQUEST		MySql - Load	1685816768131	1685816778076	KO	status.find.in([200, 209], 304), found 500
USER	MySql - Load Scenario	END	1685816778077
REQUEST		MySql - Load	1685816768331	1685816778089	KO	status.find.in([200, 209], 304), found 500
USER	MySql - Load Scenario	END	1685816778089
REQUEST		MySql - Save	1685816768182	1685816778091	OK	 
USER	MySql - Save Scenario	END	1685816778091
REQUEST		MySql - Save	1685816768214	1685816778227	OK	 
USER	MySql - Save Scenario	END	1685816778228
REQUEST		MySql - Load	1685816768201	1685816778241	KO	status.find.in([200, 209], 304), found 500
USER	MySql - Load Scenario	END	1685816778242
REQUEST		MySql - Load	1685816768290	1685816778398	KO	status.find.in([200, 209], 304), found 500
USER	MySql - Load Scenario	END	1685816778399
REQUEST		MySql - Load	1685816768272	1685816778401	KO	status.find.in([200, 209], 304), found 500
USER	MySql - Load Scenario	END	1685816778402
REQUEST		MySql - Save	1685816768205	1685816778433	OK	 
USER	MySql - Save Scenario	END	1685816778433
REQUEST		MySql - Load	1685816768294	1685816778529	KO	status.find.in([200, 209], 304), found 500
USER	MySql - Load Scenario	END	1685816778529
REQUEST		MySql - Load	1685816768311	1685816778555	KO	status.find.in([200, 209], 304), found 500
USER	MySql - Load Scenario	END	1685816778556
REQUEST		MySql - Load	1685816768289	1685816778666	KO	status.find.in([200, 209], 304), found 500
USER	MySql - Load Scenario	END	1685816778667
REQUEST		MySql - Load	1685816768426	1685816778669	KO	status.find.in([200, 209], 304), found 500
USER	MySql - Load Scenario	END	1685816778669
REQUEST		MySql - Save	1685816768289	1685816778753	OK	 
USER	MySql - Save Scenario	END	1685816778753
REQUEST		MySql - Save	1685816768293	1685816778811	OK	 
USER	MySql - Save Scenario	END	1685816778811
REQUEST		MySql - Load	1685816768297	1685816778824	KO	status.find.in([200, 209], 304), found 500
USER	MySql - Load Scenario	END	1685816778825
REQUEST		MySql - Save	1685816768190	1685816778878	OK	 
USER	MySql - Save Scenario	END	1685816778878
REQUEST		MySql - Load	1685816768315	1685816778887	KO	status.find.in([200, 209], 304), found 500
USER	MySql - Load Scenario	END	1685816778888
REQUEST		MySql - Save	1685816768279	1685816778888	OK	 
USER	MySql - Save Scenario	END	1685816778888
REQUEST		MySql - Save	1685816768232	1685816778889	OK	 
USER	MySql - Save Scenario	END	1685816778889
REQUEST		MySql - Load	1685816768259	1685816779276	KO	status.find.in([200, 209], 304), found 500
USER	MySql - Load Scenario	END	1685816779277
REQUEST		MySql - Load	1685816768241	1685816779296	KO	status.find.in([200, 209], 304), found 500
USER	MySql - Load Scenario	END	1685816779297
REQUEST		MySql - Save	1685816768243	1685816779297	OK	 
USER	MySql - Save Scenario	END	1685816779298
REQUEST		MySql - Load	1685816768249	1685816779298	KO	status.find.in([200, 209], 304), found 500
USER	MySql - Load Scenario	END	1685816779298
REQUEST		MySql - Save	1685816768222	1685816779416	OK	 
USER	MySql - Save Scenario	END	1685816779417
REQUEST		MySql - Save	1685816768112	1685816779418	OK	 
USER	MySql - Save Scenario	END	1685816779418
REQUEST		MySql - Load	1685816768342	1685816779434	KO	status.find.in([200, 209], 304), found 500
USER	MySql - Load Scenario	END	1685816779435
REQUEST		MySql - Save	1685816768258	1685816779435	OK	 
USER	MySql - Save Scenario	END	1685816779436
REQUEST		MySql - Load	1685816768235	1685816779436	KO	status.find.in([200, 209], 304), found 500
USER	MySql - Load Scenario	END	1685816779437
REQUEST		MySql - Load	1685816768563	1685816779448	KO	status.find.in([200, 209], 304), found 500
USER	MySql - Load Scenario	END	1685816779448
REQUEST		MySql - Load	1685816768484	1685816779449	KO	status.find.in([200, 209], 304), found 500
USER	MySql - Load Scenario	END	1685816779450
REQUEST		MySql - Load	1685816768497	1685816779488	KO	status.find.in([200, 209], 304), found 500
USER	MySql - Load Scenario	END	1685816779489
REQUEST		MySql - Load	1685816768370	1685816779586	KO	status.find.in([200, 209], 304), found 500
USER	MySql - Load Scenario	END	1685816779587
REQUEST		MySql - Load	1685816768283	1685816779663	KO	status.find.in([200, 209], 304), found 500
USER	MySql - Load Scenario	END	1685816779664
REQUEST		MySql - Load	1685816768327	1685816779664	KO	status.find.in([200, 209], 304), found 500
USER	MySql - Load Scenario	END	1685816779665
REQUEST		MySql - Load	1685816768311	1685816779711	KO	status.find.in([200, 209], 304), found 500
USER	MySql - Load Scenario	END	1685816779712
REQUEST		MySql - Load	1685816768292	1685816779754	KO	status.find.in([200, 209], 304), found 500
USER	MySql - Load Scenario	END	1685816779755
REQUEST		MySql - Load	1685816768516	1685816779839	KO	status.find.in([200, 209], 304), found 500
USER	MySql - Load Scenario	END	1685816779840
REQUEST		MySql - Load	1685816768518	1685816779938	KO	status.find.in([200, 209], 304), found 500
USER	MySql - Load Scenario	END	1685816779939
REQUEST		MySql - Save	1685816768498	1685816779997	OK	 
USER	MySql - Save Scenario	END	1685816779997
REQUEST		MySql - Save	1685816768183	1685816779998	OK	 
USER	MySql - Save Scenario	END	1685816779998
REQUEST		MySql - Load	1685816768519	1685816780216	KO	status.find.in([200, 209], 304), found 500
USER	MySql - Load Scenario	END	1685816780217
REQUEST		MySql - Load	1685816768520	1685816780217	KO	status.find.in([200, 209], 304), found 500
USER	MySql - Load Scenario	END	1685816780218
REQUEST		MySql - Load	1685816768550	1685816780308	KO	status.find.in([200, 209], 304), found 500
USER	MySql - Load Scenario	END	1685816780309
REQUEST		MySql - Load	1685816768551	1685816780475	KO	status.find.in([200, 209], 304), found 500
USER	MySql - Load Scenario	END	1685816780475
REQUEST		MySql - Save	1685816768517	1685816780482	OK	 
USER	MySql - Save Scenario	END	1685816780483
REQUEST		MySql - Load	1685816768407	1685816780563	KO	status.find.in([200, 209], 304), found 500
USER	MySql - Load Scenario	END	1685816780564
REQUEST		MySql - Load	1685816768552	1685816780586	KO	status.find.in([200, 209], 304), found 500
USER	MySql - Load Scenario	END	1685816780587
REQUEST		MySql - Load	1685816768381	1685816780587	KO	status.find.in([200, 209], 304), found 500
USER	MySql - Load Scenario	END	1685816780588
REQUEST		MySql - Save	1685816768551	1685816780601	OK	 
USER	MySql - Save Scenario	END	1685816780602
REQUEST		MySql - Load	1685816768552	1685816780602	KO	status.find.in([200, 209], 304), found 500
USER	MySql - Load Scenario	END	1685816780603
REQUEST		MySql - Load	1685816768382	1685816780610	KO	status.find.in([200, 209], 304), found 500
USER	MySql - Load Scenario	END	1685816780611
REQUEST		MySql - Load	1685816768384	1685816780624	KO	status.find.in([200, 209], 304), found 500
USER	MySql - Load Scenario	END	1685816780625
REQUEST		MySql - Load	1685816768364	1685816780673	KO	status.find.in([200, 209], 304), found 500
USER	MySql - Load Scenario	END	1685816780676
REQUEST		MySql - Load	1685816768335	1685816780679	KO	status.find.in([200, 209], 304), found 500
USER	MySql - Load Scenario	END	1685816780680
REQUEST		MySql - Load	1685816768257	1685816780759	KO	status.find.in([200, 209], 304), found 500
USER	MySql - Load Scenario	END	1685816780759
REQUEST		MySql - Load	1685816768280	1685816780790	KO	status.find.in([200, 209], 304), found 500
USER	MySql - Load Scenario	END	1685816780791
REQUEST		MySql - Load	1685816768383	1685816780792	KO	status.find.in([200, 209], 304), found 500
USER	MySql - Load Scenario	END	1685816780793
REQUEST		MySql - Load	1685816768271	1685816780836	KO	status.find.in([200, 209], 304), found 500
REQUEST		MySql - Load	1685816768313	1685816780836	KO	status.find.in([200, 209], 304), found 500
USER	MySql - Load Scenario	END	1685816780836
USER	MySql - Load Scenario	END	1685816780837
REQUEST		MySql - Load	1685816768310	1685816780864	KO	status.find.in([200, 209], 304), found 500
USER	MySql - Load Scenario	END	1685816780864
REQUEST		MySql - Save	1685816768520	1685816780893	OK	 
USER	MySql - Save Scenario	END	1685816780894
REQUEST		MySql - Load	1685816768265	1685816780908	KO	status.find.in([200, 209], 304), found 500
USER	MySql - Load Scenario	END	1685816780909
REQUEST		MySql - Load	1685816768224	1685816780932	KO	status.find.in([200, 209], 304), found 500
USER	MySql - Load Scenario	END	1685816780933
REQUEST		MySql - Load	1685816768289	1685816780944	KO	status.find.in([200, 209], 304), found 500
USER	MySql - Load Scenario	END	1685816780945
REQUEST		MySql - Load	1685816768239	1685816780954	KO	status.find.in([200, 209], 304), found 500
USER	MySql - Load Scenario	END	1685816780955
REQUEST		MySql - Save	1685816768289	1685816780985	OK	 
USER	MySql - Save Scenario	END	1685816780985
REQUEST		MySql - Save	1685816768271	1685816781102	OK	 
USER	MySql - Save Scenario	END	1685816781103
REQUEST		MySql - Save	1685816768564	1685816781175	OK	 
USER	MySql - Save Scenario	END	1685816781175
REQUEST		MySql - Save	1685816768519	1685816781411	OK	 
USER	MySql - Save Scenario	END	1685816781412
REQUEST		MySql - Save	1685816768264	1685816782817	OK	 
USER	MySql - Save Scenario	END	1685816782818
REQUEST		MySql - Save	1685816768238	1685816782822	OK	 
USER	MySql - Save Scenario	END	1685816782823
REQUEST		MySql - Save	1685816768173	1685816782828	OK	 
USER	MySql - Save Scenario	END	1685816782829
REQUEST		MySql - Save	1685816768164	1685816783063	OK	 
USER	MySql - Save Scenario	END	1685816783063
REQUEST		MySql - Save	1685816768162	1685816783069	OK	 
USER	MySql - Save Scenario	END	1685816783069
REQUEST		MySql - Load	1685816768232	1685816783302	KO	status.find.in([200, 209], 304), found 500
USER	MySql - Load Scenario	END	1685816783303
REQUEST		MySql - Load	1685816768093	1685816783331	KO	status.find.in([200, 209], 304), found 500
USER	MySql - Load Scenario	END	1685816783332
REQUEST		MySql - Save	1685816768323	1685816783456	OK	 
USER	MySql - Save Scenario	END	1685816783457
REQUEST		MySql - Load	1685816768323	1685816783539	KO	status.find.in([200, 209], 304), found 500
USER	MySql - Load Scenario	END	1685816783541
REQUEST		MySql - Save	1685816768320	1685816783570	OK	 
USER	MySql - Save Scenario	END	1685816783571
REQUEST		MySql - Load	1685816768257	1685816783594	KO	status.find.in([200, 209], 304), found 500
USER	MySql - Load Scenario	END	1685816783594
REQUEST		MySql - Load	1685816768322	1685816783594	KO	status.find.in([200, 209], 304), found 500
USER	MySql - Load Scenario	END	1685816783595
REQUEST		MySql - Load	1685816768361	1685816783643	KO	status.find.in([200, 209], 304), found 500
REQUEST		MySql - Save	1685816768372	1685816783643	OK	 
REQUEST		MySql - Load	1685816768336	1685816783644	KO	status.find.in([200, 209], 304), found 500
USER	MySql - Load Scenario	END	1685816783644
USER	MySql - Save Scenario	END	1685816783644
USER	MySql - Load Scenario	END	1685816783644
REQUEST		MySql - Load	1685816768324	1685816783644	KO	status.find.in([200, 209], 304), found 500
USER	MySql - Load Scenario	END	1685816783645
REQUEST		MySql - Save	1685816768336	1685816783645	OK	 
USER	MySql - Save Scenario	END	1685816783645
REQUEST		MySql - Load	1685816768313	1685816783646	KO	status.find.in([200, 209], 304), found 500
USER	MySql - Load Scenario	END	1685816783646
REQUEST		MySql - Load	1685816768357	1685816783646	KO	status.find.in([200, 209], 304), found 500
USER	MySql - Load Scenario	END	1685816783647
REQUEST		MySql - Load	1685816768331	1685816783647	KO	status.find.in([200, 209], 304), found 500
USER	MySql - Load Scenario	END	1685816783648
REQUEST		MySql - Load	1685816768363	1685816783649	KO	status.find.in([200, 209], 304), found 500
USER	MySql - Load Scenario	END	1685816783649
REQUEST		MySql - Load	1685816768378	1685816783718	KO	status.find.in([200, 209], 304), found 500
USER	MySql - Load Scenario	END	1685816783719
REQUEST		MySql - Save	1685816768362	1685816783768	OK	 
USER	MySql - Save Scenario	END	1685816783769
REQUEST		MySql - Save	1685816768321	1685816783770	OK	 
USER	MySql - Save Scenario	END	1685816783770
REQUEST		MySql - Load	1685816768372	1685816783770	KO	status.find.in([200, 209], 304), found 500
USER	MySql - Load Scenario	END	1685816783771
REQUEST		MySql - Save	1685816768209	1685816784048	OK	 
USER	MySql - Save Scenario	END	1685816784048
REQUEST		MySql - Save	1685816768211	1685816784193	OK	 
USER	MySql - Save Scenario	END	1685816784194
REQUEST		MySql - Save	1685816768361	1685816784393	OK	 
USER	MySql - Save Scenario	END	1685816784394
