RUN	gatling.LoadSpec	loadspec	1685813104049	 	3.9.5
USER	MongoDB - Save Scenario	START	1685813105132
USER	MongoDB - Load Scenario	START	1685813105134
USER	MySql - Load Scenario	START	1685813105143
USER	MySql - Save Scenario	START	1685813105158
USER	MongoDB - Load Scenario	START	1685813105293
USER	MongoDB - Save Scenario	START	1685813105293
USER	MySql - Load Scenario	START	1685813105294
USER	MySql - Save Scenario	START	1685813105296
USER	MongoDB - Load Scenario	START	1685813105493
USER	MySql - Load Scenario	START	1685813105494
USER	MongoDB - Save Scenario	START	1685813105497
USER	MySql - Save Scenario	START	1685813105500
USER	MongoDB - Load Scenario	START	1685813105693
USER	MySql - Load Scenario	START	1685813105693
USER	MongoDB - Save Scenario	START	1685813105694
USER	MySql - Save Scenario	START	1685813105704
USER	MySql - Load Scenario	START	1685813105893
USER	MongoDB - Save Scenario	START	1685813105894
USER	MongoDB - Load Scenario	START	1685813105893
USER	MySql - Save Scenario	START	1685813105904
USER	MongoDB - Save Scenario	START	1685813106093
USER	MongoDB - Load Scenario	START	1685813106093
USER	MySql - Load Scenario	START	1685813106094
USER	MySql - Save Scenario	START	1685813106104
USER	MySql - Load Scenario	START	1685813106293
USER	MongoDB - Save Scenario	START	1685813106293
USER	MongoDB - Load Scenario	START	1685813106295
USER	MySql - Save Scenario	START	1685813106305
USER	MySql - Load Scenario	START	1685813106493
USER	MongoDB - Load Scenario	START	1685813106493
USER	MongoDB - Save Scenario	START	1685813106495
USER	MySql - Save Scenario	START	1685813106505
USER	MongoDB - Save Scenario	START	1685813106693
USER	MySql - Load Scenario	START	1685813106694
USER	MongoDB - Load Scenario	START	1685813106694
USER	MySql - Save Scenario	START	1685813106705
USER	MongoDB - Save Scenario	START	1685813106894
USER	MongoDB - Load Scenario	START	1685813106894
USER	MySql - Load Scenario	START	1685813106895
USER	MySql - Save Scenario	START	1685813106905
USER	MongoDB - Save Scenario	START	1685813107094
USER	MySql - Load Scenario	START	1685813107094
USER	MongoDB - Load Scenario	START	1685813107095
USER	MySql - Save Scenario	START	1685813107105
USER	MongoDB - Load Scenario	START	1685813107293
USER	MongoDB - Save Scenario	START	1685813107295
USER	MySql - Load Scenario	START	1685813107296
USER	MySql - Save Scenario	START	1685813107302
USER	MySql - Save Scenario	START	1685813107495
REQUEST		MongoDB - Save	1685813106293	1685813107482	OK	 
REQUEST		MongoDB - Save	1685813106093	1685813107471	OK	 
REQUEST		MongoDB - Load	1685813106093	1685813107482	OK	 
USER	MongoDB - Save Scenario	END	1685813107506
USER	MongoDB - Save Scenario	END	1685813107511
USER	MongoDB - Save Scenario	START	1685813107510
USER	MongoDB - Load Scenario	START	1685813107512
REQUEST		MongoDB - Save	1685813105293	1685813107511	OK	 
REQUEST		MongoDB - Load	1685813105693	1685813107513	OK	 
REQUEST		MongoDB - Save	1685813105493	1685813107513	OK	 
USER	MongoDB - Load Scenario	END	1685813107517
USER	MongoDB - Save Scenario	END	1685813107517
USER	MongoDB - Load Scenario	END	1685813107518
USER	MongoDB - Save Scenario	END	1685813107518
USER	MySql - Load Scenario	START	1685813107520
REQUEST		MongoDB - Load	1685813105292	1685813107520	KO	status.find.in([200, 209], 304), found 500
USER	MongoDB - Load Scenario	END	1685813107529
REQUEST		MongoDB - Save	1685813105694	1685813107558	OK	 
USER	MongoDB - Save Scenario	END	1685813107558
REQUEST		MongoDB - Load	1685813106294	1685813107612	OK	 
USER	MongoDB - Load Scenario	END	1685813107613
REQUEST		MongoDB - Load	1685813105493	1685813107634	OK	 
USER	MongoDB - Load Scenario	END	1685813107635
REQUEST		MongoDB - Load	1685813106493	1685813107672	KO	status.find.in([200, 209], 304), found 500
USER	MongoDB - Load Scenario	END	1685813107673
REQUEST		MongoDB - Save	1685813105894	1685813107689	OK	 
REQUEST		MongoDB - Save	1685813105131	1685813107690	OK	 
REQUEST		MongoDB - Load	1685813105893	1685813107691	OK	 
REQUEST		MongoDB - Load	1685813105133	1685813107691	OK	 
USER	MongoDB - Save Scenario	END	1685813107692
USER	MongoDB - Save Scenario	END	1685813107692
USER	MongoDB - Load Scenario	END	1685813107692
USER	MongoDB - Load Scenario	END	1685813107692
USER	MySql - Load Scenario	START	1685813107693
USER	MongoDB - Save Scenario	START	1685813107694
USER	MongoDB - Load Scenario	START	1685813107697
USER	MySql - Save Scenario	START	1685813107698
REQUEST		MongoDB - Save	1685813106494	1685813107753	OK	 
USER	MongoDB - Save Scenario	END	1685813107754
REQUEST		MySql - Load	1685813105294	1685813107760	KO	status.find.in([200, 209], 304), found 500
USER	MySql - Load Scenario	END	1685813107761
REQUEST		MySql - Load	1685813105493	1685813107763	KO	status.find.in([200, 209], 304), found 500
USER	MySql - Load Scenario	END	1685813107764
REQUEST		MongoDB - Load	1685813106694	1685813107798	OK	 
USER	MongoDB - Load Scenario	END	1685813107799
REQUEST		MongoDB - Save	1685813106693	1685813107824	OK	 
USER	MongoDB - Save Scenario	END	1685813107824
REQUEST		MySql - Load	1685813105143	1685813107885	KO	status.find.in([200, 209], 304), found 500
USER	MySql - Load Scenario	END	1685813107888
REQUEST		MongoDB - Save	1685813106893	1685813107890	OK	 
USER	MongoDB - Save Scenario	END	1685813107891
USER	MongoDB - Load Scenario	START	1685813107893
USER	MySql - Save Scenario	START	1685813107894
USER	MySql - Load Scenario	START	1685813107894
USER	MongoDB - Save Scenario	START	1685813107895
REQUEST		MongoDB - Load	1685813106893	1685813107912	OK	 
USER	MongoDB - Load Scenario	END	1685813107913
REQUEST		MongoDB - Load	1685813107094	1685813107949	OK	 
USER	MongoDB - Load Scenario	END	1685813107949
REQUEST		MySql - Load	1685813105693	1685813107967	KO	status.find.in([200, 209], 304), found 500
USER	MySql - Load Scenario	END	1685813107968
REQUEST		MongoDB - Load	1685813107292	1685813107984	OK	 
USER	MongoDB - Load Scenario	END	1685813107984
REQUEST		MongoDB - Save	1685813107093	1685813107990	OK	 
USER	MongoDB - Save Scenario	END	1685813107994
REQUEST		MongoDB - Save	1685813107294	1685813108061	OK	 
USER	MongoDB - Save Scenario	END	1685813108062
USER	MongoDB - Load Scenario	START	1685813108093
USER	MySql - Load Scenario	START	1685813108094
USER	MongoDB - Save Scenario	START	1685813108095
USER	MySql - Save Scenario	START	1685813108096
REQUEST		MongoDB - Save	1685813107509	1685813108109	OK	 
USER	MongoDB - Save Scenario	END	1685813108109
REQUEST		MongoDB - Load	1685813107511	1685813108132	OK	 
USER	MongoDB - Load Scenario	END	1685813108134
REQUEST		MongoDB - Save	1685813107693	1685813108175	OK	 
USER	MongoDB - Save Scenario	END	1685813108176
REQUEST		MongoDB - Load	1685813107697	1685813108188	OK	 
USER	MongoDB - Load Scenario	END	1685813108189
REQUEST		MongoDB - Save	1685813107894	1685813108224	OK	 
USER	MongoDB - Save Scenario	END	1685813108225
REQUEST		MongoDB - Load	1685813107892	1685813108259	OK	 
USER	MongoDB - Load Scenario	END	1685813108260
REQUEST		MongoDB - Save	1685813108095	1685813108291	OK	 
USER	MongoDB - Save Scenario	END	1685813108291
USER	MySql - Save Scenario	START	1685813108293
USER	MySql - Load Scenario	START	1685813108293
USER	MongoDB - Save Scenario	START	1685813108294
USER	MongoDB - Load Scenario	START	1685813108294
REQUEST		MongoDB - Load	1685813108093	1685813108305	OK	 
USER	MongoDB - Load Scenario	END	1685813108306
REQUEST		MongoDB - Save	1685813108294	1685813108347	OK	 
REQUEST		MongoDB - Load	1685813108294	1685813108347	OK	 
USER	MongoDB - Load Scenario	END	1685813108347
USER	MongoDB - Save Scenario	END	1685813108348
REQUEST		MySql - Save	1685813105499	1685813108407	OK	 
USER	MySql - Save Scenario	END	1685813108408
REQUEST		MySql - Load	1685813106094	1685813108409	KO	status.find.in([200, 209], 304), found 500
USER	MySql - Load Scenario	END	1685813108410
REQUEST		MySql - Load	1685813105893	1685813108413	KO	status.find.in([200, 209], 304), found 500
USER	MySql - Load Scenario	END	1685813108414
USER	MongoDB - Save Scenario	START	1685813108493
USER	MySql - Load Scenario	START	1685813108493
USER	MySql - Save Scenario	START	1685813108494
USER	MongoDB - Load Scenario	START	1685813108495
REQUEST		MongoDB - Save	1685813108493	1685813108541	OK	 
USER	MongoDB - Save Scenario	END	1685813108542
REQUEST		MongoDB - Load	1685813108495	1685813108551	OK	 
USER	MongoDB - Load Scenario	END	1685813108552
REQUEST		MySql - Save	1685813105704	1685813108668	OK	 
USER	MySql - Save Scenario	END	1685813108668
USER	MongoDB - Load Scenario	START	1685813108693
USER	MongoDB - Save Scenario	START	1685813108694
USER	MySql - Save Scenario	START	1685813108695
USER	MySql - Load Scenario	START	1685813108693
REQUEST		MySql - Load	1685813106293	1685813108729	KO	status.find.in([200, 209], 304), found 500
USER	MySql - Load Scenario	END	1685813108730
REQUEST		MySql - Save	1685813105295	1685813108732	OK	 
USER	MySql - Save Scenario	END	1685813108732
REQUEST		MySql - Load	1685813106493	1685813108738	KO	status.find.in([200, 209], 304), found 500
USER	MySql - Load Scenario	END	1685813108739
REQUEST		MongoDB - Save	1685813108694	1685813108747	OK	 
USER	MongoDB - Save Scenario	END	1685813108747
REQUEST		MongoDB - Load	1685813108693	1685813108752	OK	 
USER	MongoDB - Load Scenario	END	1685813108752
USER	MongoDB - Save Scenario	START	1685813108893
USER	MySql - Save Scenario	START	1685813108895
USER	MySql - Load Scenario	START	1685813108896
USER	MongoDB - Load Scenario	START	1685813108898
REQUEST		MongoDB - Save	1685813108893	1685813108928	OK	 
USER	MongoDB - Save Scenario	END	1685813108929
REQUEST		MongoDB - Load	1685813108896	1685813108943	OK	 
USER	MongoDB - Load Scenario	END	1685813108944
REQUEST		MySql - Load	1685813106693	1685813108947	KO	status.find.in([200, 209], 304), found 500
USER	MySql - Load Scenario	END	1685813108948
REQUEST		MySql - Load	1685813106894	1685813109065	KO	status.find.in([200, 209], 304), found 500
USER	MySql - Load Scenario	END	1685813109066
REQUEST		MySql - Save	1685813105904	1685813109081	OK	 
USER	MySql - Save Scenario	END	1685813109082
USER	MySql - Load Scenario	START	1685813109093
USER	MongoDB - Load Scenario	START	1685813109094
USER	MongoDB - Save Scenario	START	1685813109095
USER	MySql - Save Scenario	START	1685813109096
REQUEST		MongoDB - Load	1685813109094	1685813109128	OK	 
USER	MongoDB - Load Scenario	END	1685813109129
REQUEST		MongoDB - Save	1685813109095	1685813109150	OK	 
USER	MongoDB - Save Scenario	END	1685813109151
USER	MySql - Load Scenario	START	1685813109293
USER	MongoDB - Load Scenario	START	1685813109294
USER	MySql - Save Scenario	START	1685813109295
USER	MongoDB - Save Scenario	START	1685813109296
REQUEST		MongoDB - Save	1685813109296	1685813109335	OK	 
REQUEST		MongoDB - Load	1685813109294	1685813109336	OK	 
USER	MongoDB - Load Scenario	END	1685813109337
USER	MongoDB - Save Scenario	END	1685813109337
REQUEST		MySql - Save	1685813106304	1685813109342	OK	 
USER	MySql - Save Scenario	END	1685813109342
USER	MySql - Save Scenario	START	1685813109493
USER	MongoDB - Load Scenario	START	1685813109494
USER	MongoDB - Save Scenario	START	1685813109495
USER	MySql - Load Scenario	START	1685813109496
REQUEST		MongoDB - Save	1685813109495	1685813109539	OK	 
USER	MongoDB - Save Scenario	END	1685813109539
REQUEST		MongoDB - Load	1685813109494	1685813109547	OK	 
USER	MongoDB - Load Scenario	END	1685813109547
REQUEST		MySql - Load	1685813107093	1685813109671	KO	status.find.in([200, 209], 304), found 500
USER	MySql - Load Scenario	END	1685813109672
REQUEST		MySql - Load	1685813107293	1685813109675	KO	status.find.in([200, 209], 304), found 500
USER	MySql - Load Scenario	END	1685813109676
USER	MySql - Save Scenario	START	1685813109692
USER	MySql - Load Scenario	START	1685813109693
USER	MongoDB - Save Scenario	START	1685813109693
USER	MongoDB - Load Scenario	START	1685813109694
REQUEST		MongoDB - Load	1685813109694	1685813109725	OK	 
USER	MongoDB - Load Scenario	END	1685813109726
REQUEST		MongoDB - Save	1685813109693	1685813109729	OK	 
USER	MongoDB - Save Scenario	END	1685813109730
USER	MySql - Save Scenario	START	1685813109893
USER	MongoDB - Load Scenario	START	1685813109893
USER	MySql - Load Scenario	START	1685813109894
USER	MongoDB - Save Scenario	START	1685813109894
REQUEST		MySql - Save	1685813107105	1685813109906	OK	 
USER	MySql - Save Scenario	END	1685813109907
REQUEST		MongoDB - Load	1685813109893	1685813109933	OK	 
USER	MongoDB - Load Scenario	END	1685813109934
REQUEST		MongoDB - Save	1685813109894	1685813109937	OK	 
USER	MongoDB - Save Scenario	END	1685813109937
REQUEST		MySql - Load	1685813107518	1685813109985	KO	status.find.in([200, 209], 304), found 500
USER	MySql - Load Scenario	END	1685813109985
REQUEST		MySql - Load	1685813107693	1685813110016	KO	status.find.in([200, 209], 304), found 500
USER	MySql - Load Scenario	END	1685813110016
USER	MongoDB - Save Scenario	START	1685813110093
USER	MySql - Load Scenario	START	1685813110093
USER	MySql - Save Scenario	START	1685813110094
USER	MongoDB - Load Scenario	START	1685813110094
REQUEST		MongoDB - Save	1685813110092	1685813110122	OK	 
USER	MongoDB - Save Scenario	END	1685813110123
REQUEST		MongoDB - Load	1685813110094	1685813110125	OK	 
USER	MongoDB - Load Scenario	END	1685813110126
USER	MySql - Save Scenario	START	1685813110293
USER	MongoDB - Load Scenario	START	1685813110293
USER	MySql - Load Scenario	START	1685813110294
USER	MongoDB - Save Scenario	START	1685813110295
REQUEST		MongoDB - Save	1685813110294	1685813110316	OK	 
USER	MongoDB - Save Scenario	END	1685813110317
REQUEST		MongoDB - Load	1685813110293	1685813110319	OK	 
USER	MongoDB - Load Scenario	END	1685813110320
REQUEST		MySql - Save	1685813107495	1685813110361	OK	 
USER	MySql - Save Scenario	END	1685813110361
USER	MongoDB - Load Scenario	START	1685813110493
USER	MongoDB - Save Scenario	START	1685813110494
USER	MySql - Load Scenario	START	1685813110493
USER	MySql - Save Scenario	START	1685813110503
REQUEST		MongoDB - Load	1685813110493	1685813110535	OK	 
USER	MongoDB - Load Scenario	END	1685813110537
REQUEST		MongoDB - Save	1685813110494	1685813110552	OK	 
USER	MongoDB - Save Scenario	END	1685813110553
USER	MySql - Save Scenario	START	1685813110693
USER	MongoDB - Load Scenario	START	1685813110694
USER	MySql - Load Scenario	START	1685813110695
USER	MongoDB - Save Scenario	START	1685813110696
REQUEST		MongoDB - Save	1685813110696	1685813110727	OK	 
USER	MongoDB - Save Scenario	END	1685813110728
REQUEST		MySql - Load	1685813108094	1685813110739	KO	status.find.in([200, 209], 304), found 500
USER	MySql - Load Scenario	END	1685813110740
REQUEST		MySql - Load	1685813107893	1685813110741	KO	status.find.in([200, 209], 304), found 500
USER	MySql - Load Scenario	END	1685813110742
REQUEST		MongoDB - Load	1685813110694	1685813110747	OK	 
USER	MongoDB - Load Scenario	END	1685813110748
USER	MySql - Save Scenario	START	1685813110893
USER	MongoDB - Save Scenario	START	1685813110894
USER	MongoDB - Load Scenario	START	1685813110895
USER	MySql - Load Scenario	START	1685813110896
REQUEST		MongoDB - Save	1685813110894	1685813110920	OK	 
USER	MongoDB - Save Scenario	END	1685813110921
REQUEST		MongoDB - Load	1685813110895	1685813110922	OK	 
USER	MongoDB - Load Scenario	END	1685813110923
USER	MySql - Save Scenario	START	1685813111093
USER	MongoDB - Save Scenario	START	1685813111094
USER	MongoDB - Load Scenario	START	1685813111095
USER	MySql - Load Scenario	START	1685813111096
REQUEST		MongoDB - Save	1685813111094	1685813111119	OK	 
USER	MongoDB - Save Scenario	END	1685813111120
REQUEST		MongoDB - Load	1685813111095	1685813111122	OK	 
USER	MongoDB - Load Scenario	END	1685813111122
REQUEST		MySql - Load	1685813108293	1685813111207	KO	status.find.in([200, 209], 304), found 500
REQUEST		MySql - Save	1685813107698	1685813111208	OK	 
USER	MySql - Save Scenario	END	1685813111209
USER	MySql - Load Scenario	END	1685813111209
REQUEST		MySql - Save	1685813106905	1685813111218	OK	 
REQUEST		MySql - Save	1685813108095	1685813111219	OK	 
USER	MySql - Save Scenario	END	1685813111219
USER	MySql - Save Scenario	END	1685813111219
USER	MongoDB - Load Scenario	START	1685813111292
USER	MongoDB - Save Scenario	START	1685813111293
USER	MySql - Load Scenario	START	1685813111295
USER	MySql - Save Scenario	START	1685813111295
REQUEST		MongoDB - Save	1685813111293	1685813111316	OK	 
USER	MongoDB - Save Scenario	END	1685813111316
REQUEST		MongoDB - Load	1685813111292	1685813111322	OK	 
USER	MongoDB - Load Scenario	END	1685813111322
REQUEST		MySql - Load	1685813108493	1685813111453	KO	status.find.in([200, 209], 304), found 500
USER	MySql - Load Scenario	END	1685813111454
USER	MongoDB - Load Scenario	START	1685813111493
USER	MySql - Load Scenario	START	1685813111493
USER	MongoDB - Save Scenario	START	1685813111494
USER	MySql - Save Scenario	START	1685813111494
REQUEST		MongoDB - Load	1685813111492	1685813111521	OK	 
USER	MongoDB - Load Scenario	END	1685813111522
REQUEST		MongoDB - Save	1685813111493	1685813111531	OK	 
USER	MongoDB - Save Scenario	END	1685813111532
REQUEST		MySql - Load	1685813108693	1685813111653	KO	status.find.in([200, 209], 304), found 500
USER	MySql - Load Scenario	END	1685813111654
USER	MongoDB - Load Scenario	START	1685813111693
USER	MySql - Save Scenario	START	1685813111693
USER	MySql - Load Scenario	START	1685813111694
USER	MongoDB - Save Scenario	START	1685813111694
REQUEST		MongoDB - Load	1685813111692	1685813111725	OK	 
USER	MongoDB - Load Scenario	END	1685813111727
REQUEST		MongoDB - Save	1685813111693	1685813111733	OK	 
USER	MongoDB - Save Scenario	END	1685813111733
REQUEST		MySql - Load	1685813108896	1685813111759	KO	status.find.in([200, 209], 304), found 500
USER	MySql - Load Scenario	END	1685813111760
REQUEST		MySql - Save	1685813108494	1685813111880	OK	 
REQUEST		MySql - Load	1685813109093	1685813111881	KO	status.find.in([200, 209], 304), found 500
USER	MySql - Save Scenario	END	1685813111881
USER	MySql - Load Scenario	END	1685813111882
USER	MongoDB - Load Scenario	START	1685813111892
USER	MySql - Load Scenario	START	1685813111894
USER	MongoDB - Save Scenario	START	1685813111895
USER	MySql - Save Scenario	START	1685813111895
REQUEST		MongoDB - Load	1685813111892	1685813111918	OK	 
USER	MongoDB - Load Scenario	END	1685813111918
REQUEST		MongoDB - Save	1685813111895	1685813111924	OK	 
USER	MongoDB - Save Scenario	END	1685813111924
USER	MongoDB - Load Scenario	START	1685813112093
USER	MongoDB - Save Scenario	START	1685813112093
USER	MySql - Save Scenario	START	1685813112094
USER	MySql - Load Scenario	START	1685813112095
REQUEST		MongoDB - Load	1685813112092	1685813112141	OK	 
USER	MongoDB - Load Scenario	END	1685813112141
REQUEST		MongoDB - Save	1685813112093	1685813112143	OK	 
USER	MongoDB - Save Scenario	END	1685813112144
USER	MySql - Save Scenario	START	1685813112293
USER	MongoDB - Load Scenario	START	1685813112293
USER	MySql - Load Scenario	START	1685813112294
USER	MongoDB - Save Scenario	START	1685813112294
REQUEST		MySql - Load	1685813109292	1685813112305	KO	status.find.in([200, 209], 304), found 500
USER	MySql - Load Scenario	END	1685813112305
REQUEST		MongoDB - Save	1685813112294	1685813112322	OK	 
USER	MongoDB - Save Scenario	END	1685813112323
REQUEST		MongoDB - Load	1685813112293	1685813112351	OK	 
USER	MongoDB - Load Scenario	END	1685813112352
USER	MongoDB - Save Scenario	START	1685813112493
USER	MySql - Save Scenario	START	1685813112494
USER	MongoDB - Load Scenario	START	1685813112494
USER	MySql - Load Scenario	START	1685813112495
REQUEST		MongoDB - Save	1685813112493	1685813112520	OK	 
USER	MongoDB - Save Scenario	END	1685813112521
REQUEST		MongoDB - Load	1685813112494	1685813112532	OK	 
USER	MongoDB - Load Scenario	END	1685813112532
REQUEST		MySql - Save	1685813108895	1685813112579	OK	 
USER	MySql - Save Scenario	END	1685813112580
REQUEST		MySql - Save	1685813109295	1685813112651	OK	 
USER	MySql - Save Scenario	END	1685813112652
USER	MySql - Save Scenario	START	1685813112693
USER	MongoDB - Load Scenario	START	1685813112693
USER	MySql - Load Scenario	START	1685813112694
USER	MongoDB - Save Scenario	START	1685813112695
REQUEST		MongoDB - Load	1685813112693	1685813112742	OK	 
REQUEST		MongoDB - Save	1685813112694	1685813112742	OK	 
USER	MongoDB - Load Scenario	END	1685813112743
USER	MongoDB - Save Scenario	END	1685813112743
REQUEST		MySql - Save	1685813105130	1685813112792	OK	 
USER	MySql - Save Scenario	END	1685813112793
REQUEST		MySql - Load	1685813109496	1685813112806	KO	status.find.in([200, 209], 304), found 500
USER	MySql - Load Scenario	END	1685813112807
USER	MySql - Save Scenario	START	1685813112893
USER	MongoDB - Save Scenario	START	1685813112893
USER	MongoDB - Load Scenario	START	1685813112894
USER	MySql - Load Scenario	START	1685813112894
REQUEST		MongoDB - Save	1685813112893	1685813112932	OK	 
USER	MongoDB - Save Scenario	END	1685813112932
REQUEST		MongoDB - Load	1685813112894	1685813112938	OK	 
USER	MongoDB - Load Scenario	END	1685813112939
REQUEST		MySql - Load	1685813109692	1685813112982	KO	status.find.in([200, 209], 304), found 500
USER	MySql - Load Scenario	END	1685813112983
USER	MySql - Load Scenario	START	1685813113093
USER	MySql - Save Scenario	START	1685813113094
USER	MongoDB - Load Scenario	START	1685813113096
USER	MongoDB - Save Scenario	START	1685813113095
REQUEST		MongoDB - Save	1685813113095	1685813113119	OK	 
USER	MongoDB - Save Scenario	END	1685813113119
REQUEST		MongoDB - Load	1685813113095	1685813113143	OK	 
USER	MongoDB - Load Scenario	END	1685813113144
REQUEST		MySql - Load	1685813109894	1685813113286	KO	status.find.in([200, 209], 304), found 500
USER	MySql - Load Scenario	END	1685813113287
USER	MySql - Load Scenario	START	1685813113293
USER	MongoDB - Load Scenario	START	1685813113295
USER	MongoDB - Save Scenario	START	1685813113295
USER	MySql - Save Scenario	START	1685813113295
REQUEST		MongoDB - Load	1685813113294	1685813113331	OK	 
USER	MongoDB - Load Scenario	END	1685813113332
REQUEST		MongoDB - Save	1685813113295	1685813113334	OK	 
USER	MongoDB - Save Scenario	END	1685813113335
REQUEST		MySql - Save	1685813109492	1685813113488	OK	 
USER	MySql - Save Scenario	END	1685813113489
USER	MySql - Save Scenario	START	1685813113493
USER	MongoDB - Load Scenario	START	1685813113493
USER	MySql - Load Scenario	START	1685813113494
USER	MongoDB - Save Scenario	START	1685813113494
REQUEST		MongoDB - Save	1685813113494	1685813113526	OK	 
USER	MongoDB - Save Scenario	END	1685813113526
REQUEST		MongoDB - Load	1685813113493	1685813113527	OK	 
USER	MongoDB - Load Scenario	END	1685813113528
USER	MySql - Save Scenario	START	1685813113693
USER	MongoDB - Load Scenario	START	1685813113694
USER	MongoDB - Save Scenario	START	1685813113695
USER	MySql - Load Scenario	START	1685813113695
REQUEST		MongoDB - Load	1685813113694	1685813113722	OK	 
USER	MongoDB - Load Scenario	END	1685813113723
REQUEST		MongoDB - Save	1685813113695	1685813113728	OK	 
USER	MongoDB - Save Scenario	END	1685813113728
REQUEST		MySql - Load	1685813110093	1685813113765	KO	status.find.in([200, 209], 304), found 500
USER	MySql - Load Scenario	END	1685813113766
REQUEST		MySql - Load	1685813110493	1685813113873	KO	status.find.in([200, 209], 304), found 500
USER	MySql - Load Scenario	END	1685813113874
REQUEST		MySql - Save	1685813109892	1685813113892	OK	 
USER	MySql - Load Scenario	START	1685813113893
USER	MySql - Save Scenario	END	1685813113893
USER	MySql - Save Scenario	START	1685813113893
USER	MongoDB - Save Scenario	START	1685813113894
USER	MongoDB - Load Scenario	START	1685813113895
REQUEST		MongoDB - Save	1685813113893	1685813113933	OK	 
USER	MongoDB - Save Scenario	END	1685813113934
REQUEST		MongoDB - Load	1685813113895	1685813113942	OK	 
USER	MongoDB - Load Scenario	END	1685813113943
REQUEST		MySql - Save	1685813106504	1685813114034	OK	 
USER	MySql - Save Scenario	END	1685813114034
REQUEST		MySql - Save	1685813108293	1685813114035	OK	 
USER	MySql - Save Scenario	END	1685813114035
REQUEST		MySql - Load	1685813110294	1685813114035	KO	status.find.in([200, 209], 304), found 500
USER	MySql - Load Scenario	END	1685813114036
USER	MySql - Save Scenario	START	1685813114093
USER	MongoDB - Load Scenario	START	1685813114093
USER	MongoDB - Save Scenario	START	1685813114094
USER	MySql - Load Scenario	START	1685813114095
REQUEST		MongoDB - Save	1685813114094	1685813114125	OK	 
USER	MongoDB - Save Scenario	END	1685813114126
REQUEST		MongoDB - Load	1685813114093	1685813114127	OK	 
USER	MongoDB - Load Scenario	END	1685813114127
REQUEST		MySql - Save	1685813110493	1685813114228	OK	 
USER	MySql - Save Scenario	END	1685813114229
REQUEST		MySql - Save	1685813106104	1685813114238	OK	 
USER	MySql - Save Scenario	END	1685813114239
REQUEST		MySql - Load	1685813110695	1685813114241	KO	status.find.in([200, 209], 304), found 500
USER	MySql - Load Scenario	END	1685813114241
USER	MySql - Save Scenario	START	1685813114292
USER	MongoDB - Save Scenario	START	1685813114293
USER	MongoDB - Load Scenario	START	1685813114294
USER	MySql - Load Scenario	START	1685813114294
REQUEST		MongoDB - Save	1685813114292	1685813114333	OK	 
USER	MongoDB - Save Scenario	END	1685813114333
REQUEST		MongoDB - Load	1685813114293	1685813114345	OK	 
USER	MongoDB - Load Scenario	END	1685813114345
USER	MongoDB - Save Scenario	START	1685813114493
USER	MySql - Save Scenario	START	1685813114493
USER	MongoDB - Load Scenario	START	1685813114494
USER	MySql - Load Scenario	START	1685813114496
REQUEST		MongoDB - Save	1685813114492	1685813114523	OK	 
USER	MongoDB - Save Scenario	END	1685813114524
REQUEST		MongoDB - Load	1685813114494	1685813114546	OK	 
USER	MongoDB - Load Scenario	END	1685813114546
USER	MySql - Save Scenario	START	1685813114693
USER	MongoDB - Save Scenario	START	1685813114693
USER	MongoDB - Load Scenario	START	1685813114693
USER	MySql - Load Scenario	START	1685813114694
REQUEST		MongoDB - Save	1685813114692	1685813114718	OK	 
USER	MongoDB - Save Scenario	END	1685813114719
REQUEST		MongoDB - Load	1685813114693	1685813114734	OK	 
USER	MongoDB - Load Scenario	END	1685813114735
REQUEST		MySql - Save	1685813106705	1685813114738	OK	 
USER	MySql - Save Scenario	END	1685813114738
REQUEST		MySql - Save	1685813108695	1685813114742	OK	 
USER	MySql - Save Scenario	END	1685813114742
REQUEST		MySql - Save	1685813107294	1685813114743	OK	 
USER	MySql - Save Scenario	END	1685813114743
USER	MongoDB - Save Scenario	START	1685813114893
USER	MongoDB - Load Scenario	START	1685813114893
USER	MySql - Load Scenario	START	1685813114893
USER	MySql - Save Scenario	START	1685813114894
REQUEST		MongoDB - Save	1685813114892	1685813114919	OK	 
USER	MongoDB - Save Scenario	END	1685813114920
REQUEST		MongoDB - Load	1685813114893	1685813114932	OK	 
USER	MongoDB - Load Scenario	END	1685813114933
REQUEST		MySql - Load	1685813110896	1685813114946	KO	status.find.in([200, 209], 304), found 500
USER	MySql - Load Scenario	END	1685813114947
REQUEST		MySql - Save	1685813109692	1685813114947	OK	 
USER	MySql - Save Scenario	END	1685813114948
USER	MySql - Load Scenario	START	1685813115093
USER	MongoDB - Save Scenario	START	1685813115093
USER	MongoDB - Load Scenario	START	1685813115094
USER	MySql - Save Scenario	START	1685813115093
REQUEST		MongoDB - Save	1685813115093	1685813115119	OK	 
USER	MongoDB - Save Scenario	END	1685813115119
REQUEST		MongoDB - Load	1685813115093	1685813115130	OK	 
USER	MongoDB - Load Scenario	END	1685813115130
REQUEST		MySql - Load	1685813111493	1685813115197	KO	status.find.in([200, 209], 304), found 500
USER	MySql - Load Scenario	END	1685813115198
REQUEST		MySql - Load	1685813111294	1685813115199	KO	status.find.in([200, 209], 304), found 500
USER	MySql - Load Scenario	END	1685813115199
REQUEST		MySql - Load	1685813111095	1685813115208	OK	 
USER	MySql - Load Scenario	END	1685813115209
USER	MongoDB - Save Scenario	START	1685813115292
USER	MySql - Save Scenario	START	1685813115293
USER	MySql - Load Scenario	START	1685813115295
USER	MongoDB - Load Scenario	START	1685813115296
REQUEST		MongoDB - Save	1685813115292	1685813115332	OK	 
USER	MongoDB - Save Scenario	END	1685813115333
REQUEST		MongoDB - Load	1685813115296	1685813115341	OK	 
USER	MongoDB - Load Scenario	END	1685813115342
REQUEST		MySql - Save	1685813111093	1685813115358	OK	 
USER	MySql - Save Scenario	END	1685813115358
USER	MySql - Load Scenario	START	1685813115492
USER	MongoDB - Load Scenario	START	1685813115493
USER	MySql - Save Scenario	START	1685813115495
USER	MongoDB - Save Scenario	START	1685813115496
REQUEST		MongoDB - Save	1685813115496	1685813115527	OK	 
USER	MongoDB - Save Scenario	END	1685813115528
REQUEST		MongoDB - Load	1685813115493	1685813115532	OK	 
USER	MongoDB - Load Scenario	END	1685813115534
REQUEST		MySql - Load	1685813111694	1685813115634	KO	status.find.in([200, 209], 304), found 500
USER	MySql - Load Scenario	END	1685813115635
REQUEST		MySql - Save	1685813111294	1685813115647	OK	 
USER	MySql - Save Scenario	END	1685813115649
REQUEST		MySql - Load	1685813111894	1685813115649	KO	status.find.in([200, 209], 304), found 500
USER	MySql - Load Scenario	END	1685813115649
USER	MongoDB - Save Scenario	START	1685813115693
USER	MySql - Save Scenario	START	1685813115694
USER	MongoDB - Load Scenario	START	1685813115694
USER	MySql - Load Scenario	START	1685813115692
REQUEST		MongoDB - Load	1685813115694	1685813115732	OK	 
USER	MongoDB - Load Scenario	END	1685813115733
REQUEST		MongoDB - Save	1685813115693	1685813115740	OK	 
USER	MongoDB - Save Scenario	END	1685813115741
USER	MySql - Load Scenario	START	1685813115893
USER	MongoDB - Load Scenario	START	1685813115893
USER	MongoDB - Save Scenario	START	1685813115894
USER	MySql - Save Scenario	START	1685813115896
REQUEST		MongoDB - Load	1685813115893	1685813115923	OK	 
USER	MongoDB - Load Scenario	END	1685813115924
REQUEST		MongoDB - Save	1685813115894	1685813115946	OK	 
USER	MongoDB - Save Scenario	END	1685813115947
REQUEST		MySql - Save	1685813110693	1685813115990	OK	 
REQUEST		MySql - Save	1685813107893	1685813115990	OK	 
USER	MySql - Save Scenario	END	1685813115991
USER	MySql - Save Scenario	END	1685813115991
REQUEST		MySql - Load	1685813112294	1685813116071	KO	status.find.in([200, 209], 304), found 500
USER	MySql - Load Scenario	END	1685813116072
REQUEST		MySql - Load	1685813112093	1685813116073	KO	status.find.in([200, 209], 304), found 500
USER	MySql - Load Scenario	END	1685813116074
REQUEST		MySql - Save	1685813111893	1685813116074	OK	 
USER	MySql - Save Scenario	END	1685813116075
USER	MySql - Load Scenario	START	1685813116092
USER	MongoDB - Save Scenario	START	1685813116092
USER	MongoDB - Load Scenario	START	1685813116093
USER	MySql - Save Scenario	START	1685813116093
REQUEST		MongoDB - Load	1685813116093	1685813116137	OK	 
USER	MongoDB - Load Scenario	END	1685813116137
REQUEST		MongoDB - Save	1685813116092	1685813116153	OK	 
USER	MongoDB - Save Scenario	END	1685813116154
USER	MongoDB - Save Scenario	START	1685813116292
USER	MongoDB - Load Scenario	START	1685813116292
USER	MySql - Save Scenario	START	1685813116293
USER	MySql - Load Scenario	START	1685813116293
REQUEST		MongoDB - Load	1685813116292	1685813116325	OK	 
USER	MongoDB - Load Scenario	END	1685813116325
REQUEST		MongoDB - Save	1685813116292	1685813116326	OK	 
USER	MongoDB - Save Scenario	END	1685813116326
REQUEST		MySql - Save	1685813111693	1685813116427	OK	 
USER	MySql - Save Scenario	END	1685813116428
REQUEST		MySql - Load	1685813112495	1685813116428	KO	status.find.in([200, 209], 304), found 500
USER	MySql - Load Scenario	END	1685813116428
USER	MongoDB - Load Scenario	START	1685813116492
USER	MySql - Save Scenario	START	1685813116493
USER	MySql - Load Scenario	START	1685813116494
USER	MongoDB - Save Scenario	START	1685813116494
REQUEST		MySql - Load	1685813112694	1685813116506	KO	status.find.in([200, 209], 304), found 500
USER	MySql - Load Scenario	END	1685813116507
REQUEST		MongoDB - Save	1685813116494	1685813116520	OK	 
USER	MongoDB - Save Scenario	END	1685813116520
REQUEST		MongoDB - Load	1685813116492	1685813116533	OK	 
USER	MongoDB - Load Scenario	END	1685813116533
USER	MongoDB - Save Scenario	START	1685813116692
USER	MongoDB - Load Scenario	START	1685813116693
USER	MySql - Save Scenario	START	1685813116694
USER	MySql - Load Scenario	START	1685813116694
REQUEST		MongoDB - Load	1685813116692	1685813116717	OK	 
USER	MongoDB - Load Scenario	END	1685813116717
REQUEST		MongoDB - Save	1685813116692	1685813116721	OK	 
USER	MongoDB - Save Scenario	END	1685813116722
REQUEST		MySql - Load	1685813113093	1685813116848	KO	status.find.in([200, 209], 304), found 500
USER	MySql - Load Scenario	END	1685813116848
REQUEST		MySql - Load	1685813113292	1685813116849	KO	status.find.in([200, 209], 304), found 500
USER	MySql - Load Scenario	END	1685813116849
USER	MongoDB - Load Scenario	START	1685813116892
USER	MySql - Load Scenario	START	1685813116893
USER	MySql - Save Scenario	START	1685813116894
USER	MongoDB - Save Scenario	START	1685813116896
REQUEST		MongoDB - Load	1685813116892	1685813116923	OK	 
USER	MongoDB - Load Scenario	END	1685813116923
REQUEST		MongoDB - Save	1685813116896	1685813116924	OK	 
USER	MongoDB - Save Scenario	END	1685813116926
REQUEST		MySql - Load	1685813112894	1685813116935	KO	status.find.in([200, 209], 304), found 500
USER	MySql - Load Scenario	END	1685813116936
REQUEST		MySql - Save	1685813112693	1685813116940	OK	 
USER	MySql - Save Scenario	END	1685813116940
REQUEST		MySql - Save	1685813109096	1685813117038	OK	 
USER	MySql - Save Scenario	END	1685813117039
USER	MongoDB - Load Scenario	START	1685813117092
USER	MongoDB - Save Scenario	START	1685813117093
USER	MySql - Save Scenario	START	1685813117094
USER	MySql - Load Scenario	START	1685813117095
REQUEST		MongoDB - Load	1685813117092	1685813117120	OK	 
USER	MongoDB - Load Scenario	END	1685813117120
REQUEST		MongoDB - Save	1685813117093	1685813117152	OK	 
USER	MongoDB - Save Scenario	END	1685813117152
REQUEST		MySql - Save	1685813113094	1685813117205	OK	 
USER	MySql - Save Scenario	END	1685813117205
REQUEST		MySql - Save	1685813112293	1685813117206	OK	 
USER	MySql - Save Scenario	END	1685813117208
USER	MySql - Save Scenario	START	1685813117293
USER	MySql - Load Scenario	START	1685813117294
USER	MongoDB - Save Scenario	START	1685813117294
USER	MongoDB - Load Scenario	START	1685813117295
REQUEST		MongoDB - Save	1685813117294	1685813117325	OK	 
USER	MongoDB - Save Scenario	END	1685813117325
REQUEST		MongoDB - Load	1685813117295	1685813117331	OK	 
USER	MongoDB - Load Scenario	END	1685813117331
USER	MySql - Save Scenario	START	1685813117493
USER	MongoDB - Load Scenario	START	1685813117494
USER	MySql - Load Scenario	START	1685813117495
USER	MongoDB - Save Scenario	START	1685813117495
REQUEST		MySql - Load	1685813113494	1685813117511	KO	status.find.in([200, 209], 304), found 500
USER	MySql - Load Scenario	END	1685813117511
REQUEST		MySql - Load	1685813113695	1685813117512	KO	status.find.in([200, 209], 304), found 500
USER	MySql - Load Scenario	END	1685813117513
REQUEST		MySql - Save	1685813110092	1685813117513	OK	 
USER	MySql - Save Scenario	END	1685813117513
REQUEST		MySql - Save	1685813112893	1685813117514	OK	 
USER	MySql - Save Scenario	END	1685813117514
REQUEST		MongoDB - Save	1685813117495	1685813117522	OK	 
USER	MongoDB - Save Scenario	END	1685813117522
REQUEST		MongoDB - Load	1685813117494	1685813117527	OK	 
USER	MongoDB - Load Scenario	END	1685813117527
REQUEST		MySql - Load	1685813113892	1685813117660	KO	status.find.in([200, 209], 304), found 500
USER	MySql - Load Scenario	END	1685813117661
USER	MySql - Save Scenario	START	1685813117693
USER	MongoDB - Load Scenario	START	1685813117694
USER	MySql - Load Scenario	START	1685813117695
USER	MongoDB - Save Scenario	START	1685813117696
REQUEST		MongoDB - Load	1685813117694	1685813117713	OK	 
USER	MongoDB - Load Scenario	END	1685813117714
REQUEST		MongoDB - Save	1685813117696	1685813117717	OK	 
USER	MongoDB - Save Scenario	END	1685813117718
USER	MySql - Save Scenario	START	1685813117893
USER	MongoDB - Load Scenario	START	1685813117894
USER	MongoDB - Save Scenario	START	1685813117895
USER	MySql - Load Scenario	START	1685813117896
REQUEST		MongoDB - Load	1685813117894	1685813117938	OK	 
USER	MongoDB - Load Scenario	END	1685813117938
REQUEST		MongoDB - Save	1685813117895	1685813117943	OK	 
USER	MongoDB - Save Scenario	END	1685813117943
USER	MySql - Save Scenario	START	1685813118093
USER	MongoDB - Save Scenario	START	1685813118094
USER	MongoDB - Load Scenario	START	1685813118095
USER	MySql - Load Scenario	START	1685813118096
REQUEST		MongoDB - Save	1685813118094	1685813118121	OK	 
USER	MongoDB - Save Scenario	END	1685813118122
REQUEST		MongoDB - Load	1685813118094	1685813118132	OK	 
USER	MongoDB - Load Scenario	END	1685813118133
REQUEST		MySql - Save	1685813114092	1685813118189	OK	 
USER	MySql - Save Scenario	END	1685813118190
REQUEST		MySql - Load	1685813114095	1685813118190	KO	status.find.in([200, 209], 304), found 500
USER	MySql - Load Scenario	END	1685813118191
REQUEST		MySql - Load	1685813114294	1685813118192	OK	 
USER	MySql - Load Scenario	END	1685813118193
REQUEST		MySql - Save	1685813112493	1685813118197	OK	 
USER	MySql - Save Scenario	END	1685813118198
USER	MySql - Save Scenario	START	1685813118292
USER	MongoDB - Save Scenario	START	1685813118293
USER	MongoDB - Load Scenario	START	1685813118294
USER	MySql - Load Scenario	START	1685813118295
REQUEST		MongoDB - Save	1685813118293	1685813118316	OK	 
USER	MongoDB - Save Scenario	END	1685813118317
REQUEST		MySql - Save	1685813113893	1685813118320	OK	 
USER	MySql - Save Scenario	END	1685813118320
REQUEST		MySql - Save	1685813113692	1685813118320	OK	 
USER	MySql - Save Scenario	END	1685813118321
REQUEST		MongoDB - Load	1685813118294	1685813118327	OK	 
USER	MongoDB - Load Scenario	END	1685813118328
REQUEST		MySql - Load	1685813114496	1685813118485	OK	 
USER	MySql - Load Scenario	END	1685813118485
USER	MySql - Save Scenario	START	1685813118492
USER	MongoDB - Load Scenario	START	1685813118493
USER	MongoDB - Save Scenario	START	1685813118494
USER	MySql - Load Scenario	START	1685813118495
REQUEST		MongoDB - Load	1685813118493	1685813118515	OK	 
USER	MongoDB - Load Scenario	END	1685813118516
REQUEST		MongoDB - Save	1685813118494	1685813118525	OK	 
USER	MongoDB - Save Scenario	END	1685813118525
USER	MongoDB - Save Scenario	START	1685813118693
USER	MongoDB - Load Scenario	START	1685813118693
USER	MySql - Save Scenario	START	1685813118694
USER	MySql - Load Scenario	START	1685813118695
REQUEST		MongoDB - Save	1685813118692	1685813118720	OK	 
USER	MongoDB - Save Scenario	END	1685813118720
REQUEST		MongoDB - Load	1685813118693	1685813118729	OK	 
USER	MongoDB - Load Scenario	END	1685813118730
REQUEST		MySql - Load	1685813114892	1685813118749	OK	 
USER	MySql - Load Scenario	END	1685813118749
REQUEST		MySql - Save	1685813110293	1685813118794	OK	 
USER	MySql - Save Scenario	END	1685813118794
REQUEST		MySql - Load	1685813114694	1685813118814	OK	 
USER	MySql - Load Scenario	END	1685813118815
REQUEST		MySql - Load	1685813115092	1685813118836	OK	 
USER	MySql - Load Scenario	END	1685813118836
USER	MySql - Save Scenario	START	1685813118892
USER	MongoDB - Save Scenario	START	1685813118892
USER	MongoDB - Load Scenario	START	1685813118893
USER	MySql - Load Scenario	START	1685813118894
REQUEST		MongoDB - Save	1685813118892	1685813118928	OK	 
USER	MongoDB - Save Scenario	END	1685813118928
REQUEST		MongoDB - Load	1685813118893	1685813118943	OK	 
USER	MongoDB - Load Scenario	END	1685813118944
USER	MongoDB - Save Scenario	START	1685813119093
USER	MongoDB - Load Scenario	START	1685813119093
USER	MySql - Save Scenario	START	1685813119094
USER	MySql - Load Scenario	START	1685813119094
REQUEST		MongoDB - Load	1685813119092	1685813119124	OK	 
USER	MongoDB - Load Scenario	END	1685813119124
REQUEST		MongoDB - Save	1685813119092	1685813119125	OK	 
USER	MongoDB - Save Scenario	END	1685813119125
REQUEST		MySql - Load	1685813115295	1685813119234	KO	status.find.in([200, 209], 304), found 500
REQUEST		MySql - Save	1685813110893	1685813119234	OK	 
USER	MySql - Load Scenario	END	1685813119235
USER	MySql - Save Scenario	END	1685813119235
USER	MySql - Load Scenario	START	1685813119292
USER	MongoDB - Load Scenario	START	1685813119292
USER	MySql - Save Scenario	START	1685813119293
USER	MongoDB - Save Scenario	START	1685813119294
REQUEST		MongoDB - Load	1685813119292	1685813119312	OK	 
USER	MongoDB - Load Scenario	END	1685813119313
REQUEST		MongoDB - Save	1685813119294	1685813119320	OK	 
USER	MongoDB - Save Scenario	END	1685813119321
REQUEST		MySql - Save	1685813114894	1685813119404	OK	 
USER	MySql - Save Scenario	END	1685813119404
REQUEST		MySql - Load	1685813115492	1685813119411	KO	status.find.in([200, 209], 304), found 500
USER	MySql - Load Scenario	END	1685813119411
USER	MongoDB - Save Scenario	START	1685813119492
USER	MySql - Load Scenario	START	1685813119492
USER	MongoDB - Load Scenario	START	1685813119494
USER	MySql - Save Scenario	START	1685813119495
REQUEST		MongoDB - Save	1685813119492	1685813119518	OK	 
USER	MongoDB - Save Scenario	END	1685813119518
REQUEST		MongoDB - Load	1685813119494	1685813119528	OK	 
USER	MongoDB - Load Scenario	END	1685813119528
USER	MySql - Load Scenario	START	1685813119692
USER	MySql - Save Scenario	START	1685813119693
USER	MongoDB - Save Scenario	START	1685813119693
USER	MongoDB - Load Scenario	START	1685813119695
REQUEST		MongoDB - Load	1685813119694	1685813119714	OK	 
USER	MongoDB - Load Scenario	END	1685813119715
REQUEST		MongoDB - Save	1685813119693	1685813119715	OK	 
USER	MongoDB - Save Scenario	END	1685813119716
REQUEST		MySql - Load	1685813115892	1685813119863	KO	status.find.in([200, 209], 304), found 500
USER	MySql - Load Scenario	END	1685813119864
REQUEST		MySql - Load	1685813115692	1685813119871	KO	status.find.in([200, 209], 304), found 500
USER	MySql - Load Scenario	END	1685813119871
REQUEST		MySql - Save	1685813111494	1685813119872	OK	 
USER	MySql - Save Scenario	END	1685813119872
USER	MongoDB - Load Scenario	START	1685813119892
USER	MySql - Save Scenario	START	1685813119893
USER	MongoDB - Save Scenario	START	1685813119894
USER	MySql - Load Scenario	START	1685813119895
REQUEST		MongoDB - Load	1685813119892	1685813119931	OK	 
USER	MongoDB - Load Scenario	END	1685813119932
REQUEST		MySql - Save	1685813115495	1685813119941	OK	 
USER	MySql - Save Scenario	END	1685813119942
REQUEST		MongoDB - Save	1685813119894	1685813119951	OK	 
USER	MongoDB - Save Scenario	END	1685813119951
USER	MySql - Load Scenario	START	1685813120093
USER	MongoDB - Save Scenario	START	1685813120093
USER	MongoDB - Load Scenario	START	1685813120094
USER	MySql - Save Scenario	START	1685813120095
REQUEST		MongoDB - Save	1685813120092	1685813120120	OK	 
USER	MongoDB - Save Scenario	END	1685813120121
REQUEST		MongoDB - Load	1685813120094	1685813120129	OK	 
USER	MongoDB - Load Scenario	END	1685813120129
REQUEST		MySql - Load	1685813116293	1685813120231	KO	status.find.in([200, 209], 304), found 500
USER	MySql - Load Scenario	END	1685813120232
USER	MySql - Save Scenario	START	1685813120293
USER	MongoDB - Load Scenario	START	1685813120293
USER	MongoDB - Save Scenario	START	1685813120294
USER	MySql - Load Scenario	START	1685813120296
REQUEST		MySql - Save	1685813115092	1685813120323	OK	 
USER	MySql - Save Scenario	END	1685813120324
REQUEST		MongoDB - Load	1685813120293	1685813120336	OK	 
USER	MongoDB - Load Scenario	END	1685813120337
REQUEST		MongoDB - Save	1685813120294	1685813120347	OK	 
USER	MongoDB - Save Scenario	END	1685813120347
REQUEST		MySql - Load	1685813116092	1685813120355	KO	status.find.in([200, 209], 304), found 500
USER	MySql - Load Scenario	END	1685813120355
REQUEST		MySql - Save	1685813112094	1685813120357	OK	 
USER	MySql - Save Scenario	END	1685813120371
USER	MySql - Save Scenario	START	1685813120493
USER	MongoDB - Load Scenario	START	1685813120493
USER	MySql - Load Scenario	START	1685813120494
USER	MongoDB - Save Scenario	START	1685813120494
REQUEST		MongoDB - Load	1685813120493	1685813120533	OK	 
USER	MongoDB - Load Scenario	END	1685813120533
REQUEST		MongoDB - Save	1685813120494	1685813120534	OK	 
USER	MongoDB - Save Scenario	END	1685813120534
REQUEST		MySql - Load	1685813116493	1685813120583	KO	status.find.in([200, 209], 304), found 500
USER	MySql - Load Scenario	END	1685813120583
REQUEST		MySql - Save	1685813116093	1685813120588	OK	 
USER	MySql - Save Scenario	END	1685813120588
REQUEST		MySql - Load	1685813116694	1685813120590	KO	status.find.in([200, 209], 304), found 500
USER	MySql - Load Scenario	END	1685813120591
REQUEST		MySql - Load	1685813116893	1685813120617	KO	status.find.in([200, 209], 304), found 500
USER	MySql - Load Scenario	END	1685813120618
USER	MySql - Save Scenario	START	1685813120693
USER	MySql - Load Scenario	START	1685813120693
USER	MongoDB - Load Scenario	START	1685813120693
USER	MongoDB - Save Scenario	START	1685813120694
REQUEST		MongoDB - Load	1685813120693	1685813120730	OK	 
USER	MongoDB - Load Scenario	END	1685813120731
REQUEST		MongoDB - Save	1685813120693	1685813120738	OK	 
USER	MongoDB - Save Scenario	END	1685813120739
USER	MySql - Save Scenario	START	1685813120893
USER	MongoDB - Load Scenario	START	1685813120893
USER	MongoDB - Save Scenario	START	1685813120893
USER	MySql - Load Scenario	START	1685813120894
REQUEST		MongoDB - Load	1685813120892	1685813120922	OK	 
USER	MongoDB - Load Scenario	END	1685813120922
REQUEST		MongoDB - Save	1685813120893	1685813120940	OK	 
USER	MongoDB - Save Scenario	END	1685813120941
USER	MySql - Load Scenario	START	1685813121093
USER	MongoDB - Save Scenario	START	1685813121093
USER	MongoDB - Load Scenario	START	1685813121093
USER	MySql - Save Scenario	START	1685813121094
REQUEST		MongoDB - Load	1685813121093	1685813121114	OK	 
USER	MongoDB - Load Scenario	END	1685813121114
REQUEST		MongoDB - Save	1685813121092	1685813121119	OK	 
USER	MongoDB - Save Scenario	END	1685813121120
REQUEST		MySql - Load	1685813117294	1685813121188	KO	status.find.in([200, 209], 304), found 500
USER	MySql - Load Scenario	END	1685813121188
REQUEST		MySql - Load	1685813117095	1685813121288	KO	status.find.in([200, 209], 304), found 500
USER	MySql - Load Scenario	END	1685813121288
USER	MongoDB - Save Scenario	START	1685813121292
USER	MySql - Save Scenario	START	1685813121293
USER	MySql - Load Scenario	START	1685813121293
USER	MongoDB - Load Scenario	START	1685813121294
REQUEST		MongoDB - Save	1685813121292	1685813121314	OK	 
USER	MongoDB - Save Scenario	END	1685813121314
REQUEST		MongoDB - Load	1685813121294	1685813121318	OK	 
USER	MongoDB - Load Scenario	END	1685813121318
REQUEST		MySql - Save	1685813116693	1685813121386	OK	 
USER	MySql - Save Scenario	END	1685813121386
REQUEST		MySql - Load	1685813117495	1685813121476	KO	status.find.in([200, 209], 304), found 500
USER	MySql - Load Scenario	END	1685813121476
REQUEST		MySql - Save	1685813116493	1685813121477	OK	 
USER	MySql - Save Scenario	END	1685813121478
REQUEST		MySql - Save	1685813113292	1685813121486	OK	 
USER	MySql - Save Scenario	END	1685813121487
USER	MySql - Load Scenario	START	1685813121492
USER	MySql - Save Scenario	START	1685813121493
USER	MongoDB - Save Scenario	START	1685813121493
USER	MongoDB - Load Scenario	START	1685813121494
REQUEST		MongoDB - Save	1685813121493	1685813121521	OK	 
USER	MongoDB - Save Scenario	END	1685813121521
REQUEST		MongoDB - Load	1685813121494	1685813121529	OK	 
USER	MongoDB - Load Scenario	END	1685813121530
REQUEST		MySql - Save	1685813115293	1685813121595	OK	 
USER	MySql - Save Scenario	END	1685813121596
USER	MongoDB - Load Scenario	START	1685813121692
USER	MySql - Load Scenario	START	1685813121692
USER	MySql - Save Scenario	START	1685813121693
USER	MongoDB - Save Scenario	START	1685813121695
REQUEST		MongoDB - Save	1685813121695	1685813121716	OK	 
USER	MongoDB - Save Scenario	END	1685813121716
REQUEST		MongoDB - Load	1685813121692	1685813121721	OK	 
USER	MongoDB - Load Scenario	END	1685813121721
REQUEST		MySql - Save	1685813117293	1685813121797	OK	 
USER	MySql - Save Scenario	END	1685813121798
REQUEST		MySql - Save	1685813117094	1685813121854	OK	 
USER	MySql - Save Scenario	END	1685813121855
USER	MongoDB - Save Scenario	START	1685813121892
USER	MongoDB - Load Scenario	START	1685813121892
USER	MySql - Load Scenario	START	1685813121893
USER	MySql - Save Scenario	START	1685813121894
REQUEST		MongoDB - Load	1685813121892	1685813121934	OK	 
USER	MongoDB - Load Scenario	END	1685813121935
REQUEST		MongoDB - Save	1685813121892	1685813121951	OK	 
USER	MongoDB - Save Scenario	END	1685813121951
REQUEST		MySql - Load	1685813117895	1685813122027	KO	status.find.in([200, 209], 304), found 500
USER	MySql - Load Scenario	END	1685813122028
USER	MySql - Load Scenario	START	1685813122092
USER	MongoDB - Load Scenario	START	1685813122092
USER	MongoDB - Save Scenario	START	1685813122099
USER	MySql - Save Scenario	START	1685813122100
REQUEST		MongoDB - Load	1685813122092	1685813122124	OK	 
USER	MongoDB - Load Scenario	END	1685813122125
REQUEST		MongoDB - Save	1685813122099	1685813122130	OK	 
USER	MongoDB - Save Scenario	END	1685813122131
REQUEST		MySql - Save	1685813113492	1685813122254	OK	 
USER	MySql - Save Scenario	END	1685813122255
REQUEST		MySql - Load	1685813118095	1685813122260	KO	status.find.in([200, 209], 304), found 500
USER	MySql - Load Scenario	END	1685813122261
REQUEST		MySql - Load	1685813117694	1685813122265	KO	status.find.in([200, 209], 304), found 500
USER	MySql - Load Scenario	END	1685813122265
REQUEST		MySql - Save	1685813116894	1685813122265	OK	 
USER	MySql - Save Scenario	END	1685813122266
USER	MongoDB - Load Scenario	START	1685813122293
USER	MySql - Load Scenario	START	1685813122293
USER	MongoDB - Save Scenario	START	1685813122293
USER	MySql - Save Scenario	START	1685813122294
REQUEST		MongoDB - Load	1685813122292	1685813122314	OK	 
USER	MongoDB - Load Scenario	END	1685813122314
REQUEST		MongoDB - Save	1685813122293	1685813122316	OK	 
USER	MongoDB - Save Scenario	END	1685813122317
REQUEST		MySql - Save	1685813115895	1685813122419	OK	 
USER	MySql - Save Scenario	END	1685813122419
REQUEST		MySql - Load	1685813118295	1685813122425	KO	status.find.in([200, 209], 304), found 500
USER	MySql - Load Scenario	END	1685813122425
USER	MySql - Save Scenario	START	1685813122493
USER	MySql - Load Scenario	START	1685813122493
USER	MongoDB - Load Scenario	START	1685813122493
USER	MongoDB - Save Scenario	START	1685813122494
REQUEST		MongoDB - Load	1685813122493	1685813122524	OK	 
USER	MongoDB - Load Scenario	END	1685813122525
REQUEST		MongoDB - Save	1685813122494	1685813122531	OK	 
USER	MongoDB - Save Scenario	END	1685813122531
REQUEST		MySql - Save	1685813118093	1685813122573	OK	 
USER	MySql - Save Scenario	END	1685813122574
REQUEST		MySql - Load	1685813118495	1685813122684	KO	status.find.in([200, 209], 304), found 500
USER	MySql - Load Scenario	END	1685813122684
REQUEST		MySql - Save	1685813114692	1685813122691	OK	 
USER	MySql - Save Scenario	END	1685813122692
USER	MySql - Save Scenario	START	1685813122692
USER	MySql - Load Scenario	START	1685813122693
USER	MongoDB - Load Scenario	START	1685813122694
USER	MongoDB - Save Scenario	START	1685813122694
REQUEST		MongoDB - Save	1685813122694	1685813122715	OK	 
REQUEST		MongoDB - Load	1685813122694	1685813122715	OK	 
USER	MongoDB - Load Scenario	END	1685813122715
USER	MongoDB - Save Scenario	END	1685813122715
REQUEST		MySql - Save	1685813114292	1685813122729	OK	 
USER	MySql - Save Scenario	END	1685813122730
REQUEST		MySql - Save	1685813117493	1685813122731	OK	 
USER	MySql - Save Scenario	END	1685813122731
REQUEST		MySql - Save	1685813117893	1685813122743	OK	 
USER	MySql - Save Scenario	END	1685813122743
USER	MySql - Save Scenario	START	1685813122893
USER	MongoDB - Load Scenario	START	1685813122893
USER	MongoDB - Save Scenario	START	1685813122894
USER	MySql - Load Scenario	START	1685813122894
REQUEST		MongoDB - Save	1685813122894	1685813122907	OK	 
USER	MongoDB - Save Scenario	END	1685813122907
REQUEST		MongoDB - Load	1685813122892	1685813122914	OK	 
USER	MongoDB - Load Scenario	END	1685813122915
REQUEST		MySql - Load	1685813118894	1685813122985	KO	status.find.in([200, 209], 304), found 500
USER	MySql - Load Scenario	END	1685813122986
REQUEST		MySql - Save	1685813118694	1685813123033	OK	 
USER	MySql - Save Scenario	END	1685813123033
REQUEST		MySql - Save	1685813114492	1685813123043	OK	 
USER	MySql - Save Scenario	END	1685813123044
USER	MongoDB - Save Scenario	START	1685813123093
USER	MongoDB - Load Scenario	START	1685813123093
USER	MySql - Save Scenario	START	1685813123095
USER	MySql - Load Scenario	START	1685813123095
REQUEST		MySql - Load	1685813118694	1685813123105	KO	status.find.in([200, 209], 304), found 500
USER	MySql - Load Scenario	END	1685813123105
REQUEST		MongoDB - Load	1685813123093	1685813123114	OK	 
USER	MongoDB - Load Scenario	END	1685813123115
REQUEST		MongoDB - Save	1685813123092	1685813123119	OK	 
USER	MongoDB - Save Scenario	END	1685813123119
REQUEST		MySql - Save	1685813118492	1685813123155	OK	 
USER	MySql - Save Scenario	END	1685813123156
REQUEST		MySql - Load	1685813119292	1685813123163	KO	status.find.in([200, 209], 304), found 500
USER	MySql - Load Scenario	END	1685813123163
REQUEST		MySql - Load	1685813119094	1685813123292	KO	status.find.in([200, 209], 304), found 500
USER	MySql - Load Scenario	END	1685813123292
USER	MongoDB - Save Scenario	START	1685813123293
USER	MySql - Save Scenario	START	1685813123294
USER	MongoDB - Load Scenario	START	1685813123295
USER	MySql - Load Scenario	START	1685813123297
REQUEST		MongoDB - Save	1685813123293	1685813123318	OK	 
USER	MongoDB - Save Scenario	END	1685813123319
REQUEST		MongoDB - Load	1685813123295	1685813123319	OK	 
USER	MongoDB - Load Scenario	END	1685813123320
REQUEST		MySql - Load	1685813119492	1685813123364	KO	status.find.in([200, 209], 304), found 500
USER	MySql - Load Scenario	END	1685813123365
USER	MySql - Load Scenario	START	1685813123493
USER	MongoDB - Load Scenario	START	1685813123494
USER	MongoDB - Save Scenario	START	1685813123494
USER	MySql - Save Scenario	START	1685813123495
REQUEST		MongoDB - Save	1685813123494	1685813123514	OK	 
USER	MongoDB - Save Scenario	END	1685813123514
REQUEST		MongoDB - Load	1685813123493	1685813123522	OK	 
USER	MongoDB - Load Scenario	END	1685813123522
REQUEST		MySql - Save	1685813119293	1685813123635	OK	 
USER	MySql - Save Scenario	END	1685813123635
REQUEST		MySql - Load	1685813119692	1685813123643	KO	status.find.in([200, 209], 304), found 500
USER	MySql - Load Scenario	END	1685813123643
REQUEST		MySql - Save	1685813115693	1685813123687	OK	 
USER	MySql - Save Scenario	END	1685813123688
USER	MySql - Save Scenario	START	1685813123693
USER	MySql - Load Scenario	START	1685813123693
USER	MongoDB - Save Scenario	START	1685813123694
USER	MongoDB - Load Scenario	START	1685813123694
REQUEST		MongoDB - Save	1685813123693	1685813123714	OK	 
USER	MongoDB - Save Scenario	END	1685813123715
REQUEST		MongoDB - Load	1685813123694	1685813123735	OK	 
USER	MongoDB - Load Scenario	END	1685813123735
REQUEST		MySql - Load	1685813120092	1685813123827	KO	status.find.in([200, 209], 304), found 500
USER	MySql - Load Scenario	END	1685813123828
USER	MongoDB - Save Scenario	START	1685813123893
USER	MySql - Save Scenario	START	1685813123893
USER	MySql - Load Scenario	START	1685813123894
USER	MongoDB - Load Scenario	START	1685813123894
REQUEST		MongoDB - Save	1685813123893	1685813123917	OK	 
USER	MongoDB - Save Scenario	END	1685813123918
REQUEST		MongoDB - Load	1685813123894	1685813123921	OK	 
USER	MongoDB - Load Scenario	END	1685813123922
REQUEST		MySql - Save	1685813118292	1685813124051	OK	 
USER	MySql - Save Scenario	END	1685813124052
REQUEST		MySql - Load	1685813119895	1685813124054	KO	status.find.in([200, 209], 304), found 500
USER	MySql - Load Scenario	END	1685813124055
USER	MySql - Save Scenario	START	1685813124093
USER	MySql - Load Scenario	START	1685813124093
USER	MongoDB - Load Scenario	START	1685813124094
USER	MongoDB - Save Scenario	START	1685813124094
REQUEST		MongoDB - Save	1685813124094	1685813124116	OK	 
USER	MongoDB - Save Scenario	END	1685813124117
REQUEST		MongoDB - Load	1685813124093	1685813124131	OK	 
USER	MongoDB - Load Scenario	END	1685813124131
USER	MySql - Load Scenario	START	1685813124293
USER	MongoDB - Save Scenario	START	1685813124294
USER	MongoDB - Load Scenario	START	1685813124294
USER	MySql - Save Scenario	START	1685813124294
REQUEST		MongoDB - Save	1685813124294	1685813124309	OK	 
USER	MongoDB - Save Scenario	END	1685813124310
REQUEST		MongoDB - Load	1685813124294	1685813124315	OK	 
USER	MongoDB - Load Scenario	END	1685813124316
REQUEST		MySql - Save	1685813119693	1685813124474	OK	 
USER	MySql - Save Scenario	END	1685813124474
REQUEST		MySql - Save	1685813120095	1685813124478	OK	 
USER	MySql - Save Scenario	END	1685813124478
REQUEST		MySql - Load	1685813120494	1685813124478	KO	status.find.in([200, 209], 304), found 500
USER	MySql - Load Scenario	END	1685813124479
REQUEST		MySql - Save	1685813119494	1685813124480	OK	 
USER	MySql - Save Scenario	END	1685813124481
REQUEST		MySql - Load	1685813120295	1685813124481	KO	status.find.in([200, 209], 304), found 500
USER	MySql - Load Scenario	END	1685813124481
USER	MySql - Load Scenario	START	1685813124493
USER	MongoDB - Save Scenario	START	1685813124494
USER	MongoDB - Load Scenario	START	1685813124494
USER	MySql - Save Scenario	START	1685813124495
REQUEST		MongoDB - Save	1685813124494	1685813124516	OK	 
USER	MongoDB - Save Scenario	END	1685813124516
REQUEST		MongoDB - Load	1685813124494	1685813124521	OK	 
USER	MongoDB - Load Scenario	END	1685813124521
USER	MySql - Load Scenario	START	1685813124693
USER	MongoDB - Save Scenario	START	1685813124694
USER	MongoDB - Load Scenario	START	1685813124694
USER	MySql - Save Scenario	START	1685813124694
REQUEST		MongoDB - Load	1685813124694	1685813124714	OK	 
USER	MongoDB - Load Scenario	END	1685813124714
REQUEST		MongoDB - Save	1685813124694	1685813124721	OK	 
USER	MongoDB - Save Scenario	END	1685813124721
REQUEST		MySql - Load	1685813120692	1685813124768	KO	status.find.in([200, 209], 304), found 500
REQUEST		MySql - Save	1685813116293	1685813124769	OK	 
USER	MySql - Save Scenario	END	1685813124769
USER	MySql - Load Scenario	END	1685813124769
REQUEST		MySql - Save	1685813120692	1685813124769	OK	 
USER	MySql - Save Scenario	END	1685813124769
REQUEST		MySql - Load	1685813121092	1685813124836	KO	status.find.in([200, 209], 304), found 500
USER	MySql - Load Scenario	END	1685813124836
USER	MySql - Load Scenario	START	1685813124893
USER	MongoDB - Save Scenario	START	1685813124893
USER	MongoDB - Load Scenario	START	1685813124894
USER	MySql - Save Scenario	START	1685813124895
REQUEST		MongoDB - Save	1685813124893	1685813124916	OK	 
USER	MongoDB - Save Scenario	END	1685813124917
REQUEST		MongoDB - Load	1685813124894	1685813124918	OK	 
USER	MongoDB - Load Scenario	END	1685813124919
REQUEST		MySql - Load	1685813121492	1685813125217	KO	status.find.in([200, 209], 304), found 500
USER	MySql - Load Scenario	END	1685813125218
REQUEST		MySql - Load	1685813121293	1685813125222	KO	status.find.in([200, 209], 304), found 500
USER	MySql - Load Scenario	END	1685813125223
REQUEST		MySql - Load	1685813120894	1685813125251	KO	status.find.in([200, 209], 304), found 500
USER	MySql - Load Scenario	END	1685813125252
REQUEST		MySql - Save	1685813120292	1685813125293	OK	 
USER	MySql - Save Scenario	END	1685813125295
REQUEST		MySql - Save	1685813120892	1685813125409	OK	 
USER	MySql - Save Scenario	END	1685813125410
REQUEST		MySql - Load	1685813121692	1685813125432	KO	status.find.in([200, 209], 304), found 500
USER	MySql - Load Scenario	END	1685813125435
REQUEST		MySql - Save	1685813121293	1685813125614	OK	 
USER	MySql - Save Scenario	END	1685813125615
REQUEST		MySql - Save	1685813117693	1685813125617	OK	 
USER	MySql - Save Scenario	END	1685813125618
REQUEST		MySql - Load	1685813121893	1685813125627	KO	status.find.in([200, 209], 304), found 500
USER	MySql - Load Scenario	END	1685813125627
REQUEST		MySql - Load	1685813122092	1685813125727	KO	status.find.in([200, 209], 304), found 500
USER	MySql - Load Scenario	END	1685813125728
REQUEST		MySql - Save	1685813118892	1685813125922	OK	 
REQUEST		MySql - Save	1685813121493	1685813125922	OK	 
USER	MySql - Save Scenario	END	1685813125923
USER	MySql - Save Scenario	END	1685813125923
REQUEST		MySql - Load	1685813122292	1685813125923	KO	status.find.in([200, 209], 304), found 500
USER	MySql - Load Scenario	END	1685813125923
REQUEST		MySql - Save	1685813119093	1685813126111	OK	 
USER	MySql - Save Scenario	END	1685813126111
REQUEST		MySql - Save	1685813122099	1685813126112	OK	 
USER	MySql - Save Scenario	END	1685813126113
REQUEST		MySql - Load	1685813122492	1685813126116	KO	status.find.in([200, 209], 304), found 500
USER	MySql - Load Scenario	END	1685813126117
REQUEST		MySql - Load	1685813123095	1685813126604	KO	status.find.in([200, 209], 304), found 500
REQUEST		MySql - Load	1685813122894	1685813126604	KO	status.find.in([200, 209], 304), found 500
USER	MySql - Load Scenario	END	1685813126605
USER	MySql - Load Scenario	END	1685813126605
REQUEST		MySql - Save	1685813122692	1685813126606	OK	 
USER	MySql - Save Scenario	END	1685813126606
REQUEST		MySql - Load	1685813122693	1685813126631	KO	status.find.in([200, 209], 304), found 500
USER	MySql - Load Scenario	END	1685813126632
REQUEST		MySql - Load	1685813123295	1685813126674	KO	status.find.in([200, 209], 304), found 500
USER	MySql - Load Scenario	END	1685813126675
REQUEST		MySql - Load	1685813123493	1685813126879	KO	status.find.in([200, 209], 304), found 500
USER	MySql - Load Scenario	END	1685813126880
REQUEST		MySql - Load	1685813123693	1685813126886	KO	status.find.in([200, 209], 304), found 500
USER	MySql - Load Scenario	END	1685813126886
REQUEST		MySql - Save	1685813122492	1685813126888	OK	 
USER	MySql - Save Scenario	END	1685813126888
REQUEST		MySql - Save	1685813119893	1685813127209	OK	 
USER	MySql - Save Scenario	END	1685813127209
REQUEST		MySql - Save	1685813123493	1685813127210	OK	 
USER	MySql - Save Scenario	END	1685813127210
REQUEST		MySql - Load	1685813123894	1685813127215	KO	status.find.in([200, 209], 304), found 500
USER	MySql - Load Scenario	END	1685813127215
REQUEST		MySql - Save	1685813123094	1685813127222	OK	 
REQUEST		MySql - Save	1685813123293	1685813127222	OK	 
USER	MySql - Save Scenario	END	1685813127222
USER	MySql - Save Scenario	END	1685813127223
REQUEST		MySql - Save	1685813123693	1685813127223	OK	 
USER	MySql - Save Scenario	END	1685813127223
REQUEST		MySql - Load	1685813124293	1685813127534	KO	status.find.in([200, 209], 304), found 500
USER	MySql - Load Scenario	END	1685813127535
REQUEST		MySql - Load	1685813124093	1685813127535	KO	status.find.in([200, 209], 304), found 500
USER	MySql - Load Scenario	END	1685813127536
REQUEST		MySql - Save	1685813121893	1685813127536	OK	 
USER	MySql - Save Scenario	END	1685813127536
REQUEST		MySql - Load	1685813124493	1685813127537	KO	status.find.in([200, 209], 304), found 500
USER	MySql - Load Scenario	END	1685813127537
REQUEST		MySql - Save	1685813120492	1685813127537	OK	 
USER	MySql - Save Scenario	END	1685813127538
REQUEST		MySql - Save	1685813121094	1685813127645	OK	 
USER	MySql - Save Scenario	END	1685813127646
REQUEST		MySql - Load	1685813124693	1685813127810	KO	status.find.in([200, 209], 304), found 500
USER	MySql - Load Scenario	END	1685813127811
REQUEST		MySql - Load	1685813124893	1685813127829	KO	status.find.in([200, 209], 304), found 500
USER	MySql - Load Scenario	END	1685813127830
REQUEST		MySql - Save	1685813124694	1685813128009	OK	 
USER	MySql - Save Scenario	END	1685813128009
REQUEST		MySql - Save	1685813124495	1685813128027	OK	 
USER	MySql - Save Scenario	END	1685813128028
REQUEST		MySql - Save	1685813121693	1685813128134	OK	 
USER	MySql - Save Scenario	END	1685813128134
REQUEST		MySql - Save	1685813124895	1685813128245	OK	 
USER	MySql - Save Scenario	END	1685813128246
REQUEST		MySql - Save	1685813122293	1685813128355	OK	 
USER	MySql - Save Scenario	END	1685813128356
REQUEST		MySql - Save	1685813123893	1685813128497	OK	 
USER	MySql - Save Scenario	END	1685813128498
REQUEST		MySql - Save	1685813122892	1685813128499	OK	 
USER	MySql - Save Scenario	END	1685813128499
REQUEST		MySql - Save	1685813124093	1685813128579	OK	 
USER	MySql - Save Scenario	END	1685813128580
REQUEST		MySql - Save	1685813124294	1685813128750	OK	 
USER	MySql - Save Scenario	END	1685813128751
