RUN	gatling.LoadSpec	loadspec	1685816711308	 	3.9.5
USER	MongoDB - Load Scenario	START	1685816712428
USER	MongoDB - Save Scenario	START	1685816712431
USER	MySql - Save Scenario	START	1685816712442
USER	MySql - Load Scenario	START	1685816712444
USER	MongoDB - Save Scenario	START	1685816712579
USER	MySql - Save Scenario	START	1685816712582
USER	MySql - Load Scenario	START	1685816712592
USER	MongoDB - Load Scenario	START	1685816712596
USER	MySql - Load Scenario	START	1685816712782
USER	MongoDB - Save Scenario	START	1685816712783
USER	MongoDB - Load Scenario	START	1685816712779
USER	MySql - Save Scenario	START	1685816712788
USER	MongoDB - Save Scenario	START	1685816712980
USER	MongoDB - Load Scenario	START	1685816712982
USER	MySql - Load Scenario	START	1685816712983
USER	MySql - Save Scenario	START	1685816712992
USER	MongoDB - Load Scenario	START	1685816713180
USER	MySql - Load Scenario	START	1685816713184
USER	MongoDB - Save Scenario	START	1685816713181
USER	MySql - Save Scenario	START	1685816713192
USER	MongoDB - Save Scenario	START	1685816713380
USER	MySql - Load Scenario	START	1685816713382
USER	MongoDB - Load Scenario	START	1685816713380
USER	MySql - Save Scenario	START	1685816713393
USER	MongoDB - Save Scenario	START	1685816713580
USER	MySql - Load Scenario	START	1685816713582
USER	MongoDB - Load Scenario	START	1685816713581
USER	MySql - Save Scenario	START	1685816713593
USER	MongoDB - Save Scenario	START	1685816713781
USER	MySql - Load Scenario	START	1685816713784
USER	MongoDB - Load Scenario	START	1685816713785
USER	MySql - Save Scenario	START	1685816713793
USER	MongoDB - Load Scenario	START	1685816713980
USER	MongoDB - Save Scenario	START	1685816713982
USER	MySql - Load Scenario	START	1685816713984
USER	MySql - Save Scenario	START	1685816713993
USER	MongoDB - Load Scenario	START	1685816714180
USER	MongoDB - Save Scenario	START	1685816714181
USER	MySql - Load Scenario	START	1685816714182
USER	MySql - Save Scenario	START	1685816714194
USER	MySql - Load Scenario	START	1685816714382
USER	MongoDB - Save Scenario	START	1685816714380
USER	MongoDB - Load Scenario	START	1685816714381
USER	MySql - Save Scenario	START	1685816714394
USER	MySql - Load Scenario	START	1685816714580
USER	MongoDB - Save Scenario	START	1685816714581
USER	MySql - Save Scenario	START	1685816714582
USER	MongoDB - Load Scenario	START	1685816714579
USER	MySql - Save Scenario	START	1685816714779
USER	MySql - Load Scenario	START	1685816714780
USER	MongoDB - Load Scenario	START	1685816714782
USER	MongoDB - Save Scenario	START	1685816714782
USER	MongoDB - Load Scenario	START	1685816714979
USER	MySql - Load Scenario	START	1685816714985
USER	MongoDB - Save Scenario	START	1685816714986
REQUEST		MongoDB - Save	1685816713181	1685816714962	OK	 
USER	MongoDB - Save Scenario	END	1685816714995
REQUEST		MongoDB - Load	1685816712779	1685816714996	KO	status.find.in([200, 209], 304), found 500
REQUEST		MongoDB - Load	1685816713179	1685816714997	OK	 
REQUEST		MongoDB - Load	1685816712982	1685816714998	OK	 
REQUEST		MongoDB - Save	1685816712783	1685816715000	OK	 
REQUEST		MongoDB - Save	1685816712979	1685816715000	OK	 
USER	MySql - Save Scenario	START	1685816715006
REQUEST		MongoDB - Save	1685816712426	1685816715006	OK	 
REQUEST		MongoDB - Load	1685816712595	1685816715007	KO	status.find.in([200, 209], 304), found 500
USER	MongoDB - Load Scenario	END	1685816715012
USER	MongoDB - Load Scenario	END	1685816715012
USER	MongoDB - Save Scenario	END	1685816715012
USER	MongoDB - Save Scenario	END	1685816715012
USER	MongoDB - Load Scenario	END	1685816715012
USER	MongoDB - Load Scenario	END	1685816715012
USER	MongoDB - Save Scenario	END	1685816715021
REQUEST		MongoDB - Save	1685816713379	1685816715033	OK	 
USER	MongoDB - Save Scenario	END	1685816715034
REQUEST		MongoDB - Load	1685816712426	1685816715037	KO	status.find.in([200, 209], 304), found 500
USER	MongoDB - Load Scenario	END	1685816715039
USER	MySql - Save Scenario	START	1685816715179
USER	MongoDB - Load Scenario	START	1685816715179
USER	MySql - Load Scenario	START	1685816715180
USER	MongoDB - Save Scenario	START	1685816715184
REQUEST		MongoDB - Save	1685816712579	1685816715244	OK	 
USER	MongoDB - Save Scenario	END	1685816715245
REQUEST		MongoDB - Load	1685816713380	1685816715246	OK	 
USER	MongoDB - Load Scenario	END	1685816715247
REQUEST		MongoDB - Load	1685816713579	1685816715301	KO	status.find.in([200, 209], 304), found 500
USER	MongoDB - Load Scenario	END	1685816715303
REQUEST		MongoDB - Save	1685816713580	1685816715374	OK	 
USER	MongoDB - Save Scenario	END	1685816715375
USER	MySql - Save Scenario	START	1685816715379
USER	MySql - Load Scenario	START	1685816715380
USER	MongoDB - Save Scenario	START	1685816715382
USER	MongoDB - Load Scenario	START	1685816715384
REQUEST		MongoDB - Save	1685816713780	1685816715532	OK	 
REQUEST		MongoDB - Load	1685816713784	1685816715532	OK	 
USER	MongoDB - Load Scenario	END	1685816715533
USER	MongoDB - Save Scenario	END	1685816715534
USER	MongoDB - Save Scenario	START	1685816715579
USER	MySql - Load Scenario	START	1685816715579
USER	MongoDB - Load Scenario	START	1685816715580
USER	MySql - Save Scenario	START	1685816715582
REQUEST		MongoDB - Load	1685816713980	1685816715660	OK	 
USER	MongoDB - Load Scenario	END	1685816715661
REQUEST		MongoDB - Save	1685816713982	1685816715706	OK	 
USER	MongoDB - Save Scenario	END	1685816715707
USER	MongoDB - Save Scenario	START	1685816715779
USER	MySql - Load Scenario	START	1685816715780
USER	MongoDB - Load Scenario	START	1685816715781
USER	MySql - Save Scenario	START	1685816715779
REQUEST		MongoDB - Save	1685816714181	1685816715809	OK	 
USER	MongoDB - Save Scenario	END	1685816715810
REQUEST		MongoDB - Load	1685816714381	1685816715813	OK	 
USER	MongoDB - Load Scenario	END	1685816715813
REQUEST		MySql - Load	1685816712781	1685816715872	KO	status.find.in([200, 209], 304), found 500
REQUEST		MySql - Load	1685816712592	1685816715872	KO	status.find.in([200, 209], 304), found 500
USER	MySql - Load Scenario	END	1685816715873
USER	MySql - Load Scenario	END	1685816715874
REQUEST		MySql - Save	1685816712788	1685816715875	OK	 
USER	MySql - Save Scenario	END	1685816715875
REQUEST		MySql - Load	1685816712444	1685816715875	KO	status.find.in([200, 209], 304), found 500
REQUEST		MySql - Save	1685816712441	1685816715876	OK	 
USER	MySql - Load Scenario	END	1685816715876
USER	MySql - Save Scenario	END	1685816715876
REQUEST		MySql - Load	1685816712982	1685816715881	KO	status.find.in([200, 209], 304), found 500
USER	MySql - Load Scenario	END	1685816715882
REQUEST		MySql - Load	1685816713184	1685816715885	KO	status.find.in([200, 209], 304), found 500
USER	MySql - Load Scenario	END	1685816715885
REQUEST		MongoDB - Load	1685816714180	1685816715909	OK	 
USER	MongoDB - Load Scenario	END	1685816715910
REQUEST		MongoDB - Save	1685816714380	1685816715912	OK	 
USER	MongoDB - Save Scenario	END	1685816715912
USER	MongoDB - Load Scenario	START	1685816715979
USER	MySql - Save Scenario	START	1685816715979
USER	MySql - Load Scenario	START	1685816715980
USER	MongoDB - Save Scenario	START	1685816715981
REQUEST		MongoDB - Save	1685816714580	1685816715990	OK	 
USER	MongoDB - Save Scenario	END	1685816715991
REQUEST		MongoDB - Load	1685816714578	1685816716006	OK	 
USER	MongoDB - Load Scenario	END	1685816716007
REQUEST		MongoDB - Load	1685816714780	1685816716037	OK	 
USER	MongoDB - Load Scenario	END	1685816716038
REQUEST		MongoDB - Save	1685816714782	1685816716077	OK	 
USER	MongoDB - Save Scenario	END	1685816716078
REQUEST		MongoDB - Load	1685816714978	1685816716097	OK	 
USER	MongoDB - Load Scenario	END	1685816716098
REQUEST		MongoDB - Save	1685816714986	1685816716113	OK	 
USER	MongoDB - Save Scenario	END	1685816716113
USER	MongoDB - Load Scenario	START	1685816716179
USER	MongoDB - Save Scenario	START	1685816716179
USER	MySql - Save Scenario	START	1685816716180
USER	MySql - Load Scenario	START	1685816716180
REQUEST		MongoDB - Load	1685816715179	1685816716189	OK	 
USER	MongoDB - Load Scenario	END	1685816716190
REQUEST		MySql - Load	1685816713381	1685816716199	KO	status.find.in([200, 209], 304), found 500
USER	MySql - Load Scenario	END	1685816716199
REQUEST		MongoDB - Save	1685816715183	1685816716213	OK	 
USER	MongoDB - Save Scenario	END	1685816716214
REQUEST		MongoDB - Save	1685816715381	1685816716269	OK	 
USER	MongoDB - Save Scenario	END	1685816716269
REQUEST		MongoDB - Load	1685816715384	1685816716295	OK	 
USER	MongoDB - Load Scenario	END	1685816716296
REQUEST		MongoDB - Load	1685816715579	1685816716300	OK	 
USER	MongoDB - Load Scenario	END	1685816716301
REQUEST		MySql - Save	1685816712992	1685816716330	OK	 
USER	MySql - Save Scenario	END	1685816716331
REQUEST		MongoDB - Save	1685816715778	1685816716357	OK	 
USER	MongoDB - Save Scenario	END	1685816716358
REQUEST		MongoDB - Save	1685816715578	1685816716365	OK	 
USER	MongoDB - Save Scenario	END	1685816716366
USER	MySql - Save Scenario	START	1685816716379
USER	MySql - Load Scenario	START	1685816716379
USER	MongoDB - Save Scenario	START	1685816716380
USER	MongoDB - Load Scenario	START	1685816716381
REQUEST		MySql - Load	1685816713581	1685816716403	KO	status.find.in([200, 209], 304), found 500
USER	MySql - Load Scenario	END	1685816716404
REQUEST		MongoDB - Load	1685816715780	1685816716404	OK	 
USER	MongoDB - Load Scenario	END	1685816716405
REQUEST		MongoDB - Load	1685816715978	1685816716431	OK	 
USER	MongoDB - Load Scenario	END	1685816716431
REQUEST		MongoDB - Load	1685816716179	1685816716493	OK	 
USER	MongoDB - Load Scenario	END	1685816716494
REQUEST		MongoDB - Save	1685816715981	1685816716497	OK	 
USER	MongoDB - Save Scenario	END	1685816716498
REQUEST		MongoDB - Save	1685816716178	1685816716513	OK	 
USER	MongoDB - Save Scenario	END	1685816716513
REQUEST		MongoDB - Save	1685816716378	1685816716564	OK	 
USER	MongoDB - Save Scenario	END	1685816716564
USER	MySql - Save Scenario	START	1685816716579
USER	MongoDB - Save Scenario	START	1685816716580
USER	MySql - Load Scenario	START	1685816716582
USER	MongoDB - Load Scenario	START	1685816716582
REQUEST		MongoDB - Load	1685816716381	1685816716594	OK	 
USER	MongoDB - Load Scenario	END	1685816716595
REQUEST		MongoDB - Save	1685816716580	1685816716631	OK	 
USER	MongoDB - Save Scenario	END	1685816716632
REQUEST		MongoDB - Load	1685816716582	1685816716652	OK	 
USER	MongoDB - Load Scenario	END	1685816716652
REQUEST		MySql - Load	1685816713784	1685816716698	KO	status.find.in([200, 209], 304), found 500
USER	MySql - Load Scenario	END	1685816716699
REQUEST		MySql - Save	1685816713392	1685816716724	OK	 
USER	MySql - Save Scenario	END	1685816716725
USER	MongoDB - Load Scenario	START	1685816716779
USER	MySql - Load Scenario	START	1685816716780
USER	MySql - Save Scenario	START	1685816716781
USER	MongoDB - Save Scenario	START	1685816716785
REQUEST		MongoDB - Load	1685816716778	1685816716801	OK	 
USER	MongoDB - Load Scenario	END	1685816716801
REQUEST		MongoDB - Save	1685816716785	1685816716829	OK	 
USER	MongoDB - Save Scenario	END	1685816716830
REQUEST		MySql - Load	1685816713981	1685816716953	KO	status.find.in([200, 209], 304), found 500
USER	MySql - Load Scenario	END	1685816716953
USER	MongoDB - Load Scenario	START	1685816716979
USER	MongoDB - Save Scenario	START	1685816716980
USER	MySql - Save Scenario	START	1685816716980
USER	MySql - Load Scenario	START	1685816716983
REQUEST		MongoDB - Save	1685816716979	1685816717026	OK	 
USER	MongoDB - Save Scenario	END	1685816717027
REQUEST		MongoDB - Load	1685816716978	1685816717050	OK	 
USER	MongoDB - Load Scenario	END	1685816717051
USER	MongoDB - Load Scenario	START	1685816717179
USER	MySql - Load Scenario	START	1685816717180
USER	MySql - Save Scenario	START	1685816717181
USER	MongoDB - Save Scenario	START	1685816717182
REQUEST		MongoDB - Load	1685816717178	1685816717225	OK	 
USER	MongoDB - Load Scenario	END	1685816717226
REQUEST		MongoDB - Save	1685816717182	1685816717237	OK	 
USER	MongoDB - Save Scenario	END	1685816717238
USER	MongoDB - Load Scenario	START	1685816717380
USER	MongoDB - Save Scenario	START	1685816717380
USER	MySql - Save Scenario	START	1685816717381
USER	MySql - Load Scenario	START	1685816717382
REQUEST		MongoDB - Load	1685816717379	1685816717426	OK	 
REQUEST		MongoDB - Save	1685816717380	1685816717427	OK	 
USER	MongoDB - Save Scenario	END	1685816717428
USER	MongoDB - Load Scenario	END	1685816717428
USER	MySql - Save Scenario	START	1685816717579
USER	MongoDB - Save Scenario	START	1685816717580
USER	MySql - Load Scenario	START	1685816717581
USER	MongoDB - Load Scenario	START	1685816717582
REQUEST		MongoDB - Load	1685816717582	1685816717611	OK	 
REQUEST		MongoDB - Save	1685816717580	1685816717611	OK	 
USER	MongoDB - Save Scenario	END	1685816717629
USER	MongoDB - Load Scenario	END	1685816717630
REQUEST		MySql - Save	1685816714394	1685816717711	OK	 
USER	MySql - Save Scenario	END	1685816717712
REQUEST		MySql - Load	1685816714579	1685816717712	KO	status.find.in([200, 209], 304), found 500
USER	MySql - Load Scenario	END	1685816717712
USER	MongoDB - Load Scenario	START	1685816717779
USER	MongoDB - Save Scenario	START	1685816717780
USER	MySql - Save Scenario	START	1685816717781
USER	MySql - Load Scenario	START	1685816717782
REQUEST		MongoDB - Save	1685816717780	1685816717807	OK	 
USER	MongoDB - Save Scenario	END	1685816717808
REQUEST		MongoDB - Load	1685816717779	1685816717832	OK	 
USER	MongoDB - Load Scenario	END	1685816717833
REQUEST		MySql - Load	1685816714182	1685816717940	KO	status.find.in([200, 209], 304), found 500
USER	MySql - Load Scenario	END	1685816717941
USER	MongoDB - Save Scenario	START	1685816717979
USER	MongoDB - Load Scenario	START	1685816717979
USER	MySql - Save Scenario	START	1685816717980
USER	MySql - Load Scenario	START	1685816717981
REQUEST		MongoDB - Load	1685816717979	1685816718007	OK	 
USER	MongoDB - Load Scenario	END	1685816718008
REQUEST		MongoDB - Save	1685816717979	1685816718009	OK	 
USER	MongoDB - Save Scenario	END	1685816718009
REQUEST		MySql - Load	1685816714382	1685816718065	KO	status.find.in([200, 209], 304), found 500
USER	MySql - Load Scenario	END	1685816718066
USER	MongoDB - Save Scenario	START	1685816718179
USER	MongoDB - Load Scenario	START	1685816718180
USER	MySql - Load Scenario	START	1685816718180
USER	MySql - Save Scenario	START	1685816718180
REQUEST		MongoDB - Save	1685816718179	1685816718211	OK	 
USER	MongoDB - Save Scenario	END	1685816718211
REQUEST		MongoDB - Load	1685816718179	1685816718228	OK	 
USER	MongoDB - Load Scenario	END	1685816718229
REQUEST		MySql - Save	1685816714779	1685816718261	OK	 
USER	MySql - Save Scenario	END	1685816718262
REQUEST		MySql - Save	1685816714194	1685816718283	OK	 
USER	MySql - Save Scenario	END	1685816718284
REQUEST		MySql - Save	1685816714582	1685816718285	OK	 
REQUEST		MySql - Load	1685816714780	1685816718286	KO	status.find.in([200, 209], 304), found 500
USER	MySql - Save Scenario	END	1685816718287
USER	MySql - Load Scenario	END	1685816718287
REQUEST		MySql - Load	1685816714984	1685816718291	KO	status.find.in([200, 209], 304), found 500
USER	MySql - Load Scenario	END	1685816718291
USER	MySql - Save Scenario	START	1685816718379
USER	MongoDB - Save Scenario	START	1685816718380
USER	MySql - Load Scenario	START	1685816718381
USER	MongoDB - Load Scenario	START	1685816718383
REQUEST		MongoDB - Save	1685816718380	1685816718411	OK	 
USER	MongoDB - Save Scenario	END	1685816718412
REQUEST		MongoDB - Load	1685816718383	1685816718414	OK	 
USER	MongoDB - Load Scenario	END	1685816718415
USER	MySql - Save Scenario	START	1685816718579
USER	MongoDB - Save Scenario	START	1685816718579
USER	MySql - Load Scenario	START	1685816718580
USER	MongoDB - Load Scenario	START	1685816718582
REQUEST		MongoDB - Load	1685816718582	1685816718613	OK	 
USER	MongoDB - Load Scenario	END	1685816718614
REQUEST		MongoDB - Save	1685816718579	1685816718614	OK	 
USER	MongoDB - Save Scenario	END	1685816718615
REQUEST		MySql - Load	1685816715180	1685816718650	KO	status.find.in([200, 209], 304), found 500
REQUEST		MySql - Save	1685816715005	1685816718650	OK	 
USER	MySql - Save Scenario	END	1685816718651
USER	MySql - Load Scenario	END	1685816718651
USER	MySql - Load Scenario	START	1685816718779
USER	MySql - Save Scenario	START	1685816718779
USER	MongoDB - Load Scenario	START	1685816718781
USER	MongoDB - Save Scenario	START	1685816718782
REQUEST		MongoDB - Load	1685816718781	1685816718809	OK	 
USER	MongoDB - Load Scenario	END	1685816718810
REQUEST		MongoDB - Save	1685816718782	1685816718816	OK	 
USER	MongoDB - Save Scenario	END	1685816718816
REQUEST		MySql - Load	1685816715380	1685816718828	KO	status.find.in([200, 209], 304), found 500
USER	MySql - Load Scenario	END	1685816718829
USER	MySql - Save Scenario	START	1685816718979
USER	MongoDB - Load Scenario	START	1685816718980
USER	MongoDB - Save Scenario	START	1685816718980
USER	MySql - Load Scenario	START	1685816718982
REQUEST		MongoDB - Load	1685816718980	1685816719031	OK	 
USER	MongoDB - Load Scenario	END	1685816719032
REQUEST		MongoDB - Save	1685816718979	1685816719039	OK	 
USER	MongoDB - Save Scenario	END	1685816719039
REQUEST		MySql - Load	1685816715780	1685816719042	KO	status.find.in([200, 209], 304), found 500
USER	MySql - Load Scenario	END	1685816719043
REQUEST		MySql - Save	1685816713793	1685816719165	OK	 
USER	MySql - Save Scenario	END	1685816719166
USER	MySql - Save Scenario	START	1685816719179
USER	MongoDB - Load Scenario	START	1685816719179
USER	MySql - Load Scenario	START	1685816719180
USER	MongoDB - Save Scenario	START	1685816719181
REQUEST		MongoDB - Load	1685816719179	1685816719221	OK	 
USER	MongoDB - Load Scenario	END	1685816719222
REQUEST		MongoDB - Save	1685816719180	1685816719227	OK	 
USER	MongoDB - Save Scenario	END	1685816719228
USER	MySql - Save Scenario	START	1685816719379
USER	MongoDB - Save Scenario	START	1685816719379
USER	MongoDB - Load Scenario	START	1685816719380
USER	MySql - Load Scenario	START	1685816719381
REQUEST		MongoDB - Save	1685816719379	1685816719422	OK	 
USER	MongoDB - Save Scenario	END	1685816719422
REQUEST		MongoDB - Load	1685816719380	1685816719423	OK	 
USER	MongoDB - Load Scenario	END	1685816719423
REQUEST		MySql - Load	1685816715579	1685816719505	KO	status.find.in([200, 209], 304), found 500
USER	MySql - Load Scenario	END	1685816719506
REQUEST		MySql - Load	1685816715980	1685816719506	KO	status.find.in([200, 209], 304), found 500
USER	MySql - Load Scenario	END	1685816719507
USER	MongoDB - Save Scenario	START	1685816719579
USER	MySql - Save Scenario	START	1685816719580
USER	MongoDB - Load Scenario	START	1685816719580
USER	MySql - Load Scenario	START	1685816719581
REQUEST		MongoDB - Save	1685816719578	1685816719612	OK	 
USER	MongoDB - Save Scenario	END	1685816719613
REQUEST		MongoDB - Load	1685816719580	1685816719617	OK	 
USER	MongoDB - Load Scenario	END	1685816719618
REQUEST		MySql - Load	1685816716379	1685816719777	KO	status.find.in([200, 209], 304), found 500
USER	MongoDB - Save Scenario	START	1685816719778
USER	MongoDB - Load Scenario	START	1685816719779
USER	MySql - Load Scenario	START	1685816719779
USER	MySql - Load Scenario	END	1685816719780
USER	MySql - Save Scenario	START	1685816719780
REQUEST		MySql - Save	1685816715779	1685816719791	OK	 
USER	MySql - Save Scenario	END	1685816719791
REQUEST		MySql - Load	1685816716180	1685816719801	KO	status.find.in([200, 209], 304), found 500
USER	MySql - Load Scenario	END	1685816719802
REQUEST		MongoDB - Load	1685816719778	1685816719834	OK	 
USER	MongoDB - Load Scenario	END	1685816719835
REQUEST		MongoDB - Save	1685816719778	1685816719835	OK	 
USER	MongoDB - Save Scenario	END	1685816719836
REQUEST		MySql - Save	1685816715582	1685816719847	OK	 
USER	MySql - Save Scenario	END	1685816719848
REQUEST		MySql - Save	1685816715179	1685816719849	OK	 
USER	MySql - Save Scenario	END	1685816719849
USER	MongoDB - Load Scenario	START	1685816719979
USER	MySql - Save Scenario	START	1685816719979
USER	MySql - Load Scenario	START	1685816719980
USER	MongoDB - Save Scenario	START	1685816719981
REQUEST		MongoDB - Load	1685816719978	1685816720021	OK	 
USER	MongoDB - Load Scenario	END	1685816720022
REQUEST		MongoDB - Save	1685816719978	1685816720023	OK	 
USER	MongoDB - Save Scenario	END	1685816720023
USER	MongoDB - Load Scenario	START	1685816720179
USER	MongoDB - Save Scenario	START	1685816720179
USER	MySql - Save Scenario	START	1685816720180
USER	MySql - Load Scenario	START	1685816720181
REQUEST		MongoDB - Load	1685816720178	1685816720214	OK	 
USER	MongoDB - Load Scenario	END	1685816720215
REQUEST		MongoDB - Save	1685816720178	1685816720229	OK	 
USER	MongoDB - Save Scenario	END	1685816720230
USER	MongoDB - Save Scenario	START	1685816720379
USER	MongoDB - Load Scenario	START	1685816720379
USER	MySql - Save Scenario	START	1685816720380
USER	MySql - Load Scenario	START	1685816720380
REQUEST		MySql - Save	1685816716579	1685816720410	OK	 
REQUEST		MySql - Save	1685816716180	1685816720411	OK	 
USER	MySql - Save Scenario	END	1685816720412
USER	MySql - Save Scenario	END	1685816720412
REQUEST		MySql - Save	1685816715379	1685816720412	OK	 
REQUEST		MySql - Load	1685816716780	1685816720412	KO	status.find.in([200, 209], 304), found 500
USER	MySql - Load Scenario	END	1685816720413
USER	MySql - Save Scenario	END	1685816720413
REQUEST		MySql - Load	1685816716581	1685816720413	KO	status.find.in([200, 209], 304), found 500
REQUEST		MongoDB - Save	1685816720378	1685816720417	OK	 
USER	MongoDB - Save Scenario	END	1685816720417
USER	MySql - Load Scenario	END	1685816720417
REQUEST		MongoDB - Load	1685816720378	1685816720436	OK	 
USER	MongoDB - Load Scenario	END	1685816720436
REQUEST		MySql - Save	1685816712582	1685816720490	OK	 
USER	MySql - Save Scenario	END	1685816720491
USER	MySql - Save Scenario	START	1685816720579
USER	MongoDB - Load Scenario	START	1685816720579
USER	MongoDB - Save Scenario	START	1685816720580
USER	MySql - Load Scenario	START	1685816720581
REQUEST		MongoDB - Load	1685816720579	1685816720616	OK	 
USER	MongoDB - Load Scenario	END	1685816720616
REQUEST		MongoDB - Save	1685816720580	1685816720625	OK	 
USER	MongoDB - Save Scenario	END	1685816720626
USER	MongoDB - Load Scenario	START	1685816720779
USER	MySql - Load Scenario	START	1685816720780
USER	MySql - Save Scenario	START	1685816720781
USER	MongoDB - Save Scenario	START	1685816720782
REQUEST		MongoDB - Load	1685816720779	1685816720819	OK	 
USER	MongoDB - Load Scenario	END	1685816720820
REQUEST		MongoDB - Save	1685816720782	1685816720822	OK	 
USER	MongoDB - Save Scenario	END	1685816720823
REQUEST		MySql - Load	1685816716983	1685816720951	KO	status.find.in([200, 209], 304), found 500
USER	MySql - Load Scenario	END	1685816720951
USER	MongoDB - Save Scenario	START	1685816720979
USER	MySql - Save Scenario	START	1685816720979
USER	MongoDB - Load Scenario	START	1685816720980
USER	MySql - Load Scenario	START	1685816720981
REQUEST		MongoDB - Save	1685816720979	1685816721016	OK	 
USER	MongoDB - Save Scenario	END	1685816721018
REQUEST		MongoDB - Load	1685816720980	1685816721039	OK	 
USER	MongoDB - Load Scenario	END	1685816721040
REQUEST		MySql - Load	1685816717180	1685816721085	KO	status.find.in([200, 209], 304), found 500
USER	MySql - Load Scenario	END	1685816721086
REQUEST		MySql - Load	1685816717382	1685816721089	KO	status.find.in([200, 209], 304), found 500
USER	MySql - Load Scenario	END	1685816721090
REQUEST		MySql - Save	1685816713192	1685816721094	OK	 
USER	MySql - Save Scenario	END	1685816721094
REQUEST		MySql - Save	1685816716780	1685816721144	OK	 
USER	MySql - Save Scenario	END	1685816721144
USER	MySql - Save Scenario	START	1685816721179
USER	MongoDB - Load Scenario	START	1685816721180
USER	MongoDB - Save Scenario	START	1685816721182
USER	MySql - Load Scenario	START	1685816721182
REQUEST		MongoDB - Load	1685816721180	1685816721202	OK	 
USER	MongoDB - Load Scenario	END	1685816721203
REQUEST		MongoDB - Save	1685816721181	1685816721229	OK	 
USER	MongoDB - Save Scenario	END	1685816721230
USER	MongoDB - Save Scenario	START	1685816721379
USER	MongoDB - Load Scenario	START	1685816721380
USER	MySql - Load Scenario	START	1685816721381
USER	MySql - Save Scenario	START	1685816721382
REQUEST		MongoDB - Save	1685816721379	1685816721412	OK	 
USER	MongoDB - Save Scenario	END	1685816721413
REQUEST		MongoDB - Load	1685816721379	1685816721426	OK	 
USER	MongoDB - Load Scenario	END	1685816721426
USER	MySql - Load Scenario	START	1685816721578
USER	MongoDB - Load Scenario	START	1685816721579
USER	MongoDB - Save Scenario	START	1685816721580
REQUEST		MySql - Load	1685816717579	1685816721581	KO	status.find.in([200, 209], 304), found 500
USER	MySql - Save Scenario	START	1685816721583
USER	MySql - Load Scenario	END	1685816721583
REQUEST		MongoDB - Load	1685816721579	1685816721626	OK	 
USER	MongoDB - Load Scenario	END	1685816721626
REQUEST		MongoDB - Save	1685816721580	1685816721629	OK	 
USER	MongoDB - Save Scenario	END	1685816721629
REQUEST		MySql - Save	1685816713593	1685816721725	OK	 
USER	MySql - Save Scenario	END	1685816721726
USER	MySql - Load Scenario	START	1685816721778
USER	MongoDB - Save Scenario	START	1685816721779
USER	MySql - Save Scenario	START	1685816721780
USER	MongoDB - Load Scenario	START	1685816721781
REQUEST		MongoDB - Load	1685816721781	1685816721808	OK	 
USER	MongoDB - Load Scenario	END	1685816721809
REQUEST		MongoDB - Save	1685816721779	1685816721825	OK	 
USER	MongoDB - Save Scenario	END	1685816721825
REQUEST		MySql - Load	1685816717782	1685816721833	KO	status.find.in([200, 209], 304), found 500
USER	MySql - Load Scenario	END	1685816721833
USER	MySql - Load Scenario	START	1685816721978
USER	MongoDB - Save Scenario	START	1685816721978
USER	MongoDB - Load Scenario	START	1685816721979
USER	MySql - Save Scenario	START	1685816721980
REQUEST		MongoDB - Save	1685816721978	1685816722013	OK	 
USER	MongoDB - Save Scenario	END	1685816722014
REQUEST		MongoDB - Load	1685816721979	1685816722028	OK	 
USER	MongoDB - Load Scenario	END	1685816722028
REQUEST		MySql - Load	1685816717980	1685816722092	KO	status.find.in([200, 209], 304), found 500
USER	MySql - Load Scenario	END	1685816722093
USER	MongoDB - Load Scenario	START	1685816722179
USER	MySql - Save Scenario	START	1685816722179
USER	MongoDB - Save Scenario	START	1685816722179
USER	MySql - Load Scenario	START	1685816722181
REQUEST		MySql - Save	1685816717781	1685816722191	OK	 
USER	MySql - Save Scenario	END	1685816722192
REQUEST		MySql - Load	1685816718180	1685816722192	KO	status.find.in([200, 209], 304), found 500
USER	MySql - Load Scenario	END	1685816722193
REQUEST		MongoDB - Load	1685816722178	1685816722228	OK	 
USER	MongoDB - Load Scenario	END	1685816722229
REQUEST		MongoDB - Save	1685816722179	1685816722240	OK	 
USER	MongoDB - Save Scenario	END	1685816722241
USER	MongoDB - Save Scenario	START	1685816722379
USER	MongoDB - Load Scenario	START	1685816722379
USER	MySql - Load Scenario	START	1685816722379
USER	MySql - Save Scenario	START	1685816722385
REQUEST		MongoDB - Save	1685816722378	1685816722407	OK	 
USER	MongoDB - Save Scenario	END	1685816722408
REQUEST		MongoDB - Load	1685816722378	1685816722412	OK	 
USER	MongoDB - Load Scenario	END	1685816722412
REQUEST		MySql - Load	1685816718381	1685816722552	KO	status.find.in([200, 209], 304), found 500
REQUEST		MySql - Save	1685816717579	1685816722553	OK	 
REQUEST		MySql - Load	1685816718779	1685816722554	KO	status.find.in([200, 209], 304), found 500
REQUEST		MySql - Save	1685816718179	1685816722554	OK	 
USER	MySql - Load Scenario	END	1685816722555
USER	MySql - Save Scenario	END	1685816722555
USER	MySql - Save Scenario	END	1685816722555
USER	MySql - Load Scenario	END	1685816722555
USER	MongoDB - Save Scenario	START	1685816722578
USER	MongoDB - Load Scenario	START	1685816722579
USER	MySql - Save Scenario	START	1685816722580
USER	MySql - Load Scenario	START	1685816722581
REQUEST		MongoDB - Save	1685816722578	1685816722618	OK	 
USER	MongoDB - Save Scenario	END	1685816722619
REQUEST		MongoDB - Load	1685816722579	1685816722626	OK	 
USER	MongoDB - Load Scenario	END	1685816722627
REQUEST		MySql - Save	1685816713993	1685816722756	OK	 
USER	MySql - Save Scenario	END	1685816722757
REQUEST		MySql - Load	1685816718580	1685816722758	KO	status.find.in([200, 209], 304), found 500
USER	MySql - Load Scenario	END	1685816722758
USER	MongoDB - Load Scenario	START	1685816722779
USER	MongoDB - Save Scenario	START	1685816722779
USER	MySql - Load Scenario	START	1685816722780
USER	MySql - Save Scenario	START	1685816722781
REQUEST		MongoDB - Save	1685816722779	1685816722813	OK	 
REQUEST		MongoDB - Load	1685816722778	1685816722813	OK	 
USER	MongoDB - Save Scenario	END	1685816722814
USER	MongoDB - Load Scenario	END	1685816722814
REQUEST		MySql - Load	1685816718981	1685816722950	KO	status.find.in([200, 209], 304), found 500
USER	MySql - Load Scenario	END	1685816722951
USER	MongoDB - Load Scenario	START	1685816722979
USER	MySql - Save Scenario	START	1685816722979
USER	MongoDB - Save Scenario	START	1685816722980
USER	MySql - Load Scenario	START	1685816722982
REQUEST		MongoDB - Load	1685816722978	1685816723022	OK	 
USER	MongoDB - Load Scenario	END	1685816723023
REQUEST		MongoDB - Save	1685816722980	1685816723040	OK	 
USER	MongoDB - Save Scenario	END	1685816723041
REQUEST		MySql - Save	1685816718978	1685816723125	OK	 
USER	MySql - Save Scenario	END	1685816723126
USER	MongoDB - Load Scenario	START	1685816723179
USER	MySql - Save Scenario	START	1685816723179
USER	MySql - Load Scenario	START	1685816723180
USER	MongoDB - Save Scenario	START	1685816723181
REQUEST		MongoDB - Save	1685816723181	1685816723224	OK	 
REQUEST		MongoDB - Load	1685816723178	1685816723224	OK	 
USER	MongoDB - Load Scenario	END	1685816723224
USER	MongoDB - Save Scenario	END	1685816723224
USER	MongoDB - Load Scenario	START	1685816723379
USER	MySql - Load Scenario	START	1685816723379
USER	MySql - Save Scenario	START	1685816723380
USER	MongoDB - Save Scenario	START	1685816723382
REQUEST		MongoDB - Load	1685816723379	1685816723434	OK	 
USER	MongoDB - Load Scenario	END	1685816723434
REQUEST		MongoDB - Save	1685816723381	1685816723444	OK	 
USER	MongoDB - Save Scenario	END	1685816723444
REQUEST		MySql - Save	1685816718379	1685816723520	OK	 
USER	MySql - Save Scenario	END	1685816723520
REQUEST		MySql - Load	1685816719180	1685816723543	KO	status.find.in([200, 209], 304), found 500
USER	MySql - Load Scenario	END	1685816723543
USER	MongoDB - Load Scenario	START	1685816723578
USER	MySql - Load Scenario	START	1685816723579
USER	MongoDB - Save Scenario	START	1685816723579
USER	MySql - Save Scenario	START	1685816723581
REQUEST		MongoDB - Load	1685816723578	1685816723633	OK	 
USER	MongoDB - Load Scenario	END	1685816723633
REQUEST		MongoDB - Save	1685816723579	1685816723639	OK	 
USER	MongoDB - Save Scenario	END	1685816723640
REQUEST		MySql - Save	1685816718779	1685816723641	OK	 
USER	MySql - Save Scenario	END	1685816723642
REQUEST		MySql - Load	1685816719381	1685816723750	KO	status.find.in([200, 209], 304), found 500
USER	MySql - Load Scenario	END	1685816723751
REQUEST		MySql - Save	1685816715979	1685816723777	OK	 
USER	MySql - Save Scenario	END	1685816723777
USER	MongoDB - Load Scenario	START	1685816723779
USER	MySql - Save Scenario	START	1685816723779
USER	MongoDB - Save Scenario	START	1685816723779
USER	MySql - Load Scenario	START	1685816723780
REQUEST		MongoDB - Save	1685816723779	1685816723804	OK	 
USER	MongoDB - Save Scenario	END	1685816723805
REQUEST		MongoDB - Load	1685816723778	1685816723806	OK	 
USER	MongoDB - Load Scenario	END	1685816723806
USER	MySql - Save Scenario	START	1685816723979
USER	MongoDB - Save Scenario	START	1685816723979
USER	MySql - Load Scenario	START	1685816723980
USER	MongoDB - Load Scenario	START	1685816723979
REQUEST		MySql - Load	1685816719779	1685816723994	KO	status.find.in([200, 209], 304), found 500
USER	MySql - Load Scenario	END	1685816723995
REQUEST		MongoDB - Load	1685816723978	1685816724025	OK	 
USER	MongoDB - Load Scenario	END	1685816724026
REQUEST		MongoDB - Save	1685816723979	1685816724028	OK	 
USER	MongoDB - Save Scenario	END	1685816724028
REQUEST		MySql - Load	1685816719581	1685816724032	KO	status.find.in([200, 209], 304), found 500
USER	MySql - Load Scenario	END	1685816724033
REQUEST		MySql - Load	1685816719979	1685816724148	KO	status.find.in([200, 209], 304), found 500
USER	MySql - Load Scenario	END	1685816724149
USER	MongoDB - Load Scenario	START	1685816724179
USER	MySql - Load Scenario	START	1685816724179
USER	MySql - Save Scenario	START	1685816724179
USER	MongoDB - Save Scenario	START	1685816724181
REQUEST		MySql - Save	1685816719780	1685816724197	OK	 
USER	MySql - Save Scenario	END	1685816724198
REQUEST		MySql - Load	1685816720181	1685816724198	KO	status.find.in([200, 209], 304), found 500
USER	MySql - Load Scenario	END	1685816724199
REQUEST		MongoDB - Save	1685816724180	1685816724215	OK	 
USER	MongoDB - Save Scenario	END	1685816724215
REQUEST		MongoDB - Load	1685816724178	1685816724217	OK	 
USER	MongoDB - Load Scenario	END	1685816724217
REQUEST		MySql - Save	1685816719579	1685816724284	OK	 
USER	MySql - Save Scenario	END	1685816724285
USER	MongoDB - Load Scenario	START	1685816724378
USER	MongoDB - Save Scenario	START	1685816724379
USER	MySql - Load Scenario	START	1685816724380
USER	MySql - Save Scenario	START	1685816724380
REQUEST		MongoDB - Load	1685816724378	1685816724427	OK	 
USER	MongoDB - Load Scenario	END	1685816724427
REQUEST		MongoDB - Save	1685816724379	1685816724452	OK	 
USER	MongoDB - Save Scenario	END	1685816724452
REQUEST		MySql - Save	1685816720179	1685816724489	OK	 
USER	MySql - Save Scenario	END	1685816724490
REQUEST		MySql - Load	1685816720380	1685816724536	KO	status.find.in([200, 209], 304), found 500
USER	MySql - Load Scenario	END	1685816724537
USER	MongoDB - Save Scenario	START	1685816724578
USER	MySql - Load Scenario	START	1685816724579
USER	MongoDB - Load Scenario	START	1685816724579
USER	MySql - Save Scenario	START	1685816724580
REQUEST		MongoDB - Save	1685816724578	1685816724604	OK	 
USER	MongoDB - Save Scenario	END	1685816724605
REQUEST		MongoDB - Load	1685816724579	1685816724620	OK	 
USER	MongoDB - Load Scenario	END	1685816724621
USER	MongoDB - Load Scenario	START	1685816724779
USER	MySql - Save Scenario	START	1685816724779
USER	MongoDB - Save Scenario	START	1685816724779
USER	MySql - Load Scenario	START	1685816724780
REQUEST		MongoDB - Load	1685816724778	1685816724820	OK	 
USER	MongoDB - Load Scenario	END	1685816724821
REQUEST		MongoDB - Save	1685816724779	1685816724821	OK	 
USER	MongoDB - Save Scenario	END	1685816724822
REQUEST		MySql - Load	1685816720581	1685816724955	KO	status.find.in([200, 209], 304), found 500
USER	MySql - Load Scenario	END	1685816724956
REQUEST		MySql - Load	1685816720780	1685816724959	KO	status.find.in([200, 209], 304), found 500
USER	MySql - Load Scenario	END	1685816724960
REQUEST		MySql - Save	1685816716379	1685816724960	OK	 
USER	MySql - Save Scenario	END	1685816724960
USER	MongoDB - Load Scenario	START	1685816724978
USER	MongoDB - Save Scenario	START	1685816724978
USER	MySql - Save Scenario	START	1685816724979
USER	MySql - Load Scenario	START	1685816724980
REQUEST		MongoDB - Load	1685816724978	1685816725012	OK	 
USER	MongoDB - Load Scenario	END	1685816725012
REQUEST		MongoDB - Save	1685816724978	1685816725021	OK	 
USER	MongoDB - Save Scenario	END	1685816725021
USER	MongoDB - Save Scenario	START	1685816725179
USER	MongoDB - Load Scenario	START	1685816725179
USER	MySql - Save Scenario	START	1685816725180
USER	MySql - Load Scenario	START	1685816725181
REQUEST		MongoDB - Save	1685816725178	1685816725201	OK	 
USER	MongoDB - Save Scenario	END	1685816725201
REQUEST		MongoDB - Load	1685816725178	1685816725226	OK	 
USER	MongoDB - Load Scenario	END	1685816725226
REQUEST		MySql - Save	1685816720578	1685816725256	OK	 
REQUEST		MySql - Load	1685816720981	1685816725257	KO	status.find.in([200, 209], 304), found 500
USER	MySql - Load Scenario	END	1685816725257
USER	MySql - Save Scenario	END	1685816725257
REQUEST		MySql - Save	1685816717181	1685816725323	OK	 
USER	MySql - Save Scenario	END	1685816725324
USER	MongoDB - Save Scenario	START	1685816725379
USER	MySql - Load Scenario	START	1685816725379
USER	MySql - Save Scenario	START	1685816725379
USER	MongoDB - Load Scenario	START	1685816725380
REQUEST		MongoDB - Save	1685816725378	1685816725403	OK	 
USER	MongoDB - Save Scenario	END	1685816725404
REQUEST		MySql - Save	1685816718578	1685816725406	OK	 
USER	MySql - Save Scenario	END	1685816725407
REQUEST		MongoDB - Load	1685816725380	1685816725413	OK	 
USER	MongoDB - Load Scenario	END	1685816725414
REQUEST		MySql - Save	1685816719379	1685816725565	OK	 
USER	MySql - Save Scenario	END	1685816725566
USER	MongoDB - Save Scenario	START	1685816725579
USER	MySql - Load Scenario	START	1685816725579
USER	MongoDB - Load Scenario	START	1685816725579
USER	MySql - Save Scenario	START	1685816725579
REQUEST		MySql - Load	1685816721182	1685816725590	KO	status.find.in([200, 209], 304), found 500
USER	MySql - Load Scenario	END	1685816725591
REQUEST		MongoDB - Save	1685816725578	1685816725607	OK	 
USER	MongoDB - Save Scenario	END	1685816725607
REQUEST		MongoDB - Load	1685816725579	1685816725624	OK	 
USER	MongoDB - Load Scenario	END	1685816725624
USER	MySql - Save Scenario	START	1685816725779
USER	MongoDB - Save Scenario	START	1685816725779
USER	MySql - Load Scenario	START	1685816725779
USER	MongoDB - Load Scenario	START	1685816725781
REQUEST		MongoDB - Load	1685816725780	1685816725822	OK	 
USER	MongoDB - Load Scenario	END	1685816725823
REQUEST		MongoDB - Save	1685816725778	1685816725826	OK	 
USER	MongoDB - Save Scenario	END	1685816725827
USER	MySql - Save Scenario	START	1685816725979
USER	MongoDB - Load Scenario	START	1685816725979
USER	MySql - Load Scenario	START	1685816725980
USER	MongoDB - Save Scenario	START	1685816725981
REQUEST		MySql - Save	1685816720781	1685816726011	OK	 
USER	MySql - Save Scenario	END	1685816726011
REQUEST		MongoDB - Load	1685816725979	1685816726018	OK	 
USER	MongoDB - Load Scenario	END	1685816726018
REQUEST		MongoDB - Save	1685816725981	1685816726034	OK	 
USER	MongoDB - Save Scenario	END	1685816726035
REQUEST		MySql - Load	1685816721381	1685816726050	KO	status.find.in([200, 209], 304), found 500
USER	MySql - Load Scenario	END	1685816726051
REQUEST		MySql - Save	1685816716980	1685816726051	OK	 
USER	MySql - Save Scenario	END	1685816726052
REQUEST		MySql - Save	1685816720979	1685816726052	OK	 
USER	MySql - Save Scenario	END	1685816726053
REQUEST		MySql - Save	1685816717381	1685816726119	OK	 
USER	MySql - Save Scenario	END	1685816726120
USER	MongoDB - Save Scenario	START	1685816726179
USER	MySql - Save Scenario	START	1685816726179
USER	MongoDB - Load Scenario	START	1685816726181
USER	MySql - Load Scenario	START	1685816726182
REQUEST		MongoDB - Save	1685816726179	1685816726211	OK	 
USER	MongoDB - Save Scenario	END	1685816726212
REQUEST		MongoDB - Load	1685816726181	1685816726213	OK	 
USER	MongoDB - Load Scenario	END	1685816726214
REQUEST		MySql - Save	1685816721583	1685816726287	OK	 
USER	MySql - Save Scenario	END	1685816726287
REQUEST		MySql - Load	1685816721778	1685816726288	KO	status.find.in([200, 209], 304), found 500
USER	MySql - Load Scenario	END	1685816726289
USER	MongoDB - Save Scenario	START	1685816726379
USER	MongoDB - Load Scenario	START	1685816726380
USER	MySql - Load Scenario	START	1685816726380
USER	MySql - Save Scenario	START	1685816726381
REQUEST		MySql - Load	1685816721978	1685816726420	KO	status.find.in([200, 209], 304), found 500
USER	MySql - Load Scenario	END	1685816726420
REQUEST		MongoDB - Save	1685816726378	1685816726430	OK	 
USER	MongoDB - Save Scenario	END	1685816726431
REQUEST		MongoDB - Load	1685816726379	1685816726447	OK	 
USER	MongoDB - Load Scenario	END	1685816726448
REQUEST		MySql - Load	1685816721578	1685816726460	OK	 
USER	MySql - Load Scenario	END	1685816726460
USER	MySql - Save Scenario	START	1685816726579
USER	MySql - Load Scenario	START	1685816726579
USER	MongoDB - Save Scenario	START	1685816726580
USER	MongoDB - Load Scenario	START	1685816726580
REQUEST		MongoDB - Load	1685816726580	1685816726614	OK	 
REQUEST		MongoDB - Save	1685816726580	1685816726615	OK	 
USER	MongoDB - Save Scenario	END	1685816726615
USER	MongoDB - Load Scenario	END	1685816726616
REQUEST		MySql - Save	1685816722179	1685816726643	OK	 
USER	MySql - Save Scenario	END	1685816726644
USER	MySql - Save Scenario	START	1685816726779
USER	MongoDB - Load Scenario	START	1685816726779
USER	MySql - Load Scenario	START	1685816726780
USER	MongoDB - Save Scenario	START	1685816726781
REQUEST		MongoDB - Save	1685816726781	1685816726813	OK	 
USER	MongoDB - Save Scenario	END	1685816726814
REQUEST		MySql - Save	1685816717979	1685816726816	OK	 
USER	MySql - Save Scenario	END	1685816726816
REQUEST		MongoDB - Load	1685816726779	1685816726822	OK	 
USER	MongoDB - Load Scenario	END	1685816726823
USER	MySql - Save Scenario	START	1685816726979
USER	MongoDB - Load Scenario	START	1685816726980
USER	MySql - Load Scenario	START	1685816726981
USER	MongoDB - Save Scenario	START	1685816726982
REQUEST		MongoDB - Load	1685816726980	1685816727014	OK	 
USER	MongoDB - Load Scenario	END	1685816727014
REQUEST		MongoDB - Save	1685816726982	1685816727030	OK	 
USER	MongoDB - Save Scenario	END	1685816727031
REQUEST		MySql - Load	1685816722181	1685816727059	KO	status.find.in([200, 209], 304), found 500
USER	MySql - Load Scenario	END	1685816727059
REQUEST		MySql - Load	1685816722580	1685816727178	KO	status.find.in([200, 209], 304), found 500
USER	MySql - Load Scenario	END	1685816727178
USER	MySql - Save Scenario	START	1685816727179
USER	MySql - Load Scenario	START	1685816727179
USER	MongoDB - Load Scenario	START	1685816727180
REQUEST		MySql - Load	1685816722780	1685816727180	KO	status.find.in([200, 209], 304), found 500
USER	MySql - Load Scenario	END	1685816727181
USER	MongoDB - Save Scenario	START	1685816727181
REQUEST		MongoDB - Load	1685816727180	1685816727205	OK	 
USER	MongoDB - Load Scenario	END	1685816727206
REQUEST		MongoDB - Save	1685816727179	1685816727216	OK	 
USER	MongoDB - Save Scenario	END	1685816727216
REQUEST		MySql - Load	1685816722379	1685816727227	KO	status.find.in([200, 209], 304), found 500
USER	MySql - Load Scenario	END	1685816727228
REQUEST		MySql - Save	1685816719979	1685816727261	OK	 
USER	MySql - Save Scenario	END	1685816727262
USER	MongoDB - Load Scenario	START	1685816727379
USER	MySql - Save Scenario	START	1685816727379
USER	MongoDB - Save Scenario	START	1685816727380
USER	MySql - Load Scenario	START	1685816727381
REQUEST		MongoDB - Save	1685816727380	1685816727407	OK	 
REQUEST		MongoDB - Load	1685816727379	1685816727408	OK	 
USER	MongoDB - Load Scenario	END	1685816727409
USER	MongoDB - Save Scenario	END	1685816727409
REQUEST		MySql - Save	1685816719179	1685816727534	OK	 
REQUEST		MySql - Load	1685816722982	1685816727534	KO	status.find.in([200, 209], 304), found 500
USER	MySql - Save Scenario	END	1685816727535
USER	MySql - Load Scenario	END	1685816727535
REQUEST		MySql - Save	1685816722580	1685816727541	OK	 
USER	MySql - Save Scenario	END	1685816727541
USER	MySql - Load Scenario	START	1685816727579
USER	MongoDB - Save Scenario	START	1685816727580
USER	MongoDB - Load Scenario	START	1685816727581
USER	MySql - Save Scenario	START	1685816727582
REQUEST		MySql - Save	1685816722781	1685816727591	OK	 
USER	MySql - Save Scenario	END	1685816727592
REQUEST		MongoDB - Load	1685816727581	1685816727624	OK	 
USER	MongoDB - Load Scenario	END	1685816727624
REQUEST		MongoDB - Save	1685816727580	1685816727643	OK	 
USER	MongoDB - Save Scenario	END	1685816727644
USER	MySql - Save Scenario	START	1685816727779
USER	MySql - Load Scenario	START	1685816727780
USER	MongoDB - Save Scenario	START	1685816727780
USER	MongoDB - Load Scenario	START	1685816727781
REQUEST		MongoDB - Load	1685816727781	1685816727818	OK	 
USER	MongoDB - Load Scenario	END	1685816727819
REQUEST		MongoDB - Save	1685816727780	1685816727827	OK	 
USER	MongoDB - Save Scenario	END	1685816727827
REQUEST		MySql - Load	1685816723579	1685816727960	KO	status.find.in([200, 209], 304), found 500
USER	MySql - Load Scenario	END	1685816727961
REQUEST		MySql - Load	1685816723379	1685816727961	KO	status.find.in([200, 209], 304), found 500
USER	MySql - Load Scenario	END	1685816727961
USER	MySql - Save Scenario	START	1685816727979
USER	MySql - Load Scenario	START	1685816727980
USER	MongoDB - Save Scenario	START	1685816727981
USER	MongoDB - Load Scenario	START	1685816727982
REQUEST		MySql - Load	1685816723180	1685816727989	KO	status.find.in([200, 209], 304), found 500
USER	MySql - Load Scenario	END	1685816727989
REQUEST		MongoDB - Load	1685816727982	1685816728024	OK	 
USER	MongoDB - Load Scenario	END	1685816728025
REQUEST		MongoDB - Save	1685816727980	1685816728025	OK	 
USER	MongoDB - Save Scenario	END	1685816728026
USER	MongoDB - Load Scenario	START	1685816728179
USER	MySql - Save Scenario	START	1685816728179
USER	MySql - Load Scenario	START	1685816728181
USER	MongoDB - Save Scenario	START	1685816728182
REQUEST		MongoDB - Load	1685816728179	1685816728214	OK	 
USER	MongoDB - Load Scenario	END	1685816728214
REQUEST		MongoDB - Save	1685816728182	1685816728245	OK	 
USER	MongoDB - Save Scenario	END	1685816728246
REQUEST		MySql - Save	1685816720379	1685816728316	OK	 
USER	MySql - Save Scenario	END	1685816728316
REQUEST		MySql - Save	1685816723580	1685816728316	OK	 
USER	MySql - Save Scenario	END	1685816728317
USER	MongoDB - Save Scenario	START	1685816728379
USER	MongoDB - Load Scenario	START	1685816728380
USER	MySql - Save Scenario	START	1685816728381
USER	MySql - Load Scenario	START	1685816728381
REQUEST		MongoDB - Load	1685816728380	1685816728402	OK	 
USER	MongoDB - Load Scenario	END	1685816728402
REQUEST		MongoDB - Save	1685816728378	1685816728410	OK	 
USER	MongoDB - Save Scenario	END	1685816728410
REQUEST		MySql - Load	1685816723780	1685816728481	OK	 
USER	MySql - Load Scenario	END	1685816728482
USER	MySql - Load Scenario	START	1685816728579
USER	MongoDB - Load Scenario	START	1685816728580
USER	MySql - Save Scenario	START	1685816728580
USER	MongoDB - Save Scenario	START	1685816728581
REQUEST		MongoDB - Load	1685816728579	1685816728611	OK	 
USER	MongoDB - Load Scenario	END	1685816728612
REQUEST		MongoDB - Save	1685816728581	1685816728619	OK	 
USER	MongoDB - Save Scenario	END	1685816728619
USER	MongoDB - Save Scenario	START	1685816728779
USER	MongoDB - Load Scenario	START	1685816728779
USER	MySql - Save Scenario	START	1685816728779
USER	MySql - Load Scenario	START	1685816728780
REQUEST		MongoDB - Save	1685816728778	1685816728805	OK	 
USER	MongoDB - Save Scenario	END	1685816728806
REQUEST		MongoDB - Load	1685816728778	1685816728819	OK	 
USER	MongoDB - Load Scenario	END	1685816728819
REQUEST		MySql - Load	1685816723980	1685816728830	OK	 
REQUEST		MySql - Load	1685816724179	1685816728831	OK	 
USER	MySql - Load Scenario	END	1685816728831
USER	MySql - Load Scenario	END	1685816728831
REQUEST		MySql - Load	1685816724379	1685816728835	OK	 
USER	MySql - Load Scenario	END	1685816728835
REQUEST		MySql - Save	1685816723979	1685816728836	OK	 
USER	MySql - Save Scenario	END	1685816728836
USER	MongoDB - Save Scenario	START	1685816728979
USER	MongoDB - Load Scenario	START	1685816728980
USER	MySql - Save Scenario	START	1685816728980
USER	MySql - Load Scenario	START	1685816728980
REQUEST		MongoDB - Save	1685816728979	1685816729012	OK	 
USER	MongoDB - Save Scenario	END	1685816729012
REQUEST		MongoDB - Load	1685816728979	1685816729021	OK	 
USER	MongoDB - Load Scenario	END	1685816729022
USER	MongoDB - Save Scenario	START	1685816729179
USER	MongoDB - Load Scenario	START	1685816729179
USER	MySql - Save Scenario	START	1685816729180
USER	MySql - Load Scenario	START	1685816729180
REQUEST		MongoDB - Load	1685816729179	1685816729225	OK	 
USER	MongoDB - Load Scenario	END	1685816729226
REQUEST		MongoDB - Save	1685816729178	1685816729234	OK	 
USER	MongoDB - Save Scenario	END	1685816729235
REQUEST		MySql - Save	1685816721179	1685816729307	OK	 
USER	MySql - Save Scenario	END	1685816729307
REQUEST		MySql - Save	1685816721382	1685816729307	OK	 
USER	MySql - Save Scenario	END	1685816729308
REQUEST		MySql - Save	1685816724179	1685816729308	OK	 
USER	MySql - Save Scenario	END	1685816729308
REQUEST		MySql - Save	1685816723779	1685816729312	OK	 
USER	MySql - Save Scenario	END	1685816729313
USER	MySql - Load Scenario	START	1685816729379
USER	MongoDB - Save Scenario	START	1685816729379
USER	MongoDB - Load Scenario	START	1685816729379
USER	MySql - Save Scenario	START	1685816729380
REQUEST		MongoDB - Save	1685816729379	1685816729412	OK	 
USER	MongoDB - Save Scenario	END	1685816729413
REQUEST		MongoDB - Load	1685816729379	1685816729413	OK	 
USER	MongoDB - Load Scenario	END	1685816729414
REQUEST		MySql - Save	1685816723179	1685816729500	OK	 
USER	MySql - Save Scenario	END	1685816729501
REQUEST		MySql - Load	1685816724579	1685816729503	KO	status.find.in([200, 209], 304), found 500
USER	MySql - Load Scenario	END	1685816729503
REQUEST		MySql - Load	1685816724780	1685816729552	KO	status.find.in([200, 209], 304), found 500
USER	MySql - Load Scenario	END	1685816729553
USER	MySql - Load Scenario	START	1685816729578
USER	MySql - Save Scenario	START	1685816729579
USER	MongoDB - Load Scenario	START	1685816729579
USER	MongoDB - Save Scenario	START	1685816729581
REQUEST		MongoDB - Save	1685816729580	1685816729607	OK	 
USER	MongoDB - Save Scenario	END	1685816729608
REQUEST		MongoDB - Load	1685816729579	1685816729614	OK	 
USER	MongoDB - Load Scenario	END	1685816729614
USER	MongoDB - Save Scenario	START	1685816729778
USER	MySql - Save Scenario	START	1685816729779
USER	MongoDB - Load Scenario	START	1685816729781
USER	MySql - Load Scenario	START	1685816729782
REQUEST		MongoDB - Load	1685816729781	1685816729812	OK	 
USER	MongoDB - Load Scenario	END	1685816729813
REQUEST		MongoDB - Save	1685816729778	1685816729813	OK	 
USER	MongoDB - Save Scenario	END	1685816729814
REQUEST		MySql - Save	1685816724979	1685816729837	OK	 
USER	MySql - Save Scenario	END	1685816729838
REQUEST		MySql - Load	1685816724980	1685816729944	KO	status.find.in([200, 209], 304), found 500
USER	MySql - Load Scenario	END	1685816729945
USER	MongoDB - Save Scenario	START	1685816729978
USER	MySql - Load Scenario	START	1685816729978
USER	MongoDB - Load Scenario	START	1685816729979
USER	MySql - Save Scenario	START	1685816729981
REQUEST		MongoDB - Save	1685816729978	1685816730002	OK	 
USER	MongoDB - Save Scenario	END	1685816730002
REQUEST		MongoDB - Load	1685816729979	1685816730017	OK	 
USER	MongoDB - Load Scenario	END	1685816730019
USER	MongoDB - Save Scenario	START	1685816730179
USER	MySql - Load Scenario	START	1685816730179
USER	MySql - Save Scenario	START	1685816730179
USER	MongoDB - Load Scenario	START	1685816730181
REQUEST		MongoDB - Save	1685816730178	1685816730205	OK	 
USER	MongoDB - Save Scenario	END	1685816730206
REQUEST		MongoDB - Load	1685816730180	1685816730215	OK	 
USER	MongoDB - Load Scenario	END	1685816730216
REQUEST		MySql - Load	1685816725579	1685816730231	KO	status.find.in([200, 209], 304), found 500
USER	MySql - Load Scenario	END	1685816730232
REQUEST		MySql - Load	1685816725180	1685816730232	KO	status.find.in([200, 209], 304), found 500
USER	MySql - Load Scenario	END	1685816730232
REQUEST		MySql - Load	1685816725379	1685816730237	KO	status.find.in([200, 209], 304), found 500
USER	MySql - Load Scenario	END	1685816730238
USER	MongoDB - Load Scenario	START	1685816730378
USER	MySql - Save Scenario	START	1685816730380
USER	MySql - Load Scenario	START	1685816730380
USER	MongoDB - Save Scenario	START	1685816730381
REQUEST		MongoDB - Save	1685816730381	1685816730411	OK	 
USER	MongoDB - Save Scenario	END	1685816730411
REQUEST		MongoDB - Load	1685816730378	1685816730412	OK	 
USER	MongoDB - Load Scenario	END	1685816730412
REQUEST		MySql - Save	1685816722979	1685816730456	OK	 
USER	MySql - Save Scenario	END	1685816730457
REQUEST		MySql - Save	1685816721780	1685816730506	OK	 
USER	MySql - Save Scenario	END	1685816730506
USER	MySql - Save Scenario	START	1685816730579
USER	MongoDB - Load Scenario	START	1685816730580
USER	MySql - Load Scenario	START	1685816730581
USER	MongoDB - Save Scenario	START	1685816730582
REQUEST		MongoDB - Load	1685816730580	1685816730623	OK	 
USER	MongoDB - Load Scenario	END	1685816730623
REQUEST		MongoDB - Save	1685816730582	1685816730623	OK	 
USER	MongoDB - Save Scenario	END	1685816730624
REQUEST		MySql - Save	1685816721980	1685816730640	OK	 
USER	MySql - Save Scenario	END	1685816730640
REQUEST		MySql - Save	1685816724779	1685816730654	OK	 
USER	MySql - Save Scenario	END	1685816730655
REQUEST		MySql - Save	1685816724380	1685816730741	OK	 
USER	MySql - Save Scenario	END	1685816730741
REQUEST		MySql - Save	1685816725379	1685816730742	OK	 
USER	MySql - Save Scenario	END	1685816730742
REQUEST		MySql - Save	1685816722384	1685816730749	OK	 
USER	MySql - Save Scenario	END	1685816730749
REQUEST		MySql - Save	1685816725578	1685816730749	OK	 
USER	MySql - Save Scenario	END	1685816730749
USER	MongoDB - Save Scenario	START	1685816730779
USER	MySql - Save Scenario	START	1685816730779
USER	MongoDB - Load Scenario	START	1685816730780
USER	MySql - Load Scenario	START	1685816730781
REQUEST		MySql - Load	1685816725779	1685816730816	KO	status.find.in([200, 209], 304), found 500
USER	MySql - Load Scenario	END	1685816730816
REQUEST		MongoDB - Load	1685816730780	1685816730818	OK	 
USER	MongoDB - Load Scenario	END	1685816730819
REQUEST		MongoDB - Save	1685816730779	1685816730823	OK	 
USER	MongoDB - Save Scenario	END	1685816730823
REQUEST		MySql - Save	1685816723380	1685816730913	OK	 
USER	MySql - Save Scenario	END	1685816730914
REQUEST		MySql - Save	1685816725978	1685816730970	OK	 
USER	MySql - Save Scenario	END	1685816730971
USER	MongoDB - Load Scenario	START	1685816730979
USER	MySql - Load Scenario	START	1685816730979
USER	MongoDB - Save Scenario	START	1685816730980
USER	MySql - Save Scenario	START	1685816730982
REQUEST		MySql - Load	1685816725980	1685816731003	OK	 
USER	MySql - Load Scenario	END	1685816731004
REQUEST		MongoDB - Load	1685816730979	1685816731006	OK	 
USER	MongoDB - Load Scenario	END	1685816731006
REQUEST		MongoDB - Save	1685816730980	1685816731028	OK	 
USER	MongoDB - Save Scenario	END	1685816731028
REQUEST		MySql - Load	1685816726182	1685816731141	KO	status.find.in([200, 209], 304), found 500
USER	MySql - Load Scenario	END	1685816731142
USER	MongoDB - Save Scenario	START	1685816731179
USER	MySql - Save Scenario	START	1685816731181
USER	MongoDB - Load Scenario	START	1685816731182
USER	MySql - Load Scenario	START	1685816731184
REQUEST		MongoDB - Save	1685816731179	1685816731201	OK	 
USER	MongoDB - Save Scenario	END	1685816731202
REQUEST		MongoDB - Load	1685816731182	1685816731219	OK	 
USER	MongoDB - Load Scenario	END	1685816731220
USER	MySql - Load Scenario	START	1685816731379
USER	MongoDB - Load Scenario	START	1685816731380
USER	MongoDB - Save Scenario	START	1685816731381
USER	MySql - Save Scenario	START	1685816731382
REQUEST		MongoDB - Load	1685816731380	1685816731424	OK	 
USER	MongoDB - Load Scenario	END	1685816731425
REQUEST		MongoDB - Save	1685816731381	1685816731433	OK	 
USER	MongoDB - Save Scenario	END	1685816731434
REQUEST		MySql - Load	1685816726378	1685816731528	KO	status.find.in([200, 209], 304), found 500
USER	MySql - Load Scenario	END	1685816731529
REQUEST		MySql - Load	1685816726579	1685816731572	KO	status.find.in([200, 209], 304), found 500
USER	MySql - Load Scenario	END	1685816731573
REQUEST		MySql - Save	1685816726779	1685816731575	OK	 
USER	MySql - Save Scenario	END	1685816731575
REQUEST		MySql - Save	1685816725778	1685816731575	OK	 
USER	MySql - Save Scenario	END	1685816731576
USER	MongoDB - Load Scenario	START	1685816731578
USER	MySql - Save Scenario	START	1685816731579
USER	MySql - Load Scenario	START	1685816731580
USER	MongoDB - Save Scenario	START	1685816731581
REQUEST		MongoDB - Load	1685816731578	1685816731594	OK	 
USER	MongoDB - Load Scenario	END	1685816731594
REQUEST		MongoDB - Save	1685816731581	1685816731605	OK	 
USER	MongoDB - Save Scenario	END	1685816731606
REQUEST		MySql - Load	1685816726780	1685816731739	OK	 
USER	MySql - Load Scenario	END	1685816731740
USER	MongoDB - Load Scenario	START	1685816731779
USER	MySql - Save Scenario	START	1685816731779
USER	MySql - Load Scenario	START	1685816731781
USER	MongoDB - Save Scenario	START	1685816731781
REQUEST		MongoDB - Load	1685816731778	1685816731799	OK	 
USER	MongoDB - Load Scenario	END	1685816731800
REQUEST		MongoDB - Save	1685816731781	1685816731816	OK	 
USER	MongoDB - Save Scenario	END	1685816731817
USER	MongoDB - Load Scenario	START	1685816731979
USER	MySql - Save Scenario	START	1685816731979
USER	MySql - Load Scenario	START	1685816731981
USER	MongoDB - Save Scenario	START	1685816731981
REQUEST		MongoDB - Load	1685816731978	1685816731999	OK	 
USER	MongoDB - Load Scenario	END	1685816731999
REQUEST		MySql - Load	1685816726981	1685816732003	OK	 
USER	MySql - Load Scenario	END	1685816732004
REQUEST		MySql - Save	1685816724580	1685816732005	OK	 
USER	MySql - Save Scenario	END	1685816732006
REQUEST		MongoDB - Save	1685816731981	1685816732008	OK	 
USER	MongoDB - Save Scenario	END	1685816732008
REQUEST		MySql - Save	1685816726178	1685816732107	OK	 
USER	MySql - Save Scenario	END	1685816732108
REQUEST		MySql - Load	1685816727179	1685816732108	OK	 
USER	MySql - Load Scenario	END	1685816732109
USER	MongoDB - Load Scenario	START	1685816732178
USER	MySql - Save Scenario	START	1685816732179
USER	MySql - Load Scenario	START	1685816732180
USER	MongoDB - Save Scenario	START	1685816732180
REQUEST		MongoDB - Save	1685816732180	1685816732197	OK	 
USER	MongoDB - Save Scenario	END	1685816732198
REQUEST		MongoDB - Load	1685816732178	1685816732199	OK	 
USER	MongoDB - Load Scenario	END	1685816732200
REQUEST		MySql - Load	1685816727579	1685816732293	KO	status.find.in([200, 209], 304), found 500
USER	MySql - Load Scenario	END	1685816732294
REQUEST		MySql - Save	1685816726979	1685816732294	OK	 
USER	MySql - Save Scenario	END	1685816732295
REQUEST		MySql - Load	1685816727381	1685816732297	KO	status.find.in([200, 209], 304), found 500
USER	MySql - Load Scenario	END	1685816732297
REQUEST		MySql - Save	1685816725179	1685816732379	OK	 
USER	MySql - Save Scenario	END	1685816732379
REQUEST		MySql - Save	1685816727778	1685816732565	OK	 
USER	MySql - Save Scenario	END	1685816732566
REQUEST		MySql - Load	1685816728181	1685816732655	KO	status.find.in([200, 209], 304), found 500
USER	MySql - Load Scenario	END	1685816732655
REQUEST		MySql - Load	1685816727979	1685816732659	KO	status.find.in([200, 209], 304), found 500
USER	MySql - Load Scenario	END	1685816732660
REQUEST		MySql - Load	1685816727779	1685816732660	KO	status.find.in([200, 209], 304), found 500
USER	MySql - Load Scenario	END	1685816732661
REQUEST		MySql - Load	1685816728779	1685816732869	KO	status.find.in([200, 209], 304), found 500
USER	MySql - Load Scenario	END	1685816732869
REQUEST		MySql - Load	1685816728381	1685816732872	KO	status.find.in([200, 209], 304), found 500
USER	MySql - Load Scenario	END	1685816732873
REQUEST		MySql - Load	1685816728578	1685816732875	KO	status.find.in([200, 209], 304), found 500
USER	MySql - Load Scenario	END	1685816732875
REQUEST		MySql - Save	1685816728779	1685816733240	OK	 
USER	MySql - Save Scenario	END	1685816733241
REQUEST		MySql - Save	1685816728580	1685816733244	OK	 
USER	MySql - Save Scenario	END	1685816733245
REQUEST		MySql - Save	1685816728381	1685816733305	OK	 
USER	MySql - Save Scenario	END	1685816733306
REQUEST		MySql - Load	1685816729180	1685816733435	KO	status.find.in([200, 209], 304), found 500
USER	MySql - Load Scenario	END	1685816733435
REQUEST		MySql - Load	1685816728979	1685816733606	KO	status.find.in([200, 209], 304), found 500
USER	MySql - Load Scenario	END	1685816733611
REQUEST		MySql - Save	1685816727379	1685816733713	OK	 
USER	MySql - Save Scenario	END	1685816733714
REQUEST		MySql - Load	1685816729378	1685816733714	KO	status.find.in([200, 209], 304), found 500
USER	MySql - Load Scenario	END	1685816733715
REQUEST		MySql - Load	1685816729578	1685816733718	KO	status.find.in([200, 209], 304), found 500
USER	MySql - Load Scenario	END	1685816733718
REQUEST		MySql - Save	1685816729178	1685816733848	OK	 
USER	MySql - Save Scenario	END	1685816733849
REQUEST		MySql - Load	1685816729781	1685816733852	KO	status.find.in([200, 209], 304), found 500
USER	MySql - Load Scenario	END	1685816733854
REQUEST		MySql - Save	1685816726381	1685816733942	OK	 
USER	MySql - Save Scenario	END	1685816733942
REQUEST		MySql - Save	1685816729579	1685816734004	OK	 
USER	MySql - Save Scenario	END	1685816734004
REQUEST		MySql - Load	1685816729978	1685816734057	KO	status.find.in([200, 209], 304), found 500
USER	MySql - Load Scenario	END	1685816734058
REQUEST		MySql - Load	1685816730178	1685816734260	KO	status.find.in([200, 209], 304), found 500
USER	MySql - Load Scenario	END	1685816734261
REQUEST		MySql - Save	1685816729779	1685816734412	OK	 
USER	MySql - Save Scenario	END	1685816734413
REQUEST		MySql - Load	1685816730581	1685816734612	KO	status.find.in([200, 209], 304), found 500
REQUEST		MySql - Save	1685816730379	1685816734612	OK	 
USER	MySql - Load Scenario	END	1685816734613
USER	MySql - Save Scenario	END	1685816734613
REQUEST		MySql - Save	1685816728178	1685816734613	OK	 
USER	MySql - Save Scenario	END	1685816734614
REQUEST		MySql - Save	1685816726579	1685816734614	OK	 
USER	MySql - Save Scenario	END	1685816734614
REQUEST		MySql - Load	1685816730379	1685816734615	KO	status.find.in([200, 209], 304), found 500
USER	MySql - Load Scenario	END	1685816734615
REQUEST		MySql - Save	1685816730179	1685816734649	OK	 
USER	MySql - Save Scenario	END	1685816734650
REQUEST		MySql - Save	1685816727179	1685816734652	OK	 
USER	MySql - Save Scenario	END	1685816734653
REQUEST		MySql - Load	1685816730781	1685816734829	OK	 
USER	MySql - Load Scenario	END	1685816734829
REQUEST		MySql - Save	1685816727582	1685816734830	OK	 
USER	MySql - Save Scenario	END	1685816734830
REQUEST		MySql - Load	1685816730979	1685816734879	OK	 
REQUEST		MySql - Save	1685816730579	1685816734879	OK	 
USER	MySql - Load Scenario	END	1685816734880
USER	MySql - Save Scenario	END	1685816734881
REQUEST		MySql - Load	1685816731183	1685816735050	KO	status.find.in([200, 209], 304), found 500
USER	MySql - Load Scenario	END	1685816735052
REQUEST		MySql - Save	1685816727978	1685816735261	OK	 
USER	MySql - Save Scenario	END	1685816735262
REQUEST		MySql - Save	1685816731180	1685816735273	OK	 
USER	MySql - Save Scenario	END	1685816735274
REQUEST		MySql - Load	1685816731580	1685816735436	KO	status.find.in([200, 209], 304), found 500
USER	MySql - Load Scenario	END	1685816735437
REQUEST		MySql - Load	1685816731379	1685816735444	KO	status.find.in([200, 209], 304), found 500
USER	MySql - Load Scenario	END	1685816735445
REQUEST		MySql - Save	1685816731579	1685816735696	OK	 
USER	MySql - Save Scenario	END	1685816735697
REQUEST		MySql - Load	1685816731781	1685816735699	OK	 
USER	MySql - Load Scenario	END	1685816735699
REQUEST		MySql - Load	1685816731981	1685816735700	OK	 
USER	MySql - Load Scenario	END	1685816735700
REQUEST		MySql - Save	1685816731779	1685816735701	OK	 
USER	MySql - Save Scenario	END	1685816735702
REQUEST		MySql - Save	1685816728980	1685816735863	OK	 
USER	MySql - Save Scenario	END	1685816735864
REQUEST		MySql - Load	1685816732180	1685816735940	KO	status.find.in([200, 209], 304), found 500
USER	MySql - Load Scenario	END	1685816735941
REQUEST		MySql - Save	1685816729378	1685816735942	OK	 
USER	MySql - Save Scenario	END	1685816735943
REQUEST		MySql - Save	1685816732179	1685816736013	OK	 
USER	MySql - Save Scenario	END	1685816736013
REQUEST		MySql - Save	1685816731979	1685816736238	OK	 
USER	MySql - Save Scenario	END	1685816736238
REQUEST		MySql - Save	1685816730982	1685816736300	OK	 
USER	MySql - Save Scenario	END	1685816736300
REQUEST		MySql - Save	1685816729980	1685816736403	OK	 
USER	MySql - Save Scenario	END	1685816736404
REQUEST		MySql - Save	1685816730779	1685816736506	OK	 
USER	MySql - Save Scenario	END	1685816736507
REQUEST		MySql - Save	1685816731382	1685816736554	OK	 
USER	MySql - Save Scenario	END	1685816736554
