RUN	gatling.LoadSpec	loadspec	1685561935559	 	3.9.5
USER	MongoDB - Load Scenario	START	1685561936790
USER	MongoDB - Save Scenario	START	1685561936796
USER	MySql - Save Scenario	START	1685561936807
USER	MySql - Load Scenario	START	1685561936814
USER	MongoDB - Load Scenario	START	1685561936940
USER	MySql - Save Scenario	START	1685561936942
USER	MongoDB - Save Scenario	START	1685561936940
USER	MySql - Load Scenario	START	1685561936939
USER	MySql - Load Scenario	START	1685561937140
USER	MongoDB - Save Scenario	START	1685561937140
USER	MongoDB - Load Scenario	START	1685561937139
USER	MySql - Save Scenario	START	1685561937147
USER	MongoDB - Load Scenario	START	1685561937339
USER	MySql - Load Scenario	START	1685561937339
USER	MongoDB - Save Scenario	START	1685561937341
USER	MySql - Save Scenario	START	1685561937350
USER	MongoDB - Load Scenario	START	1685561937539
USER	MongoDB - Save Scenario	START	1685561937539
USER	MySql - Load Scenario	START	1685561937543
USER	MySql - Save Scenario	START	1685561937553
USER	MySql - Load Scenario	START	1685561937739
USER	MongoDB - Save Scenario	START	1685561937741
USER	MongoDB - Load Scenario	START	1685561937742
USER	MySql - Save Scenario	START	1685561937753
USER	MySql - Load Scenario	START	1685561937939
USER	MongoDB - Save Scenario	START	1685561937940
USER	MongoDB - Load Scenario	START	1685561937942
USER	MySql - Save Scenario	START	1685561937953
USER	MySql - Load Scenario	START	1685561938140
USER	MongoDB - Save Scenario	START	1685561938141
USER	MongoDB - Load Scenario	START	1685561938142
USER	MySql - Save Scenario	START	1685561938153
USER	MySql - Load Scenario	START	1685561938339
USER	MongoDB - Load Scenario	START	1685561938342
USER	MongoDB - Save Scenario	START	1685561938343
USER	MySql - Save Scenario	START	1685561938353
USER	MySql - Load Scenario	START	1685561938539
USER	MongoDB - Save Scenario	START	1685561938542
USER	MongoDB - Load Scenario	START	1685561938543
USER	MySql - Save Scenario	START	1685561938553
USER	MySql - Load Scenario	START	1685561938740
USER	MongoDB - Save Scenario	START	1685561938744
USER	MongoDB - Load Scenario	START	1685561938744
USER	MySql - Save Scenario	START	1685561938753
USER	MongoDB - Save Scenario	START	1685561938939
USER	MySql - Save Scenario	START	1685561938942
USER	MongoDB - Load Scenario	START	1685561938943
USER	MySql - Load Scenario	START	1685561938944
USER	MySql - Save Scenario	START	1685561939140
USER	MongoDB - Load Scenario	START	1685561939141
USER	MySql - Load Scenario	START	1685561939142
USER	MongoDB - Save Scenario	START	1685561939139
REQUEST		MongoDB - Save	1685561937140	1685561939317	OK	 
REQUEST		MongoDB - Save	1685561937340	1685561939319	OK	 
USER	MongoDB - Save Scenario	END	1685561939328
USER	MongoDB - Save Scenario	END	1685561939328
REQUEST		MongoDB - Load	1685561937539	1685561939329	OK	 
USER	MongoDB - Load Scenario	END	1685561939330
REQUEST		MongoDB - Load	1685561937339	1685561939332	KO	status.find.in([200, 209], 304), found 500
USER	MongoDB - Load Scenario	END	1685561939337
REQUEST		MongoDB - Save	1685561937539	1685561939275	OK	 
USER	MySql - Load Scenario	START	1685561939339
USER	MongoDB - Load Scenario	START	1685561939340
USER	MongoDB - Save Scenario	START	1685561939348
USER	MongoDB - Save Scenario	END	1685561939349
USER	MySql - Save Scenario	START	1685561939355
REQUEST		MongoDB - Load	1685561937742	1685561939358	OK	 
USER	MongoDB - Load Scenario	END	1685561939360
REQUEST		MongoDB - Save	1685561937940	1685561939471	OK	 
USER	MongoDB - Save Scenario	END	1685561939473
REQUEST		MongoDB - Load	1685561936940	1685561939525	KO	status.find.in([200, 209], 304), found 500
USER	MongoDB - Load Scenario	END	1685561939527
REQUEST		MongoDB - Save	1685561936796	1685561939529	OK	 
USER	MongoDB - Save Scenario	END	1685561939530
REQUEST		MongoDB - Load	1685561936789	1685561939532	KO	status.find.in([200, 209], 304), found 500
REQUEST		MongoDB - Save	1685561937740	1685561939533	OK	 
REQUEST		MongoDB - Save	1685561936940	1685561939535	OK	 
USER	MongoDB - Save Scenario	END	1685561939537
USER	MongoDB - Load Scenario	END	1685561939537
REQUEST		MongoDB - Load	1685561937139	1685561939538	KO	status.find.in([200, 209], 304), found 500
USER	MySql - Load Scenario	START	1685561939539
USER	MongoDB - Save Scenario	END	1685561939540
USER	MongoDB - Load Scenario	START	1685561939542
USER	MongoDB - Load Scenario	END	1685561939544
USER	MySql - Save Scenario	START	1685561939545
USER	MongoDB - Save Scenario	START	1685561939550
REQUEST		MongoDB - Load	1685561937942	1685561939556	OK	 
USER	MongoDB - Load Scenario	END	1685561939557
REQUEST		MongoDB - Save	1685561938141	1685561939633	OK	 
USER	MongoDB - Save Scenario	END	1685561939635
USER	MySql - Save Scenario	START	1685561939740
USER	MySql - Load Scenario	START	1685561939741
USER	MongoDB - Load Scenario	START	1685561939743
USER	MongoDB - Save Scenario	START	1685561939753
REQUEST		MongoDB - Load	1685561938142	1685561939806	OK	 
USER	MongoDB - Load Scenario	END	1685561939807
REQUEST		MongoDB - Load	1685561938342	1685561939857	OK	 
USER	MongoDB - Load Scenario	END	1685561939858
REQUEST		MongoDB - Save	1685561938541	1685561939888	OK	 
USER	MongoDB - Save Scenario	END	1685561939889
REQUEST		MongoDB - Save	1685561938342	1685561939920	OK	 
USER	MongoDB - Save Scenario	END	1685561939921
USER	MongoDB - Load Scenario	START	1685561939939
USER	MongoDB - Save Scenario	START	1685561939939
USER	MySql - Load Scenario	START	1685561939940
USER	MySql - Save Scenario	START	1685561939940
REQUEST		MongoDB - Load	1685561938542	1685561939960	OK	 
USER	MongoDB - Load Scenario	END	1685561939960
REQUEST		MongoDB - Save	1685561938743	1685561939973	OK	 
USER	MongoDB - Save Scenario	END	1685561939974
REQUEST		MongoDB - Load	1685561938743	1685561940009	OK	 
USER	MongoDB - Load Scenario	END	1685561940010
REQUEST		MongoDB - Save	1685561938939	1685561940089	OK	 
USER	MongoDB - Save Scenario	END	1685561940090
REQUEST		MongoDB - Save	1685561939139	1685561940119	OK	 
USER	MongoDB - Save Scenario	END	1685561940120
USER	MongoDB - Save Scenario	START	1685561940139
USER	MySql - Save Scenario	START	1685561940139
USER	MongoDB - Load Scenario	START	1685561940141
USER	MySql - Load Scenario	START	1685561940141
REQUEST		MongoDB - Load	1685561938942	1685561940154	OK	 
USER	MongoDB - Load Scenario	END	1685561940155
REQUEST		MongoDB - Load	1685561939141	1685561940156	OK	 
USER	MongoDB - Load Scenario	END	1685561940156
REQUEST		MongoDB - Load	1685561939340	1685561940163	OK	 
USER	MongoDB - Load Scenario	END	1685561940164
REQUEST		MongoDB - Save	1685561939338	1685561940219	OK	 
USER	MongoDB - Save Scenario	END	1685561940219
REQUEST		MongoDB - Load	1685561939542	1685561940259	OK	 
USER	MongoDB - Load Scenario	END	1685561940260
REQUEST		MongoDB - Save	1685561939550	1685561940288	OK	 
USER	MongoDB - Save Scenario	END	1685561940289
REQUEST		MongoDB - Load	1685561939743	1685561940330	OK	 
USER	MongoDB - Load Scenario	END	1685561940331
USER	MongoDB - Save Scenario	START	1685561940339
USER	MySql - Load Scenario	START	1685561940339
USER	MySql - Save Scenario	START	1685561940340
USER	MongoDB - Load Scenario	START	1685561940341
REQUEST		MongoDB - Save	1685561939752	1685561940382	OK	 
USER	MongoDB - Save Scenario	END	1685561940383
REQUEST		MongoDB - Save	1685561939938	1685561940398	OK	 
USER	MongoDB - Save Scenario	END	1685561940399
REQUEST		MongoDB - Load	1685561939938	1685561940438	OK	 
USER	MongoDB - Load Scenario	END	1685561940439
REQUEST		MongoDB - Save	1685561940138	1685561940461	OK	 
USER	MongoDB - Save Scenario	END	1685561940461
REQUEST		MongoDB - Load	1685561940140	1685561940482	OK	 
USER	MongoDB - Load Scenario	END	1685561940483
REQUEST		MongoDB - Save	1685561940338	1685561940512	OK	 
USER	MongoDB - Save Scenario	END	1685561940514
REQUEST		MongoDB - Load	1685561940338	1685561940521	OK	 
USER	MongoDB - Load Scenario	END	1685561940522
USER	MongoDB - Load Scenario	START	1685561940539
USER	MongoDB - Save Scenario	START	1685561940539
USER	MySql - Save Scenario	START	1685561940540
USER	MySql - Load Scenario	START	1685561940541
REQUEST		MySql - Load	1685561937339	1685561940567	KO	status.find.in([200, 209], 304), found 500
USER	MySql - Load Scenario	END	1685561940568
REQUEST		MongoDB - Save	1685561940538	1685561940579	OK	 
USER	MongoDB - Save Scenario	END	1685561940580
REQUEST		MongoDB - Load	1685561940538	1685561940593	OK	 
USER	MongoDB - Load Scenario	END	1685561940594
REQUEST		MySql - Save	1685561936942	1685561940641	OK	 
USER	MySql - Save Scenario	END	1685561940642
REQUEST		MySql - Load	1685561937139	1685561940729	KO	status.find.in([200, 209], 304), found 500
USER	MySql - Load Scenario	END	1685561940731
REQUEST		MySql - Load	1685561937539	1685561940737	KO	status.find.in([200, 209], 304), found 500
USER	MySql - Load Scenario	END	1685561940738
USER	MongoDB - Load Scenario	START	1685561940739
USER	MySql - Save Scenario	START	1685561940739
USER	MongoDB - Save Scenario	START	1685561940740
USER	MySql - Load Scenario	START	1685561940740
REQUEST		MongoDB - Load	1685561940738	1685561940780	OK	 
USER	MongoDB - Load Scenario	END	1685561940782
REQUEST		MongoDB - Save	1685561940738	1685561940801	OK	 
USER	MongoDB - Save Scenario	END	1685561940816
REQUEST		MySql - Save	1685561937147	1685561940849	OK	 
USER	MySql - Save Scenario	END	1685561940850
USER	MongoDB - Load Scenario	START	1685561940939
USER	MySql - Load Scenario	START	1685561940939
USER	MySql - Save Scenario	START	1685561940939
USER	MongoDB - Save Scenario	START	1685561940942
REQUEST		MongoDB - Load	1685561940939	1685561941010	OK	 
USER	MongoDB - Load Scenario	END	1685561941012
REQUEST		MongoDB - Save	1685561940942	1685561941020	OK	 
USER	MongoDB - Save Scenario	END	1685561941021
REQUEST		MySql - Save	1685561937752	1685561941101	OK	 
USER	MySql - Save Scenario	END	1685561941102
REQUEST		MySql - Load	1685561937739	1685561941111	KO	status.find.in([200, 209], 304), found 500
USER	MySql - Load Scenario	END	1685561941114
USER	MySql - Save Scenario	START	1685561941139
USER	MongoDB - Load Scenario	START	1685561941141
USER	MongoDB - Save Scenario	START	1685561941144
USER	MySql - Load Scenario	START	1685561941148
REQUEST		MySql - Save	1685561937349	1685561941180	OK	 
USER	MySql - Save Scenario	END	1685561941182
REQUEST		MySql - Load	1685561936938	1685561941185	KO	status.find.in([200, 209], 304), found 500
USER	MySql - Load Scenario	END	1685561941186
REQUEST		MySql - Load	1685561936789	1685561941188	KO	status.find.in([200, 209], 304), found 500
USER	MySql - Load Scenario	END	1685561941189
REQUEST		MongoDB - Load	1685561941141	1685561941211	OK	 
USER	MongoDB - Load Scenario	END	1685561941211
REQUEST		MongoDB - Save	1685561941140	1685561941222	OK	 
USER	MongoDB - Save Scenario	END	1685561941223
USER	MySql - Save Scenario	START	1685561941339
USER	MongoDB - Save Scenario	START	1685561941340
REQUEST		MySql - Load	1685561937939	1685561941340	KO	status.find.in([200, 209], 304), found 500
USER	MySql - Load Scenario	START	1685561941341
USER	MySql - Load Scenario	END	1685561941341
USER	MongoDB - Load Scenario	START	1685561941341
REQUEST		MongoDB - Load	1685561941341	1685561941378	OK	 
USER	MongoDB - Load Scenario	END	1685561941380
REQUEST		MongoDB - Save	1685561941339	1685561941387	OK	 
USER	MongoDB - Save Scenario	END	1685561941388
REQUEST		MySql - Load	1685561938139	1685561941396	KO	status.find.in([200, 209], 304), found 500
USER	MySql - Load Scenario	END	1685561941397
USER	MySql - Load Scenario	START	1685561941539
USER	MongoDB - Load Scenario	START	1685561941539
USER	MongoDB - Save Scenario	START	1685561941540
USER	MySql - Save Scenario	START	1685561941542
REQUEST		MongoDB - Load	1685561941539	1685561941582	OK	 
USER	MongoDB - Load Scenario	END	1685561941583
REQUEST		MongoDB - Save	1685561941540	1685561941590	OK	 
USER	MongoDB - Save Scenario	END	1685561941591
USER	MySql - Load Scenario	START	1685561941739
USER	MongoDB - Load Scenario	START	1685561941739
USER	MySql - Save Scenario	START	1685561941740
USER	MongoDB - Save Scenario	START	1685561941741
REQUEST		MongoDB - Load	1685561941739	1685561941790	OK	 
USER	MongoDB - Load Scenario	END	1685561941792
REQUEST		MongoDB - Save	1685561941739	1685561941812	OK	 
USER	MongoDB - Save Scenario	END	1685561941813
REQUEST		MySql - Load	1685561938539	1685561941853	KO	status.find.in([200, 209], 304), found 500
USER	MySql - Load Scenario	END	1685561941854
REQUEST		MySql - Load	1685561938339	1685561941854	KO	status.find.in([200, 209], 304), found 500
USER	MySql - Load Scenario	END	1685561941856
USER	MySql - Load Scenario	START	1685561941939
USER	MongoDB - Load Scenario	START	1685561941939
USER	MongoDB - Save Scenario	START	1685561941940
USER	MySql - Save Scenario	START	1685561941941
REQUEST		MongoDB - Load	1685561941938	1685561941979	OK	 
USER	MongoDB - Load Scenario	END	1685561941981
REQUEST		MongoDB - Save	1685561941940	1685561941983	OK	 
USER	MongoDB - Save Scenario	END	1685561941984
USER	MongoDB - Load Scenario	START	1685561942139
USER	MySql - Save Scenario	START	1685561942140
USER	MySql - Load Scenario	START	1685561942142
USER	MongoDB - Save Scenario	START	1685561942142
REQUEST		MongoDB - Load	1685561942138	1685561942162	OK	 
USER	MongoDB - Load Scenario	END	1685561942163
REQUEST		MongoDB - Save	1685561942138	1685561942177	OK	 
USER	MongoDB - Save Scenario	END	1685561942178
REQUEST		MySql - Save	1685561938352	1685561942213	OK	 
USER	MySql - Save Scenario	END	1685561942215
REQUEST		MySql - Load	1685561938739	1685561942216	KO	status.find.in([200, 209], 304), found 500
USER	MySql - Load Scenario	END	1685561942217
REQUEST		MySql - Save	1685561938753	1685561942236	OK	 
USER	MySql - Save Scenario	END	1685561942237
USER	MongoDB - Load Scenario	START	1685561942339
USER	MySql - Load Scenario	START	1685561942339
USER	MongoDB - Save Scenario	START	1685561942339
USER	MySql - Save Scenario	START	1685561942340
REQUEST		MongoDB - Save	1685561942339	1685561942370	OK	 
USER	MongoDB - Save Scenario	END	1685561942371
REQUEST		MongoDB - Load	1685561942339	1685561942390	OK	 
USER	MongoDB - Load Scenario	END	1685561942391
REQUEST		MySql - Load	1685561938943	1685561942428	KO	status.find.in([200, 209], 304), found 500
USER	MySql - Load Scenario	END	1685561942429
USER	MongoDB - Load Scenario	START	1685561942539
USER	MongoDB - Save Scenario	START	1685561942539
USER	MySql - Save Scenario	START	1685561942540
USER	MySql - Load Scenario	START	1685561942540
REQUEST		MongoDB - Save	1685561942538	1685561942566	OK	 
USER	MongoDB - Save Scenario	END	1685561942567
REQUEST		MongoDB - Load	1685561942538	1685561942575	OK	 
USER	MongoDB - Load Scenario	END	1685561942577
REQUEST		MySql - Load	1685561939142	1685561942636	KO	status.find.in([200, 209], 304), found 500
USER	MySql - Load Scenario	END	1685561942638
USER	MySql - Load Scenario	START	1685561942739
USER	MongoDB - Load Scenario	START	1685561942739
USER	MySql - Save Scenario	START	1685561942740
USER	MongoDB - Save Scenario	START	1685561942742
REQUEST		MongoDB - Load	1685561942738	1685561942767	OK	 
USER	MongoDB - Load Scenario	END	1685561942768
REQUEST		MongoDB - Save	1685561942741	1685561942768	OK	 
USER	MongoDB - Save Scenario	END	1685561942769
REQUEST		MySql - Load	1685561939339	1685561942788	KO	status.find.in([200, 209], 304), found 500
USER	MySql - Load Scenario	END	1685561942789
USER	MongoDB - Load Scenario	START	1685561942939
USER	MySql - Load Scenario	START	1685561942940
USER	MySql - Save Scenario	START	1685561942942
USER	MongoDB - Save Scenario	START	1685561942945
REQUEST		MySql - Load	1685561939741	1685561942956	KO	status.find.in([200, 209], 304), found 500
USER	MySql - Load Scenario	END	1685561942957
REQUEST		MongoDB - Load	1685561942939	1685561942970	OK	 
USER	MongoDB - Load Scenario	END	1685561942971
REQUEST		MongoDB - Save	1685561942944	1685561942990	OK	 
USER	MongoDB - Save Scenario	END	1685561942990
REQUEST		MySql - Save	1685561939140	1685561943031	OK	 
USER	MySql - Save Scenario	END	1685561943032
REQUEST		MySql - Save	1685561938552	1685561943035	OK	 
USER	MySql - Save Scenario	END	1685561943036
REQUEST		MySql - Save	1685561939545	1685561943119	OK	 
USER	MySql - Save Scenario	END	1685561943119
REQUEST		MySql - Load	1685561939539	1685561943126	KO	status.find.in([200, 209], 304), found 500
USER	MySql - Load Scenario	END	1685561943127
USER	MySql - Load Scenario	START	1685561943139
USER	MySql - Save Scenario	START	1685561943139
USER	MongoDB - Save Scenario	START	1685561943140
USER	MongoDB - Load Scenario	START	1685561943141
REQUEST		MongoDB - Save	1685561943140	1685561943174	OK	 
USER	MongoDB - Save Scenario	END	1685561943175
REQUEST		MongoDB - Load	1685561943141	1685561943178	OK	 
USER	MongoDB - Load Scenario	END	1685561943179
REQUEST		MySql - Load	1685561939939	1685561943306	KO	status.find.in([200, 209], 304), found 500
USER	MySql - Load Scenario	END	1685561943308
USER	MySql - Save Scenario	START	1685561943339
USER	MySql - Load Scenario	START	1685561943339
USER	MongoDB - Save Scenario	START	1685561943340
USER	MongoDB - Load Scenario	START	1685561943342
REQUEST		MongoDB - Save	1685561943340	1685561943370	OK	 
USER	MongoDB - Save Scenario	END	1685561943371
REQUEST		MongoDB - Load	1685561943341	1685561943396	OK	 
USER	MongoDB - Load Scenario	END	1685561943396
REQUEST		MySql - Save	1685561938152	1685561943514	OK	 
USER	MySql - Save Scenario	END	1685561943515
USER	MySql - Save Scenario	START	1685561943539
USER	MongoDB - Load Scenario	START	1685561943539
USER	MySql - Load Scenario	START	1685561943540
USER	MongoDB - Save Scenario	START	1685561943541
REQUEST		MongoDB - Load	1685561943539	1685561943571	OK	 
USER	MongoDB - Load Scenario	END	1685561943572
REQUEST		MongoDB - Save	1685561943541	1685561943584	OK	 
USER	MongoDB - Save Scenario	END	1685561943584
USER	MongoDB - Save Scenario	START	1685561943739
USER	MySql - Save Scenario	START	1685561943739
USER	MongoDB - Load Scenario	START	1685561943740
USER	MySql - Load Scenario	START	1685561943741
REQUEST		MongoDB - Save	1685561943739	1685561943802	OK	 
USER	MongoDB - Save Scenario	END	1685561943803
REQUEST		MongoDB - Load	1685561943740	1685561943803	OK	 
USER	MongoDB - Load Scenario	END	1685561943803
USER	MongoDB - Save Scenario	START	1685561943940
USER	MySql - Save Scenario	START	1685561943939
USER	MongoDB - Load Scenario	START	1685561943942
USER	MySql - Load Scenario	START	1685561943945
REQUEST		MongoDB - Load	1685561943941	1685561943990	OK	 
USER	MongoDB - Load Scenario	END	1685561943991
REQUEST		MongoDB - Save	1685561943940	1685561943996	OK	 
USER	MongoDB - Save Scenario	END	1685561943997
REQUEST		MySql - Load	1685561940339	1685561944111	KO	status.find.in([200, 209], 304), found 500
USER	MySql - Load Scenario	END	1685561944112
REQUEST		MySql - Load	1685561940140	1685561944116	KO	status.find.in([200, 209], 304), found 500
USER	MySql - Load Scenario	END	1685561944117
USER	MySql - Load Scenario	START	1685561944139
USER	MongoDB - Load Scenario	START	1685561944140
USER	MySql - Save Scenario	START	1685561944141
USER	MongoDB - Save Scenario	START	1685561944145
REQUEST		MongoDB - Load	1685561944140	1685561944178	OK	 
USER	MongoDB - Load Scenario	END	1685561944179
REQUEST		MongoDB - Save	1685561944145	1685561944211	OK	 
USER	MongoDB - Save Scenario	END	1685561944212
USER	MySql - Save Scenario	START	1685561944339
USER	MongoDB - Load Scenario	START	1685561944340
USER	MongoDB - Save Scenario	START	1685561944341
USER	MySql - Load Scenario	START	1685561944343
REQUEST		MongoDB - Load	1685561944340	1685561944377	OK	 
USER	MongoDB - Load Scenario	END	1685561944378
REQUEST		MongoDB - Save	1685561944341	1685561944379	OK	 
USER	MongoDB - Save Scenario	END	1685561944380
REQUEST		MySql - Save	1685561940139	1685561944399	OK	 
USER	MySql - Save Scenario	END	1685561944400
USER	MySql - Save Scenario	START	1685561944539
USER	MongoDB - Load Scenario	START	1685561944540
USER	MySql - Load Scenario	START	1685561944541
USER	MongoDB - Save Scenario	START	1685561944542
REQUEST		MySql - Load	1685561940541	1685561944584	KO	status.find.in([200, 209], 304), found 500
USER	MySql - Load Scenario	END	1685561944584
REQUEST		MongoDB - Load	1685561944540	1685561944586	OK	 
USER	MongoDB - Load Scenario	END	1685561944587
REQUEST		MongoDB - Save	1685561944541	1685561944587	OK	 
USER	MongoDB - Save Scenario	END	1685561944587
USER	MongoDB - Save Scenario	START	1685561944739
USER	MongoDB - Load Scenario	START	1685561944739
USER	MySql - Save Scenario	START	1685561944740
USER	MySql - Load Scenario	START	1685561944741
REQUEST		MongoDB - Load	1685561944739	1685561944782	OK	 
REQUEST		MongoDB - Save	1685561944739	1685561944782	OK	 
USER	MongoDB - Save Scenario	END	1685561944783
USER	MongoDB - Load Scenario	END	1685561944783
REQUEST		MySql - Load	1685561940740	1685561944874	KO	status.find.in([200, 209], 304), found 500
REQUEST		MySql - Load	1685561940938	1685561944875	KO	status.find.in([200, 209], 304), found 500
USER	MySql - Load Scenario	END	1685561944876
USER	MySql - Load Scenario	END	1685561944876
REQUEST		MySql - Save	1685561938941	1685561944876	OK	 
USER	MySql - Save Scenario	END	1685561944877
USER	MySql - Load Scenario	START	1685561944939
USER	MongoDB - Save Scenario	START	1685561944939
USER	MongoDB - Load Scenario	START	1685561944940
USER	MySql - Save Scenario	START	1685561944941
REQUEST		MongoDB - Save	1685561944938	1685561944975	OK	 
USER	MongoDB - Save Scenario	END	1685561944975
REQUEST		MongoDB - Load	1685561944939	1685561944990	OK	 
USER	MongoDB - Load Scenario	END	1685561944991
USER	MySql - Save Scenario	START	1685561945139
USER	MySql - Load Scenario	START	1685561945139
USER	MongoDB - Load Scenario	START	1685561945140
USER	MongoDB - Save Scenario	START	1685561945141
REQUEST		MySql - Save	1685561940540	1685561945172	OK	 
USER	MySql - Save Scenario	END	1685561945173
REQUEST		MySql - Save	1685561939939	1685561945179	OK	 
USER	MySql - Save Scenario	END	1685561945180
REQUEST		MongoDB - Save	1685561945141	1685561945211	OK	 
USER	MongoDB - Save Scenario	END	1685561945212
REQUEST		MongoDB - Load	1685561945140	1685561945212	OK	 
USER	MongoDB - Load Scenario	END	1685561945213
USER	MongoDB - Save Scenario	START	1685561945339
USER	MongoDB - Load Scenario	START	1685561945339
USER	MySql - Save Scenario	START	1685561945340
USER	MySql - Load Scenario	START	1685561945340
REQUEST		MongoDB - Save	1685561945338	1685561945381	OK	 
USER	MongoDB - Save Scenario	END	1685561945381
REQUEST		MongoDB - Load	1685561945339	1685561945385	OK	 
USER	MongoDB - Load Scenario	END	1685561945386
USER	MongoDB - Load Scenario	START	1685561945539
USER	MySql - Save Scenario	START	1685561945539
USER	MongoDB - Save Scenario	START	1685561945540
USER	MySql - Load Scenario	START	1685561945541
REQUEST		MongoDB - Load	1685561945539	1685561945571	OK	 
USER	MongoDB - Load Scenario	END	1685561945571
REQUEST		MongoDB - Save	1685561945540	1685561945580	OK	 
USER	MongoDB - Save Scenario	END	1685561945581
REQUEST		MySql - Load	1685561941539	1685561945683	KO	status.find.in([200, 209], 304), found 500
USER	MySql - Load Scenario	END	1685561945684
USER	MySql - Save Scenario	START	1685561945739
USER	MongoDB - Save Scenario	START	1685561945739
USER	MySql - Load Scenario	START	1685561945740
USER	MongoDB - Load Scenario	START	1685561945741
REQUEST		MongoDB - Save	1685561945738	1685561945787	OK	 
USER	MongoDB - Save Scenario	END	1685561945787
REQUEST		MongoDB - Load	1685561945741	1685561945806	OK	 
USER	MongoDB - Load Scenario	END	1685561945806
REQUEST		MySql - Load	1685561941148	1685561945826	KO	status.find.in([200, 209], 304), found 500
REQUEST		MySql - Load	1685561941339	1685561945826	KO	status.find.in([200, 209], 304), found 500
USER	MySql - Load Scenario	END	1685561945827
USER	MySql - Load Scenario	END	1685561945827
REQUEST		MySql - Save	1685561941338	1685561945908	OK	 
USER	MySql - Save Scenario	END	1685561945909
USER	MongoDB - Save Scenario	START	1685561945939
USER	MySql - Save Scenario	START	1685561945939
USER	MySql - Load Scenario	START	1685561945940
USER	MongoDB - Load Scenario	START	1685561945941
REQUEST		MongoDB - Save	1685561945938	1685561945994	OK	 
USER	MongoDB - Save Scenario	END	1685561945995
REQUEST		MongoDB - Load	1685561945941	1685561946014	OK	 
USER	MongoDB - Load Scenario	END	1685561946014
USER	MySql - Load Scenario	START	1685561946139
USER	MySql - Save Scenario	START	1685561946139
USER	MongoDB - Load Scenario	START	1685561946140
USER	MongoDB - Save Scenario	START	1685561946142
REQUEST		MongoDB - Load	1685561946140	1685561946160	OK	 
USER	MongoDB - Load Scenario	END	1685561946161
REQUEST		MongoDB - Save	1685561946142	1685561946172	OK	 
USER	MongoDB - Save Scenario	END	1685561946173
USER	MySql - Save Scenario	START	1685561946339
USER	MongoDB - Load Scenario	START	1685561946340
USER	MySql - Load Scenario	START	1685561946339
USER	MongoDB - Save Scenario	START	1685561946341
REQUEST		MongoDB - Load	1685561946339	1685561946385	OK	 
USER	MongoDB - Load Scenario	END	1685561946386
REQUEST		MongoDB - Save	1685561946341	1685561946398	OK	 
USER	MongoDB - Save Scenario	END	1685561946399
USER	MongoDB - Load Scenario	START	1685561946539
USER	MySql - Save Scenario	START	1685561946539
USER	MySql - Load Scenario	START	1685561946540
USER	MongoDB - Save Scenario	START	1685561946541
REQUEST		MySql - Save	1685561940739	1685561946547	OK	 
USER	MySql - Save Scenario	END	1685561946547
REQUEST		MySql - Load	1685561941739	1685561946547	KO	status.find.in([200, 209], 304), found 500
USER	MySql - Load Scenario	END	1685561946548
REQUEST		MongoDB - Save	1685561946540	1685561946571	OK	 
USER	MongoDB - Save Scenario	END	1685561946572
REQUEST		MongoDB - Load	1685561946539	1685561946576	OK	 
USER	MongoDB - Load Scenario	END	1685561946576
REQUEST		MySql - Save	1685561941539	1685561946633	OK	 
USER	MySql - Save Scenario	END	1685561946633
REQUEST		MySql - Load	1685561941938	1685561946713	KO	status.find.in([200, 209], 304), found 500
USER	MySql - Load Scenario	END	1685561946714
USER	MongoDB - Load Scenario	START	1685561946739
USER	MySql - Save Scenario	START	1685561946739
USER	MySql - Load Scenario	START	1685561946740
USER	MongoDB - Save Scenario	START	1685561946741
REQUEST		MongoDB - Load	1685561946739	1685561946777	OK	 
USER	MongoDB - Load Scenario	END	1685561946777
REQUEST		MongoDB - Save	1685561946740	1685561946778	OK	 
USER	MongoDB - Save Scenario	END	1685561946779
USER	MySql - Load Scenario	START	1685561946939
USER	MongoDB - Save Scenario	START	1685561946939
USER	MongoDB - Load Scenario	START	1685561946940
USER	MySql - Save Scenario	START	1685561946941
REQUEST		MongoDB - Save	1685561946939	1685561946981	OK	 
USER	MongoDB - Save Scenario	END	1685561946982
REQUEST		MongoDB - Load	1685561946939	1685561946995	OK	 
USER	MongoDB - Load Scenario	END	1685561946996
USER	MongoDB - Load Scenario	START	1685561947139
USER	MySql - Save Scenario	START	1685561947139
USER	MongoDB - Save Scenario	START	1685561947140
USER	MySql - Load Scenario	START	1685561947140
REQUEST		MongoDB - Load	1685561947138	1685561947177	OK	 
USER	MongoDB - Load Scenario	END	1685561947178
REQUEST		MongoDB - Save	1685561947140	1685561947183	OK	 
USER	MongoDB - Save Scenario	END	1685561947183
REQUEST		MySql - Load	1685561942338	1685561947285	KO	status.find.in([200, 209], 304), found 500
USER	MySql - Load Scenario	END	1685561947285
REQUEST		MySql - Load	1685561942141	1685561947286	KO	status.find.in([200, 209], 304), found 500
REQUEST		MySql - Save	1685561936791	1685561947286	OK	 
USER	MySql - Save Scenario	END	1685561947287
USER	MySql - Load Scenario	END	1685561947287
USER	MongoDB - Load Scenario	START	1685561947339
USER	MySql - Save Scenario	START	1685561947339
USER	MySql - Load Scenario	START	1685561947339
USER	MongoDB - Save Scenario	START	1685561947340
REQUEST		MongoDB - Save	1685561947340	1685561947385	OK	 
USER	MongoDB - Save Scenario	END	1685561947386
REQUEST		MongoDB - Load	1685561947338	1685561947387	OK	 
USER	MongoDB - Load Scenario	END	1685561947387
USER	MySql - Load Scenario	START	1685561947539
USER	MongoDB - Save Scenario	START	1685561947539
USER	MongoDB - Load Scenario	START	1685561947540
USER	MySql - Save Scenario	START	1685561947539
REQUEST		MongoDB - Load	1685561947539	1685561947579	OK	 
USER	MongoDB - Load Scenario	END	1685561947579
REQUEST		MongoDB - Save	1685561947539	1685561947590	OK	 
USER	MongoDB - Save Scenario	END	1685561947591
REQUEST		MySql - Load	1685561942540	1685561947638	KO	status.find.in([200, 209], 304), found 500
USER	MySql - Load Scenario	END	1685561947639
REQUEST		MySql - Save	1685561941138	1685561947646	OK	 
USER	MySql - Save Scenario	END	1685561947646
REQUEST		MySql - Load	1685561942738	1685561947648	KO	status.find.in([200, 209], 304), found 500
USER	MySql - Load Scenario	END	1685561947650
REQUEST		MySql - Save	1685561940340	1685561947651	OK	 
USER	MySql - Save Scenario	END	1685561947652
REQUEST		MySql - Save	1685561942539	1685561947657	OK	 
USER	MySql - Save Scenario	END	1685561947657
USER	MySql - Save Scenario	START	1685561947739
USER	MongoDB - Save Scenario	START	1685561947740
USER	MySql - Load Scenario	START	1685561947742
USER	MongoDB - Load Scenario	START	1685561947744
REQUEST		MongoDB - Save	1685561947740	1685561947782	OK	 
USER	MongoDB - Save Scenario	END	1685561947783
REQUEST		MongoDB - Load	1685561947743	1685561947796	OK	 
USER	MongoDB - Load Scenario	END	1685561947796
REQUEST		MySql - Save	1685561937552	1685561947797	OK	 
USER	MySql - Save Scenario	END	1685561947798
USER	MySql - Load Scenario	START	1685561947939
USER	MySql - Save Scenario	START	1685561947940
USER	MongoDB - Load Scenario	START	1685561947941
USER	MongoDB - Save Scenario	START	1685561947941
REQUEST		MongoDB - Load	1685561947940	1685561947994	OK	 
USER	MongoDB - Load Scenario	END	1685561947995
REQUEST		MongoDB - Save	1685561947941	1685561948002	OK	 
USER	MongoDB - Save Scenario	END	1685561948003
USER	MySql - Load Scenario	START	1685561948139
USER	MySql - Save Scenario	START	1685561948139
USER	MongoDB - Load Scenario	START	1685561948140
USER	MongoDB - Save Scenario	START	1685561948142
REQUEST		MongoDB - Load	1685561948140	1685561948181	OK	 
USER	MongoDB - Load Scenario	END	1685561948182
REQUEST		MongoDB - Save	1685561948142	1685561948182	OK	 
USER	MongoDB - Save Scenario	END	1685561948183
REQUEST		MySql - Save	1685561942740	1685561948270	OK	 
REQUEST		MySql - Load	1685561943138	1685561948270	KO	status.find.in([200, 209], 304), found 500
USER	MySql - Save Scenario	END	1685561948271
USER	MySql - Load Scenario	END	1685561948271
REQUEST		MySql - Save	1685561942340	1685561948305	OK	 
USER	MySql - Save Scenario	END	1685561948306
REQUEST		MySql - Save	1685561937952	1685561948312	OK	 
USER	MySql - Save Scenario	END	1685561948312
USER	MongoDB - Load Scenario	START	1685561948339
USER	MySql - Load Scenario	START	1685561948340
USER	MongoDB - Save Scenario	START	1685561948341
USER	MySql - Save Scenario	START	1685561948342
REQUEST		MongoDB - Save	1685561948341	1685561948372	OK	 
USER	MongoDB - Save Scenario	END	1685561948372
REQUEST		MySql - Load	1685561942940	1685561948373	KO	status.find.in([200, 209], 304), found 500
USER	MySql - Load Scenario	END	1685561948374
REQUEST		MongoDB - Load	1685561948338	1685561948376	OK	 
USER	MongoDB - Load Scenario	END	1685561948380
USER	MySql - Load Scenario	START	1685561948539
USER	MySql - Save Scenario	START	1685561948540
USER	MongoDB - Save Scenario	START	1685561948540
USER	MongoDB - Load Scenario	START	1685561948542
REQUEST		MongoDB - Save	1685561948540	1685561948577	OK	 
USER	MongoDB - Save Scenario	END	1685561948577
REQUEST		MongoDB - Load	1685561948542	1685561948582	OK	 
USER	MongoDB - Load Scenario	END	1685561948582
USER	MongoDB - Load Scenario	START	1685561948739
USER	MySql - Save Scenario	START	1685561948740
USER	MySql - Load Scenario	START	1685561948741
USER	MongoDB - Save Scenario	START	1685561948741
REQUEST		MongoDB - Save	1685561948741	1685561948772	OK	 
USER	MongoDB - Save Scenario	END	1685561948773
REQUEST		MongoDB - Load	1685561948738	1685561948790	OK	 
USER	MongoDB - Load Scenario	END	1685561948790
REQUEST		MySql - Save	1685561943138	1685561948913	OK	 
USER	MySql - Save Scenario	END	1685561948914
REQUEST		MySql - Load	1685561943339	1685561948914	KO	status.find.in([200, 209], 304), found 500
USER	MySql - Load Scenario	END	1685561948915
USER	MySql - Save Scenario	START	1685561948939
USER	MySql - Load Scenario	START	1685561948940
USER	MongoDB - Save Scenario	START	1685561948941
USER	MongoDB - Load Scenario	START	1685561948943
REQUEST		MongoDB - Save	1685561948941	1685561948984	OK	 
USER	MongoDB - Save Scenario	END	1685561948984
REQUEST		MongoDB - Load	1685561948943	1685561948985	OK	 
USER	MongoDB - Load Scenario	END	1685561948986
REQUEST		MySql - Save	1685561939739	1685561949081	OK	 
USER	MySql - Save Scenario	END	1685561949082
REQUEST		MySql - Save	1685561941740	1685561949084	OK	 
USER	MySql - Save Scenario	END	1685561949085
USER	MySql - Load Scenario	START	1685561949139
USER	MongoDB - Save Scenario	START	1685561949139
USER	MongoDB - Load Scenario	START	1685561949139
USER	MySql - Save Scenario	START	1685561949140
REQUEST		MongoDB - Load	1685561949139	1685561949174	OK	 
USER	MongoDB - Load Scenario	END	1685561949174
REQUEST		MongoDB - Save	1685561949139	1685561949179	OK	 
USER	MongoDB - Save Scenario	END	1685561949180
USER	MySql - Save Scenario	START	1685561949339
USER	MongoDB - Load Scenario	START	1685561949339
USER	MongoDB - Save Scenario	START	1685561949340
USER	MySql - Load Scenario	START	1685561949341
REQUEST		MongoDB - Load	1685561949339	1685561949375	OK	 
USER	MongoDB - Load Scenario	END	1685561949376
REQUEST		MongoDB - Save	1685561949340	1685561949388	OK	 
USER	MongoDB - Save Scenario	END	1685561949389
USER	MongoDB - Save Scenario	START	1685561949539
USER	MongoDB - Load Scenario	START	1685561949539
USER	MySql - Save Scenario	START	1685561949540
USER	MySql - Load Scenario	START	1685561949541
REQUEST		MongoDB - Load	1685561949539	1685561949573	OK	 
USER	MongoDB - Load Scenario	END	1685561949573
REQUEST		MySql - Load	1685561943741	1685561949585	OK	 
USER	MySql - Load Scenario	END	1685561949586
REQUEST		MySql - Save	1685561943739	1685561949585	OK	 
USER	MySql - Save Scenario	END	1685561949586
REQUEST		MongoDB - Save	1685561949539	1685561949596	OK	 
USER	MongoDB - Save Scenario	END	1685561949597
REQUEST		MySql - Save	1685561943538	1685561949636	OK	 
USER	MySql - Save Scenario	END	1685561949637
REQUEST		MySql - Save	1685561942941	1685561949637	OK	 
USER	MySql - Save Scenario	END	1685561949638
REQUEST		MySql - Load	1685561943944	1685561949668	OK	 
USER	MySql - Load Scenario	END	1685561949668
REQUEST		MySql - Load	1685561943540	1685561949676	OK	 
USER	MySql - Load Scenario	END	1685561949677
REQUEST		MySql - Load	1685561944139	1685561949687	OK	 
USER	MySql - Load Scenario	END	1685561949687
USER	MongoDB - Save Scenario	START	1685561949739
USER	MySql - Save Scenario	START	1685561949739
USER	MySql - Load Scenario	START	1685561949739
USER	MongoDB - Load Scenario	START	1685561949740
REQUEST		MongoDB - Load	1685561949740	1685561949776	OK	 
USER	MongoDB - Load Scenario	END	1685561949777
REQUEST		MongoDB - Save	1685561949738	1685561949779	OK	 
USER	MongoDB - Save Scenario	END	1685561949780
REQUEST		MySql - Save	1685561939354	1685561949859	OK	 
USER	MySql - Save Scenario	END	1685561949860
REQUEST		MySql - Save	1685561942140	1685561949922	OK	 
USER	MySql - Save Scenario	END	1685561949922
REQUEST		MySql - Save	1685561944539	1685561949923	OK	 
USER	MySql - Save Scenario	END	1685561949923
USER	MongoDB - Save Scenario	START	1685561949939
USER	MySql - Save Scenario	START	1685561949939
USER	MongoDB - Load Scenario	START	1685561949940
USER	MySql - Load Scenario	START	1685561949941
REQUEST		MySql - Load	1685561944343	1685561949949	KO	status.find.in([200, 209], 304), found 500
USER	MySql - Load Scenario	END	1685561949950
REQUEST		MongoDB - Save	1685561949938	1685561949974	OK	 
USER	MongoDB - Save Scenario	END	1685561949975
REQUEST		MongoDB - Load	1685561949939	1685561949990	OK	 
USER	MongoDB - Load Scenario	END	1685561949991
USER	MySql - Load Scenario	START	1685561950139
USER	MongoDB - Load Scenario	START	1685561950140
USER	MySql - Save Scenario	START	1685561950140
USER	MongoDB - Save Scenario	START	1685561950141
REQUEST		MySql - Load	1685561944540	1685561950160	KO	status.find.in([200, 209], 304), found 500
USER	MySql - Load Scenario	END	1685561950161
REQUEST		MongoDB - Load	1685561950139	1685561950170	OK	 
USER	MongoDB - Load Scenario	END	1685561950171
REQUEST		MongoDB - Save	1685561950140	1685561950200	OK	 
USER	MongoDB - Save Scenario	END	1685561950201
USER	MySql - Load Scenario	START	1685561950339
USER	MySql - Save Scenario	START	1685561950340
USER	MongoDB - Save Scenario	START	1685561950340
USER	MongoDB - Load Scenario	START	1685561950341
REQUEST		MongoDB - Load	1685561950340	1685561950391	OK	 
USER	MongoDB - Load Scenario	END	1685561950392
REQUEST		MongoDB - Save	1685561950339	1685561950399	OK	 
USER	MongoDB - Save Scenario	END	1685561950400
REQUEST		MySql - Load	1685561944938	1685561950431	KO	status.find.in([200, 209], 304), found 500
USER	MySql - Load Scenario	END	1685561950432
REQUEST		MySql - Load	1685561945138	1685561950476	KO	status.find.in([200, 209], 304), found 500
USER	MySql - Load Scenario	END	1685561950476
USER	MongoDB - Load Scenario	START	1685561950539
USER	MySql - Save Scenario	START	1685561950539
USER	MySql - Load Scenario	START	1685561950539
USER	MongoDB - Save Scenario	START	1685561950540
REQUEST		MongoDB - Load	1685561950538	1685561950573	OK	 
USER	MongoDB - Load Scenario	END	1685561950574
REQUEST		MongoDB - Save	1685561950540	1685561950595	OK	 
USER	MongoDB - Save Scenario	END	1685561950596
USER	MongoDB - Load Scenario	START	1685561950739
USER	MongoDB - Save Scenario	START	1685561950739
USER	MySql - Save Scenario	START	1685561950740
USER	MySql - Load Scenario	START	1685561950740
REQUEST		MongoDB - Load	1685561950738	1685561950785	OK	 
USER	MongoDB - Load Scenario	END	1685561950786
REQUEST		MongoDB - Save	1685561950738	1685561950794	OK	 
USER	MongoDB - Save Scenario	END	1685561950794
REQUEST		MySql - Load	1685561944740	1685561950853	KO	status.find.in([200, 209], 304), found 500
USER	MySql - Load Scenario	END	1685561950854
REQUEST		MySql - Save	1685561944941	1685561950915	OK	 
USER	MySql - Save Scenario	END	1685561950916
REQUEST		MySql - Save	1685561940938	1685561950927	OK	 
USER	MySql - Save Scenario	END	1685561950928
USER	MongoDB - Save Scenario	START	1685561950939
USER	MySql - Load Scenario	START	1685561950939
USER	MongoDB - Load Scenario	START	1685561950940
USER	MySql - Save Scenario	START	1685561950941
REQUEST		MongoDB - Save	1685561950938	1685561950979	OK	 
USER	MongoDB - Save Scenario	END	1685561950979
REQUEST		MySql - Load	1685561945340	1685561950993	KO	status.find.in([200, 209], 304), found 500
USER	MySql - Load Scenario	END	1685561950993
REQUEST		MongoDB - Load	1685561950940	1685561950998	OK	 
USER	MongoDB - Load Scenario	END	1685561950999
USER	MySql - Save Scenario	START	1685561951139
USER	MySql - Load Scenario	START	1685561951139
USER	MongoDB - Save Scenario	START	1685561951140
USER	MongoDB - Load Scenario	START	1685561951140
REQUEST		MongoDB - Save	1685561951140	1685561951168	OK	 
USER	MongoDB - Save Scenario	END	1685561951169
REQUEST		MongoDB - Load	1685561951140	1685561951176	OK	 
USER	MongoDB - Load Scenario	END	1685561951177
REQUEST		MySql - Load	1685561945538	1685561951204	KO	status.find.in([200, 209], 304), found 500
USER	MySql - Load Scenario	END	1685561951205
REQUEST		MySql - Save	1685561945138	1685561951210	OK	 
USER	MySql - Save Scenario	END	1685561951211
USER	MySql - Save Scenario	START	1685561951339
USER	MongoDB - Load Scenario	START	1685561951341
USER	MongoDB - Save Scenario	START	1685561951342
USER	MySql - Load Scenario	START	1685561951342
REQUEST		MongoDB - Load	1685561951340	1685561951387	OK	 
USER	MongoDB - Load Scenario	END	1685561951387
REQUEST		MySql - Save	1685561945338	1685561951405	OK	 
USER	MySql - Save Scenario	END	1685561951406
REQUEST		MongoDB - Save	1685561951341	1685561951409	OK	 
USER	MongoDB - Save Scenario	END	1685561951410
REQUEST		MySql - Load	1685561945740	1685561951522	KO	status.find.in([200, 209], 304), found 500
USER	MySql - Load Scenario	END	1685561951523
REQUEST		MySql - Save	1685561943939	1685561951523	OK	 
USER	MySql - Save Scenario	END	1685561951524
USER	MongoDB - Load Scenario	START	1685561951539
USER	MongoDB - Save Scenario	START	1685561951540
USER	MySql - Load Scenario	START	1685561951544
USER	MySql - Save Scenario	START	1685561951544
REQUEST		MongoDB - Load	1685561951538	1685561951578	OK	 
USER	MongoDB - Load Scenario	END	1685561951578
REQUEST		MongoDB - Save	1685561951540	1685561951599	OK	 
USER	MongoDB - Save Scenario	END	1685561951600
USER	MongoDB - Save Scenario	START	1685561951740
USER	MySql - Load Scenario	START	1685561951739
USER	MySql - Save Scenario	START	1685561951741
USER	MongoDB - Load Scenario	START	1685561951744
REQUEST		MySql - Load	1685561946339	1685561951770	KO	status.find.in([200, 209], 304), found 500
USER	MySql - Load Scenario	END	1685561951771
REQUEST		MySql - Load	1685561946139	1685561951772	KO	status.find.in([200, 209], 304), found 500
USER	MySql - Load Scenario	END	1685561951772
REQUEST		MySql - Load	1685561945940	1685561951773	KO	status.find.in([200, 209], 304), found 500
USER	MySql - Load Scenario	END	1685561951773
REQUEST		MongoDB - Load	1685561951744	1685561951774	OK	 
USER	MongoDB - Load Scenario	END	1685561951774
REQUEST		MongoDB - Save	1685561951739	1685561951778	OK	 
USER	MongoDB - Save Scenario	END	1685561951778
REQUEST		MySql - Save	1685561941941	1685561951911	OK	 
USER	MySql - Save Scenario	END	1685561951912
REQUEST		MySql - Load	1685561946539	1685561951930	KO	status.find.in([200, 209], 304), found 500
USER	MySql - Load Scenario	END	1685561951931
USER	MySql - Save Scenario	START	1685561951939
USER	MongoDB - Load Scenario	START	1685561951940
USER	MongoDB - Save Scenario	START	1685561951941
USER	MySql - Load Scenario	START	1685561951941
REQUEST		MongoDB - Load	1685561951940	1685561951997	OK	 
USER	MongoDB - Load Scenario	END	1685561951997
REQUEST		MongoDB - Save	1685561951940	1685561952005	OK	 
USER	MongoDB - Save Scenario	END	1685561952005
USER	MySql - Save Scenario	START	1685561952139
USER	MySql - Load Scenario	START	1685561952139
USER	MongoDB - Save Scenario	START	1685561952140
USER	MongoDB - Load Scenario	START	1685561952141
REQUEST		MongoDB - Save	1685561952140	1685561952175	OK	 
USER	MongoDB - Save Scenario	END	1685561952176
REQUEST		MongoDB - Load	1685561952141	1685561952178	OK	 
USER	MongoDB - Load Scenario	END	1685561952179
REQUEST		MySql - Load	1685561946740	1685561952250	KO	status.find.in([200, 209], 304), found 500
USER	MySql - Load Scenario	END	1685561952251
USER	MongoDB - Save Scenario	START	1685561952339
USER	MySql - Save Scenario	START	1685561952340
USER	MongoDB - Load Scenario	START	1685561952342
USER	MySql - Load Scenario	START	1685561952342
REQUEST		MongoDB - Save	1685561952339	1685561952380	OK	 
REQUEST		MongoDB - Load	1685561952342	1685561952380	OK	 
USER	MongoDB - Load Scenario	END	1685561952381
USER	MongoDB - Save Scenario	END	1685561952381
REQUEST		MySql - Load	1685561946938	1685561952452	KO	status.find.in([200, 209], 304), found 500
USER	MySql - Load Scenario	END	1685561952453
USER	MySql - Save Scenario	START	1685561952539
USER	MongoDB - Load Scenario	START	1685561952539
USER	MySql - Load Scenario	START	1685561952540
USER	MongoDB - Save Scenario	START	1685561952541
REQUEST		MongoDB - Load	1685561952539	1685561952573	OK	 
USER	MongoDB - Load Scenario	END	1685561952573
REQUEST		MongoDB - Save	1685561952541	1685561952579	OK	 
USER	MongoDB - Save Scenario	END	1685561952579
REQUEST		MySql - Save	1685561946339	1685561952621	OK	 
USER	MySql - Save Scenario	END	1685561952622
REQUEST		MySql - Save	1685561946539	1685561952622	OK	 
USER	MySql - Save Scenario	END	1685561952623
REQUEST		MySql - Save	1685561945938	1685561952623	OK	 
USER	MySql - Save Scenario	END	1685561952624
USER	MySql - Save Scenario	START	1685561952739
USER	MongoDB - Save Scenario	START	1685561952739
USER	MongoDB - Load Scenario	START	1685561952740
USER	MySql - Load Scenario	START	1685561952741
REQUEST		MySql - Load	1685561947140	1685561952785	KO	status.find.in([200, 209], 304), found 500
REQUEST		MongoDB - Load	1685561952740	1685561952787	OK	 
USER	MongoDB - Load Scenario	END	1685561952788
USER	MySql - Load Scenario	END	1685561952790
REQUEST		MongoDB - Save	1685561952739	1685561952791	OK	 
USER	MongoDB - Save Scenario	END	1685561952791
USER	MySql - Load Scenario	START	1685561952939
USER	MySql - Save Scenario	START	1685561952939
USER	MongoDB - Load Scenario	START	1685561952941
USER	MongoDB - Save Scenario	START	1685561952941
REQUEST		MongoDB - Save	1685561952941	1685561952977	OK	 
USER	MongoDB - Save Scenario	END	1685561952978
REQUEST		MongoDB - Load	1685561952940	1685561952978	OK	 
USER	MongoDB - Load Scenario	END	1685561952978
USER	MongoDB - Load Scenario	START	1685561953139
USER	MongoDB - Save Scenario	START	1685561953139
USER	MySql - Save Scenario	START	1685561953139
USER	MySql - Load Scenario	START	1685561953141
REQUEST		MongoDB - Save	1685561953138	1685561953168	OK	 
USER	MongoDB - Save Scenario	END	1685561953169
REQUEST		MongoDB - Load	1685561953138	1685561953170	OK	 
USER	MongoDB - Load Scenario	END	1685561953171
REQUEST		MySql - Load	1685561947339	1685561953182	KO	status.find.in([200, 209], 304), found 500
USER	MySql - Load Scenario	END	1685561953183
REQUEST		MySql - Save	1685561947138	1685561953188	OK	 
REQUEST		MySql - Load	1685561947538	1685561953188	KO	status.find.in([200, 209], 304), found 500
USER	MySql - Load Scenario	END	1685561953189
USER	MySql - Save Scenario	END	1685561953189
REQUEST		MySql - Save	1685561946739	1685561953240	OK	 
USER	MySql - Save Scenario	END	1685561953241
USER	MongoDB - Save Scenario	START	1685561953339
USER	MongoDB - Load Scenario	START	1685561953339
USER	MySql - Load Scenario	START	1685561953340
USER	MySql - Save Scenario	START	1685561953341
REQUEST		MongoDB - Save	1685561953338	1685561953364	OK	 
USER	MongoDB - Save Scenario	END	1685561953365
REQUEST		MongoDB - Load	1685561953338	1685561953377	OK	 
USER	MongoDB - Load Scenario	END	1685561953377
USER	MongoDB - Save Scenario	START	1685561953539
USER	MySql - Load Scenario	START	1685561953539
USER	MongoDB - Load Scenario	START	1685561953540
USER	MySql - Save Scenario	START	1685561953540
REQUEST		MongoDB - Save	1685561953538	1685561953577	OK	 
USER	MongoDB - Save Scenario	END	1685561953578
REQUEST		MongoDB - Load	1685561953540	1685561953580	OK	 
USER	MongoDB - Load Scenario	END	1685561953580
REQUEST		MySql - Save	1685561946139	1685561953707	OK	 
USER	MySql - Save Scenario	END	1685561953708
REQUEST		MySql - Load	1685561947741	1685561953708	KO	status.find.in([200, 209], 304), found 500
USER	MySql - Load Scenario	END	1685561953708
REQUEST		MySql - Save	1685561945538	1685561953708	OK	 
USER	MySql - Save Scenario	END	1685561953709
REQUEST		MySql - Save	1685561943339	1685561953709	OK	 
USER	MySql - Save Scenario	END	1685561953709
REQUEST		MySql - Save	1685561947338	1685561953715	OK	 
USER	MySql - Save Scenario	END	1685561953715
USER	MySql - Save Scenario	START	1685561953739
USER	MongoDB - Load Scenario	START	1685561953739
USER	MySql - Load Scenario	START	1685561953739
USER	MongoDB - Save Scenario	START	1685561953741
REQUEST		MongoDB - Load	1685561953739	1685561953779	OK	 
USER	MongoDB - Load Scenario	END	1685561953780
REQUEST		MongoDB - Save	1685561953740	1685561953781	OK	 
USER	MongoDB - Save Scenario	END	1685561953781
REQUEST		MySql - Load	1685561947938	1685561953884	KO	status.find.in([200, 209], 304), found 500
USER	MySql - Load Scenario	END	1685561953885
USER	MySql - Save Scenario	START	1685561953939
USER	MongoDB - Load Scenario	START	1685561953940
USER	MongoDB - Save Scenario	START	1685561953942
USER	MySql - Load Scenario	START	1685561953943
REQUEST		MongoDB - Load	1685561953940	1685561953971	OK	 
USER	MongoDB - Load Scenario	END	1685561953971
REQUEST		MongoDB - Save	1685561953942	1685561953978	OK	 
USER	MongoDB - Save Scenario	END	1685561953978
REQUEST		MySql - Load	1685561948340	1685561954125	KO	status.find.in([200, 209], 304), found 500
USER	MySql - Load Scenario	END	1685561954128
USER	MongoDB - Load Scenario	START	1685561954139
USER	MySql - Save Scenario	START	1685561954141
USER	MongoDB - Save Scenario	START	1685561954141
USER	MySql - Load Scenario	START	1685561954141
REQUEST		MongoDB - Load	1685561954139	1685561954195	OK	 
USER	MongoDB - Load Scenario	END	1685561954196
REQUEST		MongoDB - Save	1685561954140	1685561954200	OK	 
USER	MongoDB - Save Scenario	END	1685561954201
REQUEST		MySql - Load	1685561948138	1685561954207	KO	status.find.in([200, 209], 304), found 500
USER	MySql - Load Scenario	END	1685561954207
USER	MongoDB - Save Scenario	START	1685561954339
USER	MongoDB - Load Scenario	START	1685561954341
USER	MySql - Save Scenario	START	1685561954342
USER	MySql - Load Scenario	START	1685561954342
REQUEST		MongoDB - Save	1685561954339	1685561954375	OK	 
USER	MongoDB - Save Scenario	END	1685561954376
REQUEST		MongoDB - Load	1685561954341	1685561954376	OK	 
USER	MongoDB - Load Scenario	END	1685561954377
USER	MySql - Load Scenario	START	1685561954539
USER	MongoDB - Load Scenario	START	1685561954543
USER	MongoDB - Save Scenario	START	1685561954542
USER	MySql - Save Scenario	START	1685561954543
REQUEST		MySql - Load	1685561948538	1685561954559	KO	status.find.in([200, 209], 304), found 500
USER	MySql - Load Scenario	END	1685561954560
REQUEST		MongoDB - Load	1685561954542	1685561954576	OK	 
USER	MongoDB - Load Scenario	END	1685561954577
REQUEST		MongoDB - Save	1685561954542	1685561954593	OK	 
USER	MongoDB - Save Scenario	END	1685561954594
REQUEST		MySql - Save	1685561948139	1685561954682	OK	 
USER	MySql - Save Scenario	END	1685561954683
REQUEST		MySql - Save	1685561944141	1685561954684	OK	 
USER	MySql - Save Scenario	END	1685561954684
USER	MySql - Save Scenario	START	1685561954739
USER	MongoDB - Load Scenario	START	1685561954741
USER	MongoDB - Save Scenario	START	1685561954741
USER	MySql - Load Scenario	START	1685561954747
REQUEST		MongoDB - Save	1685561954741	1685561954775	OK	 
USER	MongoDB - Save Scenario	END	1685561954776
REQUEST		MongoDB - Load	1685561954740	1685561954780	OK	 
USER	MongoDB - Load Scenario	END	1685561954781
REQUEST		MySql - Save	1685561947940	1685561954823	OK	 
USER	MySql - Save Scenario	END	1685561954823
REQUEST		MySql - Save	1685561947538	1685561954836	OK	 
USER	MySql - Save Scenario	END	1685561954837
USER	MySql - Save Scenario	START	1685561954939
USER	MongoDB - Load Scenario	START	1685561954941
USER	MongoDB - Save Scenario	START	1685561954941
USER	MySql - Load Scenario	START	1685561954942
REQUEST		MongoDB - Load	1685561954941	1685561954975	OK	 
USER	MongoDB - Load Scenario	END	1685561954976
REQUEST		MongoDB - Save	1685561954940	1685561954986	OK	 
USER	MongoDB - Save Scenario	END	1685561954986
REQUEST		MySql - Load	1685561949138	1685561955021	KO	status.find.in([200, 209], 304), found 500
USER	MySql - Load Scenario	END	1685561955022
USER	MongoDB - Load Scenario	START	1685561955139
USER	MySql - Load Scenario	START	1685561955141
USER	MySql - Save Scenario	START	1685561955140
USER	MongoDB - Save Scenario	START	1685561955141
REQUEST		MongoDB - Load	1685561955139	1685561955190	OK	 
USER	MongoDB - Load Scenario	END	1685561955192
REQUEST		MySql - Load	1685561949340	1685561955201	KO	status.find.in([200, 209], 304), found 500
USER	MySql - Load Scenario	END	1685561955202
REQUEST		MongoDB - Save	1685561955141	1685561955203	OK	 
USER	MongoDB - Save Scenario	END	1685561955203
REQUEST		MySql - Load	1685561948740	1685561955206	KO	status.find.in([200, 209], 304), found 500
REQUEST		MySql - Save	1685561948539	1685561955206	OK	 
USER	MySql - Save Scenario	END	1685561955206
USER	MySql - Load Scenario	END	1685561955212
REQUEST		MySql - Save	1685561945738	1685561955275	OK	 
USER	MySql - Save Scenario	END	1685561955275
USER	MongoDB - Load Scenario	START	1685561955339
USER	MySql - Load Scenario	START	1685561955339
USER	MongoDB - Save Scenario	START	1685561955340
USER	MySql - Save Scenario	START	1685561955340
REQUEST		MongoDB - Load	1685561955339	1685561955364	OK	 
USER	MongoDB - Load Scenario	END	1685561955365
REQUEST		MySql - Save	1685561944739	1685561955370	OK	 
REQUEST		MySql - Save	1685561948938	1685561955371	OK	 
USER	MySql - Save Scenario	END	1685561955372
USER	MySql - Save Scenario	END	1685561955372
REQUEST		MySql - Save	1685561948342	1685561955372	OK	 
USER	MySql - Save Scenario	END	1685561955372
REQUEST		MongoDB - Save	1685561955339	1685561955396	OK	 
USER	MongoDB - Save Scenario	END	1685561955397
USER	MongoDB - Save Scenario	START	1685561955540
USER	MySql - Save Scenario	START	1685561955539
USER	MySql - Load Scenario	START	1685561955541
USER	MongoDB - Load Scenario	START	1685561955542
REQUEST		MySql - Save	1685561949140	1685561955571	OK	 
USER	MySql - Save Scenario	END	1685561955572
REQUEST		MySql - Load	1685561949540	1685561955581	KO	status.find.in([200, 209], 304), found 500
REQUEST		MySql - Load	1685561949739	1685561955581	KO	status.find.in([200, 209], 304), found 500
USER	MySql - Load Scenario	END	1685561955582
USER	MySql - Load Scenario	END	1685561955582
REQUEST		MySql - Save	1685561944339	1685561955582	OK	 
USER	MySql - Save Scenario	END	1685561955583
REQUEST		MongoDB - Save	1685561955539	1685561955594	OK	 
USER	MongoDB - Save Scenario	END	1685561955594
REQUEST		MySql - Save	1685561949339	1685561955595	OK	 
USER	MySql - Save Scenario	END	1685561955595
REQUEST		MongoDB - Load	1685561955542	1685561955596	OK	 
USER	MongoDB - Load Scenario	END	1685561955597
REQUEST		MySql - Save	1685561949738	1685561955706	OK	 
USER	MySql - Save Scenario	END	1685561955707
USER	MongoDB - Load Scenario	START	1685561955739
USER	MongoDB - Save Scenario	START	1685561955740
USER	MySql - Load Scenario	START	1685561955740
USER	MySql - Save Scenario	START	1685561955741
REQUEST		MongoDB - Save	1685561955740	1685561955785	OK	 
USER	MongoDB - Save Scenario	END	1685561955786
REQUEST		MySql - Load	1685561949941	1685561955790	KO	status.find.in([200, 209], 304), found 500
USER	MySql - Load Scenario	END	1685561955790
REQUEST		MongoDB - Load	1685561955739	1685561955796	OK	 
USER	MongoDB - Load Scenario	END	1685561955797
USER	MySql - Save Scenario	START	1685561955939
USER	MySql - Load Scenario	START	1685561955940
USER	MongoDB - Save Scenario	START	1685561955941
USER	MongoDB - Load Scenario	START	1685561955942
REQUEST		MongoDB - Load	1685561955942	1685561955975	OK	 
USER	MongoDB - Load Scenario	END	1685561955976
REQUEST		MongoDB - Save	1685561955941	1685561955976	OK	 
USER	MongoDB - Save Scenario	END	1685561955977
REQUEST		MySql - Load	1685561950138	1685561956064	KO	status.find.in([200, 209], 304), found 500
USER	MySql - Load Scenario	END	1685561956066
REQUEST		MySql - Load	1685561950338	1685561956067	KO	status.find.in([200, 209], 304), found 500
USER	MySql - Load Scenario	END	1685561956068
REQUEST		MySql - Load	1685561948940	1685561956068	KO	status.find.in([200, 209], 304), found 500
USER	MySql - Load Scenario	END	1685561956068
USER	MySql - Save Scenario	START	1685561956139
USER	MySql - Load Scenario	START	1685561956140
USER	MongoDB - Save Scenario	START	1685561956141
USER	MongoDB - Load Scenario	START	1685561956142
REQUEST		MongoDB - Save	1685561956141	1685561956158	OK	 
USER	MongoDB - Save Scenario	END	1685561956158
REQUEST		MongoDB - Load	1685561956142	1685561956196	OK	 
USER	MongoDB - Load Scenario	END	1685561956197
REQUEST		MySql - Save	1685561950139	1685561956201	OK	 
USER	MySql - Save Scenario	END	1685561956201
USER	MySql - Save Scenario	START	1685561956339
USER	MySql - Load Scenario	START	1685561956340
USER	MongoDB - Save Scenario	START	1685561956340
USER	MongoDB - Load Scenario	START	1685561956340
REQUEST		MongoDB - Save	1685561956340	1685561956373	OK	 
USER	MongoDB - Save Scenario	END	1685561956374
REQUEST		MongoDB - Load	1685561956340	1685561956383	OK	 
USER	MongoDB - Load Scenario	END	1685561956383
USER	MySql - Load Scenario	START	1685561956539
USER	MongoDB - Save Scenario	START	1685561956540
USER	MongoDB - Load Scenario	START	1685561956540
USER	MySql - Save Scenario	START	1685561956542
REQUEST		MongoDB - Load	1685561956540	1685561956576	OK	 
USER	MongoDB - Load Scenario	END	1685561956576
REQUEST		MongoDB - Save	1685561956540	1685561956577	OK	 
USER	MongoDB - Save Scenario	END	1685561956578
REQUEST		MySql - Load	1685561950938	1685561956582	KO	status.find.in([200, 209], 304), found 500
USER	MySql - Load Scenario	END	1685561956582
REQUEST		MySql - Load	1685561950538	1685561956707	KO	status.find.in([200, 209], 304), found 500
USER	MySql - Load Scenario	END	1685561956708
REQUEST		MySql - Save	1685561949939	1685561956920	OK	 
USER	MySql - Save Scenario	END	1685561956921
REQUEST		MySql - Save	1685561946938	1685561957177	OK	 
USER	MySql - Save Scenario	END	1685561957178
REQUEST		MySql - Load	1685561951138	1685561957198	KO	status.find.in([200, 209], 304), found 500
REQUEST		MySql - Save	1685561950339	1685561957199	OK	 
USER	MySql - Load Scenario	END	1685561957199
USER	MySql - Save Scenario	END	1685561957200
REQUEST		MySql - Load	1685561951342	1685561957200	KO	status.find.in([200, 209], 304), found 500
USER	MySql - Load Scenario	END	1685561957200
REQUEST		MySql - Save	1685561950941	1685561957201	OK	 
USER	MySql - Save Scenario	END	1685561957201
REQUEST		MySql - Load	1685561951543	1685561957203	OK	 
USER	MySql - Load Scenario	END	1685561957203
REQUEST		MySql - Save	1685561950740	1685561957347	OK	 
USER	MySql - Save Scenario	END	1685561957348
REQUEST		MySql - Save	1685561951338	1685561957544	OK	 
USER	MySql - Save Scenario	END	1685561957545
REQUEST		MySql - Save	1685561947738	1685561957642	OK	 
USER	MySql - Save Scenario	END	1685561957643
REQUEST		MySql - Load	1685561951738	1685561957645	KO	status.find.in([200, 209], 304), found 500
USER	MySql - Load Scenario	END	1685561957646
REQUEST		MySql - Load	1685561950740	1685561957680	OK	 
USER	MySql - Load Scenario	END	1685561957681
REQUEST		MySql - Load	1685561952139	1685561957898	KO	status.find.in([200, 209], 304), found 500
USER	MySql - Load Scenario	END	1685561957899
REQUEST		MySql - Save	1685561951138	1685561957899	OK	 
USER	MySql - Save Scenario	END	1685561957900
REQUEST		MySql - Load	1685561951941	1685561957932	KO	status.find.in([200, 209], 304), found 500
USER	MySql - Load Scenario	END	1685561957933
REQUEST		MySql - Load	1685561952339	1685561957935	KO	status.find.in([200, 209], 304), found 500
USER	MySql - Load Scenario	END	1685561957935
REQUEST		MySql - Save	1685561950539	1685561957993	OK	 
USER	MySql - Save Scenario	END	1685561957994
REQUEST		MySql - Save	1685561952539	1685561958341	OK	 
USER	MySql - Save Scenario	END	1685561958341
REQUEST		MySql - Save	1685561949540	1685561958342	OK	 
USER	MySql - Save Scenario	END	1685561958342
REQUEST		MySql - Save	1685561948740	1685561958345	OK	 
USER	MySql - Save Scenario	END	1685561958346
REQUEST		MySql - Load	1685561952938	1685561958379	KO	status.find.in([200, 209], 304), found 500
USER	MySql - Load Scenario	END	1685561958380
REQUEST		MySql - Save	1685561951939	1685561958438	OK	 
USER	MySql - Save Scenario	END	1685561958439
REQUEST		MySql - Save	1685561952739	1685561958451	OK	 
USER	MySql - Save Scenario	END	1685561958451
REQUEST		MySql - Load	1685561953340	1685561958736	KO	status.find.in([200, 209], 304), found 500
USER	MySql - Load Scenario	END	1685561958736
REQUEST		MySql - Save	1685561951544	1685561959146	OK	 
USER	MySql - Save Scenario	END	1685561959147
REQUEST		MySql - Load	1685561953538	1685561959148	KO	status.find.in([200, 209], 304), found 500
USER	MySql - Load Scenario	END	1685561959149
REQUEST		MySql - Save	1685561953540	1685561959428	OK	 
USER	MySql - Save Scenario	END	1685561959428
REQUEST		MySql - Load	1685561953141	1685561959429	KO	status.find.in([200, 209], 304), found 500
USER	MySql - Load Scenario	END	1685561959430
REQUEST		MySql - Load	1685561953939	1685561959435	KO	status.find.in([200, 209], 304), found 500
USER	MySql - Load Scenario	END	1685561959435
REQUEST		MySql - Save	1685561953739	1685561959687	OK	 
USER	MySql - Save Scenario	END	1685561959688
REQUEST		MySql - Save	1685561953939	1685561959691	OK	 
USER	MySql - Save Scenario	END	1685561959691
REQUEST		MySql - Save	1685561952340	1685561959749	OK	 
USER	MySql - Save Scenario	END	1685561959750
REQUEST		MySql - Save	1685561953341	1685561959772	OK	 
USER	MySql - Save Scenario	END	1685561959773
REQUEST		MySql - Save	1685561951741	1685561959815	OK	 
USER	MySql - Save Scenario	END	1685561959816
REQUEST		MySql - Load	1685561954742	1685561959847	KO	status.find.in([200, 209], 304), found 500
USER	MySql - Load Scenario	END	1685561959848
REQUEST		MySql - Load	1685561953738	1685561959878	KO	status.find.in([200, 209], 304), found 500
USER	MySql - Load Scenario	END	1685561959879
REQUEST		MySql - Load	1685561954942	1685561960060	KO	status.find.in([200, 209], 304), found 500
USER	MySql - Load Scenario	END	1685561960061
REQUEST		MySql - Load	1685561955140	1685561960062	KO	status.find.in([200, 209], 304), found 500
USER	MySql - Load Scenario	END	1685561960062
REQUEST		MySql - Load	1685561955339	1685561960352	KO	status.find.in([200, 209], 304), found 500
USER	MySql - Load Scenario	END	1685561960353
REQUEST		MySql - Load	1685561955740	1685561960680	KO	status.find.in([200, 209], 304), found 500
USER	MySql - Load Scenario	END	1685561960681
REQUEST		MySql - Save	1685561954739	1685561960681	OK	 
USER	MySql - Save Scenario	END	1685561960681
REQUEST		MySql - Load	1685561954342	1685561960682	KO	status.find.in([200, 209], 304), found 500
USER	MySql - Load Scenario	END	1685561960684
REQUEST		MySql - Save	1685561955340	1685561960684	OK	 
USER	MySql - Save Scenario	END	1685561960685
REQUEST		MySql - Load	1685561952741	1685561960819	KO	status.find.in([200, 209], 304), found 500
USER	MySql - Load Scenario	END	1685561960820
REQUEST		MySql - Save	1685561952139	1685561960822	OK	 
USER	MySql - Save Scenario	END	1685561960822
REQUEST		MySql - Save	1685561955140	1685561960827	OK	 
USER	MySql - Save Scenario	END	1685561960827
REQUEST		MySql - Save	1685561954939	1685561960925	OK	 
USER	MySql - Save Scenario	END	1685561960926
REQUEST		MySql - Save	1685561954140	1685561961012	OK	 
USER	MySql - Save Scenario	END	1685561961013
REQUEST		MySql - Load	1685561955939	1685561961048	KO	status.find.in([200, 209], 304), found 500
USER	MySql - Load Scenario	END	1685561961049
REQUEST		MySql - Save	1685561953139	1685561961050	OK	 
USER	MySql - Save Scenario	END	1685561961050
REQUEST		MySql - Save	1685561952939	1685561961050	OK	 
USER	MySql - Save Scenario	END	1685561961051
REQUEST		MySql - Load	1685561956139	1685561961256	KO	status.find.in([200, 209], 304), found 500
USER	MySql - Load Scenario	END	1685561961257
REQUEST		MySql - Load	1685561956539	1685561961296	KO	status.find.in([200, 209], 304), found 500
USER	MySql - Load Scenario	END	1685561961297
REQUEST		MySql - Load	1685561954539	1685561961365	KO	status.find.in([200, 209], 304), found 500
USER	MySql - Load Scenario	END	1685561961366
REQUEST		MySql - Load	1685561956339	1685561961370	KO	status.find.in([200, 209], 304), found 500
USER	MySql - Load Scenario	END	1685561961370
REQUEST		MySql - Load	1685561952540	1685561961405	KO	status.find.in([200, 209], 304), found 500
USER	MySql - Load Scenario	END	1685561961405
REQUEST		MySql - Load	1685561955541	1685561961416	KO	status.find.in([200, 209], 304), found 500
USER	MySql - Load Scenario	END	1685561961417
REQUEST		MySql - Load	1685561954141	1685561961432	KO	status.find.in([200, 209], 304), found 500
USER	MySql - Load Scenario	END	1685561961433
REQUEST		MySql - Save	1685561956542	1685561961572	OK	 
USER	MySql - Save Scenario	END	1685561961573
REQUEST		MySql - Save	1685561954540	1685561961730	OK	 
USER	MySql - Save Scenario	END	1685561961730
REQUEST		MySql - Save	1685561956339	1685561961772	OK	 
USER	MySql - Save Scenario	END	1685561961772
REQUEST		MySql - Save	1685561954341	1685561962269	OK	 
USER	MySql - Save Scenario	END	1685561962270
REQUEST		MySql - Save	1685561955939	1685561962306	OK	 
USER	MySql - Save Scenario	END	1685561962306
REQUEST		MySql - Save	1685561955539	1685561962410	OK	 
USER	MySql - Save Scenario	END	1685561962411
REQUEST		MySql - Save	1685561955740	1685561962539	OK	 
USER	MySql - Save Scenario	END	1685561962540
REQUEST		MySql - Save	1685561956139	1685561962592	OK	 
USER	MySql - Save Scenario	END	1685561962593
