RUN	gatling.LoadSpec	loadspec	1685822168437	 	3.9.5
USER	MySql - Load Scenario	START	1685822169353
USER	MongoDB - Load Scenario	START	1685822169356
USER	MySql - Save Scenario	START	1685822169360
USER	MongoDB - Save Scenario	START	1685822169361
USER	MongoDB - Save Scenario	START	1685822169512
USER	MongoDB - Load Scenario	START	1685822169513
USER	MySql - Save Scenario	START	1685822169514
USER	MySql - Load Scenario	START	1685822169515
USER	MongoDB - Save Scenario	START	1685822169712
USER	MongoDB - Load Scenario	START	1685822169713
USER	MySql - Load Scenario	START	1685822169714
USER	MySql - Save Scenario	START	1685822169719
USER	MySql - Load Scenario	START	1685822169913
USER	MongoDB - Load Scenario	START	1685822169914
USER	MongoDB - Save Scenario	START	1685822169912
USER	MySql - Save Scenario	START	1685822169928
USER	MySql - Load Scenario	START	1685822170114
USER	MongoDB - Load Scenario	START	1685822170113
USER	MongoDB - Save Scenario	START	1685822170112
USER	MySql - Save Scenario	START	1685822170128
USER	MongoDB - Save Scenario	START	1685822170312
USER	MongoDB - Load Scenario	START	1685822170313
USER	MySql - Load Scenario	START	1685822170314
USER	MySql - Save Scenario	START	1685822170329
USER	MongoDB - Save Scenario	START	1685822170512
USER	MySql - Load Scenario	START	1685822170514
USER	MongoDB - Load Scenario	START	1685822170515
USER	MySql - Save Scenario	START	1685822170529
USER	MySql - Load Scenario	START	1685822170713
USER	MongoDB - Load Scenario	START	1685822170714
USER	MongoDB - Save Scenario	START	1685822170712
USER	MySql - Save Scenario	START	1685822170729
USER	MongoDB - Save Scenario	START	1685822170912
USER	MySql - Load Scenario	START	1685822170914
USER	MongoDB - Load Scenario	START	1685822170915
USER	MySql - Save Scenario	START	1685822170929
USER	MongoDB - Save Scenario	START	1685822171112
USER	MongoDB - Load Scenario	START	1685822171113
USER	MySql - Load Scenario	START	1685822171114
USER	MySql - Save Scenario	START	1685822171129
USER	MySql - Load Scenario	START	1685822171312
USER	MongoDB - Save Scenario	START	1685822171312
USER	MongoDB - Load Scenario	START	1685822171313
USER	MySql - Save Scenario	START	1685822171329
USER	MongoDB - Save Scenario	START	1685822171512
USER	MongoDB - Load Scenario	START	1685822171512
USER	MySql - Save Scenario	START	1685822171513
USER	MySql - Load Scenario	START	1685822171513
USER	MongoDB - Save Scenario	START	1685822171712
USER	MySql - Save Scenario	START	1685822171713
USER	MySql - Load Scenario	START	1685822171713
USER	MongoDB - Load Scenario	START	1685822171714
REQUEST		MongoDB - Save	1685822169912	1685822171824	OK	 
REQUEST		MongoDB - Save	1685822169712	1685822171865	OK	 
USER	MongoDB - Save Scenario	END	1685822171867
USER	MongoDB - Save Scenario	END	1685822171868
USER	MongoDB - Load Scenario	START	1685822171912
USER	MySql - Load Scenario	START	1685822171912
USER	MongoDB - Save Scenario	START	1685822171913
USER	MySql - Save Scenario	START	1685822171914
REQUEST		MongoDB - Load	1685822170113	1685822171942	OK	 
USER	MongoDB - Load Scenario	END	1685822171943
REQUEST		MongoDB - Load	1685822169351	1685822171953	OK	 
USER	MongoDB - Load Scenario	END	1685822171954
REQUEST		MongoDB - Save	1685822170312	1685822171956	OK	 
USER	MongoDB - Save Scenario	END	1685822171957
REQUEST		MongoDB - Save	1685822170512	1685822171963	OK	 
USER	MongoDB - Save Scenario	END	1685822171964
REQUEST		MongoDB - Load	1685822169513	1685822171973	OK	 
USER	MongoDB - Load Scenario	END	1685822171974
REQUEST		MongoDB - Load	1685822170313	1685822171980	OK	 
USER	MongoDB - Load Scenario	END	1685822171981
REQUEST		MongoDB - Load	1685822170714	1685822171989	OK	 
USER	MongoDB - Load Scenario	END	1685822171990
REQUEST		MongoDB - Load	1685822170514	1685822172018	OK	 
USER	MongoDB - Load Scenario	END	1685822172019
REQUEST		MongoDB - Load	1685822169713	1685822172033	OK	 
USER	MongoDB - Load Scenario	END	1685822172034
REQUEST		MongoDB - Load	1685822169914	1685822172046	OK	 
USER	MongoDB - Load Scenario	END	1685822172047
REQUEST		MongoDB - Save	1685822170712	1685822172057	OK	 
USER	MongoDB - Save Scenario	END	1685822172058
REQUEST		MongoDB - Save	1685822169511	1685822172075	OK	 
USER	MongoDB - Save Scenario	END	1685822172076
REQUEST		MongoDB - Save	1685822170112	1685822172092	OK	 
USER	MongoDB - Save Scenario	END	1685822172093
REQUEST		MongoDB - Save	1685822169361	1685822172108	OK	 
USER	MongoDB - Save Scenario	END	1685822172109
USER	MongoDB - Save Scenario	START	1685822172112
USER	MySql - Save Scenario	START	1685822172113
USER	MySql - Load Scenario	START	1685822172114
USER	MongoDB - Load Scenario	START	1685822172114
REQUEST		MongoDB - Load	1685822170914	1685822172174	OK	 
USER	MongoDB - Load Scenario	END	1685822172175
REQUEST		MongoDB - Load	1685822171113	1685822172248	OK	 
USER	MongoDB - Load Scenario	END	1685822172249
REQUEST		MongoDB - Save	1685822170912	1685822172252	OK	 
USER	MongoDB - Save Scenario	END	1685822172253
REQUEST		MongoDB - Save	1685822171112	1685822172299	OK	 
USER	MongoDB - Save Scenario	END	1685822172300
USER	MongoDB - Save Scenario	START	1685822172312
USER	MySql - Save Scenario	START	1685822172313
USER	MySql - Load Scenario	START	1685822172314
USER	MongoDB - Load Scenario	START	1685822172315
REQUEST		MongoDB - Load	1685822171313	1685822172394	OK	 
USER	MongoDB - Load Scenario	END	1685822172396
REQUEST		MongoDB - Save	1685822171312	1685822172445	OK	 
USER	MongoDB - Save Scenario	END	1685822172446
USER	MySql - Save Scenario	START	1685822172512
USER	MySql - Load Scenario	START	1685822172513
USER	MongoDB - Save Scenario	START	1685822172514
USER	MongoDB - Load Scenario	START	1685822172516
REQUEST		MongoDB - Load	1685822171511	1685822172530	OK	 
USER	MongoDB - Load Scenario	END	1685822172531
REQUEST		MongoDB - Save	1685822171511	1685822172549	OK	 
USER	MongoDB - Save Scenario	END	1685822172550
REQUEST		MySql - Save	1685822169514	1685822172576	OK	 
USER	MySql - Save Scenario	END	1685822172577
REQUEST		MySql - Load	1685822169913	1685822172579	KO	status.find.in([200, 209], 304), found 500
USER	MySql - Load Scenario	END	1685822172582
REQUEST		MySql - Load	1685822169352	1685822172585	KO	status.find.in([200, 209], 304), found 500
REQUEST		MySql - Load	1685822169515	1685822172585	KO	status.find.in([200, 209], 304), found 500
REQUEST		MySql - Load	1685822169714	1685822172586	KO	status.find.in([200, 209], 304), found 500
USER	MySql - Load Scenario	END	1685822172587
USER	MySql - Load Scenario	END	1685822172587
USER	MySql - Load Scenario	END	1685822172588
REQUEST		MongoDB - Save	1685822171711	1685822172661	OK	 
USER	MongoDB - Save Scenario	END	1685822172662
REQUEST		MongoDB - Load	1685822171712	1685822172665	OK	 
USER	MongoDB - Load Scenario	END	1685822172666
REQUEST		MySql - Load	1685822170113	1685822172708	KO	status.find.in([200, 209], 304), found 500
USER	MySql - Load Scenario	END	1685822172709
USER	MySql - Save Scenario	START	1685822172712
USER	MongoDB - Save Scenario	START	1685822172712
USER	MySql - Load Scenario	START	1685822172713
USER	MongoDB - Load Scenario	START	1685822172714
REQUEST		MongoDB - Load	1685822171911	1685822172770	OK	 
USER	MongoDB - Load Scenario	END	1685822172772
REQUEST		MongoDB - Save	1685822171911	1685822172787	OK	 
USER	MongoDB - Save Scenario	END	1685822172788
REQUEST		MongoDB - Save	1685822172111	1685822172883	OK	 
USER	MongoDB - Save Scenario	END	1685822172884
REQUEST		MongoDB - Load	1685822172114	1685822172894	OK	 
USER	MongoDB - Load Scenario	END	1685822172895
USER	MySql - Save Scenario	START	1685822172912
USER	MySql - Load Scenario	START	1685822172912
USER	MongoDB - Save Scenario	START	1685822172913
USER	MongoDB - Load Scenario	START	1685822172914
REQUEST		MongoDB - Save	1685822172311	1685822173006	OK	 
USER	MongoDB - Save Scenario	END	1685822173007
REQUEST		MongoDB - Load	1685822172314	1685822173019	OK	 
USER	MongoDB - Load Scenario	END	1685822173020
USER	MySql - Load Scenario	START	1685822173112
USER	MongoDB - Save Scenario	START	1685822173113
USER	MongoDB - Load Scenario	START	1685822173114
USER	MySql - Save Scenario	START	1685822173117
REQUEST		MongoDB - Save	1685822172513	1685822173128	OK	 
USER	MongoDB - Save Scenario	END	1685822173129
REQUEST		MongoDB - Load	1685822172515	1685822173141	OK	 
USER	MongoDB - Load Scenario	END	1685822173142
REQUEST		MongoDB - Save	1685822172712	1685822173222	OK	 
USER	MongoDB - Save Scenario	END	1685822173223
REQUEST		MongoDB - Load	1685822172714	1685822173231	OK	 
USER	MongoDB - Load Scenario	END	1685822173232
REQUEST		MySql - Load	1685822170314	1685822173261	KO	status.find.in([200, 209], 304), found 500
USER	MySql - Load Scenario	END	1685822173262
REQUEST		MySql - Save	1685822169719	1685822173263	OK	 
USER	MySql - Save Scenario	END	1685822173264
REQUEST		MongoDB - Save	1685822172913	1685822173298	OK	 
USER	MongoDB - Save Scenario	END	1685822173299
REQUEST		MongoDB - Load	1685822172914	1685822173310	OK	 
USER	MongoDB - Load Scenario	END	1685822173310
USER	MongoDB - Load Scenario	START	1685822173313
USER	MongoDB - Save Scenario	START	1685822173314
USER	MySql - Load Scenario	START	1685822173315
USER	MySql - Save Scenario	START	1685822173316
REQUEST		MySql - Load	1685822170513	1685822173436	KO	status.find.in([200, 209], 304), found 500
USER	MySql - Load Scenario	END	1685822173438
REQUEST		MySql - Save	1685822169928	1685822173440	OK	 
USER	MySql - Save Scenario	END	1685822173440
REQUEST		MongoDB - Save	1685822173113	1685822173449	OK	 
USER	MongoDB - Save Scenario	END	1685822173450
REQUEST		MongoDB - Load	1685822173114	1685822173466	OK	 
USER	MongoDB - Load Scenario	END	1685822173467
USER	MySql - Save Scenario	START	1685822173512
USER	MongoDB - Load Scenario	START	1685822173512
USER	MongoDB - Save Scenario	START	1685822173514
USER	MySql - Load Scenario	START	1685822173514
REQUEST		MySql - Load	1685822170713	1685822173552	KO	status.find.in([200, 209], 304), found 500
USER	MySql - Load Scenario	END	1685822173553
REQUEST		MongoDB - Save	1685822173312	1685822173643	OK	 
USER	MongoDB - Save Scenario	END	1685822173644
REQUEST		MongoDB - Load	1685822173312	1685822173660	OK	 
USER	MongoDB - Load Scenario	END	1685822173661
USER	MongoDB - Save Scenario	START	1685822173712
USER	MongoDB - Load Scenario	START	1685822173713
USER	MySql - Save Scenario	START	1685822173714
USER	MySql - Load Scenario	START	1685822173715
REQUEST		MongoDB - Save	1685822173513	1685822173751	OK	 
USER	MongoDB - Save Scenario	END	1685822173752
REQUEST		MongoDB - Load	1685822173512	1685822173779	OK	 
USER	MongoDB - Load Scenario	END	1685822173780
REQUEST		MongoDB - Save	1685822173712	1685822173825	OK	 
USER	MongoDB - Save Scenario	END	1685822173826
REQUEST		MongoDB - Load	1685822173712	1685822173846	OK	 
USER	MongoDB - Load Scenario	END	1685822173847
REQUEST		MySql - Save	1685822170328	1685822173902	OK	 
USER	MySql - Save Scenario	END	1685822173903
USER	MySql - Load Scenario	START	1685822173912
USER	MongoDB - Save Scenario	START	1685822173912
USER	MongoDB - Load Scenario	START	1685822173914
USER	MySql - Save Scenario	START	1685822173915
REQUEST		MongoDB - Save	1685822173912	1685822173966	OK	 
USER	MongoDB - Save Scenario	END	1685822173966
REQUEST		MongoDB - Load	1685822173912	1685822173968	OK	 
USER	MongoDB - Load Scenario	END	1685822173968
USER	MySql - Save Scenario	START	1685822174112
USER	MongoDB - Save Scenario	START	1685822174113
USER	MySql - Load Scenario	START	1685822174113
USER	MongoDB - Load Scenario	START	1685822174115
REQUEST		MySql - Load	1685822170913	1685822174141	KO	status.find.in([200, 209], 304), found 500
USER	MySql - Load Scenario	END	1685822174142
REQUEST		MySql - Load	1685822171114	1685822174141	KO	status.find.in([200, 209], 304), found 500
USER	MySql - Load Scenario	END	1685822174143
REQUEST		MongoDB - Save	1685822174112	1685822174159	OK	 
USER	MongoDB - Save Scenario	END	1685822174159
REQUEST		MongoDB - Load	1685822174114	1685822174177	OK	 
USER	MongoDB - Load Scenario	END	1685822174178
USER	MySql - Load Scenario	START	1685822174312
USER	MySql - Save Scenario	START	1685822174312
USER	MongoDB - Load Scenario	START	1685822174313
USER	MongoDB - Save Scenario	START	1685822174315
REQUEST		MongoDB - Load	1685822174313	1685822174403	OK	 
USER	MongoDB - Load Scenario	END	1685822174404
REQUEST		MongoDB - Save	1685822174314	1685822174410	OK	 
USER	MongoDB - Save Scenario	END	1685822174411
USER	MySql - Save Scenario	START	1685822174512
USER	MySql - Load Scenario	START	1685822174512
USER	MongoDB - Save Scenario	START	1685822174513
USER	MongoDB - Load Scenario	START	1685822174514
REQUEST		MongoDB - Save	1685822174513	1685822174570	OK	 
USER	MongoDB - Save Scenario	END	1685822174571
REQUEST		MySql - Save	1685822170729	1685822174577	OK	 
USER	MySql - Save Scenario	END	1685822174578
REQUEST		MongoDB - Load	1685822174514	1685822174582	OK	 
USER	MongoDB - Load Scenario	END	1685822174582
REQUEST		MySql - Load	1685822171312	1685822174586	KO	status.find.in([200, 209], 304), found 500
USER	MySql - Load Scenario	END	1685822174587
USER	MySql - Save Scenario	START	1685822174712
USER	MongoDB - Load Scenario	START	1685822174712
USER	MySql - Load Scenario	START	1685822174713
USER	MongoDB - Save Scenario	START	1685822174715
REQUEST		MongoDB - Load	1685822174712	1685822174750	OK	 
USER	MongoDB - Load Scenario	END	1685822174752
REQUEST		MongoDB - Save	1685822174714	1685822174762	OK	 
USER	MongoDB - Save Scenario	END	1685822174762
REQUEST		MySql - Load	1685822171513	1685822174884	KO	status.find.in([200, 209], 304), found 500
USER	MySql - Load Scenario	END	1685822174885
REQUEST		MySql - Save	1685822171329	1685822174900	OK	 
USER	MySql - Save Scenario	END	1685822174900
USER	MySql - Save Scenario	START	1685822174912
USER	MongoDB - Save Scenario	START	1685822174912
USER	MongoDB - Load Scenario	START	1685822174912
USER	MySql - Load Scenario	START	1685822174914
REQUEST		MongoDB - Load	1685822174912	1685822174959	OK	 
USER	MongoDB - Load Scenario	END	1685822174959
REQUEST		MongoDB - Save	1685822174912	1685822174967	OK	 
USER	MongoDB - Save Scenario	END	1685822174967
REQUEST		MySql - Save	1685822171129	1685822175018	OK	 
USER	MySql - Save Scenario	END	1685822175019
USER	MySql - Load Scenario	START	1685822175112
USER	MongoDB - Load Scenario	START	1685822175112
USER	MongoDB - Save Scenario	START	1685822175114
USER	MySql - Save Scenario	START	1685822175115
REQUEST		MongoDB - Load	1685822175112	1685822175146	OK	 
USER	MongoDB - Load Scenario	END	1685822175146
REQUEST		MongoDB - Save	1685822175114	1685822175175	OK	 
USER	MongoDB - Save Scenario	END	1685822175178
USER	MySql - Save Scenario	START	1685822175312
USER	MongoDB - Save Scenario	START	1685822175312
USER	MongoDB - Load Scenario	START	1685822175313
USER	MySql - Load Scenario	START	1685822175314
REQUEST		MySql - Load	1685822171713	1685822175330	KO	status.find.in([200, 209], 304), found 500
USER	MySql - Load Scenario	END	1685822175331
REQUEST		MySql - Load	1685822171912	1685822175344	KO	status.find.in([200, 209], 304), found 500
USER	MySql - Load Scenario	END	1685822175345
REQUEST		MongoDB - Load	1685822175313	1685822175361	OK	 
USER	MongoDB - Load Scenario	END	1685822175362
REQUEST		MongoDB - Save	1685822175312	1685822175380	OK	 
USER	MongoDB - Save Scenario	END	1685822175380
USER	MongoDB - Save Scenario	START	1685822175512
USER	MySql - Save Scenario	START	1685822175512
USER	MongoDB - Load Scenario	START	1685822175513
USER	MySql - Load Scenario	START	1685822175514
REQUEST		MongoDB - Load	1685822175513	1685822175533	OK	 
USER	MongoDB - Load Scenario	END	1685822175534
REQUEST		MongoDB - Save	1685822175512	1685822175546	OK	 
USER	MongoDB - Save Scenario	END	1685822175546
USER	MySql - Save Scenario	START	1685822175712
USER	MySql - Load Scenario	START	1685822175712
USER	MongoDB - Load Scenario	START	1685822175714
USER	MongoDB - Save Scenario	START	1685822175715
REQUEST		MySql - Save	1685822171712	1685822175721	OK	 
USER	MySql - Save Scenario	END	1685822175722
REQUEST		MySql - Load	1685822172313	1685822175723	KO	status.find.in([200, 209], 304), found 500
USER	MySql - Load Scenario	END	1685822175724
REQUEST		MySql - Load	1685822172113	1685822175735	KO	status.find.in([200, 209], 304), found 500
USER	MySql - Load Scenario	END	1685822175736
REQUEST		MongoDB - Load	1685822175714	1685822175755	OK	 
USER	MongoDB - Load Scenario	END	1685822175756
REQUEST		MongoDB - Save	1685822175715	1685822175773	OK	 
USER	MongoDB - Save Scenario	END	1685822175774
REQUEST		MySql - Save	1685822171914	1685822175887	OK	 
USER	MySql - Save Scenario	END	1685822175888
USER	MySql - Save Scenario	START	1685822175912
USER	MongoDB - Save Scenario	START	1685822175912
USER	MongoDB - Load Scenario	START	1685822175913
USER	MySql - Load Scenario	START	1685822175914
REQUEST		MongoDB - Load	1685822175913	1685822175939	OK	 
USER	MongoDB - Load Scenario	END	1685822175940
REQUEST		MongoDB - Save	1685822175912	1685822175948	OK	 
USER	MongoDB - Save Scenario	END	1685822175949
USER	MySql - Save Scenario	START	1685822176112
USER	MongoDB - Load Scenario	START	1685822176112
USER	MongoDB - Save Scenario	START	1685822176113
USER	MySql - Load Scenario	START	1685822176114
REQUEST		MongoDB - Load	1685822176112	1685822176165	OK	 
USER	MongoDB - Load Scenario	END	1685822176166
REQUEST		MongoDB - Save	1685822176113	1685822176167	OK	 
USER	MongoDB - Save Scenario	END	1685822176167
REQUEST		MySql - Load	1685822172513	1685822176209	KO	status.find.in([200, 209], 304), found 500
USER	MySql - Load Scenario	END	1685822176210
REQUEST		MySql - Save	1685822172313	1685822176310	OK	 
USER	MySql - Load Scenario	START	1685822176312
USER	MongoDB - Save Scenario	START	1685822176312
USER	MongoDB - Load Scenario	START	1685822176313
USER	MySql - Save Scenario	END	1685822176314
USER	MySql - Save Scenario	START	1685822176314
REQUEST		MySql - Load	1685822172713	1685822176333	KO	status.find.in([200, 209], 304), found 500
USER	MySql - Load Scenario	END	1685822176334
REQUEST		MongoDB - Save	1685822176312	1685822176341	OK	 
USER	MongoDB - Save Scenario	END	1685822176341
REQUEST		MongoDB - Load	1685822176313	1685822176359	OK	 
USER	MongoDB - Load Scenario	END	1685822176360
USER	MongoDB - Load Scenario	START	1685822176512
USER	MongoDB - Save Scenario	START	1685822176512
USER	MySql - Save Scenario	START	1685822176513
USER	MySql - Load Scenario	START	1685822176513
REQUEST		MongoDB - Save	1685822176511	1685822176545	OK	 
USER	MongoDB - Save Scenario	END	1685822176545
REQUEST		MongoDB - Load	1685822176511	1685822176555	OK	 
USER	MongoDB - Load Scenario	END	1685822176556
REQUEST		MySql - Load	1685822172912	1685822176569	KO	status.find.in([200, 209], 304), found 500
USER	MySql - Load Scenario	END	1685822176570
USER	MySql - Save Scenario	START	1685822176712
USER	MySql - Load Scenario	START	1685822176712
USER	MongoDB - Load Scenario	START	1685822176713
USER	MongoDB - Save Scenario	START	1685822176712
REQUEST		MongoDB - Save	1685822176711	1685822176745	OK	 
USER	MongoDB - Save Scenario	END	1685822176746
REQUEST		MongoDB - Load	1685822176713	1685822176747	OK	 
USER	MongoDB - Load Scenario	END	1685822176747
REQUEST		MySql - Load	1685822173112	1685822176824	KO	status.find.in([200, 209], 304), found 500
USER	MySql - Load Scenario	END	1685822176825
USER	MongoDB - Load Scenario	START	1685822176912
USER	MongoDB - Save Scenario	START	1685822176913
USER	MySql - Load Scenario	START	1685822176913
USER	MySql - Save Scenario	START	1685822176914
REQUEST		MongoDB - Load	1685822176911	1685822176928	OK	 
USER	MongoDB - Load Scenario	END	1685822176929
REQUEST		MongoDB - Save	1685822176912	1685822176972	OK	 
USER	MongoDB - Save Scenario	END	1685822176973
REQUEST		MySql - Load	1685822173315	1685822177061	KO	status.find.in([200, 209], 304), found 500
USER	MySql - Load Scenario	END	1685822177062
USER	MongoDB - Save Scenario	START	1685822177112
USER	MySql - Load Scenario	START	1685822177113
USER	MySql - Save Scenario	START	1685822177113
USER	MongoDB - Load Scenario	START	1685822177114
REQUEST		MongoDB - Load	1685822177114	1685822177141	OK	 
USER	MongoDB - Load Scenario	END	1685822177142
REQUEST		MongoDB - Save	1685822177111	1685822177152	OK	 
USER	MongoDB - Save Scenario	END	1685822177153
REQUEST		MySql - Save	1685822172113	1685822177285	OK	 
USER	MySql - Save Scenario	END	1685822177285
USER	MySql - Save Scenario	START	1685822177312
USER	MySql - Load Scenario	START	1685822177312
USER	MongoDB - Load Scenario	START	1685822177312
USER	MongoDB - Save Scenario	START	1685822177314
REQUEST		MongoDB - Load	1685822177311	1685822177330	OK	 
USER	MongoDB - Load Scenario	END	1685822177331
REQUEST		MongoDB - Save	1685822177314	1685822177343	OK	 
USER	MongoDB - Save Scenario	END	1685822177344
REQUEST		MySql - Load	1685822173513	1685822177478	KO	status.find.in([200, 209], 304), found 500
USER	MySql - Load Scenario	END	1685822177478
REQUEST		MySql - Save	1685822173712	1685822177508	OK	 
USER	MySql - Save Scenario	END	1685822177508
USER	MySql - Save Scenario	START	1685822177512
USER	MongoDB - Load Scenario	START	1685822177513
USER	MySql - Load Scenario	START	1685822177514
USER	MongoDB - Save Scenario	START	1685822177515
REQUEST		MongoDB - Load	1685822177513	1685822177530	OK	 
USER	MongoDB - Load Scenario	END	1685822177531
REQUEST		MongoDB - Save	1685822177515	1685822177539	OK	 
USER	MongoDB - Save Scenario	END	1685822177540
REQUEST		MySql - Save	1685822169359	1685822177603	OK	 
REQUEST		MySql - Save	1685822171512	1685822177603	OK	 
USER	MySql - Save Scenario	END	1685822177604
USER	MySql - Save Scenario	END	1685822177604
REQUEST		MySql - Save	1685822173311	1685822177605	OK	 
USER	MySql - Save Scenario	END	1685822177606
REQUEST		MySql - Save	1685822173512	1685822177644	OK	 
USER	MySql - Save Scenario	END	1685822177645
USER	MySql - Save Scenario	START	1685822177712
USER	MongoDB - Load Scenario	START	1685822177713
USER	MongoDB - Save Scenario	START	1685822177713
USER	MySql - Load Scenario	START	1685822177714
REQUEST		MongoDB - Save	1685822177713	1685822177745	OK	 
USER	MongoDB - Save Scenario	END	1685822177746
REQUEST		MongoDB - Load	1685822177713	1685822177767	OK	 
USER	MongoDB - Load Scenario	END	1685822177768
USER	MongoDB - Save Scenario	START	1685822177912
USER	MySql - Load Scenario	START	1685822177912
USER	MongoDB - Load Scenario	START	1685822177913
USER	MySql - Save Scenario	START	1685822177913
REQUEST		MongoDB - Load	1685822177912	1685822177945	OK	 
USER	MongoDB - Load Scenario	END	1685822177946
REQUEST		MongoDB - Save	1685822177912	1685822177947	OK	 
USER	MongoDB - Save Scenario	END	1685822177947
REQUEST		MySql - Load	1685822173715	1685822177977	KO	status.find.in([200, 209], 304), found 500
USER	MySql - Load Scenario	END	1685822177978
REQUEST		MySql - Load	1685822173912	1685822177994	KO	status.find.in([200, 209], 304), found 500
USER	MySql - Load Scenario	END	1685822177995
REQUEST		MySql - Save	1685822170928	1685822178047	OK	 
USER	MySql - Save Scenario	END	1685822178048
REQUEST		MySql - Save	1685822172511	1685822178053	OK	 
USER	MySql - Save Scenario	END	1685822178053
REQUEST		MySql - Save	1685822172711	1685822178067	OK	 
USER	MySql - Save Scenario	END	1685822178068
USER	MongoDB - Save Scenario	START	1685822178112
USER	MySql - Save Scenario	START	1685822178112
USER	MongoDB - Load Scenario	START	1685822178113
USER	MySql - Load Scenario	START	1685822178116
REQUEST		MongoDB - Save	1685822178112	1685822178142	OK	 
USER	MongoDB - Save Scenario	END	1685822178143
REQUEST		MongoDB - Load	1685822178113	1685822178155	OK	 
USER	MongoDB - Load Scenario	END	1685822178156
REQUEST		MySql - Load	1685822174312	1685822178229	KO	status.find.in([200, 209], 304), found 500
USER	MySql - Load Scenario	END	1685822178230
USER	MySql - Save Scenario	START	1685822178312
USER	MongoDB - Save Scenario	START	1685822178313
USER	MongoDB - Load Scenario	START	1685822178313
USER	MySql - Load Scenario	START	1685822178315
REQUEST		MongoDB - Load	1685822178313	1685822178349	OK	 
USER	MongoDB - Load Scenario	END	1685822178350
REQUEST		MongoDB - Save	1685822178313	1685822178369	OK	 
USER	MongoDB - Save Scenario	END	1685822178370
REQUEST		MySql - Load	1685822174112	1685822178436	KO	status.find.in([200, 209], 304), found 500
USER	MySql - Load Scenario	END	1685822178437
USER	MySql - Save Scenario	START	1685822178512
USER	MongoDB - Load Scenario	START	1685822178513
USER	MongoDB - Save Scenario	START	1685822178514
USER	MySql - Load Scenario	START	1685822178516
REQUEST		MongoDB - Load	1685822178512	1685822178556	OK	 
USER	MongoDB - Load Scenario	END	1685822178557
REQUEST		MongoDB - Save	1685822178514	1685822178574	OK	 
USER	MongoDB - Save Scenario	END	1685822178575
REQUEST		MySql - Save	1685822170528	1685822178613	OK	 
USER	MySql - Save Scenario	END	1685822178614
REQUEST		MySql - Save	1685822170128	1685822178617	OK	 
USER	MySql - Save Scenario	END	1685822178617
USER	MongoDB - Save Scenario	START	1685822178712
USER	MongoDB - Load Scenario	START	1685822178713
USER	MySql - Load Scenario	START	1685822178714
USER	MySql - Save Scenario	START	1685822178717
REQUEST		MongoDB - Load	1685822178713	1685822178756	OK	 
USER	MongoDB - Load Scenario	END	1685822178757
REQUEST		MongoDB - Save	1685822178712	1685822178766	OK	 
USER	MongoDB - Save Scenario	END	1685822178767
USER	MySql - Save Scenario	START	1685822178912
USER	MySql - Load Scenario	START	1685822178913
USER	MongoDB - Save Scenario	START	1685822178914
USER	MongoDB - Load Scenario	START	1685822178915
REQUEST		MySql - Load	1685822174512	1685822178933	KO	status.find.in([200, 209], 304), found 500
USER	MySql - Load Scenario	END	1685822178934
REQUEST		MongoDB - Save	1685822178914	1685822178948	OK	 
USER	MongoDB - Save Scenario	END	1685822178948
REQUEST		MongoDB - Load	1685822178915	1685822178961	OK	 
USER	MongoDB - Load Scenario	END	1685822178962
REQUEST		MySql - Save	1685822174312	1685822179048	OK	 
USER	MySql - Save Scenario	END	1685822179048
USER	MySql - Save Scenario	START	1685822179112
USER	MongoDB - Load Scenario	START	1685822179112
USER	MySql - Load Scenario	START	1685822179114
USER	MongoDB - Save Scenario	START	1685822179115
REQUEST		MongoDB - Load	1685822179112	1685822179136	OK	 
USER	MongoDB - Load Scenario	END	1685822179137
REQUEST		MongoDB - Save	1685822179114	1685822179152	OK	 
USER	MongoDB - Save Scenario	END	1685822179153
USER	MongoDB - Save Scenario	START	1685822179312
USER	MySql - Save Scenario	START	1685822179312
USER	MongoDB - Load Scenario	START	1685822179313
USER	MySql - Load Scenario	START	1685822179314
REQUEST		MongoDB - Load	1685822179313	1685822179358	OK	 
USER	MongoDB - Load Scenario	END	1685822179359
REQUEST		MongoDB - Save	1685822179312	1685822179375	OK	 
USER	MongoDB - Save Scenario	END	1685822179376
REQUEST		MySql - Load	1685822174914	1685822179482	OK	 
USER	MySql - Load Scenario	END	1685822179483
REQUEST		MySql - Load	1685822175314	1685822179485	KO	status.find.in([200, 209], 304), found 500
USER	MySql - Load Scenario	END	1685822179485
USER	MySql - Load Scenario	START	1685822179512
USER	MongoDB - Save Scenario	START	1685822179513
USER	MongoDB - Load Scenario	START	1685822179514
USER	MySql - Save Scenario	START	1685822179515
REQUEST		MongoDB - Save	1685822179513	1685822179591	OK	 
USER	MongoDB - Save Scenario	END	1685822179592
REQUEST		MongoDB - Load	1685822179514	1685822179593	OK	 
USER	MongoDB - Load Scenario	END	1685822179593
REQUEST		MySql - Load	1685822175112	1685822179709	KO	status.find.in([200, 209], 304), found 500
USER	MySql - Load Scenario	END	1685822179710
REQUEST		MySql - Load	1685822174713	1685822179711	OK	 
USER	MySql - Save Scenario	START	1685822179712
USER	MySql - Load Scenario	START	1685822179713
USER	MySql - Load Scenario	END	1685822179713
REQUEST		MySql - Save	1685822174911	1685822179715	OK	 
USER	MySql - Save Scenario	END	1685822179715
REQUEST		MySql - Save	1685822174712	1685822179715	OK	 
USER	MySql - Save Scenario	END	1685822179716
REQUEST		MySql - Load	1685822175513	1685822179716	KO	status.find.in([200, 209], 304), found 500
USER	MySql - Load Scenario	END	1685822179716
REQUEST		MySql - Save	1685822174112	1685822179717	OK	 
USER	MySql - Save Scenario	END	1685822179717
USER	MongoDB - Save Scenario	START	1685822179718
USER	MongoDB - Load Scenario	START	1685822179721
REQUEST		MongoDB - Load	1685822179721	1685822179757	OK	 
USER	MongoDB - Load Scenario	END	1685822179757
REQUEST		MongoDB - Save	1685822179717	1685822179760	OK	 
USER	MongoDB - Save Scenario	END	1685822179761
USER	MySql - Save Scenario	START	1685822179912
USER	MongoDB - Load Scenario	START	1685822179914
USER	MySql - Load Scenario	START	1685822179915
USER	MongoDB - Save Scenario	START	1685822179916
REQUEST		MongoDB - Save	1685822179916	1685822179959	OK	 
USER	MongoDB - Save Scenario	END	1685822179959
REQUEST		MongoDB - Load	1685822179913	1685822179960	OK	 
USER	MongoDB - Load Scenario	END	1685822179961
REQUEST		MySql - Load	1685822175712	1685822179972	OK	 
USER	MySql - Load Scenario	END	1685822179973
USER	MongoDB - Load Scenario	START	1685822180113
USER	MongoDB - Save Scenario	START	1685822180112
USER	MySql - Save Scenario	START	1685822180115
USER	MySql - Load Scenario	START	1685822180117
REQUEST		MySql - Save	1685822175712	1685822180143	OK	 
USER	MySql - Save Scenario	END	1685822180144
REQUEST		MongoDB - Save	1685822180112	1685822180148	OK	 
USER	MongoDB - Save Scenario	END	1685822180149
REQUEST		MongoDB - Load	1685822180113	1685822180154	OK	 
USER	MongoDB - Load Scenario	END	1685822180154
USER	MongoDB - Save Scenario	START	1685822180312
USER	MongoDB - Load Scenario	START	1685822180313
USER	MySql - Load Scenario	START	1685822180314
USER	MySql - Save Scenario	START	1685822180317
REQUEST		MongoDB - Save	1685822180312	1685822180344	OK	 
USER	MongoDB - Save Scenario	END	1685822180345
REQUEST		MongoDB - Load	1685822180312	1685822180356	OK	 
USER	MongoDB - Load Scenario	END	1685822180357
REQUEST		MySql - Load	1685822175913	1685822180418	KO	status.find.in([200, 209], 304), found 500
USER	MySql - Load Scenario	END	1685822180419
REQUEST		MySql - Save	1685822175112	1685822180420	OK	 
USER	MySql - Save Scenario	END	1685822180420
USER	MySql - Load Scenario	START	1685822180512
USER	MongoDB - Save Scenario	START	1685822180512
USER	MongoDB - Load Scenario	START	1685822180514
USER	MySql - Save Scenario	START	1685822180515
REQUEST		MongoDB - Load	1685822180514	1685822180549	OK	 
USER	MongoDB - Load Scenario	END	1685822180550
REQUEST		MongoDB - Save	1685822180512	1685822180551	OK	 
USER	MongoDB - Save Scenario	END	1685822180551
USER	MySql - Save Scenario	START	1685822180712
USER	MySql - Load Scenario	START	1685822180713
USER	MongoDB - Load Scenario	START	1685822180714
USER	MongoDB - Save Scenario	START	1685822180716
REQUEST		MongoDB - Save	1685822180715	1685822180739	OK	 
USER	MongoDB - Save Scenario	END	1685822180740
REQUEST		MongoDB - Load	1685822180714	1685822180779	OK	 
USER	MongoDB - Load Scenario	END	1685822180780
REQUEST		MySql - Load	1685822176113	1685822180888	KO	status.find.in([200, 209], 304), found 500
USER	MySql - Load Scenario	END	1685822180889
REQUEST		MySql - Save	1685822172911	1685822180889	OK	 
USER	MySql - Save Scenario	END	1685822180890
REQUEST		MySql - Load	1685822176312	1685822180890	KO	status.find.in([200, 209], 304), found 500
USER	MySql - Load Scenario	END	1685822180890
USER	MongoDB - Load Scenario	START	1685822180912
USER	MySql - Save Scenario	START	1685822180911
USER	MongoDB - Save Scenario	START	1685822180914
USER	MySql - Load Scenario	START	1685822180914
REQUEST		MongoDB - Load	1685822180912	1685822180942	OK	 
USER	MongoDB - Load Scenario	END	1685822180943
REQUEST		MongoDB - Save	1685822180914	1685822180952	OK	 
USER	MongoDB - Save Scenario	END	1685822180953
USER	MongoDB - Load Scenario	START	1685822181112
USER	MongoDB - Save Scenario	START	1685822181113
USER	MySql - Save Scenario	START	1685822181113
USER	MySql - Load Scenario	START	1685822181114
REQUEST		MongoDB - Save	1685822181111	1685822181148	OK	 
USER	MongoDB - Save Scenario	END	1685822181148
REQUEST		MongoDB - Load	1685822181112	1685822181157	OK	 
USER	MongoDB - Load Scenario	END	1685822181158
USER	MySql - Load Scenario	START	1685822181312
USER	MongoDB - Save Scenario	START	1685822181312
USER	MongoDB - Load Scenario	START	1685822181313
USER	MySql - Save Scenario	START	1685822181315
REQUEST		MongoDB - Save	1685822181312	1685822181381	OK	 
REQUEST		MongoDB - Load	1685822181312	1685822181382	OK	 
USER	MongoDB - Load Scenario	END	1685822181383
USER	MongoDB - Save Scenario	END	1685822181383
REQUEST		MySql - Load	1685822176513	1685822181466	KO	status.find.in([200, 209], 304), found 500
USER	MySql - Load Scenario	END	1685822181467
REQUEST		MySql - Load	1685822176712	1685822181472	KO	status.find.in([200, 209], 304), found 500
USER	MySql - Load Scenario	END	1685822181472
USER	MySql - Save Scenario	START	1685822181512
USER	MongoDB - Load Scenario	START	1685822181512
USER	MySql - Load Scenario	START	1685822181517
USER	MongoDB - Save Scenario	START	1685822181533
REQUEST		MongoDB - Load	1685822181511	1685822181550	OK	 
USER	MongoDB - Load Scenario	END	1685822181550
REQUEST		MySql - Load	1685822176912	1685822181565	KO	status.find.in([200, 209], 304), found 500
USER	MySql - Load Scenario	END	1685822181565
REQUEST		MongoDB - Save	1685822181533	1685822181572	OK	 
USER	MongoDB - Save Scenario	END	1685822181574
REQUEST		MySql - Save	1685822175512	1685822181625	OK	 
USER	MySql - Save Scenario	END	1685822181626
REQUEST		MySql - Save	1685822176512	1685822181627	OK	 
USER	MySql - Save Scenario	END	1685822181628
USER	MongoDB - Save Scenario	START	1685822181712
USER	MySql - Save Scenario	START	1685822181712
USER	MySql - Load Scenario	START	1685822181713
USER	MongoDB - Load Scenario	START	1685822181714
REQUEST		MongoDB - Load	1685822181714	1685822181748	OK	 
USER	MongoDB - Load Scenario	END	1685822181749
REQUEST		MongoDB - Save	1685822181711	1685822181764	OK	 
USER	MongoDB - Save Scenario	END	1685822181764
REQUEST		MySql - Save	1685822173116	1685822181809	OK	 
USER	MySql - Save Scenario	END	1685822181810
USER	MySql - Save Scenario	START	1685822181912
USER	MongoDB - Load Scenario	START	1685822181913
USER	MongoDB - Save Scenario	START	1685822181914
USER	MySql - Load Scenario	START	1685822181917
REQUEST		MongoDB - Save	1685822181914	1685822181972	OK	 
USER	MongoDB - Save Scenario	END	1685822181973
REQUEST		MongoDB - Load	1685822181912	1685822181973	OK	 
USER	MongoDB - Load Scenario	END	1685822181974
REQUEST		MySql - Load	1685822177113	1685822182099	KO	status.find.in([200, 209], 304), found 500
USER	MySql - Load Scenario	END	1685822182100
REQUEST		MySql - Save	1685822176914	1685822182109	OK	 
USER	MySql - Save Scenario	END	1685822182110
USER	MySql - Save Scenario	START	1685822182112
USER	MongoDB - Save Scenario	START	1685822182112
USER	MongoDB - Load Scenario	START	1685822182113
USER	MySql - Load Scenario	START	1685822182113
REQUEST		MongoDB - Save	1685822182111	1685822182139	OK	 
USER	MongoDB - Save Scenario	END	1685822182139
REQUEST		MySql - Save	1685822176112	1685822182143	OK	 
USER	MySql - Save Scenario	END	1685822182144
REQUEST		MySql - Load	1685822177312	1685822182156	KO	status.find.in([200, 209], 304), found 500
USER	MySql - Load Scenario	END	1685822182157
REQUEST		MongoDB - Load	1685822182112	1685822182162	OK	 
USER	MongoDB - Load Scenario	END	1685822182163
REQUEST		MySql - Save	1685822177113	1685822182259	OK	 
USER	MySql - Save Scenario	END	1685822182259
USER	MySql - Load Scenario	START	1685822182312
USER	MySql - Save Scenario	START	1685822182312
USER	MongoDB - Save Scenario	START	1685822182313
USER	MongoDB - Load Scenario	START	1685822182314
REQUEST		MongoDB - Save	1685822182313	1685822182345	OK	 
USER	MongoDB - Save Scenario	END	1685822182346
REQUEST		MySql - Save	1685822175911	1685822182349	OK	 
USER	MySql - Save Scenario	END	1685822182349
REQUEST		MongoDB - Load	1685822182314	1685822182356	OK	 
USER	MongoDB - Load Scenario	END	1685822182356
REQUEST		MySql - Save	1685822174511	1685822182437	OK	 
USER	MySql - Save Scenario	END	1685822182438
USER	MongoDB - Load Scenario	START	1685822182511
USER	MySql - Load Scenario	START	1685822182512
USER	MySql - Save Scenario	START	1685822182512
USER	MongoDB - Save Scenario	START	1685822182514
REQUEST		MongoDB - Save	1685822182513	1685822182535	OK	 
USER	MongoDB - Save Scenario	END	1685822182535
REQUEST		MongoDB - Load	1685822182511	1685822182538	OK	 
USER	MongoDB - Load Scenario	END	1685822182539
REQUEST		MySql - Save	1685822177512	1685822182605	OK	 
USER	MySql - Save Scenario	END	1685822182606
REQUEST		MySql - Load	1685822177714	1685822182607	KO	status.find.in([200, 209], 304), found 500
USER	MySql - Load Scenario	END	1685822182608
REQUEST		MySql - Load	1685822177512	1685822182608	KO	status.find.in([200, 209], 304), found 500
USER	MySql - Load Scenario	END	1685822182609
REQUEST		MySql - Load	1685822177912	1685822182631	KO	status.find.in([200, 209], 304), found 500
USER	MySql - Load Scenario	END	1685822182631
USER	MongoDB - Load Scenario	START	1685822182711
USER	MongoDB - Save Scenario	START	1685822182717
USER	MySql - Load Scenario	START	1685822182712
USER	MySql - Save Scenario	START	1685822182720
REQUEST		MySql - Save	1685822173915	1685822182775	OK	 
USER	MySql - Save Scenario	END	1685822182775
REQUEST		MongoDB - Load	1685822182711	1685822182788	OK	 
USER	MongoDB - Load Scenario	END	1685822182788
REQUEST		MongoDB - Save	1685822182716	1685822182789	OK	 
USER	MongoDB - Save Scenario	END	1685822182789
REQUEST		MySql - Save	1685822177913	1685822182849	OK	 
USER	MySql - Save Scenario	END	1685822182849
REQUEST		MySql - Load	1685822178116	1685822182871	KO	status.find.in([200, 209], 304), found 500
USER	MySql - Load Scenario	END	1685822182872
USER	MongoDB - Load Scenario	START	1685822182912
USER	MongoDB - Save Scenario	START	1685822182913
USER	MySql - Load Scenario	START	1685822182913
USER	MySql - Save Scenario	START	1685822182915
REQUEST		MySql - Save	1685822175312	1685822182942	OK	 
USER	MySql - Save Scenario	END	1685822182943
REQUEST		MongoDB - Load	1685822182911	1685822182946	OK	 
USER	MongoDB - Load Scenario	END	1685822182947
REQUEST		MongoDB - Save	1685822182912	1685822182947	OK	 
USER	MongoDB - Save Scenario	END	1685822182947
REQUEST		MySql - Save	1685822177712	1685822182970	OK	 
USER	MySql - Save Scenario	END	1685822182971
REQUEST		MySql - Save	1685822176712	1685822182974	OK	 
USER	MySql - Save Scenario	END	1685822182974
REQUEST		MySql - Load	1685822178315	1685822183042	KO	status.find.in([200, 209], 304), found 500
USER	MySql - Load Scenario	END	1685822183043
USER	MongoDB - Load Scenario	START	1685822183111
USER	MongoDB - Save Scenario	START	1685822183112
USER	MySql - Save Scenario	START	1685822183112
USER	MySql - Load Scenario	START	1685822183114
REQUEST		MySql - Load	1685822178516	1685822183117	KO	status.find.in([200, 209], 304), found 500
USER	MySql - Load Scenario	END	1685822183119
REQUEST		MySql - Save	1685822178112	1685822183143	OK	 
USER	MySql - Save Scenario	END	1685822183143
REQUEST		MongoDB - Save	1685822183112	1685822183147	OK	 
USER	MongoDB - Save Scenario	END	1685822183148
REQUEST		MongoDB - Load	1685822183111	1685822183150	OK	 
USER	MongoDB - Load Scenario	END	1685822183150
USER	MongoDB - Load Scenario	START	1685822183311
USER	MongoDB - Save Scenario	START	1685822183313
USER	MySql - Save Scenario	START	1685822183313
USER	MySql - Load Scenario	START	1685822183313
REQUEST		MySql - Save	1685822178717	1685822183318	OK	 
USER	MySql - Save Scenario	END	1685822183319
REQUEST		MySql - Load	1685822178714	1685822183319	OK	 
USER	MySql - Load Scenario	END	1685822183319
REQUEST		MongoDB - Save	1685822183312	1685822183345	OK	 
USER	MongoDB - Save Scenario	END	1685822183348
REQUEST		MongoDB - Load	1685822183311	1685822183353	OK	 
USER	MongoDB - Load Scenario	END	1685822183353
REQUEST		MySql - Load	1685822178913	1685822183407	KO	status.find.in([200, 209], 304), found 500
USER	MySql - Load Scenario	END	1685822183408
USER	MySql - Load Scenario	START	1685822183512
USER	MySql - Save Scenario	START	1685822183513
USER	MongoDB - Load Scenario	START	1685822183514
USER	MongoDB - Save Scenario	START	1685822183515
REQUEST		MongoDB - Save	1685822183514	1685822183544	OK	 
USER	MongoDB - Save Scenario	END	1685822183545
REQUEST		MongoDB - Load	1685822183514	1685822183546	OK	 
USER	MongoDB - Load Scenario	END	1685822183546
REQUEST		MySql - Load	1685822179114	1685822183555	KO	status.find.in([200, 209], 304), found 500
USER	MySql - Load Scenario	END	1685822183555
USER	MongoDB - Save Scenario	START	1685822183712
USER	MySql - Save Scenario	START	1685822183713
USER	MongoDB - Load Scenario	START	1685822183714
USER	MySql - Load Scenario	START	1685822183715
REQUEST		MongoDB - Save	1685822183711	1685822183740	OK	 
USER	MongoDB - Save Scenario	END	1685822183740
REQUEST		MongoDB - Load	1685822183714	1685822183747	OK	 
USER	MongoDB - Load Scenario	END	1685822183748
REQUEST		MySql - Load	1685822179313	1685822183765	KO	status.find.in([200, 209], 304), found 500
USER	MySql - Load Scenario	END	1685822183766
REQUEST		MySql - Save	1685822178312	1685822183767	OK	 
USER	MySql - Save Scenario	END	1685822183767
REQUEST		MySql - Load	1685822179511	1685822183768	KO	status.find.in([200, 209], 304), found 500
USER	MySql - Load Scenario	END	1685822183768
USER	MongoDB - Load Scenario	START	1685822183912
USER	MongoDB - Save Scenario	START	1685822183913
USER	MySql - Save Scenario	START	1685822183914
USER	MySql - Load Scenario	START	1685822183916
REQUEST		MongoDB - Save	1685822183913	1685822183930	OK	 
USER	MongoDB - Save Scenario	END	1685822183932
REQUEST		MongoDB - Load	1685822183911	1685822183942	OK	 
USER	MongoDB - Load Scenario	END	1685822183943
USER	MongoDB - Load Scenario	START	1685822184112
USER	MongoDB - Save Scenario	START	1685822184113
USER	MySql - Load Scenario	START	1685822184114
USER	MySql - Save Scenario	START	1685822184115
REQUEST		MySql - Load	1685822179713	1685822184125	KO	status.find.in([200, 209], 304), found 500
USER	MySql - Load Scenario	END	1685822184125
REQUEST		MySql - Load	1685822179915	1685822184126	KO	status.find.in([200, 209], 304), found 500
USER	MySql - Load Scenario	END	1685822184126
REQUEST		MySql - Save	1685822179711	1685822184127	OK	 
USER	MySql - Save Scenario	END	1685822184127
REQUEST		MongoDB - Load	1685822184111	1685822184136	OK	 
USER	MongoDB - Load Scenario	END	1685822184137
REQUEST		MongoDB - Save	1685822184112	1685822184157	OK	 
USER	MongoDB - Save Scenario	END	1685822184157
REQUEST		MySql - Save	1685822179312	1685822184231	OK	 
USER	MySql - Save Scenario	END	1685822184231
USER	MySql - Load Scenario	START	1685822184312
USER	MySql - Save Scenario	START	1685822184313
USER	MongoDB - Load Scenario	START	1685822184313
USER	MongoDB - Save Scenario	START	1685822184314
REQUEST		MongoDB - Load	1685822184313	1685822184329	OK	 
USER	MongoDB - Load Scenario	END	1685822184330
REQUEST		MongoDB - Save	1685822184314	1685822184337	OK	 
USER	MongoDB - Save Scenario	END	1685822184338
USER	MySql - Save Scenario	START	1685822184512
USER	MySql - Load Scenario	START	1685822184513
USER	MongoDB - Load Scenario	START	1685822184513
USER	MongoDB - Save Scenario	START	1685822184514
REQUEST		MongoDB - Save	1685822184514	1685822184542	OK	 
USER	MongoDB - Save Scenario	END	1685822184543
REQUEST		MongoDB - Load	1685822184513	1685822184546	OK	 
USER	MongoDB - Load Scenario	END	1685822184547
REQUEST		MySql - Load	1685822180117	1685822184637	KO	status.find.in([200, 209], 304), found 500
USER	MySql - Load Scenario	END	1685822184637
REQUEST		MySql - Save	1685822179912	1685822184638	OK	 
USER	MySql - Save Scenario	END	1685822184638
REQUEST		MySql - Save	1685822176314	1685822184640	OK	 
USER	MySql - Save Scenario	END	1685822184641
REQUEST		MySql - Load	1685822180511	1685822184641	KO	status.find.in([200, 209], 304), found 500
USER	MySql - Load Scenario	END	1685822184641
REQUEST		MySql - Load	1685822180314	1685822184643	KO	status.find.in([200, 209], 304), found 500
USER	MySql - Load Scenario	END	1685822184643
USER	MySql - Save Scenario	START	1685822184712
USER	MySql - Load Scenario	START	1685822184713
USER	MongoDB - Save Scenario	START	1685822184714
USER	MongoDB - Load Scenario	START	1685822184715
REQUEST		MongoDB - Save	1685822184713	1685822184745	OK	 
USER	MongoDB - Save Scenario	END	1685822184745
REQUEST		MongoDB - Load	1685822184714	1685822184749	OK	 
USER	MongoDB - Load Scenario	END	1685822184749
USER	MySql - Save Scenario	START	1685822184912
USER	MySql - Load Scenario	START	1685822184913
USER	MongoDB - Save Scenario	START	1685822184914
USER	MongoDB - Load Scenario	START	1685822184915
REQUEST		MongoDB - Save	1685822184914	1685822184932	OK	 
USER	MongoDB - Save Scenario	END	1685822184933
REQUEST		MongoDB - Load	1685822184915	1685822184934	OK	 
USER	MongoDB - Load Scenario	END	1685822184935
REQUEST		MySql - Save	1685822180316	1685822184955	OK	 
USER	MySql - Save Scenario	END	1685822184955
REQUEST		MySql - Save	1685822180711	1685822184956	OK	 
USER	MySql - Save Scenario	END	1685822184957
USER	MySql - Save Scenario	START	1685822185112
USER	MongoDB - Load Scenario	START	1685822185113
USER	MongoDB - Save Scenario	START	1685822185114
USER	MySql - Load Scenario	START	1685822185115
REQUEST		MongoDB - Load	1685822185113	1685822185135	OK	 
USER	MongoDB - Load Scenario	END	1685822185136
REQUEST		MongoDB - Save	1685822185114	1685822185147	OK	 
USER	MongoDB - Save Scenario	END	1685822185147
REQUEST		MySql - Load	1685822181114	1685822185195	KO	status.find.in([200, 209], 304), found 500
USER	MySql - Load Scenario	END	1685822185196
REQUEST		MySql - Load	1685822180712	1685822185196	KO	status.find.in([200, 209], 304), found 500
USER	MySql - Load Scenario	END	1685822185196
REQUEST		MySql - Load	1685822181311	1685822185201	KO	status.find.in([200, 209], 304), found 500
USER	MySql - Load Scenario	END	1685822185201
USER	MySql - Load Scenario	START	1685822185312
USER	MySql - Save Scenario	START	1685822185312
USER	MongoDB - Load Scenario	START	1685822185313
USER	MongoDB - Save Scenario	START	1685822185313
REQUEST		MongoDB - Save	1685822185313	1685822185345	OK	 
USER	MongoDB - Save Scenario	END	1685822185346
REQUEST		MongoDB - Load	1685822185313	1685822185348	OK	 
USER	MongoDB - Load Scenario	END	1685822185349
USER	MySql - Save Scenario	START	1685822185512
USER	MySql - Load Scenario	START	1685822185512
USER	MongoDB - Load Scenario	START	1685822185513
USER	MongoDB - Save Scenario	START	1685822185513
REQUEST		MongoDB - Load	1685822185512	1685822185551	OK	 
USER	MongoDB - Load Scenario	END	1685822185551
REQUEST		MongoDB - Save	1685822185513	1685822185554	OK	 
USER	MongoDB - Save Scenario	END	1685822185554
REQUEST		MySql - Load	1685822180914	1685822185698	KO	status.find.in([200, 209], 304), found 500
USER	MySql - Load Scenario	END	1685822185699
USER	MySql - Load Scenario	START	1685822185712
USER	MySql - Save Scenario	START	1685822185712
USER	MongoDB - Load Scenario	START	1685822185713
USER	MongoDB - Save Scenario	START	1685822185713
REQUEST		MongoDB - Load	1685822185712	1685822185736	OK	 
USER	MongoDB - Load Scenario	END	1685822185736
REQUEST		MongoDB - Save	1685822185713	1685822185740	OK	 
USER	MongoDB - Save Scenario	END	1685822185740
REQUEST		MySql - Load	1685822181517	1685822185769	KO	status.find.in([200, 209], 304), found 500
USER	MySql - Load Scenario	END	1685822185770
REQUEST		MySql - Save	1685822181311	1685822185770	OK	 
USER	MySql - Save Scenario	END	1685822185770
REQUEST		MySql - Save	1685822179112	1685822185774	OK	 
USER	MySql - Save Scenario	END	1685822185775
REQUEST		MySql - Load	1685822181712	1685822185781	KO	status.find.in([200, 209], 304), found 500
USER	MySql - Load Scenario	END	1685822185782
REQUEST		MySql - Save	1685822181113	1685822185809	OK	 
USER	MySql - Save Scenario	END	1685822185809
REQUEST		MySql - Save	1685822180514	1685822185818	OK	 
USER	MySql - Save Scenario	END	1685822185819
REQUEST		MySql - Load	1685822181911	1685822185828	KO	status.find.in([200, 209], 304), found 500
USER	MySql - Load Scenario	END	1685822185829
USER	MongoDB - Save Scenario	START	1685822185912
USER	MongoDB - Load Scenario	START	1685822185912
USER	MySql - Save Scenario	START	1685822185913
USER	MySql - Load Scenario	START	1685822185914
REQUEST		MongoDB - Load	1685822185911	1685822185960	OK	 
USER	MongoDB - Load Scenario	END	1685822185961
REQUEST		MongoDB - Save	1685822185911	1685822185965	OK	 
USER	MongoDB - Save Scenario	END	1685822185965
REQUEST		MySql - Load	1685822182113	1685822186033	KO	status.find.in([200, 209], 304), found 500
USER	MySql - Load Scenario	END	1685822186034
REQUEST		MySql - Save	1685822177312	1685822186035	OK	 
USER	MySql - Save Scenario	END	1685822186035
USER	MySql - Load Scenario	START	1685822186112
USER	MongoDB - Save Scenario	START	1685822186112
USER	MongoDB - Load Scenario	START	1685822186113
USER	MySql - Save Scenario	START	1685822186114
REQUEST		MongoDB - Save	1685822186111	1685822186148	OK	 
USER	MongoDB - Save Scenario	END	1685822186149
REQUEST		MongoDB - Load	1685822186112	1685822186162	OK	 
USER	MongoDB - Load Scenario	END	1685822186163
REQUEST		MySql - Load	1685822182312	1685822186263	KO	status.find.in([200, 209], 304), found 500
USER	MySql - Load Scenario	END	1685822186263
REQUEST		MySql - Load	1685822182512	1685822186264	KO	status.find.in([200, 209], 304), found 500
USER	MySql - Load Scenario	END	1685822186264
REQUEST		MySql - Save	1685822179511	1685822186306	OK	 
USER	MySql - Save Scenario	END	1685822186307
USER	MySql - Load Scenario	START	1685822186312
USER	MySql - Save Scenario	START	1685822186312
USER	MongoDB - Save Scenario	START	1685822186312
USER	MongoDB - Load Scenario	START	1685822186314
REQUEST		MongoDB - Load	1685822186313	1685822186342	OK	 
USER	MongoDB - Load Scenario	END	1685822186343
REQUEST		MongoDB - Save	1685822186312	1685822186346	OK	 
USER	MongoDB - Save Scenario	END	1685822186346
USER	MySql - Load Scenario	START	1685822186512
USER	MongoDB - Save Scenario	START	1685822186512
USER	MySql - Save Scenario	START	1685822186513
USER	MongoDB - Load Scenario	START	1685822186513
REQUEST		MongoDB - Save	1685822186512	1685822186539	OK	 
USER	MongoDB - Save Scenario	END	1685822186539
REQUEST		MongoDB - Load	1685822186513	1685822186544	OK	 
USER	MongoDB - Load Scenario	END	1685822186545
REQUEST		MySql - Save	1685822181711	1685822186590	OK	 
USER	MySql - Save Scenario	END	1685822186591
REQUEST		MySql - Load	1685822182712	1685822186624	KO	status.find.in([200, 209], 304), found 500
USER	MySql - Load Scenario	END	1685822186625
REQUEST		MySql - Load	1685822182913	1685822186625	KO	status.find.in([200, 209], 304), found 500
USER	MySql - Load Scenario	END	1685822186626
USER	MySql - Save Scenario	START	1685822186712
USER	MongoDB - Save Scenario	START	1685822186712
USER	MongoDB - Load Scenario	START	1685822186713
USER	MySql - Load Scenario	START	1685822186714
REQUEST		MongoDB - Save	1685822186712	1685822186764	OK	 
USER	MongoDB - Save Scenario	END	1685822186764
REQUEST		MongoDB - Load	1685822186713	1685822186779	OK	 
USER	MongoDB - Load Scenario	END	1685822186780
USER	MongoDB - Save Scenario	START	1685822186912
USER	MongoDB - Load Scenario	START	1685822186912
USER	MySql - Save Scenario	START	1685822186913
USER	MySql - Load Scenario	START	1685822186913
REQUEST		MongoDB - Load	1685822186912	1685822186942	OK	 
USER	MongoDB - Load Scenario	END	1685822186943
REQUEST		MongoDB - Save	1685822186912	1685822186947	OK	 
USER	MongoDB - Save Scenario	END	1685822186948
REQUEST		MySql - Load	1685822183114	1685822186978	KO	status.find.in([200, 209], 304), found 500
USER	MySql - Load Scenario	END	1685822186979
REQUEST		MySql - Save	1685822182111	1685822186979	OK	 
USER	MySql - Save Scenario	END	1685822186980
REQUEST		MySql - Save	1685822182915	1685822186983	OK	 
USER	MySql - Save Scenario	END	1685822186983
REQUEST		MySql - Save	1685822178912	1685822186983	OK	 
USER	MySql - Save Scenario	END	1685822186984
USER	MySql - Save Scenario	START	1685822187112
USER	MongoDB - Load Scenario	START	1685822187112
USER	MySql - Load Scenario	START	1685822187114
USER	MongoDB - Save Scenario	START	1685822187114
REQUEST		MongoDB - Save	1685822187113	1685822187134	OK	 
USER	MongoDB - Save Scenario	END	1685822187135
REQUEST		MongoDB - Load	1685822187112	1685822187136	OK	 
USER	MongoDB - Load Scenario	END	1685822187136
REQUEST		MySql - Load	1685822183313	1685822187219	KO	status.find.in([200, 209], 304), found 500
USER	MySql - Load Scenario	END	1685822187220
REQUEST		MySql - Load	1685822183511	1685822187220	KO	status.find.in([200, 209], 304), found 500
USER	MySql - Load Scenario	END	1685822187221
USER	MySql - Save Scenario	START	1685822187312
USER	MongoDB - Save Scenario	START	1685822187312
USER	MySql - Load Scenario	START	1685822187313
USER	MongoDB - Load Scenario	START	1685822187313
REQUEST		MongoDB - Load	1685822187313	1685822187348	OK	 
USER	MongoDB - Load Scenario	END	1685822187348
REQUEST		MongoDB - Save	1685822187312	1685822187357	OK	 
USER	MongoDB - Save Scenario	END	1685822187357
REQUEST		MySql - Save	1685822182720	1685822187462	OK	 
USER	MySql - Save Scenario	END	1685822187462
REQUEST		MySql - Load	1685822183714	1685822187469	KO	status.find.in([200, 209], 304), found 500
USER	MySql - Load Scenario	END	1685822187469
REQUEST		MySql - Save	1685822180115	1685822187479	OK	 
USER	MySql - Save Scenario	END	1685822187480
USER	MySql - Load Scenario	START	1685822187511
USER	MongoDB - Load Scenario	START	1685822187511
USER	MongoDB - Save Scenario	START	1685822187512
USER	MySql - Save Scenario	START	1685822187512
REQUEST		MongoDB - Load	1685822187511	1685822187536	OK	 
USER	MongoDB - Load Scenario	END	1685822187536
REQUEST		MongoDB - Save	1685822187512	1685822187545	OK	 
USER	MongoDB - Save Scenario	END	1685822187546
REQUEST		MySql - Save	1685822180911	1685822187613	OK	 
USER	MySql - Save Scenario	END	1685822187613
REQUEST		MySql - Save	1685822183712	1685822187621	OK	 
USER	MySql - Save Scenario	END	1685822187621
REQUEST		MySql - Save	1685822182312	1685822187673	OK	 
USER	MySql - Save Scenario	END	1685822187674
USER	MySql - Load Scenario	START	1685822187711
USER	MySql - Save Scenario	START	1685822187712
USER	MongoDB - Load Scenario	START	1685822187714
USER	MongoDB - Save Scenario	START	1685822187714
REQUEST		MongoDB - Load	1685822187713	1685822187744	OK	 
USER	MongoDB - Load Scenario	END	1685822187744
REQUEST		MongoDB - Save	1685822187711	1685822187744	OK	 
USER	MongoDB - Save Scenario	END	1685822187745
REQUEST		MySql - Load	1685822184311	1685822187869	OK	 
USER	MySql - Load Scenario	END	1685822187870
REQUEST		MySql - Save	1685822183112	1685822187878	OK	 
USER	MySql - Save Scenario	END	1685822187878
REQUEST		MySql - Save	1685822183513	1685822187879	OK	 
USER	MySql - Save Scenario	END	1685822187879
REQUEST		MySql - Save	1685822178512	1685822187883	OK	 
USER	MySql - Save Scenario	END	1685822187883
REQUEST		MySql - Load	1685822183916	1685822187885	KO	status.find.in([200, 209], 304), found 500
USER	MySql - Load Scenario	END	1685822187886
USER	MongoDB - Load Scenario	START	1685822187911
USER	MySql - Save Scenario	START	1685822187913
USER	MongoDB - Save Scenario	START	1685822187914
USER	MySql - Load Scenario	START	1685822187915
REQUEST		MongoDB - Save	1685822187913	1685822187949	OK	 
USER	MongoDB - Save Scenario	END	1685822187950
REQUEST		MongoDB - Load	1685822187911	1685822187952	OK	 
USER	MongoDB - Load Scenario	END	1685822187952
USER	MongoDB - Save Scenario	START	1685822188112
USER	MongoDB - Load Scenario	START	1685822188112
USER	MySql - Load Scenario	START	1685822188112
USER	MySql - Save Scenario	START	1685822188113
REQUEST		MongoDB - Save	1685822188111	1685822188143	OK	 
USER	MongoDB - Save Scenario	END	1685822188143
REQUEST		MongoDB - Load	1685822188111	1685822188158	OK	 
USER	MongoDB - Load Scenario	END	1685822188158
REQUEST		MySql - Load	1685822184114	1685822188214	KO	status.find.in([200, 209], 304), found 500
USER	MySql - Load Scenario	END	1685822188215
USER	MongoDB - Save Scenario	START	1685822188312
USER	MySql - Load Scenario	START	1685822188312
USER	MySql - Save Scenario	START	1685822188313
USER	MongoDB - Load Scenario	START	1685822188313
REQUEST		MongoDB - Save	1685822188311	1685822188338	OK	 
USER	MongoDB - Save Scenario	END	1685822188338
REQUEST		MongoDB - Load	1685822188313	1685822188355	OK	 
USER	MongoDB - Load Scenario	END	1685822188356
REQUEST		MySql - Load	1685822184713	1685822188426	KO	status.find.in([200, 209], 304), found 500
USER	MySql - Load Scenario	END	1685822188427
REQUEST		MySql - Load	1685822184513	1685822188427	KO	status.find.in([200, 209], 304), found 500
USER	MySql - Load Scenario	END	1685822188427
REQUEST		MySql - Load	1685822184913	1685822188497	KO	status.find.in([200, 209], 304), found 500
USER	MySql - Load Scenario	END	1685822188498
USER	MySql - Load Scenario	START	1685822188512
USER	MongoDB - Save Scenario	START	1685822188512
USER	MongoDB - Load Scenario	START	1685822188513
USER	MySql - Save Scenario	START	1685822188513
REQUEST		MongoDB - Save	1685822188512	1685822188543	OK	 
USER	MongoDB - Save Scenario	END	1685822188543
REQUEST		MongoDB - Load	1685822188512	1685822188544	OK	 
USER	MongoDB - Load Scenario	END	1685822188544
REQUEST		MySql - Save	1685822184912	1685822188630	OK	 
USER	MySql - Save Scenario	END	1685822188630
USER	MySql - Load Scenario	START	1685822188712
USER	MongoDB - Save Scenario	START	1685822188713
USER	MongoDB - Load Scenario	START	1685822188713
USER	MySql - Save Scenario	START	1685822188713
REQUEST		MongoDB - Save	1685822188712	1685822188744	OK	 
USER	MongoDB - Save Scenario	END	1685822188745
REQUEST		MongoDB - Load	1685822188713	1685822188761	OK	 
USER	MongoDB - Load Scenario	END	1685822188761
REQUEST		MySql - Load	1685822185312	1685822188776	KO	status.find.in([200, 209], 304), found 500
REQUEST		MySql - Load	1685822185115	1685822188777	KO	status.find.in([200, 209], 304), found 500
USER	MySql - Load Scenario	END	1685822188777
USER	MySql - Load Scenario	END	1685822188777
USER	MySql - Load Scenario	START	1685822188912
USER	MongoDB - Save Scenario	START	1685822188912
USER	MongoDB - Load Scenario	START	1685822188913
USER	MySql - Save Scenario	START	1685822188913
REQUEST		MongoDB - Load	1685822188913	1685822188936	OK	 
USER	MongoDB - Load Scenario	END	1685822188936
REQUEST		MongoDB - Save	1685822188912	1685822188937	OK	 
USER	MongoDB - Save Scenario	END	1685822188937
REQUEST		MySql - Save	1685822183914	1685822188956	OK	 
USER	MySql - Save Scenario	END	1685822188957
REQUEST		MySql - Save	1685822185112	1685822188974	OK	 
USER	MySql - Save Scenario	END	1685822188974
REQUEST		MySql - Save	1685822184712	1685822188986	OK	 
USER	MySql - Save Scenario	END	1685822188987
USER	MySql - Load Scenario	START	1685822189112
USER	MongoDB - Save Scenario	START	1685822189112
USER	MongoDB - Load Scenario	START	1685822189113
USER	MySql - Save Scenario	START	1685822189114
REQUEST		MongoDB - Load	1685822189112	1685822189138	OK	 
USER	MongoDB - Load Scenario	END	1685822189138
REQUEST		MongoDB - Save	1685822189112	1685822189140	OK	 
USER	MongoDB - Save Scenario	END	1685822189140
REQUEST		MySql - Load	1685822185511	1685822189223	KO	status.find.in([200, 209], 304), found 500
USER	MySql - Load Scenario	END	1685822189224
REQUEST		MySql - Load	1685822185711	1685822189226	KO	status.find.in([200, 209], 304), found 500
USER	MySql - Load Scenario	END	1685822189227
REQUEST		MySql - Save	1685822185711	1685822189227	OK	 
USER	MySql - Save Scenario	END	1685822189227
REQUEST		MySql - Load	1685822186311	1685822189332	KO	status.find.in([200, 209], 304), found 500
USER	MySql - Load Scenario	END	1685822189332
REQUEST		MySql - Load	1685822185914	1685822189358	KO	status.find.in([200, 209], 304), found 500
USER	MySql - Load Scenario	END	1685822189358
REQUEST		MySql - Load	1685822186512	1685822189428	KO	status.find.in([200, 209], 304), found 500
USER	MySql - Load Scenario	END	1685822189429
REQUEST		MySql - Save	1685822185511	1685822189464	OK	 
USER	MySql - Save Scenario	END	1685822189465
REQUEST		MySql - Load	1685822186111	1685822189469	KO	status.find.in([200, 209], 304), found 500
USER	MySql - Load Scenario	END	1685822189469
REQUEST		MySql - Load	1685822186712	1685822189715	KO	status.find.in([200, 209], 304), found 500
USER	MySql - Load Scenario	END	1685822189716
REQUEST		MySql - Save	1685822184312	1685822189716	OK	 
USER	MySql - Save Scenario	END	1685822189717
REQUEST		MySql - Save	1685822181511	1685822190020	OK	 
USER	MySql - Save Scenario	END	1685822190021
REQUEST		MySql - Save	1685822182512	1685822190023	OK	 
USER	MySql - Save Scenario	END	1685822190024
REQUEST		MySql - Save	1685822185913	1685822190028	OK	 
USER	MySql - Save Scenario	END	1685822190028
REQUEST		MySql - Load	1685822186913	1685822190032	KO	status.find.in([200, 209], 304), found 500
USER	MySql - Load Scenario	END	1685822190032
REQUEST		MySql - Save	1685822183313	1685822190036	OK	 
USER	MySql - Save Scenario	END	1685822190036
REQUEST		MySql - Save	1685822186311	1685822190115	OK	 
USER	MySql - Save Scenario	END	1685822190116
REQUEST		MySql - Save	1685822186512	1685822190118	OK	 
USER	MySql - Save Scenario	END	1685822190119
REQUEST		MySql - Save	1685822186913	1685822190119	OK	 
USER	MySql - Save Scenario	END	1685822190120
REQUEST		MySql - Load	1685822187114	1685822190123	OK	 
USER	MySql - Load Scenario	END	1685822190123
REQUEST		MySql - Load	1685822187313	1685822190125	KO	status.find.in([200, 209], 304), found 500
USER	MySql - Load Scenario	END	1685822190126
REQUEST		MySql - Save	1685822184512	1685822190169	OK	 
USER	MySql - Save Scenario	END	1685822190170
REQUEST		MySql - Save	1685822181911	1685822190226	OK	 
USER	MySql - Save Scenario	END	1685822190227
REQUEST		MySql - Load	1685822187511	1685822190252	KO	status.find.in([200, 209], 304), found 500
USER	MySql - Load Scenario	END	1685822190253
REQUEST		MySql - Load	1685822187711	1685822190508	KO	status.find.in([200, 209], 304), found 500
USER	MySql - Load Scenario	END	1685822190509
REQUEST		MySql - Save	1685822187512	1685822190549	OK	 
USER	MySql - Save Scenario	END	1685822190549
REQUEST		MySql - Save	1685822187312	1685822190555	OK	 
USER	MySql - Save Scenario	END	1685822190555
REQUEST		MySql - Load	1685822187915	1685822190787	KO	status.find.in([200, 209], 304), found 500
USER	MySql - Load Scenario	END	1685822190788
REQUEST		MySql - Save	1685822187712	1685822190905	OK	 
USER	MySql - Save Scenario	END	1685822190906
REQUEST		MySql - Load	1685822188112	1685822190907	KO	status.find.in([200, 209], 304), found 500
USER	MySql - Load Scenario	END	1685822190907
REQUEST		MySql - Load	1685822188311	1685822190911	KO	status.find.in([200, 209], 304), found 500
USER	MySql - Load Scenario	END	1685822190912
REQUEST		MySql - Load	1685822188511	1685822190943	KO	status.find.in([200, 209], 304), found 500
USER	MySql - Load Scenario	END	1685822190944
REQUEST		MySql - Save	1685822186712	1685822191011	OK	 
USER	MySql - Save Scenario	END	1685822191015
REQUEST		MySql - Load	1685822188712	1685822191110	KO	status.find.in([200, 209], 304), found 500
USER	MySql - Load Scenario	END	1685822191110
REQUEST		MySql - Save	1685822188313	1685822191203	OK	 
USER	MySql - Save Scenario	END	1685822191203
REQUEST		MySql - Load	1685822188912	1685822191204	KO	status.find.in([200, 209], 304), found 500
USER	MySql - Load Scenario	END	1685822191204
REQUEST		MySql - Load	1685822189111	1685822191358	KO	status.find.in([200, 209], 304), found 500
USER	MySql - Load Scenario	END	1685822191358
REQUEST		MySql - Save	1685822184115	1685822191359	OK	 
USER	MySql - Save Scenario	END	1685822191359
REQUEST		MySql - Save	1685822188913	1685822191700	OK	 
USER	MySql - Save Scenario	END	1685822191701
REQUEST		MySql - Save	1685822188513	1685822191743	OK	 
USER	MySql - Save Scenario	END	1685822191744
REQUEST		MySql - Save	1685822188113	1685822191844	OK	 
USER	MySql - Save Scenario	END	1685822191844
REQUEST		MySql - Save	1685822186113	1685822191928	OK	 
USER	MySql - Save Scenario	END	1685822191929
REQUEST		MySql - Save	1685822185312	1685822191946	OK	 
USER	MySql - Save Scenario	END	1685822191946
REQUEST		MySql - Save	1685822187112	1685822192000	OK	 
USER	MySql - Save Scenario	END	1685822192001
REQUEST		MySql - Save	1685822187912	1685822192367	OK	 
USER	MySql - Save Scenario	END	1685822192367
REQUEST		MySql - Save	1685822188713	1685822192369	OK	 
USER	MySql - Save Scenario	END	1685822192370
REQUEST		MySql - Save	1685822189114	1685822192438	OK	 
USER	MySql - Save Scenario	END	1685822192439
