RUN	gatling.SpikeSpec	spikespec	1685822212795	 	3.9.5
USER	MongoDB - Load Scenario	START	1685822213824
USER	MySql - Load Scenario	START	1685822213824
USER	MySql - Save Scenario	START	1685822213830
USER	MongoDB - Save Scenario	START	1685822213834
REQUEST		MongoDB - Save	1685822213834	1685822215475	OK	 
REQUEST		MongoDB - Load	1685822213822	1685822215494	KO	status.find.in([200, 209], 304), found 500
USER	MongoDB - Load Scenario	END	1685822215511
USER	MongoDB - Save Scenario	END	1685822215513
REQUEST		MySql - Load	1685822213823	1685822215999	KO	status.find.in([200, 209], 304), found 500
USER	MySql - Load Scenario	END	1685822216000
REQUEST		MySql - Save	1685822213823	1685822216865	OK	 
USER	MySql - Save Scenario	END	1685822216866
USER	MongoDB - Save Scenario	START	1685822218785
USER	MySql - Save Scenario	START	1685822218786
USER	MySql - Load Scenario	START	1685822218787
USER	MongoDB - Load Scenario	START	1685822218791
REQUEST		MongoDB - Save	1685822218785	1685822218970	OK	 
USER	MongoDB - Save Scenario	END	1685822218971
REQUEST		MongoDB - Load	1685822218785	1685822219023	OK	 
USER	MongoDB - Load Scenario	END	1685822219024
REQUEST		MySql - Load	1685822218786	1685822219076	OK	 
USER	MySql - Load Scenario	END	1685822219077
REQUEST		MySql - Save	1685822218786	1685822219883	OK	 
USER	MySql - Save Scenario	END	1685822219885
USER	MySql - Save Scenario	START	1685822223786
USER	MySql - Save Scenario	START	1685822223786
USER	MySql - Save Scenario	START	1685822223786
USER	MySql - Save Scenario	START	1685822223787
USER	MySql - Save Scenario	START	1685822223787
USER	MySql - Save Scenario	START	1685822223787
USER	MySql - Save Scenario	START	1685822223787
USER	MySql - Save Scenario	START	1685822223787
USER	MySql - Save Scenario	START	1685822223788
USER	MongoDB - Load Scenario	START	1685822223788
USER	MySql - Load Scenario	START	1685822223788
USER	MongoDB - Load Scenario	START	1685822223788
USER	MySql - Save Scenario	START	1685822223789
USER	MySql - Save Scenario	START	1685822223790
USER	MySql - Save Scenario	START	1685822223790
USER	MySql - Save Scenario	START	1685822223791
USER	MySql - Save Scenario	START	1685822223791
USER	MySql - Save Scenario	START	1685822223792
USER	MySql - Save Scenario	START	1685822223788
USER	MongoDB - Load Scenario	START	1685822223792
USER	MySql - Save Scenario	START	1685822223792
USER	MongoDB - Load Scenario	START	1685822223792
USER	MySql - Load Scenario	START	1685822223793
USER	MySql - Load Scenario	START	1685822223793
USER	MySql - Save Scenario	START	1685822223794
USER	MySql - Save Scenario	START	1685822223794
USER	MySql - Save Scenario	START	1685822223794
USER	MySql - Save Scenario	START	1685822223794
USER	MySql - Save Scenario	START	1685822223795
USER	MongoDB - Load Scenario	START	1685822223795
USER	MySql - Save Scenario	START	1685822223795
USER	MySql - Load Scenario	START	1685822223796
USER	MongoDB - Load Scenario	START	1685822223796
USER	MongoDB - Load Scenario	START	1685822223797
USER	MySql - Save Scenario	START	1685822223797
USER	MySql - Save Scenario	START	1685822223798
USER	MongoDB - Load Scenario	START	1685822223798
USER	MongoDB - Save Scenario	START	1685822223798
USER	MongoDB - Load Scenario	START	1685822223798
USER	MySql - Load Scenario	START	1685822223799
USER	MongoDB - Load Scenario	START	1685822223799
USER	MySql - Save Scenario	START	1685822223800
USER	MySql - Load Scenario	START	1685822223800
USER	MySql - Load Scenario	START	1685822223800
USER	MongoDB - Save Scenario	START	1685822223800
USER	MongoDB - Load Scenario	START	1685822223800
USER	MongoDB - Load Scenario	START	1685822223801
USER	MySql - Load Scenario	START	1685822223802
USER	MySql - Save Scenario	START	1685822223801
USER	MongoDB - Save Scenario	START	1685822223802
USER	MongoDB - Load Scenario	START	1685822223802
USER	MongoDB - Save Scenario	START	1685822223803
USER	MySql - Save Scenario	START	1685822223803
USER	MySql - Load Scenario	START	1685822223803
USER	MongoDB - Save Scenario	START	1685822223804
USER	MySql - Load Scenario	START	1685822223804
USER	MySql - Load Scenario	START	1685822223804
USER	MongoDB - Save Scenario	START	1685822223805
USER	MongoDB - Load Scenario	START	1685822223805
USER	MongoDB - Load Scenario	START	1685822223806
USER	MongoDB - Load Scenario	START	1685822223807
USER	MongoDB - Load Scenario	START	1685822223807
USER	MySql - Load Scenario	START	1685822223808
USER	MongoDB - Load Scenario	START	1685822223809
USER	MongoDB - Load Scenario	START	1685822223808
USER	MySql - Save Scenario	START	1685822223809
USER	MongoDB - Save Scenario	START	1685822223808
USER	MySql - Save Scenario	START	1685822223810
USER	MongoDB - Save Scenario	START	1685822223810
USER	MySql - Save Scenario	START	1685822223810
USER	MySql - Load Scenario	START	1685822223811
USER	MySql - Load Scenario	START	1685822223811
USER	MySql - Save Scenario	START	1685822223811
USER	MySql - Load Scenario	START	1685822223811
USER	MongoDB - Load Scenario	START	1685822223812
USER	MongoDB - Save Scenario	START	1685822223812
USER	MongoDB - Save Scenario	START	1685822223813
USER	MongoDB - Load Scenario	START	1685822223813
USER	MongoDB - Load Scenario	START	1685822223813
USER	MongoDB - Save Scenario	START	1685822223813
USER	MongoDB - Load Scenario	START	1685822223814
USER	MongoDB - Save Scenario	START	1685822223814
USER	MongoDB - Save Scenario	START	1685822223814
USER	MongoDB - Load Scenario	START	1685822223815
USER	MySql - Load Scenario	START	1685822223814
USER	MongoDB - Load Scenario	START	1685822223816
USER	MongoDB - Load Scenario	START	1685822223816
USER	MongoDB - Save Scenario	START	1685822223817
USER	MySql - Load Scenario	START	1685822223816
USER	MongoDB - Load Scenario	START	1685822223817
USER	MySql - Save Scenario	START	1685822223818
USER	MongoDB - Save Scenario	START	1685822223818
USER	MongoDB - Save Scenario	START	1685822223818
USER	MySql - Load Scenario	START	1685822223818
USER	MongoDB - Load Scenario	START	1685822223819
USER	MySql - Save Scenario	START	1685822223819
USER	MySql - Load Scenario	START	1685822223820
USER	MySql - Load Scenario	START	1685822223819
USER	MongoDB - Save Scenario	START	1685822223822
USER	MongoDB - Load Scenario	START	1685822223820
USER	MySql - Save Scenario	START	1685822223823
USER	MySql - Load Scenario	START	1685822223823
USER	MySql - Save Scenario	START	1685822223823
USER	MongoDB - Save Scenario	START	1685822223824
USER	MongoDB - Load Scenario	START	1685822223824
USER	MongoDB - Load Scenario	START	1685822223824
USER	MongoDB - Load Scenario	START	1685822223824
USER	MongoDB - Load Scenario	START	1685822223825
USER	MongoDB - Save Scenario	START	1685822223825
USER	MongoDB - Save Scenario	START	1685822223825
USER	MySql - Load Scenario	START	1685822223826
USER	MySql - Load Scenario	START	1685822223825
USER	MongoDB - Load Scenario	START	1685822223826
USER	MongoDB - Load Scenario	START	1685822223827
USER	MongoDB - Load Scenario	START	1685822223826
USER	MongoDB - Load Scenario	START	1685822223827
USER	MongoDB - Save Scenario	START	1685822223828
USER	MySql - Load Scenario	START	1685822223828
USER	MySql - Load Scenario	START	1685822223828
USER	MongoDB - Save Scenario	START	1685822223829
USER	MongoDB - Load Scenario	START	1685822223829
USER	MongoDB - Save Scenario	START	1685822223831
USER	MongoDB - Load Scenario	START	1685822223831
USER	MongoDB - Load Scenario	START	1685822223832
USER	MongoDB - Save Scenario	START	1685822223830
USER	MySql - Save Scenario	START	1685822223832
USER	MongoDB - Load Scenario	START	1685822223832
USER	MySql - Load Scenario	START	1685822223830
USER	MySql - Load Scenario	START	1685822223833
USER	MySql - Load Scenario	START	1685822223833
USER	MySql - Save Scenario	START	1685822223833
USER	MySql - Save Scenario	START	1685822223842
USER	MongoDB - Load Scenario	START	1685822223843
USER	MongoDB - Load Scenario	START	1685822223843
USER	MySql - Load Scenario	START	1685822223846
USER	MongoDB - Save Scenario	START	1685822223846
USER	MongoDB - Save Scenario	START	1685822223852
USER	MongoDB - Load Scenario	START	1685822223853
USER	MySql - Save Scenario	START	1685822223854
USER	MongoDB - Load Scenario	START	1685822223866
USER	MySql - Load Scenario	START	1685822223870
USER	MongoDB - Save Scenario	START	1685822223879
USER	MongoDB - Load Scenario	START	1685822223881
USER	MySql - Save Scenario	START	1685822223890
USER	MySql - Load Scenario	START	1685822223898
USER	MongoDB - Save Scenario	START	1685822223899
USER	MongoDB - Load Scenario	START	1685822223901
USER	MongoDB - Load Scenario	START	1685822223903
USER	MongoDB - Save Scenario	START	1685822223906
USER	MySql - Load Scenario	START	1685822223912
USER	MySql - Save Scenario	START	1685822223914
USER	MongoDB - Load Scenario	START	1685822223919
USER	MongoDB - Save Scenario	START	1685822223921
USER	MySql - Load Scenario	START	1685822223927
USER	MongoDB - Load Scenario	START	1685822223929
USER	MongoDB - Save Scenario	START	1685822223935
USER	MySql - Save Scenario	START	1685822223935
USER	MongoDB - Save Scenario	START	1685822223937
USER	MongoDB - Load Scenario	START	1685822223942
USER	MySql - Load Scenario	START	1685822223943
USER	MongoDB - Load Scenario	START	1685822223944
USER	MongoDB - Load Scenario	START	1685822223944
USER	MySql - Load Scenario	START	1685822223950
USER	MySql - Load Scenario	START	1685822223951
USER	MongoDB - Load Scenario	START	1685822223952
USER	MongoDB - Save Scenario	START	1685822223952
USER	MongoDB - Save Scenario	START	1685822223953
USER	MongoDB - Load Scenario	START	1685822223953
USER	MySql - Save Scenario	START	1685822223958
USER	MongoDB - Save Scenario	START	1685822223955
USER	MongoDB - Load Scenario	START	1685822223959
USER	MySql - Load Scenario	START	1685822223959
USER	MySql - Save Scenario	START	1685822223958
USER	MongoDB - Load Scenario	START	1685822223959
USER	MongoDB - Load Scenario	START	1685822223960
USER	MongoDB - Load Scenario	START	1685822223965
USER	MySql - Load Scenario	START	1685822223966
USER	MySql - Load Scenario	START	1685822223967
USER	MongoDB - Save Scenario	START	1685822223968
USER	MongoDB - Save Scenario	START	1685822223969
USER	MongoDB - Load Scenario	START	1685822223970
USER	MongoDB - Save Scenario	START	1685822223969
USER	MongoDB - Load Scenario	START	1685822223971
USER	MongoDB - Save Scenario	START	1685822223973
USER	MongoDB - Load Scenario	START	1685822223971
USER	MongoDB - Load Scenario	START	1685822223972
USER	MySql - Load Scenario	START	1685822223972
USER	MySql - Load Scenario	START	1685822223978
USER	MySql - Load Scenario	START	1685822223978
USER	MongoDB - Load Scenario	START	1685822223980
USER	MongoDB - Save Scenario	START	1685822223979
USER	MySql - Save Scenario	START	1685822223974
USER	MongoDB - Load Scenario	START	1685822223981
USER	MySql - Save Scenario	START	1685822223981
USER	MongoDB - Load Scenario	START	1685822223982
USER	MongoDB - Load Scenario	START	1685822223982
USER	MongoDB - Save Scenario	START	1685822223982
USER	MySql - Load Scenario	START	1685822223982
USER	MySql - Save Scenario	START	1685822223983
USER	MongoDB - Save Scenario	START	1685822223979
USER	MongoDB - Load Scenario	START	1685822223987
USER	MySql - Save Scenario	START	1685822223987
USER	MongoDB - Save Scenario	START	1685822223988
USER	MySql - Load Scenario	START	1685822223988
USER	MySql - Save Scenario	START	1685822223989
USER	MongoDB - Save Scenario	START	1685822223989
USER	MongoDB - Save Scenario	START	1685822223989
USER	MySql - Load Scenario	START	1685822223990
USER	MongoDB - Load Scenario	START	1685822223990
USER	MongoDB - Save Scenario	START	1685822223991
USER	MongoDB - Load Scenario	START	1685822223991
USER	MySql - Save Scenario	START	1685822223992
USER	MySql - Load Scenario	START	1685822223992
USER	MongoDB - Save Scenario	START	1685822223992
USER	MySql - Load Scenario	START	1685822223983
USER	MongoDB - Save Scenario	START	1685822223996
USER	MongoDB - Load Scenario	START	1685822223996
USER	MySql - Save Scenario	START	1685822223997
USER	MongoDB - Load Scenario	START	1685822223997
USER	MySql - Load Scenario	START	1685822223998
USER	MongoDB - Save Scenario	START	1685822223998
USER	MongoDB - Save Scenario	START	1685822223999
USER	MongoDB - Load Scenario	START	1685822224000
USER	MongoDB - Load Scenario	START	1685822223999
USER	MySql - Save Scenario	START	1685822224000
USER	MySql - Load Scenario	START	1685822224006
USER	MySql - Load Scenario	START	1685822224001
USER	MongoDB - Save Scenario	START	1685822224007
USER	MongoDB - Save Scenario	START	1685822224006
USER	MySql - Load Scenario	START	1685822224001
USER	MongoDB - Load Scenario	START	1685822224007
USER	MySql - Load Scenario	START	1685822224002
USER	MongoDB - Save Scenario	START	1685822224008
USER	MongoDB - Save Scenario	START	1685822224008
USER	MongoDB - Load Scenario	START	1685822224008
USER	MySql - Save Scenario	START	1685822224009
USER	MySql - Save Scenario	START	1685822224010
USER	MySql - Save Scenario	START	1685822224010
USER	MongoDB - Load Scenario	START	1685822224010
USER	MongoDB - Save Scenario	START	1685822224011
USER	MySql - Load Scenario	START	1685822224011
USER	MongoDB - Load Scenario	START	1685822224012
USER	MySql - Load Scenario	START	1685822224013
USER	MongoDB - Save Scenario	START	1685822224017
USER	MongoDB - Save Scenario	START	1685822224017
USER	MongoDB - Load Scenario	START	1685822224018
USER	MySql - Load Scenario	START	1685822224018
USER	MySql - Load Scenario	START	1685822224020
USER	MongoDB - Save Scenario	START	1685822224019
USER	MySql - Save Scenario	START	1685822224020
USER	MySql - Save Scenario	START	1685822224021
USER	MongoDB - Load Scenario	START	1685822224021
USER	MongoDB - Save Scenario	START	1685822224022
USER	MongoDB - Load Scenario	START	1685822224026
USER	MySql - Load Scenario	START	1685822224027
USER	MySql - Load Scenario	START	1685822224027
USER	MongoDB - Save Scenario	START	1685822224028
USER	MongoDB - Load Scenario	START	1685822224028
USER	MongoDB - Save Scenario	START	1685822224029
USER	MongoDB - Save Scenario	START	1685822224030
USER	MongoDB - Load Scenario	START	1685822224030
USER	MySql - Save Scenario	START	1685822224036
USER	MySql - Save Scenario	START	1685822224036
USER	MySql - Load Scenario	START	1685822224037
USER	MySql - Load Scenario	START	1685822224038
USER	MongoDB - Load Scenario	START	1685822224038
USER	MySql - Save Scenario	START	1685822224039
USER	MongoDB - Save Scenario	START	1685822224039
USER	MySql - Load Scenario	START	1685822224040
USER	MongoDB - Load Scenario	START	1685822224040
USER	MongoDB - Save Scenario	START	1685822224041
USER	MongoDB - Load Scenario	START	1685822224044
USER	MongoDB - Save Scenario	START	1685822224042
USER	MongoDB - Save Scenario	START	1685822224042
USER	MySql - Load Scenario	START	1685822224045
USER	MySql - Load Scenario	START	1685822224046
USER	MySql - Load Scenario	START	1685822224043
USER	MongoDB - Load Scenario	START	1685822224046
USER	MySql - Save Scenario	START	1685822224049
USER	MySql - Load Scenario	START	1685822224047
USER	MySql - Save Scenario	START	1685822224052
USER	MongoDB - Load Scenario	START	1685822224051
USER	MySql - Load Scenario	START	1685822224052
USER	MySql - Save Scenario	START	1685822224054
USER	MongoDB - Load Scenario	START	1685822224054
USER	MongoDB - Save Scenario	START	1685822224054
USER	MongoDB - Save Scenario	START	1685822224053
USER	MongoDB - Save Scenario	START	1685822224054
USER	MySql - Save Scenario	START	1685822224055
USER	MySql - Load Scenario	START	1685822224057
USER	MongoDB - Load Scenario	START	1685822224058
USER	MySql - Load Scenario	START	1685822224055
USER	MySql - Save Scenario	START	1685822224060
USER	MongoDB - Load Scenario	START	1685822224060
USER	MongoDB - Save Scenario	START	1685822224060
USER	MySql - Save Scenario	START	1685822224061
USER	MySql - Load Scenario	START	1685822224062
USER	MySql - Save Scenario	START	1685822224062
USER	MySql - Save Scenario	START	1685822224063
USER	MySql - Save Scenario	START	1685822224058
USER	MongoDB - Save Scenario	START	1685822224069
USER	MySql - Load Scenario	START	1685822224064
USER	MongoDB - Save Scenario	START	1685822224070
USER	MySql - Save Scenario	START	1685822224069
USER	MongoDB - Load Scenario	START	1685822224071
USER	MongoDB - Load Scenario	START	1685822224086
USER	MySql - Load Scenario	START	1685822224086
USER	MongoDB - Load Scenario	START	1685822224087
USER	MongoDB - Save Scenario	START	1685822224088
USER	MongoDB - Save Scenario	START	1685822224085
USER	MongoDB - Load Scenario	START	1685822224089
USER	MySql - Save Scenario	START	1685822224089
USER	MySql - Save Scenario	START	1685822224088
USER	MySql - Load Scenario	START	1685822224090
USER	MongoDB - Load Scenario	START	1685822224090
USER	MySql - Load Scenario	START	1685822224091
USER	MongoDB - Save Scenario	START	1685822224091
USER	MySql - Load Scenario	START	1685822224092
USER	MongoDB - Save Scenario	START	1685822224092
USER	MongoDB - Save Scenario	START	1685822224099
USER	MySql - Load Scenario	START	1685822224098
USER	MongoDB - Load Scenario	START	1685822224098
USER	MySql - Save Scenario	START	1685822224100
USER	MongoDB - Load Scenario	START	1685822224099
USER	MySql - Save Scenario	START	1685822224100
USER	MySql - Load Scenario	START	1685822224103
USER	MongoDB - Save Scenario	START	1685822224102
USER	MongoDB - Save Scenario	START	1685822224102
USER	MongoDB - Load Scenario	START	1685822224104
USER	MySql - Load Scenario	START	1685822224104
USER	MySql - Load Scenario	START	1685822224105
USER	MongoDB - Save Scenario	START	1685822224112
USER	MongoDB - Save Scenario	START	1685822224110
USER	MongoDB - Save Scenario	START	1685822224110
USER	MySql - Save Scenario	START	1685822224113
USER	MySql - Save Scenario	START	1685822224112
USER	MySql - Load Scenario	START	1685822224116
USER	MySql - Load Scenario	START	1685822224116
USER	MySql - Save Scenario	START	1685822224113
USER	MongoDB - Load Scenario	START	1685822224117
USER	MongoDB - Save Scenario	START	1685822224120
USER	MongoDB - Save Scenario	START	1685822224119
USER	MySql - Load Scenario	START	1685822224122
USER	MySql - Save Scenario	START	1685822224122
USER	MySql - Load Scenario	START	1685822224128
USER	MySql - Save Scenario	START	1685822224129
USER	MongoDB - Save Scenario	START	1685822224130
USER	MongoDB - Save Scenario	START	1685822224131
USER	MySql - Save Scenario	START	1685822224133
USER	MySql - Load Scenario	START	1685822224137
USER	MongoDB - Save Scenario	START	1685822224139
USER	MySql - Load Scenario	START	1685822224138
USER	MongoDB - Save Scenario	START	1685822224141
USER	MySql - Save Scenario	START	1685822224140
USER	MongoDB - Save Scenario	START	1685822224142
USER	MySql - Save Scenario	START	1685822224143
USER	MySql - Load Scenario	START	1685822224146
USER	MySql - Load Scenario	START	1685822224147
USER	MongoDB - Save Scenario	START	1685822224149
USER	MongoDB - Save Scenario	START	1685822224148
USER	MySql - Save Scenario	START	1685822224154
USER	MySql - Save Scenario	START	1685822224154
USER	MySql - Load Scenario	START	1685822224155
USER	MySql - Load Scenario	START	1685822224160
USER	MongoDB - Save Scenario	START	1685822224146
USER	MongoDB - Save Scenario	START	1685822224161
USER	MongoDB - Save Scenario	START	1685822224161
USER	MySql - Load Scenario	START	1685822224162
USER	MySql - Load Scenario	START	1685822224162
USER	MySql - Save Scenario	START	1685822224165
USER	MySql - Load Scenario	START	1685822224166
USER	MySql - Save Scenario	START	1685822224167
USER	MongoDB - Save Scenario	START	1685822224167
USER	MySql - Load Scenario	START	1685822224173
USER	MongoDB - Save Scenario	START	1685822224173
USER	MySql - Load Scenario	START	1685822224174
USER	MongoDB - Save Scenario	START	1685822224175
USER	MySql - Load Scenario	START	1685822224180
USER	MongoDB - Save Scenario	START	1685822224181
USER	MySql - Save Scenario	START	1685822224181
USER	MongoDB - Load Scenario	START	1685822224182
USER	MySql - Load Scenario	START	1685822224182
USER	MySql - Save Scenario	START	1685822224183
USER	MongoDB - Save Scenario	START	1685822224184
USER	MySql - Save Scenario	START	1685822224189
USER	MySql - Load Scenario	START	1685822224188
USER	MySql - Save Scenario	START	1685822224190
USER	MySql - Save Scenario	START	1685822224198
USER	MySql - Load Scenario	START	1685822224198
USER	MySql - Load Scenario	START	1685822224199
USER	MySql - Save Scenario	START	1685822224208
USER	MongoDB - Save Scenario	START	1685822224207
USER	MySql - Save Scenario	START	1685822224208
USER	MySql - Save Scenario	START	1685822224209
USER	MySql - Save Scenario	START	1685822224209
REQUEST		MongoDB - Load	1685822223795	1685822224210	OK	 
USER	MongoDB - Load Scenario	END	1685822224215
USER	MySql - Save Scenario	START	1685822224215
USER	MongoDB - Save Scenario	START	1685822224216
USER	MySql - Load Scenario	START	1685822224224
USER	MySql - Load Scenario	START	1685822224229
USER	MySql - Load Scenario	START	1685822224234
USER	MySql - Save Scenario	START	1685822224239
USER	MySql - Save Scenario	START	1685822224248
USER	MySql - Save Scenario	START	1685822224250
USER	MySql - Save Scenario	START	1685822224258
REQUEST		MongoDB - Load	1685822223792	1685822224302	OK	 
USER	MongoDB - Load Scenario	END	1685822224311
REQUEST		MongoDB - Save	1685822223802	1685822224380	OK	 
REQUEST		MongoDB - Save	1685822223812	1685822224383	OK	 
USER	MongoDB - Save Scenario	END	1685822224385
USER	MongoDB - Save Scenario	END	1685822224385
REQUEST		MongoDB - Load	1685822223813	1685822224416	OK	 
USER	MongoDB - Load Scenario	END	1685822224417
REQUEST		MongoDB - Load	1685822223788	1685822224454	OK	 
USER	MongoDB - Load Scenario	END	1685822224455
REQUEST		MongoDB - Load	1685822223808	1685822224485	OK	 
USER	MongoDB - Load Scenario	END	1685822224486
REQUEST		MongoDB - Save	1685822223814	1685822224526	OK	 
USER	MongoDB - Save Scenario	END	1685822224527
REQUEST		MongoDB - Load	1685822223817	1685822224569	OK	 
USER	MongoDB - Load Scenario	END	1685822224570
REQUEST		MongoDB - Save	1685822223789	1685822224606	OK	 
USER	MongoDB - Save Scenario	END	1685822224607
REQUEST		MongoDB - Load	1685822223788	1685822224608	OK	 
USER	MongoDB - Load Scenario	END	1685822224608
REQUEST		MongoDB - Load	1685822223801	1685822224650	OK	 
USER	MongoDB - Load Scenario	END	1685822224651
REQUEST		MongoDB - Load	1685822223796	1685822224765	OK	 
USER	MongoDB - Load Scenario	END	1685822224766
REQUEST		MongoDB - Load	1685822223827	1685822224786	OK	 
USER	MongoDB - Load Scenario	END	1685822224789
REQUEST		MySql - Save	1685822223787	1685822224825	OK	 
USER	MySql - Save Scenario	END	1685822224826
REQUEST		MySql - Load	1685822223793	1685822224827	OK	 
USER	MySql - Load Scenario	END	1685822224827
REQUEST		MongoDB - Save	1685822223824	1685822224850	OK	 
USER	MongoDB - Save Scenario	END	1685822224851
REQUEST		MySql - Save	1685822223794	1685822224860	OK	 
USER	MySql - Save Scenario	END	1685822224860
REQUEST		MySql - Load	1685822223803	1685822224861	KO	status.find.in([200, 209], 304), found 500
USER	MySql - Load Scenario	END	1685822224861
REQUEST		MongoDB - Load	1685822223831	1685822224867	OK	 
USER	MongoDB - Load Scenario	END	1685822224868
REQUEST		MongoDB - Load	1685822223823	1685822224875	OK	 
USER	MongoDB - Load Scenario	END	1685822224876
REQUEST		MongoDB - Load	1685822223802	1685822224881	OK	 
USER	MongoDB - Load Scenario	END	1685822224882
REQUEST		MySql - Save	1685822223786	1685822224898	OK	 
USER	MySql - Save Scenario	END	1685822224899
REQUEST		MongoDB - Save	1685822223829	1685822224914	OK	 
USER	MongoDB - Save Scenario	END	1685822224915
REQUEST		MySql - Save	1685822223788	1685822224946	OK	 
USER	MySql - Save Scenario	END	1685822224947
REQUEST		MongoDB - Load	1685822223798	1685822224951	OK	 
USER	MongoDB - Load Scenario	END	1685822224952
REQUEST		MongoDB - Load	1685822223852	1685822225002	OK	 
USER	MongoDB - Load Scenario	END	1685822225003
REQUEST		MongoDB - Save	1685822223803	1685822225009	OK	 
USER	MongoDB - Save Scenario	END	1685822225010
REQUEST		MongoDB - Load	1685822223805	1685822225089	OK	 
USER	MongoDB - Load Scenario	END	1685822225090
REQUEST		MongoDB - Save	1685822223802	1685822225125	OK	 
USER	MongoDB - Save Scenario	END	1685822225126
REQUEST		MongoDB - Load	1685822223806	1685822225128	OK	 
USER	MongoDB - Load Scenario	END	1685822225129
REQUEST		MongoDB - Load	1685822223809	1685822225177	OK	 
USER	MongoDB - Load Scenario	END	1685822225177
REQUEST		MongoDB - Save	1685822223810	1685822225197	OK	 
USER	MongoDB - Save Scenario	END	1685822225199
REQUEST		MongoDB - Load	1685822223812	1685822225246	OK	 
USER	MongoDB - Load Scenario	END	1685822225247
REQUEST		MongoDB - Load	1685822223812	1685822225264	OK	 
USER	MongoDB - Load Scenario	END	1685822225265
REQUEST		MongoDB - Save	1685822223813	1685822225297	OK	 
USER	MongoDB - Save Scenario	END	1685822225298
REQUEST		MongoDB - Load	1685822223815	1685822225342	OK	 
USER	MongoDB - Load Scenario	END	1685822225343
REQUEST		MongoDB - Load	1685822223815	1685822225354	OK	 
USER	MongoDB - Load Scenario	END	1685822225355
REQUEST		MongoDB - Save	1685822223813	1685822225359	OK	 
USER	MongoDB - Save Scenario	END	1685822225360
REQUEST		MongoDB - Save	1685822223817	1685822225417	OK	 
USER	MongoDB - Save Scenario	END	1685822225418
REQUEST		MongoDB - Save	1685822223817	1685822225423	OK	 
USER	MongoDB - Save Scenario	END	1685822225425
REQUEST		MongoDB - Load	1685822223823	1685822225469	OK	 
USER	MongoDB - Load Scenario	END	1685822225469
REQUEST		MongoDB - Save	1685822223825	1685822225493	OK	 
USER	MongoDB - Save Scenario	END	1685822225494
REQUEST		MongoDB - Load	1685822223826	1685822225534	OK	 
USER	MongoDB - Load Scenario	END	1685822225534
REQUEST		MongoDB - Save	1685822223830	1685822225569	OK	 
USER	MongoDB - Save Scenario	END	1685822225569
REQUEST		MongoDB - Load	1685822223832	1685822225594	OK	 
USER	MongoDB - Load Scenario	END	1685822225595
REQUEST		MongoDB - Load	1685822223800	1685822225629	OK	 
USER	MongoDB - Load Scenario	END	1685822225630
REQUEST		MongoDB - Load	1685822223819	1685822225646	OK	 
USER	MongoDB - Load Scenario	END	1685822225647
REQUEST		MongoDB - Save	1685822223846	1685822225683	OK	 
USER	MongoDB - Save Scenario	END	1685822225684
REQUEST		MongoDB - Load	1685822223826	1685822225724	OK	 
USER	MongoDB - Load Scenario	END	1685822225724
REQUEST		MongoDB - Load	1685822223824	1685822225736	OK	 
USER	MongoDB - Load Scenario	END	1685822225736
REQUEST		MongoDB - Save	1685822223822	1685822225746	OK	 
USER	MongoDB - Save Scenario	END	1685822225747
REQUEST		MongoDB - Save	1685822223827	1685822225783	OK	 
USER	MongoDB - Save Scenario	END	1685822225784
REQUEST		MongoDB - Load	1685822223829	1685822225813	OK	 
USER	MongoDB - Load Scenario	END	1685822225813
REQUEST		MongoDB - Load	1685822223842	1685822225815	OK	 
USER	MongoDB - Load Scenario	END	1685822225815
REQUEST		MySql - Save	1685822223793	1685822225835	OK	 
USER	MySql - Save Scenario	END	1685822225836
REQUEST		MySql - Load	1685822223810	1685822225873	OK	 
USER	MySql - Load Scenario	END	1685822225874
REQUEST		MySql - Save	1685822223785	1685822225874	OK	 
USER	MySql - Save Scenario	END	1685822225874
REQUEST		MongoDB - Save	1685822223798	1685822225937	OK	 
USER	MongoDB - Save Scenario	END	1685822225938
REQUEST		MongoDB - Load	1685822223799	1685822225945	OK	 
USER	MongoDB - Load Scenario	END	1685822225946
REQUEST		MongoDB - Load	1685822223792	1685822225946	OK	 
USER	MongoDB - Load Scenario	END	1685822225946
REQUEST		MongoDB - Load	1685822223798	1685822225947	OK	 
USER	MongoDB - Load Scenario	END	1685822225947
REQUEST		MySql - Save	1685822223786	1685822225974	OK	 
USER	MySql - Save Scenario	END	1685822225975
REQUEST		MongoDB - Load	1685822223797	1685822225978	OK	 
USER	MongoDB - Load Scenario	END	1685822225979
REQUEST		MongoDB - Save	1685822223805	1685822226004	OK	 
USER	MongoDB - Save Scenario	END	1685822226004
REQUEST		MongoDB - Load	1685822223806	1685822226033	OK	 
USER	MongoDB - Load Scenario	END	1685822226033
REQUEST		MongoDB - Load	1685822223807	1685822226071	OK	 
USER	MongoDB - Load Scenario	END	1685822226072
REQUEST		MongoDB - Save	1685822223808	1685822226088	OK	 
USER	MongoDB - Save Scenario	END	1685822226090
REQUEST		MongoDB - Save	1685822224142	1685822226137	OK	 
USER	MongoDB - Save Scenario	END	1685822226138
REQUEST		MongoDB - Save	1685822223817	1685822226169	OK	 
USER	MongoDB - Save Scenario	END	1685822226169
REQUEST		MongoDB - Load	1685822223815	1685822226196	OK	 
USER	MongoDB - Load Scenario	END	1685822226196
REQUEST		MongoDB - Save	1685822223814	1685822226239	OK	 
USER	MongoDB - Save Scenario	END	1685822226240
REQUEST		MongoDB - Load	1685822223812	1685822226253	OK	 
USER	MongoDB - Load Scenario	END	1685822226254
REQUEST		MongoDB - Save	1685822224039	1685822226284	OK	 
USER	MongoDB - Save Scenario	END	1685822226285
REQUEST		MongoDB - Save	1685822224029	1685822226299	OK	 
USER	MongoDB - Save Scenario	END	1685822226299
REQUEST		MongoDB - Save	1685822224008	1685822226362	OK	 
USER	MongoDB - Save Scenario	END	1685822226362
REQUEST		MongoDB - Save	1685822224022	1685822226373	OK	 
USER	MongoDB - Save Scenario	END	1685822226374
REQUEST		MongoDB - Save	1685822223998	1685822226405	OK	 
USER	MongoDB - Save Scenario	END	1685822226406
REQUEST		MongoDB - Save	1685822224016	1685822226406	OK	 
USER	MongoDB - Save Scenario	END	1685822226407
REQUEST		MongoDB - Save	1685822223989	1685822226412	OK	 
USER	MongoDB - Save Scenario	END	1685822226412
REQUEST		MongoDB - Save	1685822223987	1685822226446	OK	 
USER	MongoDB - Save Scenario	END	1685822226447
REQUEST		MongoDB - Save	1685822223979	1685822226491	OK	 
USER	MongoDB - Save Scenario	END	1685822226491
REQUEST		MongoDB - Load	1685822223987	1685822226506	OK	 
USER	MongoDB - Load Scenario	END	1685822226506
REQUEST		MySql - Load	1685822223788	1685822226525	KO	status.find.in([200, 209], 304), found 500
USER	MySql - Load Scenario	END	1685822226525
REQUEST		MongoDB - Load	1685822223958	1685822226529	OK	 
USER	MongoDB - Load Scenario	END	1685822226529
REQUEST		MongoDB - Load	1685822223970	1685822226535	OK	 
USER	MongoDB - Load Scenario	END	1685822226536
REQUEST		MongoDB - Load	1685822223971	1685822226536	OK	 
USER	MongoDB - Load Scenario	END	1685822226537
REQUEST		MongoDB - Save	1685822223968	1685822226575	OK	 
USER	MongoDB - Save Scenario	END	1685822226576
REQUEST		MongoDB - Save	1685822223953	1685822226576	OK	 
USER	MongoDB - Save Scenario	END	1685822226577
REQUEST		MongoDB - Save	1685822223937	1685822226645	OK	 
USER	MongoDB - Save Scenario	END	1685822226646
REQUEST		MongoDB - Save	1685822224148	1685822226646	OK	 
USER	MongoDB - Save Scenario	END	1685822226647
REQUEST		MongoDB - Save	1685822223906	1685822226683	OK	 
USER	MongoDB - Save Scenario	END	1685822226684
REQUEST		MongoDB - Save	1685822224160	1685822226697	OK	 
USER	MongoDB - Save Scenario	END	1685822226698
REQUEST		MongoDB - Load	1685822223950	1685822226731	OK	 
USER	MongoDB - Load Scenario	END	1685822226732
REQUEST		MongoDB - Save	1685822224008	1685822226737	OK	 
USER	MongoDB - Save Scenario	END	1685822226738
REQUEST		MySql - Save	1685822223789	1685822226764	OK	 
USER	MySql - Save Scenario	END	1685822226765
REQUEST		MySql - Save	1685822223787	1685822226770	OK	 
USER	MySql - Save Scenario	END	1685822226770
REQUEST		MongoDB - Save	1685822224175	1685822226772	OK	 
USER	MongoDB - Save Scenario	END	1685822226774
REQUEST		MongoDB - Save	1685822224143	1685822226788	OK	 
USER	MongoDB - Save Scenario	END	1685822226789
REQUEST		MongoDB - Save	1685822223879	1685822226806	OK	 
USER	MongoDB - Save Scenario	END	1685822226806
REQUEST		MongoDB - Load	1685822224026	1685822226827	OK	 
USER	MongoDB - Load Scenario	END	1685822226827
REQUEST		MongoDB - Load	1685822224007	1685822226836	OK	 
USER	MongoDB - Load Scenario	END	1685822226837
REQUEST		MongoDB - Save	1685822223996	1685822226864	OK	 
USER	MongoDB - Save Scenario	END	1685822226865
REQUEST		MongoDB - Save	1685822224119	1685822226875	OK	 
USER	MongoDB - Save Scenario	END	1685822226875
REQUEST		MongoDB - Load	1685822223824	1685822226908	OK	 
USER	MongoDB - Load Scenario	END	1685822226909
REQUEST		MongoDB - Load	1685822223826	1685822226931	OK	 
USER	MongoDB - Load Scenario	END	1685822226931
REQUEST		MongoDB - Load	1685822223831	1685822226944	OK	 
USER	MongoDB - Load Scenario	END	1685822226944
REQUEST		MongoDB - Load	1685822224053	1685822226969	OK	 
USER	MongoDB - Load Scenario	END	1685822226970
REQUEST		MongoDB - Load	1685822224058	1685822226975	OK	 
USER	MongoDB - Load Scenario	END	1685822226975
REQUEST		MongoDB - Save	1685822223899	1685822226996	OK	 
USER	MongoDB - Save Scenario	END	1685822226997
REQUEST		MySql - Save	1685822223810	1685822227017	OK	 
USER	MySql - Save Scenario	END	1685822227018
REQUEST		MongoDB - Save	1685822223921	1685822227051	OK	 
USER	MongoDB - Save Scenario	END	1685822227052
REQUEST		MongoDB - Save	1685822223831	1685822227054	OK	 
USER	MongoDB - Save Scenario	END	1685822227055
REQUEST		MongoDB - Load	1685822224070	1685822227064	OK	 
USER	MongoDB - Load Scenario	END	1685822227065
REQUEST		MongoDB - Save	1685822224006	1685822227097	OK	 
USER	MongoDB - Save Scenario	END	1685822227098
REQUEST		MongoDB - Save	1685822224041	1685822227099	OK	 
USER	MongoDB - Save Scenario	END	1685822227100
REQUEST		MongoDB - Save	1685822223845	1685822227103	OK	 
USER	MongoDB - Save Scenario	END	1685822227103
REQUEST		MongoDB - Save	1685822224139	1685822227117	OK	 
USER	MongoDB - Save Scenario	END	1685822227118
REQUEST		MongoDB - Save	1685822223823	1685822227122	OK	 
USER	MongoDB - Save Scenario	END	1685822227122
REQUEST		MongoDB - Load	1685822223943	1685822227158	OK	 
USER	MongoDB - Load Scenario	END	1685822227158
REQUEST		MongoDB - Save	1685822224130	1685822227167	OK	 
USER	MongoDB - Save Scenario	END	1685822227168
REQUEST		MongoDB - Load	1685822223996	1685822227203	OK	 
USER	MongoDB - Load Scenario	END	1685822227203
REQUEST		MongoDB - Load	1685822223928	1685822227208	OK	 
REQUEST		MongoDB - Load	1685822223981	1685822227209	OK	 
USER	MongoDB - Load Scenario	END	1685822227209
USER	MongoDB - Load Scenario	END	1685822227209
REQUEST		MongoDB - Load	1685822223861	1685822227262	OK	 
REQUEST		MongoDB - Load	1685822223842	1685822227263	OK	 
USER	MongoDB - Load Scenario	END	1685822227264
USER	MongoDB - Load Scenario	END	1685822227264
REQUEST		MongoDB - Load	1685822224117	1685822227263	OK	 
USER	MongoDB - Load Scenario	END	1685822227264
REQUEST		MongoDB - Load	1685822223820	1685822227264	OK	 
USER	MongoDB - Load Scenario	END	1685822227265
REQUEST		MySql - Load	1685822223801	1685822227282	KO	status.find.in([200, 209], 304), found 500
REQUEST		MySql - Load	1685822223828	1685822227282	KO	status.find.in([200, 209], 304), found 500
USER	MySql - Load Scenario	END	1685822227283
USER	MySql - Load Scenario	END	1685822227283
REQUEST		MySql - Load	1685822223796	1685822227283	KO	status.find.in([200, 209], 304), found 500
USER	MySql - Load Scenario	END	1685822227284
REQUEST		MySql - Load	1685822223819	1685822227284	KO	status.find.in([200, 209], 304), found 500
USER	MySql - Load Scenario	END	1685822227284
REQUEST		MySql - Save	1685822223787	1685822227284	OK	 
USER	MySql - Save Scenario	END	1685822227286
REQUEST		MongoDB - Save	1685822224054	1685822227301	OK	 
USER	MongoDB - Save Scenario	END	1685822227302
REQUEST		MongoDB - Load	1685822224090	1685822227344	OK	 
USER	MongoDB - Load Scenario	END	1685822227345
REQUEST		MongoDB - Load	1685822224087	1685822227355	OK	 
USER	MongoDB - Load Scenario	END	1685822227356
REQUEST		MongoDB - Save	1685822224069	1685822227357	OK	 
USER	MongoDB - Save Scenario	END	1685822227357
REQUEST		MongoDB - Save	1685822224098	1685822227382	OK	 
USER	MongoDB - Save Scenario	END	1685822227382
REQUEST		MongoDB - Save	1685822224109	1685822227385	OK	 
USER	MongoDB - Save Scenario	END	1685822227385
REQUEST		MongoDB - Save	1685822224087	1685822227403	OK	 
USER	MongoDB - Save Scenario	END	1685822227404
REQUEST		MongoDB - Load	1685822223900	1685822227443	OK	 
USER	MongoDB - Load Scenario	END	1685822227444
REQUEST		MongoDB - Load	1685822223902	1685822227447	OK	 
USER	MongoDB - Load Scenario	END	1685822227448
REQUEST		MongoDB - Load	1685822223880	1685822227459	OK	 
USER	MongoDB - Load Scenario	END	1685822227460
REQUEST		MongoDB - Load	1685822223919	1685822227466	OK	 
USER	MongoDB - Load Scenario	END	1685822227467
REQUEST		MongoDB - Load	1685822224099	1685822227497	OK	 
USER	MongoDB - Load Scenario	END	1685822227498
REQUEST		MongoDB - Load	1685822224104	1685822227507	OK	 
USER	MongoDB - Load Scenario	END	1685822227508
REQUEST		MongoDB - Save	1685822224029	1685822227533	OK	 
USER	MongoDB - Save Scenario	END	1685822227534
REQUEST		MongoDB - Save	1685822224106	1685822227548	OK	 
USER	MongoDB - Save Scenario	END	1685822227548
REQUEST		MongoDB - Save	1685822224053	1685822227584	OK	 
USER	MongoDB - Save Scenario	END	1685822227584
REQUEST		MongoDB - Save	1685822224041	1685822227592	OK	 
USER	MongoDB - Save Scenario	END	1685822227593
REQUEST		MongoDB - Load	1685822224045	1685822227596	OK	 
USER	MongoDB - Load Scenario	END	1685822227597
REQUEST		MongoDB - Save	1685822224060	1685822227606	OK	 
USER	MongoDB - Save Scenario	END	1685822227607
REQUEST		MongoDB - Load	1685822224038	1685822227623	OK	 
USER	MongoDB - Load Scenario	END	1685822227623
REQUEST		MongoDB - Save	1685822224070	1685822227650	OK	 
USER	MongoDB - Save Scenario	END	1685822227651
REQUEST		MongoDB - Load	1685822223972	1685822227651	OK	 
USER	MongoDB - Load Scenario	END	1685822227652
REQUEST		MongoDB - Save	1685822223954	1685822227654	OK	 
USER	MongoDB - Save Scenario	END	1685822227654
REQUEST		MongoDB - Save	1685822223982	1685822227656	OK	 
USER	MongoDB - Save Scenario	END	1685822227656
REQUEST		MongoDB - Save	1685822223969	1685822227673	OK	 
USER	MongoDB - Save Scenario	END	1685822227673
REQUEST		MongoDB - Load	1685822223951	1685822227695	OK	 
USER	MongoDB - Load Scenario	END	1685822227696
REQUEST		MongoDB - Load	1685822223960	1685822227714	OK	 
USER	MongoDB - Load Scenario	END	1685822227714
REQUEST		MySql - Save	1685822223786	1685822227722	OK	 
USER	MySql - Save Scenario	END	1685822227723
REQUEST		MySql - Save	1685822223787	1685822227726	OK	 
USER	MySql - Save Scenario	END	1685822227726
REQUEST		MySql - Save	1685822223795	1685822227732	OK	 
USER	MySql - Save Scenario	END	1685822227732
REQUEST		MongoDB - Save	1685822223979	1685822227784	OK	 
USER	MongoDB - Save Scenario	END	1685822227784
REQUEST		MongoDB - Load	1685822223970	1685822227785	OK	 
USER	MongoDB - Load Scenario	END	1685822227785
REQUEST		MongoDB - Load	1685822223983	1685822227788	OK	 
USER	MongoDB - Load Scenario	END	1685822227789
REQUEST		MongoDB - Save	1685822223998	1685822227791	OK	 
USER	MongoDB - Save Scenario	END	1685822227791
REQUEST		MongoDB - Load	1685822224028	1685822227791	OK	 
USER	MongoDB - Load Scenario	END	1685822227792
REQUEST		MongoDB - Load	1685822223981	1685822227792	OK	 
USER	MongoDB - Load Scenario	END	1685822227792
REQUEST		MongoDB - Load	1685822223980	1685822227814	OK	 
USER	MongoDB - Load Scenario	END	1685822227815
REQUEST		MongoDB - Load	1685822223999	1685822227823	OK	 
USER	MongoDB - Load Scenario	END	1685822227823
REQUEST		MongoDB - Load	1685822224007	1685822227849	OK	 
USER	MongoDB - Load Scenario	END	1685822227849
REQUEST		MongoDB - Load	1685822224018	1685822227879	OK	 
USER	MongoDB - Load Scenario	END	1685822227880
REQUEST		MongoDB - Save	1685822224092	1685822227880	OK	 
USER	MongoDB - Save Scenario	END	1685822227881
REQUEST		MongoDB - Save	1685822224011	1685822227881	OK	 
USER	MongoDB - Save Scenario	END	1685822227882
REQUEST		MongoDB - Save	1685822224019	1685822227882	OK	 
USER	MongoDB - Save Scenario	END	1685822227883
REQUEST		MongoDB - Load	1685822224021	1685822227885	OK	 
USER	MongoDB - Load Scenario	END	1685822227885
REQUEST		MongoDB - Load	1685822223980	1685822227902	OK	 
USER	MongoDB - Load Scenario	END	1685822227903
REQUEST		MongoDB - Save	1685822224102	1685822227904	OK	 
USER	MongoDB - Save Scenario	END	1685822227905
REQUEST		MongoDB - Save	1685822223969	1685822227906	OK	 
USER	MongoDB - Save Scenario	END	1685822227906
REQUEST		MongoDB - Load	1685822223990	1685822227933	OK	 
USER	MongoDB - Load Scenario	END	1685822227933
REQUEST		MongoDB - Save	1685822223991	1685822227941	OK	 
USER	MongoDB - Save Scenario	END	1685822227941
REQUEST		MongoDB - Save	1685822223989	1685822227943	OK	 
USER	MongoDB - Save Scenario	END	1685822227944
REQUEST		MongoDB - Save	1685822223992	1685822227975	OK	 
USER	MongoDB - Save Scenario	END	1685822227975
REQUEST		MongoDB - Load	1685822223991	1685822227982	OK	 
USER	MongoDB - Load Scenario	END	1685822227983
REQUEST		MongoDB - Load	1685822223999	1685822227998	OK	 
USER	MongoDB - Load Scenario	END	1685822227998
REQUEST		MongoDB - Load	1685822224097	1685822228034	OK	 
USER	MongoDB - Load Scenario	END	1685822228034
REQUEST		MongoDB - Save	1685822224110	1685822228035	OK	 
USER	MongoDB - Save Scenario	END	1685822228035
REQUEST		MongoDB - Save	1685822224141	1685822228076	OK	 
USER	MongoDB - Save Scenario	END	1685822228076
REQUEST		MongoDB - Save	1685822224102	1685822228100	OK	 
USER	MongoDB - Save Scenario	END	1685822228101
REQUEST		MongoDB - Save	1685822224130	1685822228101	OK	 
USER	MongoDB - Save Scenario	END	1685822228102
REQUEST		MongoDB - Save	1685822224207	1685822228115	OK	 
USER	MongoDB - Save Scenario	END	1685822228116
REQUEST		MySql - Load	1685822223833	1685822228124	KO	status.find.in([200, 209], 304), found 500
USER	MySql - Load Scenario	END	1685822228125
REQUEST		MongoDB - Save	1685822224184	1685822228131	OK	 
USER	MongoDB - Save Scenario	END	1685822228131
REQUEST		MongoDB - Save	1685822224180	1685822228132	OK	 
USER	MongoDB - Save Scenario	END	1685822228132
REQUEST		MongoDB - Save	1685822224173	1685822228133	OK	 
USER	MongoDB - Save Scenario	END	1685822228133
REQUEST		MongoDB - Save	1685822224167	1685822228146	OK	 
USER	MongoDB - Save Scenario	END	1685822228146
REQUEST		MongoDB - Load	1685822224182	1685822228155	OK	 
USER	MongoDB - Load Scenario	END	1685822228156
REQUEST		MongoDB - Save	1685822224216	1685822228185	OK	 
USER	MongoDB - Save Scenario	END	1685822228186
REQUEST		MongoDB - Load	1685822223960	1685822228205	OK	 
USER	MongoDB - Load Scenario	END	1685822228206
REQUEST		MongoDB - Save	1685822224148	1685822228209	OK	 
USER	MongoDB - Save Scenario	END	1685822228210
REQUEST		MongoDB - Save	1685822223966	1685822228229	OK	 
USER	MongoDB - Save Scenario	END	1685822228229
REQUEST		MongoDB - Save	1685822223952	1685822228243	OK	 
USER	MongoDB - Save Scenario	END	1685822228244
REQUEST		MongoDB - Save	1685822224161	1685822228250	OK	 
USER	MongoDB - Save Scenario	END	1685822228251
REQUEST		MongoDB - Load	1685822223957	1685822228258	OK	 
USER	MongoDB - Load Scenario	END	1685822228258
REQUEST		MongoDB - Load	1685822223944	1685822228270	OK	 
USER	MongoDB - Load Scenario	END	1685822228270
REQUEST		MongoDB - Load	1685822223935	1685822228292	OK	 
USER	MongoDB - Load Scenario	END	1685822228292
REQUEST		MongoDB - Save	1685822223935	1685822228303	OK	 
USER	MongoDB - Save Scenario	END	1685822228304
REQUEST		MySql - Load	1685822223804	1685822228395	KO	status.find.in([200, 209], 304), found 500
USER	MySql - Load Scenario	END	1685822228396
REQUEST		MySql - Load	1685822223826	1685822228396	KO	status.find.in([200, 209], 304), found 500
USER	MySql - Load Scenario	END	1685822228396
REQUEST		MySql - Save	1685822223831	1685822228555	OK	 
USER	MySql - Save Scenario	END	1685822228556
REQUEST		MySql - Load	1685822223799	1685822228557	KO	status.find.in([200, 209], 304), found 500
USER	MySql - Load Scenario	END	1685822228557
REQUEST		MySql - Save	1685822223785	1685822228573	OK	 
USER	MySql - Save Scenario	END	1685822228574
REQUEST		MySql - Load	1685822223808	1685822228683	KO	status.find.in([200, 209], 304), found 500
USER	MySql - Load Scenario	END	1685822228684
USER	MongoDB - Save Scenario	START	1685822228785
USER	MySql - Save Scenario	START	1685822228786
USER	MySql - Load Scenario	START	1685822228788
USER	MongoDB - Load Scenario	START	1685822228790
REQUEST		MySql - Save	1685822223822	1685822228810	OK	 
USER	MySql - Save Scenario	END	1685822228811
REQUEST		MySql - Save	1685822223803	1685822228812	OK	 
USER	MySql - Save Scenario	END	1685822228812
REQUEST		MySql - Save	1685822223809	1685822228815	OK	 
USER	MySql - Save Scenario	END	1685822228815
REQUEST		MySql - Save	1685822223797	1685822228815	OK	 
USER	MySql - Save Scenario	END	1685822228815
REQUEST		MongoDB - Save	1685822228784	1685822228823	OK	 
USER	MongoDB - Save Scenario	END	1685822228824
REQUEST		MongoDB - Load	1685822228790	1685822228830	OK	 
USER	MongoDB - Load Scenario	END	1685822228830
REQUEST		MySql - Load	1685822223811	1685822228953	OK	 
USER	MySql - Load Scenario	END	1685822228954
REQUEST		MySql - Load	1685822223804	1685822228961	OK	 
USER	MySql - Load Scenario	END	1685822228961
REQUEST		MySql - Load	1685822223818	1685822229065	KO	status.find.in([200, 209], 304), found 500
USER	MySql - Load Scenario	END	1685822229066
REQUEST		MySql - Load	1685822223843	1685822229133	KO	status.find.in([200, 209], 304), found 500
USER	MySql - Load Scenario	END	1685822229134
REQUEST		MySql - Load	1685822223814	1685822229136	KO	status.find.in([200, 209], 304), found 500
USER	MySql - Load Scenario	END	1685822229137
REQUEST		MySql - Save	1685822223795	1685822229294	OK	 
USER	MySql - Save Scenario	END	1685822229295
REQUEST		MySql - Load	1685822223820	1685822229377	KO	status.find.in([200, 209], 304), found 500
USER	MySql - Load Scenario	END	1685822229378
REQUEST		MySql - Save	1685822223822	1685822229389	OK	 
USER	MySql - Save Scenario	END	1685822229389
REQUEST		MySql - Load	1685822223825	1685822229528	KO	status.find.in([200, 209], 304), found 500
USER	MySql - Load Scenario	END	1685822229529
REQUEST		MySql - Load	1685822223830	1685822229544	KO	status.find.in([200, 209], 304), found 500
USER	MySql - Load Scenario	END	1685822229544
REQUEST		MySql - Save	1685822223794	1685822229646	OK	 
USER	MySql - Save Scenario	END	1685822229646
REQUEST		MySql - Save	1685822223790	1685822229875	OK	 
USER	MySql - Save Scenario	END	1685822229876
REQUEST		MySql - Save	1685822223789	1685822229890	OK	 
USER	MySql - Save Scenario	END	1685822229891
REQUEST		MySql - Save	1685822223794	1685822229981	OK	 
USER	MySql - Save Scenario	END	1685822229982
REQUEST		MySql - Save	1685822223790	1685822230120	OK	 
USER	MySql - Save Scenario	END	1685822230120
REQUEST		MySql - Load	1685822223793	1685822230376	KO	status.find.in([200, 209], 304), found 500
USER	MySql - Load Scenario	END	1685822230376
REQUEST		MySql - Load	1685822223800	1685822230509	KO	status.find.in([200, 209], 304), found 500
USER	MySql - Load Scenario	END	1685822230510
REQUEST		MySql - Load	1685822223798	1685822230585	KO	status.find.in([200, 209], 304), found 500
USER	MySql - Load Scenario	END	1685822230586
REQUEST		MySql - Load	1685822223816	1685822230678	KO	status.find.in([200, 209], 304), found 500
USER	MySql - Load Scenario	END	1685822230679
REQUEST		MySql - Save	1685822224188	1685822230704	OK	 
USER	MySql - Save Scenario	END	1685822230705
REQUEST		MySql - Load	1685822223810	1685822230706	KO	status.find.in([200, 209], 304), found 500
USER	MySql - Load Scenario	END	1685822230706
REQUEST		MySql - Save	1685822223797	1685822230852	OK	 
USER	MySql - Save Scenario	END	1685822230852
REQUEST		MySql - Save	1685822223799	1685822230854	OK	 
USER	MySql - Save Scenario	END	1685822230854
REQUEST		MySql - Load	1685822224174	1685822230855	KO	status.find.in([200, 209], 304), found 500
USER	MySql - Load Scenario	END	1685822230855
REQUEST		MySql - Save	1685822224249	1685822231093	OK	 
USER	MySql - Save Scenario	END	1685822231093
REQUEST		MySql - Save	1685822223809	1685822231170	OK	 
USER	MySql - Save Scenario	END	1685822231170
REQUEST		MySql - Load	1685822224182	1685822231226	KO	status.find.in([200, 209], 304), found 500
REQUEST		MySql - Save	1685822224165	1685822231228	OK	 
USER	MySql - Load Scenario	END	1685822231228
USER	MySql - Save Scenario	END	1685822231228
REQUEST		MongoDB - Save	1685822224120	1685822231419	OK	 
USER	MongoDB - Save Scenario	END	1685822231420
REQUEST		MongoDB - Load	1685822224072	1685822231426	OK	 
USER	MongoDB - Load Scenario	END	1685822231427
REQUEST		MongoDB - Load	1685822224070	1685822231474	OK	 
USER	MongoDB - Load Scenario	END	1685822231475
REQUEST		MongoDB - Save	1685822224091	1685822231480	OK	 
USER	MongoDB - Save Scenario	END	1685822231480
REQUEST		MongoDB - Load	1685822224060	1685822231534	OK	 
USER	MongoDB - Load Scenario	END	1685822231535
REQUEST		MongoDB - Save	1685822224063	1685822231540	OK	 
USER	MongoDB - Save Scenario	END	1685822231541
REQUEST		MySql - Load	1685822224234	1685822231558	KO	status.find.in([200, 209], 304), found 500
USER	MySql - Load Scenario	END	1685822231559
REQUEST		MongoDB - Save	1685822224042	1685822231574	OK	 
USER	MongoDB - Save Scenario	END	1685822231574
REQUEST		MySql - Save	1685822223889	1685822231583	KO	j.i.IOException: Premature close
USER	MySql - Save Scenario	END	1685822231585
REQUEST		MySql - Save	1685822223957	1685822231585	KO	j.i.IOException: Premature close
REQUEST		MySql - Save	1685822223913	1685822231585	KO	j.i.IOException: Premature close
USER	MySql - Save Scenario	END	1685822231585
REQUEST		MySql - Save	1685822223935	1685822231585	KO	j.i.IOException: Premature close
USER	MySql - Save Scenario	END	1685822231585
USER	MySql - Save Scenario	END	1685822231585
REQUEST		MySql - Save	1685822224061	1685822231585	KO	j.i.IOException: Premature close
USER	MySql - Save Scenario	END	1685822231585
REQUEST		MySql - Save	1685822223853	1685822231585	KO	j.i.IOException: Premature close
USER	MySql - Save Scenario	END	1685822231586
REQUEST		MySql - Save	1685822223819	1685822231586	KO	j.i.IOException: Premature close
USER	MySql - Save Scenario	END	1685822231586
REQUEST		MongoDB - Load	1685822224040	1685822231586	OK	 
USER	MongoDB - Load Scenario	END	1685822231586
REQUEST		MongoDB - Save	1685822224053	1685822231590	OK	 
USER	MongoDB - Save Scenario	END	1685822231591
REQUEST		MySql - Save	1685822223801	1685822231595	OK	 
USER	MySql - Save Scenario	END	1685822231595
REQUEST		MySql - Save	1685822224238	1685822231596	OK	 
USER	MySql - Save Scenario	END	1685822231597
REQUEST		MongoDB - Load	1685822224051	1685822231619	OK	 
USER	MongoDB - Load Scenario	END	1685822231620
REQUEST		MongoDB - Save	1685822224028	1685822231625	OK	 
USER	MongoDB - Save Scenario	END	1685822231626
REQUEST		MongoDB - Load	1685822224026	1685822231647	OK	 
USER	MongoDB - Load Scenario	END	1685822231648
REQUEST		MongoDB - Save	1685822224017	1685822231659	OK	 
USER	MongoDB - Save Scenario	END	1685822231660
REQUEST		MongoDB - Load	1685822224030	1685822231677	OK	 
USER	MongoDB - Load Scenario	END	1685822231678
REQUEST		MongoDB - Load	1685822224010	1685822231694	OK	 
USER	MongoDB - Load Scenario	END	1685822231694
REQUEST		MongoDB - Load	1685822224012	1685822231703	OK	 
USER	MongoDB - Load Scenario	END	1685822231703
REQUEST		MongoDB - Save	1685822224007	1685822231712	OK	 
USER	MongoDB - Save Scenario	END	1685822231712
REQUEST		MySql - Save	1685822224181	1685822231842	KO	j.i.IOException: Premature close
REQUEST		MySql - Save	1685822224183	1685822231842	KO	j.i.IOException: Premature close
REQUEST		MySql - Save	1685822224143	1685822231842	KO	j.i.IOException: Premature close
USER	MySql - Save Scenario	END	1685822231842
USER	MySql - Save Scenario	END	1685822231842
USER	MySql - Save Scenario	END	1685822231842
REQUEST		MySql - Load	1685822224198	1685822231920	KO	status.find.in([200, 209], 304), found 500
USER	MySql - Load Scenario	END	1685822231921
REQUEST		MySql - Load	1685822224188	1685822231922	KO	status.find.in([200, 209], 304), found 500
USER	MySql - Load Scenario	END	1685822231922
REQUEST		MySql - Load	1685822224180	1685822231922	KO	status.find.in([200, 209], 304), found 500
USER	MySql - Load Scenario	END	1685822231923
REQUEST		MySql - Load	1685822224229	1685822231923	KO	status.find.in([200, 209], 304), found 500
USER	MySql - Load Scenario	END	1685822231924
REQUEST		MySql - Load	1685822224019	1685822231994	KO	status.find.in([200, 209], 304), found 500
USER	MySql - Load Scenario	END	1685822231995
REQUEST		MySql - Save	1685822223818	1685822232045	OK	 
USER	MySql - Save Scenario	END	1685822232046
REQUEST		MySql - Load	1685822224061	1685822232071	KO	status.find.in([200, 209], 304), found 500
USER	MySql - Load Scenario	END	1685822232072
REQUEST		MySql - Load	1685822224037	1685822232086	KO	status.find.in([200, 209], 304), found 500
USER	MySql - Load Scenario	END	1685822232086
REQUEST		MySql - Load	1685822224089	1685822232231	KO	status.find.in([200, 209], 304), found 500
USER	MySql - Load Scenario	END	1685822232231
REQUEST		MySql - Load	1685822224160	1685822232231	KO	status.find.in([200, 209], 304), found 500
USER	MySql - Load Scenario	END	1685822232232
REQUEST		MySql - Load	1685822224046	1685822232256	KO	status.find.in([200, 209], 304), found 500
USER	MySql - Load Scenario	END	1685822232256
REQUEST		MySql - Save	1685822224244	1685822232343	OK	 
USER	MySql - Save Scenario	END	1685822232344
REQUEST		MySql - Load	1685822224146	1685822232549	KO	status.find.in([200, 209], 304), found 500
USER	MySql - Load Scenario	END	1685822232550
REQUEST		MySql - Load	1685822224222	1685822232550	KO	status.find.in([200, 209], 304), found 500
USER	MySql - Load Scenario	END	1685822232551
REQUEST		MySql - Load	1685822224199	1685822232615	KO	status.find.in([200, 209], 304), found 500
USER	MySql - Load Scenario	END	1685822232616
REQUEST		MySql - Save	1685822223791	1685822232637	OK	 
USER	MySql - Save Scenario	END	1685822232638
REQUEST		MySql - Load	1685822224138	1685822232714	KO	status.find.in([200, 209], 304), found 500
USER	MySql - Load Scenario	END	1685822232715
REQUEST		MySql - Save	1685822223834	1685822232789	OK	 
USER	MySql - Save Scenario	END	1685822232790
REQUEST		MySql - Load	1685822228788	1685822232837	KO	status.find.in([200, 209], 304), found 500
USER	MySql - Load Scenario	END	1685822232837
REQUEST		MySql - Save	1685822223792	1685822232838	OK	 
USER	MySql - Save Scenario	END	1685822232839
REQUEST		MySql - Save	1685822223811	1685822232858	OK	 
USER	MySql - Save Scenario	END	1685822232858
REQUEST		MySql - Load	1685822224116	1685822232986	KO	status.find.in([200, 209], 304), found 500
USER	MySql - Load Scenario	END	1685822232987
REQUEST		MySql - Load	1685822224128	1685822233138	KO	status.find.in([200, 209], 304), found 500
USER	MySql - Load Scenario	END	1685822233139
REQUEST		MySql - Load	1685822224001	1685822233370	KO	status.find.in([200, 209], 304), found 500
USER	MySql - Load Scenario	END	1685822233370
REQUEST		MySql - Save	1685822224100	1685822233371	OK	 
USER	MySql - Save Scenario	END	1685822233372
REQUEST		MySql - Load	1685822223992	1685822233378	KO	status.find.in([200, 209], 304), found 500
USER	MySql - Load Scenario	END	1685822233378
REQUEST		MySql - Load	1685822224105	1685822233378	KO	status.find.in([200, 209], 304), found 500
USER	MySql - Load Scenario	END	1685822233378
REQUEST		MySql - Save	1685822224154	1685822233378	OK	 
USER	MySql - Save Scenario	END	1685822233379
REQUEST		MySql - Save	1685822224132	1685822233484	OK	 
USER	MySql - Save Scenario	END	1685822233484
REQUEST		MySql - Save	1685822223833	1685822233494	OK	 
USER	MySql - Save Scenario	END	1685822233494
REQUEST		MySql - Save	1685822224208	1685822233625	OK	 
USER	MySql - Save Scenario	END	1685822233626
REQUEST		MySql - Save	1685822224008	1685822233722	OK	 
USER	MySql - Save Scenario	END	1685822233722
REQUEST		MySql - Load	1685822223990	1685822233723	KO	status.find.in([200, 209], 304), found 500
USER	MySql - Load Scenario	END	1685822233723
REQUEST		MySql - Load	1685822223978	1685822233812	KO	status.find.in([200, 209], 304), found 500
USER	MySql - Load Scenario	END	1685822233813
REQUEST		MySql - Save	1685822224121	1685822233979	OK	 
USER	MySql - Save Scenario	END	1685822233980
REQUEST		MySql - Load	1685822224098	1685822233982	KO	status.find.in([200, 209], 304), found 500
REQUEST		MySql - Save	1685822223791	1685822233982	OK	 
USER	MySql - Load Scenario	END	1685822233983
USER	MySql - Save Scenario	END	1685822233983
REQUEST		MySql - Load	1685822224104	1685822234260	KO	status.find.in([200, 209], 304), found 500
USER	MySql - Load Scenario	END	1685822234261
REQUEST		MySql - Save	1685822224113	1685822234265	OK	 
REQUEST		MySql - Save	1685822224100	1685822234265	OK	 
USER	MySql - Save Scenario	END	1685822234266
USER	MySql - Save Scenario	END	1685822234266
REQUEST		MySql - Load	1685822224054	1685822234266	KO	status.find.in([200, 209], 304), found 500
USER	MySql - Load Scenario	END	1685822234267
REQUEST		MySql - Load	1685822224091	1685822234267	KO	status.find.in([200, 209], 304), found 500
USER	MySql - Load Scenario	END	1685822234267
REQUEST		MySql - Load	1685822224064	1685822234415	KO	status.find.in([200, 209], 304), found 500
USER	MySql - Load Scenario	END	1685822234416
REQUEST		MySql - Save	1685822224112	1685822234416	OK	 
USER	MySql - Save Scenario	END	1685822234417
REQUEST		MySql - Save	1685822224051	1685822234447	OK	 
USER	MySql - Save Scenario	END	1685822234447
REQUEST		MySql - Save	1685822224062	1685822234454	OK	 
USER	MySql - Save Scenario	END	1685822234455
REQUEST		MySql - Load	1685822224040	1685822234510	KO	status.find.in([200, 209], 304), found 500
USER	MySql - Load Scenario	END	1685822234511
REQUEST		MySql - Load	1685822224026	1685822234611	KO	status.find.in([200, 209], 304), found 500
USER	MySql - Load Scenario	END	1685822234612
REQUEST		MySql - Load	1685822224012	1685822234638	KO	status.find.in([200, 209], 304), found 500
USER	MySql - Load Scenario	END	1685822234638
REQUEST		MySql - Load	1685822224001	1685822234668	KO	status.find.in([200, 209], 304), found 500
USER	MySql - Load Scenario	END	1685822234668
REQUEST		MySql - Save	1685822223983	1685822234790	OK	 
USER	MySql - Save Scenario	END	1685822234791
REQUEST		MySql - Load	1685822223982	1685822235111	KO	status.find.in([200, 209], 304), found 500
REQUEST		MySql - Save	1685822224207	1685822235111	OK	 
USER	MySql - Save Scenario	END	1685822235112
USER	MySql - Load Scenario	END	1685822235112
REQUEST		MySql - Save	1685822224088	1685822235192	OK	 
USER	MySql - Save Scenario	END	1685822235193
REQUEST		MySql - Load	1685822223967	1685822235200	KO	status.find.in([200, 209], 304), found 500
USER	MySql - Load Scenario	END	1685822235201
REQUEST		MySql - Save	1685822224009	1685822235242	OK	 
USER	MySql - Save Scenario	END	1685822235242
REQUEST		MySql - Save	1685822223981	1685822235332	OK	 
USER	MySql - Save Scenario	END	1685822235332
REQUEST		MySql - Load	1685822223951	1685822235370	KO	status.find.in([200, 209], 304), found 500
USER	MySql - Load Scenario	END	1685822235371
REQUEST		MySql - Load	1685822224162	1685822235450	KO	status.find.in([200, 209], 304), found 500
USER	MySql - Load Scenario	END	1685822235451
REQUEST		MySql - Load	1685822224102	1685822235564	KO	status.find.in([200, 209], 304), found 500
USER	MySql - Load Scenario	END	1685822235564
REQUEST		MySql - Load	1685822224162	1685822235565	KO	status.find.in([200, 209], 304), found 500
USER	MySql - Load Scenario	END	1685822235565
REQUEST		MySql - Save	1685822223991	1685822235565	OK	 
USER	MySql - Save Scenario	END	1685822235566
REQUEST		MySql - Load	1685822223898	1685822235566	KO	status.find.in([200, 209], 304), found 500
USER	MySql - Load Scenario	END	1685822235566
REQUEST		MySql - Load	1685822224166	1685822235657	KO	status.find.in([200, 209], 304), found 500
USER	MySql - Load Scenario	END	1685822235658
REQUEST		MySql - Load	1685822224045	1685822235710	KO	status.find.in([200, 209], 304), found 500
USER	MySql - Load Scenario	END	1685822235710
REQUEST		MySql - Save	1685822224189	1685822235749	OK	 
USER	MySql - Save Scenario	END	1685822235750
REQUEST		MySql - Load	1685822224172	1685822235777	KO	status.find.in([200, 209], 304), found 500
USER	MySql - Load Scenario	END	1685822235777
REQUEST		MySql - Save	1685822224046	1685822235876	OK	 
USER	MySql - Save Scenario	END	1685822235877
REQUEST		MySql - Load	1685822223988	1685822235898	KO	status.find.in([200, 209], 304), found 500
USER	MySql - Load Scenario	END	1685822235899
REQUEST		MySql - Save	1685822224197	1685822235971	OK	 
USER	MySql - Save Scenario	END	1685822235972
REQUEST		MySql - Save	1685822224063	1685822235973	OK	 
USER	MySql - Save Scenario	END	1685822235974
REQUEST		MySql - Load	1685822223997	1685822236089	KO	status.find.in([200, 209], 304), found 500
USER	MySql - Load Scenario	END	1685822236089
REQUEST		MySql - Save	1685822228785	1685822236154	OK	 
USER	MySql - Save Scenario	END	1685822236158
REQUEST		MySql - Load	1685822224002	1685822236219	KO	status.find.in([200, 209], 304), found 500
USER	MySql - Load Scenario	END	1685822236220
REQUEST		MySql - Load	1685822223926	1685822236236	KO	status.find.in([200, 209], 304), found 500
USER	MySql - Load Scenario	END	1685822236237
REQUEST		MySql - Load	1685822223966	1685822236262	KO	status.find.in([200, 209], 304), found 500
USER	MySql - Load Scenario	END	1685822236263
REQUEST		MySql - Load	1685822224011	1685822236337	KO	status.find.in([200, 209], 304), found 500
USER	MySql - Load Scenario	END	1685822236337
REQUEST		MySql - Load	1685822224155	1685822236369	KO	status.find.in([200, 209], 304), found 500
REQUEST		MySql - Load	1685822223977	1685822236369	KO	status.find.in([200, 209], 304), found 500
USER	MySql - Load Scenario	END	1685822236370
USER	MySql - Load Scenario	END	1685822236370
REQUEST		MySql - Load	1685822223946	1685822236373	KO	status.find.in([200, 209], 304), found 500
USER	MySql - Load Scenario	END	1685822236373
REQUEST		MySql - Load	1685822223911	1685822236375	KO	status.find.in([200, 209], 304), found 500
USER	MySql - Load Scenario	END	1685822236378
REQUEST		MySql - Load	1685822224145	1685822236581	KO	status.find.in([200, 209], 304), found 500
USER	MySql - Load Scenario	END	1685822236582
REQUEST		MySql - Load	1685822224122	1685822236583	KO	status.find.in([200, 209], 304), found 500
REQUEST		MySql - Save	1685822224009	1685822236582	OK	 
USER	MySql - Save Scenario	END	1685822236583
USER	MySql - Load Scenario	END	1685822236583
REQUEST		MySql - Save	1685822224140	1685822236590	OK	 
USER	MySql - Save Scenario	END	1685822236590
REQUEST		MySql - Load	1685822224133	1685822236590	KO	status.find.in([200, 209], 304), found 500
USER	MySql - Load Scenario	END	1685822236591
REQUEST		MySql - Save	1685822224128	1685822236591	OK	 
USER	MySql - Save Scenario	END	1685822236591
REQUEST		MySql - Save	1685822224069	1685822236591	OK	 
USER	MySql - Save Scenario	END	1685822236593
REQUEST		MySql - Load	1685822224092	1685822236802	KO	status.find.in([200, 209], 304), found 500
USER	MySql - Load Scenario	END	1685822236803
REQUEST		MySql - Save	1685822224154	1685822236838	OK	 
USER	MySql - Save Scenario	END	1685822236839
REQUEST		MySql - Load	1685822224086	1685822237001	KO	status.find.in([200, 209], 304), found 500
USER	MySql - Load Scenario	END	1685822237002
REQUEST		MySql - Save	1685822224113	1685822237002	OK	 
USER	MySql - Save Scenario	END	1685822237003
REQUEST		MySql - Load	1685822224005	1685822237008	KO	status.find.in([200, 209], 304), found 500
USER	MySql - Load Scenario	END	1685822237008
REQUEST		MySql - Load	1685822223983	1685822237247	KO	status.find.in([200, 209], 304), found 500
USER	MySql - Load Scenario	END	1685822237248
REQUEST		MySql - Save	1685822223974	1685822237344	OK	 
USER	MySql - Save Scenario	END	1685822237345
REQUEST		MySql - Load	1685822223959	1685822237347	KO	status.find.in([200, 209], 304), found 500
USER	MySql - Load Scenario	END	1685822237348
REQUEST		MySql - Load	1685822223942	1685822237431	KO	status.find.in([200, 209], 304), found 500
USER	MySql - Load Scenario	END	1685822237432
REQUEST		MySql - Load	1685822224055	1685822237436	KO	status.find.in([200, 209], 304), found 500
USER	MySql - Load Scenario	END	1685822237437
REQUEST		MySql - Save	1685822223997	1685822237440	OK	 
USER	MySql - Save Scenario	END	1685822237440
REQUEST		MySql - Load	1685822223868	1685822237569	KO	status.find.in([200, 209], 304), found 500
USER	MySql - Load Scenario	END	1685822237570
REQUEST		MySql - Save	1685822224000	1685822237635	OK	 
USER	MySql - Save Scenario	END	1685822237635
REQUEST		MySql - Save	1685822224166	1685822237913	OK	 
USER	MySql - Save Scenario	END	1685822237914
REQUEST		MySql - Save	1685822224038	1685822237936	OK	 
USER	MySql - Save Scenario	END	1685822237937
REQUEST		MySql - Save	1685822224055	1685822237973	OK	 
USER	MySql - Save Scenario	END	1685822237974
REQUEST		MySql - Load	1685822224018	1685822238177	KO	status.find.in([200, 209], 304), found 500
USER	MySql - Load Scenario	END	1685822238178
REQUEST		MySql - Save	1685822223988	1685822238192	OK	 
USER	MySql - Save Scenario	END	1685822238192
REQUEST		MySql - Save	1685822224021	1685822238193	OK	 
USER	MySql - Save Scenario	END	1685822238194
REQUEST		MySql - Load	1685822224037	1685822238285	KO	status.find.in([200, 209], 304), found 500
USER	MySql - Load Scenario	END	1685822238285
REQUEST		MySql - Load	1685822224027	1685822238294	KO	status.find.in([200, 209], 304), found 500
USER	MySql - Load Scenario	END	1685822238295
REQUEST		MySql - Save	1685822223958	1685822238320	OK	 
USER	MySql - Save Scenario	END	1685822238321
REQUEST		MySql - Load	1685822224042	1685822238333	KO	status.find.in([200, 209], 304), found 500
USER	MySql - Load Scenario	END	1685822238334
REQUEST		MySql - Load	1685822223972	1685822238383	KO	status.find.in([200, 209], 304), found 500
USER	MySql - Load Scenario	END	1685822238384
REQUEST		MySql - Load	1685822224047	1685822238449	KO	status.find.in([200, 209], 304), found 500
USER	MySql - Load Scenario	END	1685822238450
REQUEST		MySql - Load	1685822224052	1685822238503	KO	status.find.in([200, 209], 304), found 500
USER	MySql - Load Scenario	END	1685822238504
REQUEST		MySql - Save	1685822224252	1685822238542	KO	j.i.IOException: Premature close
USER	MySql - Save Scenario	END	1685822238542
REQUEST		MySql - Save	1685822224208	1685822238543	KO	j.i.IOException: Premature close
REQUEST		MySql - Save	1685822224209	1685822238543	KO	j.i.IOException: Premature close
REQUEST		MySql - Save	1685822224215	1685822238543	KO	j.i.IOException: Premature close
USER	MySql - Save Scenario	END	1685822238543
USER	MySql - Save Scenario	END	1685822238543
USER	MySql - Save Scenario	END	1685822238543
REQUEST		MySql - Save	1685822224036	1685822238584	OK	 
USER	MySql - Save Scenario	END	1685822238585
REQUEST		MySql - Save	1685822223987	1685822238591	OK	 
USER	MySql - Save Scenario	END	1685822238592
REQUEST		MySql - Load	1685822224116	1685822238601	KO	status.find.in([200, 209], 304), found 500
USER	MySql - Load Scenario	END	1685822238604
REQUEST		MySql - Load	1685822223823	1685822238665	KO	status.find.in([200, 209], 304), found 500
USER	MySql - Load Scenario	END	1685822238666
REQUEST		MySql - Load	1685822223827	1685822238697	KO	status.find.in([200, 209], 304), found 500
USER	MySql - Load Scenario	END	1685822238698
REQUEST		MySql - Load	1685822223833	1685822238713	KO	status.find.in([200, 209], 304), found 500
USER	MySql - Load Scenario	END	1685822238714
REQUEST		MySql - Save	1685822224089	1685822238758	OK	 
USER	MySql - Save Scenario	END	1685822238758
REQUEST		MySql - Save	1685822224055	1685822239017	OK	 
USER	MySql - Save Scenario	END	1685822239018
REQUEST		MySql - Save	1685822224058	1685822239228	OK	 
USER	MySql - Save Scenario	END	1685822239228
REQUEST		MySql - Save	1685822224020	1685822239412	OK	 
USER	MySql - Save Scenario	END	1685822239413
REQUEST		MySql - Save	1685822224036	1685822239417	OK	 
USER	MySql - Save Scenario	END	1685822239418
REQUEST		MySql - Save	1685822224053	1685822239701	OK	 
USER	MySql - Save Scenario	END	1685822239702
