RUN	gatling.SpikeSpec	spikespec	1685561983688	 	3.9.5
USER	MySql - Load Scenario	START	1685561994755
USER	MySql - Load Scenario	START	1685561994756
USER	MySql - Load Scenario	START	1685561994757
USER	MongoDB - Save Scenario	START	1685561994758
USER	MongoDB - Save Scenario	START	1685561994760
USER	MySql - Load Scenario	START	1685561994759
USER	MongoDB - Load Scenario	START	1685561994761
USER	MongoDB - Save Scenario	START	1685561994762
USER	MySql - Load Scenario	START	1685561994763
USER	MySql - Load Scenario	START	1685561994763
USER	MongoDB - Save Scenario	START	1685561994763
USER	MongoDB - Save Scenario	START	1685561994765
USER	MySql - Load Scenario	START	1685561994765
USER	MongoDB - Save Scenario	START	1685561994765
USER	MongoDB - Load Scenario	START	1685561994764
USER	MySql - Load Scenario	START	1685561994765
USER	MongoDB - Save Scenario	START	1685561994767
USER	MySql - Load Scenario	START	1685561994767
USER	MongoDB - Save Scenario	START	1685561994767
USER	MySql - Load Scenario	START	1685561994768
USER	MongoDB - Save Scenario	START	1685561994768
USER	MySql - Load Scenario	START	1685561994768
USER	MongoDB - Save Scenario	START	1685561994768
USER	MySql - Load Scenario	START	1685561994769
USER	MongoDB - Save Scenario	START	1685561994769
USER	MySql - Load Scenario	START	1685561994769
USER	MySql - Load Scenario	START	1685561994769
USER	MySql - Load Scenario	START	1685561994770
USER	MongoDB - Save Scenario	START	1685561994770
USER	MySql - Load Scenario	START	1685561994770
USER	MongoDB - Load Scenario	START	1685561994770
USER	MySql - Load Scenario	START	1685561994770
USER	MySql - Load Scenario	START	1685561994771
USER	MySql - Load Scenario	START	1685561994771
USER	MongoDB - Save Scenario	START	1685561994771
USER	MySql - Load Scenario	START	1685561994771
USER	MongoDB - Load Scenario	START	1685561994771
USER	MySql - Load Scenario	START	1685561994772
USER	MongoDB - Save Scenario	START	1685561994772
USER	MySql - Load Scenario	START	1685561994772
USER	MongoDB - Save Scenario	START	1685561994772
USER	MySql - Load Scenario	START	1685561994772
USER	MongoDB - Save Scenario	START	1685561994773
USER	MongoDB - Save Scenario	START	1685561994773
USER	MongoDB - Save Scenario	START	1685561994773
USER	MongoDB - Save Scenario	START	1685561994773
USER	MongoDB - Save Scenario	START	1685561994773
USER	MongoDB - Save Scenario	START	1685561994774
USER	MongoDB - Save Scenario	START	1685561994774
USER	MongoDB - Save Scenario	START	1685561994774
USER	MongoDB - Save Scenario	START	1685561994774
USER	MongoDB - Save Scenario	START	1685561994775
USER	MongoDB - Save Scenario	START	1685561994775
USER	MongoDB - Save Scenario	START	1685561994775
USER	MongoDB - Save Scenario	START	1685561994775
USER	MongoDB - Save Scenario	START	1685561994775
USER	MongoDB - Save Scenario	START	1685561994776
USER	MongoDB - Save Scenario	START	1685561994776
USER	MySql - Load Scenario	START	1685561994780
USER	MongoDB - Save Scenario	START	1685561994780
USER	MongoDB - Save Scenario	START	1685561994780
USER	MongoDB - Load Scenario	START	1685561994781
USER	MongoDB - Save Scenario	START	1685561994782
USER	MySql - Load Scenario	START	1685561994783
USER	MongoDB - Save Scenario	START	1685561994784
USER	MongoDB - Save Scenario	START	1685561994785
USER	MongoDB - Load Scenario	START	1685561994785
USER	MongoDB - Save Scenario	START	1685561994785
USER	MongoDB - Save Scenario	START	1685561994785
USER	MongoDB - Save Scenario	START	1685561994786
USER	MongoDB - Load Scenario	START	1685561994786
USER	MongoDB - Save Scenario	START	1685561994786
USER	MySql - Load Scenario	START	1685561994786
USER	MongoDB - Save Scenario	START	1685561994786
USER	MongoDB - Save Scenario	START	1685561994787
USER	MongoDB - Save Scenario	START	1685561994789
USER	MongoDB - Save Scenario	START	1685561994789
USER	MongoDB - Save Scenario	START	1685561994789
USER	MongoDB - Save Scenario	START	1685561994790
USER	MongoDB - Save Scenario	START	1685561994790
USER	MongoDB - Save Scenario	START	1685561994790
USER	MongoDB - Load Scenario	START	1685561994791
USER	MongoDB - Save Scenario	START	1685561994791
USER	MongoDB - Save Scenario	START	1685561994791
USER	MongoDB - Save Scenario	START	1685561994792
USER	MongoDB - Save Scenario	START	1685561994798
USER	MongoDB - Save Scenario	START	1685561994799
USER	MongoDB - Save Scenario	START	1685561994802
USER	MongoDB - Save Scenario	START	1685561994814
USER	MongoDB - Save Scenario	START	1685561994814
USER	MongoDB - Save Scenario	START	1685561994816
USER	MongoDB - Load Scenario	START	1685561994819
USER	MongoDB - Save Scenario	START	1685561994816
USER	MongoDB - Load Scenario	START	1685561994820
USER	MongoDB - Save Scenario	START	1685561994828
USER	MongoDB - Load Scenario	START	1685561994828
USER	MongoDB - Save Scenario	START	1685561994829
USER	MongoDB - Load Scenario	START	1685561994830
USER	MongoDB - Save Scenario	START	1685561994831
USER	MongoDB - Save Scenario	START	1685561994830
USER	MongoDB - Load Scenario	START	1685561994832
USER	MongoDB - Save Scenario	START	1685561994833
USER	MongoDB - Load Scenario	START	1685561994841
USER	MongoDB - Save Scenario	START	1685561994840
USER	MongoDB - Save Scenario	START	1685561994841
USER	MongoDB - Save Scenario	START	1685561994844
USER	MongoDB - Load Scenario	START	1685561994845
USER	MongoDB - Save Scenario	START	1685561994846
USER	MongoDB - Load Scenario	START	1685561994848
USER	MongoDB - Save Scenario	START	1685561994843
USER	MongoDB - Save Scenario	START	1685561994848
USER	MongoDB - Save Scenario	START	1685561994849
USER	MongoDB - Load Scenario	START	1685561994849
USER	MongoDB - Load Scenario	START	1685561994850
USER	MongoDB - Save Scenario	START	1685561994850
USER	MongoDB - Load Scenario	START	1685561994851
USER	MongoDB - Save Scenario	START	1685561994856
USER	MongoDB - Save Scenario	START	1685561994851
USER	MongoDB - Save Scenario	START	1685561994857
USER	MongoDB - Load Scenario	START	1685561994853
USER	MongoDB - Load Scenario	START	1685561994857
USER	MongoDB - Load Scenario	START	1685561994857
USER	MongoDB - Save Scenario	START	1685561994858
USER	MongoDB - Load Scenario	START	1685561994859
USER	MongoDB - Load Scenario	START	1685561994860
USER	MongoDB - Save Scenario	START	1685561994860
USER	MongoDB - Load Scenario	START	1685561994861
USER	MongoDB - Save Scenario	START	1685561994862
USER	MongoDB - Save Scenario	START	1685561994865
USER	MongoDB - Load Scenario	START	1685561994863
USER	MongoDB - Load Scenario	START	1685561994865
USER	MongoDB - Load Scenario	START	1685561994866
USER	MongoDB - Load Scenario	START	1685561994866
USER	MongoDB - Load Scenario	START	1685561994867
USER	MongoDB - Save Scenario	START	1685561994867
USER	MongoDB - Load Scenario	START	1685561994873
USER	MongoDB - Save Scenario	START	1685561994873
USER	MongoDB - Load Scenario	START	1685561994874
USER	MongoDB - Save Scenario	START	1685561994875
USER	MongoDB - Load Scenario	START	1685561994877
USER	MongoDB - Save Scenario	START	1685561994877
USER	MongoDB - Load Scenario	START	1685561994876
USER	MongoDB - Load Scenario	START	1685561994878
USER	MongoDB - Load Scenario	START	1685561994879
USER	MongoDB - Load Scenario	START	1685561994881
USER	MongoDB - Load Scenario	START	1685561994881
USER	MongoDB - Load Scenario	START	1685561994883
USER	MongoDB - Load Scenario	START	1685561994884
USER	MongoDB - Load Scenario	START	1685561994883
USER	MongoDB - Load Scenario	START	1685561994885
USER	MongoDB - Load Scenario	START	1685561994885
USER	MongoDB - Load Scenario	START	1685561994885
USER	MongoDB - Load Scenario	START	1685561994888
USER	MongoDB - Load Scenario	START	1685561994887
USER	MongoDB - Load Scenario	START	1685561994886
USER	MySql - Load Scenario	START	1685561994888
USER	MongoDB - Load Scenario	START	1685561994889
USER	MongoDB - Load Scenario	START	1685561994889
USER	MySql - Load Scenario	START	1685561994890
USER	MongoDB - Load Scenario	START	1685561994890
USER	MongoDB - Load Scenario	START	1685561994892
USER	MongoDB - Load Scenario	START	1685561994892
USER	MongoDB - Load Scenario	START	1685561994893
USER	MongoDB - Save Scenario	START	1685561994891
USER	MongoDB - Load Scenario	START	1685561994893
USER	MySql - Load Scenario	START	1685561994892
USER	MongoDB - Load Scenario	START	1685561994898
USER	MySql - Load Scenario	START	1685561994897
USER	MongoDB - Save Scenario	START	1685561994898
USER	MongoDB - Load Scenario	START	1685561994899
USER	MySql - Load Scenario	START	1685561994900
USER	MongoDB - Load Scenario	START	1685561994901
USER	MongoDB - Load Scenario	START	1685561994901
USER	MySql - Load Scenario	START	1685561994902
USER	MongoDB - Save Scenario	START	1685561994903
USER	MongoDB - Load Scenario	START	1685561994903
USER	MySql - Load Scenario	START	1685561994904
USER	MongoDB - Load Scenario	START	1685561994904
USER	MongoDB - Load Scenario	START	1685561994905
USER	MySql - Load Scenario	START	1685561994906
USER	MongoDB - Save Scenario	START	1685561994906
USER	MongoDB - Load Scenario	START	1685561994908
USER	MongoDB - Load Scenario	START	1685561994907
USER	MongoDB - Load Scenario	START	1685561994909
USER	MongoDB - Load Scenario	START	1685561994909
USER	MongoDB - Load Scenario	START	1685561994910
USER	MongoDB - Load Scenario	START	1685561994910
USER	MongoDB - Load Scenario	START	1685561994912
USER	MySql - Load Scenario	START	1685561994907
USER	MongoDB - Load Scenario	START	1685561994913
USER	MongoDB - Load Scenario	START	1685561994911
USER	MongoDB - Load Scenario	START	1685561994916
USER	MongoDB - Save Scenario	START	1685561994917
USER	MongoDB - Load Scenario	START	1685561994920
USER	MySql - Save Scenario	START	1685561994913
USER	MongoDB - Load Scenario	START	1685561994921
USER	MySql - Load Scenario	START	1685561994921
USER	MongoDB - Save Scenario	START	1685561994922
USER	MongoDB - Save Scenario	START	1685561994928
USER	MongoDB - Load Scenario	START	1685561994922
USER	MongoDB - Load Scenario	START	1685561994930
USER	MongoDB - Load Scenario	START	1685561994933
USER	MongoDB - Load Scenario	START	1685561994933
USER	MongoDB - Load Scenario	START	1685561994935
USER	MongoDB - Load Scenario	START	1685561994929
USER	MongoDB - Load Scenario	START	1685561994937
USER	MongoDB - Save Scenario	START	1685561994936
USER	MongoDB - Load Scenario	START	1685561994937
USER	MongoDB - Save Scenario	START	1685561994937
USER	MongoDB - Load Scenario	START	1685561994938
USER	MongoDB - Load Scenario	START	1685561994936
USER	MongoDB - Load Scenario	START	1685561994945
USER	MongoDB - Load Scenario	START	1685561994945
USER	MongoDB - Load Scenario	START	1685561994946
USER	MySql - Load Scenario	START	1685561994947
USER	MongoDB - Load Scenario	START	1685561994947
USER	MongoDB - Save Scenario	START	1685561994948
USER	MySql - Load Scenario	START	1685561994951
USER	MySql - Save Scenario	START	1685561994951
USER	MongoDB - Load Scenario	START	1685561994953
USER	MongoDB - Load Scenario	START	1685561994953
USER	MongoDB - Load Scenario	START	1685561994957
USER	MongoDB - Save Scenario	START	1685561994958
USER	MongoDB - Load Scenario	START	1685561994958
USER	MongoDB - Save Scenario	START	1685561994958
USER	MongoDB - Load Scenario	START	1685561994959
USER	MongoDB - Load Scenario	START	1685561994959
USER	MongoDB - Save Scenario	START	1685561994960
USER	MongoDB - Load Scenario	START	1685561994960
USER	MongoDB - Load Scenario	START	1685561994954
USER	MongoDB - Load Scenario	START	1685561994954
USER	MongoDB - Load Scenario	START	1685561994961
USER	MongoDB - Load Scenario	START	1685561994970
USER	MongoDB - Save Scenario	START	1685561994970
USER	MongoDB - Load Scenario	START	1685561994969
USER	MongoDB - Load Scenario	START	1685561994972
USER	MongoDB - Save Scenario	START	1685561994973
USER	MySql - Load Scenario	START	1685561994969
USER	MongoDB - Save Scenario	START	1685561994973
USER	MongoDB - Save Scenario	START	1685561994974
USER	MySql - Load Scenario	START	1685561994973
USER	MySql - Load Scenario	START	1685561994981
USER	MySql - Load Scenario	START	1685561994982
USER	MySql - Load Scenario	START	1685561994982
USER	MySql - Load Scenario	START	1685561994983
USER	MySql - Load Scenario	START	1685561994984
USER	MongoDB - Save Scenario	START	1685561994984
USER	MySql - Save Scenario	START	1685561994985
USER	MySql - Load Scenario	START	1685561994985
USER	MySql - Load Scenario	START	1685561994986
USER	MySql - Save Scenario	START	1685561994986
USER	MySql - Load Scenario	START	1685561994987
USER	MySql - Save Scenario	START	1685561994993
USER	MySql - Load Scenario	START	1685561994994
USER	MySql - Load Scenario	START	1685561994994
USER	MySql - Load Scenario	START	1685561994995
USER	MySql - Save Scenario	START	1685561994995
USER	MySql - Load Scenario	START	1685561994995
USER	MySql - Save Scenario	START	1685561994996
USER	MySql - Load Scenario	START	1685561994984
USER	MySql - Load Scenario	START	1685561994989
USER	MySql - Load Scenario	START	1685561994998
USER	MySql - Load Scenario	START	1685561994999
USER	MySql - Load Scenario	START	1685561995005
USER	MySql - Load Scenario	START	1685561995006
USER	MySql - Save Scenario	START	1685561995006
USER	MySql - Load Scenario	START	1685561995007
USER	MySql - Save Scenario	START	1685561995007
USER	MySql - Load Scenario	START	1685561995007
USER	MySql - Load Scenario	START	1685561995007
USER	MySql - Load Scenario	START	1685561995008
USER	MySql - Load Scenario	START	1685561995019
USER	MySql - Load Scenario	START	1685561995016
USER	MySql - Save Scenario	START	1685561995020
USER	MySql - Load Scenario	START	1685561995020
USER	MySql - Save Scenario	START	1685561995020
USER	MySql - Load Scenario	START	1685561995021
USER	MySql - Load Scenario	START	1685561995021
USER	MySql - Save Scenario	START	1685561995022
USER	MySql - Save Scenario	START	1685561995022
USER	MySql - Load Scenario	START	1685561995025
USER	MySql - Load Scenario	START	1685561995025
USER	MySql - Load Scenario	START	1685561995027
USER	MySql - Load Scenario	START	1685561995040
USER	MySql - Save Scenario	START	1685561995045
USER	MySql - Save Scenario	START	1685561995047
USER	MySql - Save Scenario	START	1685561995050
USER	MySql - Save Scenario	START	1685561995052
USER	MySql - Save Scenario	START	1685561995052
USER	MySql - Save Scenario	START	1685561995053
USER	MySql - Save Scenario	START	1685561995053
USER	MySql - Save Scenario	START	1685561995053
USER	MySql - Save Scenario	START	1685561995062
USER	MySql - Save Scenario	START	1685561995063
USER	MySql - Save Scenario	START	1685561995059
USER	MySql - Load Scenario	START	1685561995065
USER	MySql - Load Scenario	START	1685561995066
USER	MySql - Save Scenario	START	1685561995073
USER	MySql - Load Scenario	START	1685561995073
USER	MySql - Load Scenario	START	1685561995082
USER	MySql - Save Scenario	START	1685561995082
USER	MySql - Load Scenario	START	1685561995083
USER	MySql - Load Scenario	START	1685561995083
USER	MySql - Save Scenario	START	1685561995084
USER	MySql - Load Scenario	START	1685561995096
USER	MySql - Save Scenario	START	1685561995097
USER	MySql - Load Scenario	START	1685561995098
USER	MySql - Save Scenario	START	1685561995098
USER	MySql - Load Scenario	START	1685561995098
USER	MySql - Save Scenario	START	1685561995099
USER	MySql - Load Scenario	START	1685561995099
USER	MySql - Load Scenario	START	1685561995100
USER	MySql - Save Scenario	START	1685561995104
USER	MySql - Save Scenario	START	1685561995105
USER	MySql - Save Scenario	START	1685561995105
USER	MySql - Save Scenario	START	1685561995100
USER	MySql - Load Scenario	START	1685561995130
USER	MySql - Save Scenario	START	1685561995132
USER	MySql - Load Scenario	START	1685561995133
USER	MySql - Save Scenario	START	1685561995142
USER	MySql - Load Scenario	START	1685561995143
USER	MySql - Load Scenario	START	1685561995143
USER	MySql - Save Scenario	START	1685561995144
USER	MySql - Load Scenario	START	1685561995154
USER	MySql - Save Scenario	START	1685561995155
USER	MySql - Save Scenario	START	1685561995165
USER	MySql - Save Scenario	START	1685561995169
USER	MySql - Save Scenario	START	1685561995169
USER	MySql - Save Scenario	START	1685561995170
USER	MySql - Save Scenario	START	1685561995171
USER	MySql - Save Scenario	START	1685561995171
USER	MySql - Save Scenario	START	1685561995172
USER	MySql - Save Scenario	START	1685561995176
USER	MySql - Save Scenario	START	1685561995178
USER	MySql - Save Scenario	START	1685561995180
USER	MySql - Save Scenario	START	1685561995182
USER	MySql - Save Scenario	START	1685561995183
USER	MySql - Save Scenario	START	1685561995191
USER	MySql - Save Scenario	START	1685561995194
USER	MySql - Save Scenario	START	1685561995195
USER	MySql - Save Scenario	START	1685561995205
USER	MySql - Save Scenario	START	1685561995214
USER	MySql - Save Scenario	START	1685561995216
USER	MySql - Save Scenario	START	1685561995220
USER	MySql - Save Scenario	START	1685561995225
USER	MySql - Save Scenario	START	1685561995236
USER	MySql - Load Scenario	START	1685561995241
USER	MySql - Save Scenario	START	1685561995237
USER	MySql - Save Scenario	START	1685561995253
USER	MySql - Load Scenario	START	1685561995254
USER	MySql - Load Scenario	START	1685561995254
USER	MySql - Load Scenario	START	1685561995261
USER	MySql - Save Scenario	START	1685561995261
USER	MySql - Save Scenario	START	1685561995261
USER	MySql - Save Scenario	START	1685561995261
USER	MySql - Load Scenario	START	1685561995262
USER	MySql - Save Scenario	START	1685561995262
USER	MySql - Save Scenario	START	1685561995268
USER	MySql - Load Scenario	START	1685561995269
USER	MySql - Save Scenario	START	1685561995270
USER	MySql - Load Scenario	START	1685561995270
USER	MySql - Save Scenario	START	1685561995270
USER	MySql - Load Scenario	START	1685561995271
USER	MySql - Save Scenario	START	1685561995271
USER	MySql - Save Scenario	START	1685561995271
USER	MySql - Save Scenario	START	1685561995273
USER	MySql - Save Scenario	START	1685561995282
USER	MySql - Load Scenario	START	1685561995289
USER	MySql - Save Scenario	START	1685561995289
USER	MySql - Load Scenario	START	1685561995290
USER	MySql - Save Scenario	START	1685561995290
USER	MySql - Load Scenario	START	1685561995290
USER	MySql - Save Scenario	START	1685561995291
USER	MySql - Load Scenario	START	1685561995291
USER	MySql - Save Scenario	START	1685561995291
USER	MySql - Load Scenario	START	1685561995292
USER	MySql - Save Scenario	START	1685561995287
USER	MySql - Save Scenario	START	1685561995294
USER	MySql - Save Scenario	START	1685561995295
USER	MySql - Save Scenario	START	1685561995295
USER	MySql - Save Scenario	START	1685561995303
USER	MySql - Save Scenario	START	1685561995304
USER	MySql - Save Scenario	START	1685561995304
USER	MySql - Save Scenario	START	1685561995305
USER	MySql - Save Scenario	START	1685561995305
USER	MySql - Save Scenario	START	1685561995305
USER	MySql - Save Scenario	START	1685561995305
USER	MySql - Save Scenario	START	1685561995306
USER	MySql - Save Scenario	START	1685561995306
USER	MySql - Save Scenario	START	1685561995306
USER	MySql - Save Scenario	START	1685561995307
USER	MySql - Save Scenario	START	1685561995307
USER	MySql - Save Scenario	START	1685561995321
USER	MySql - Save Scenario	START	1685561995321
USER	MySql - Save Scenario	START	1685561995322
USER	MySql - Save Scenario	START	1685561995322
USER	MySql - Save Scenario	START	1685561995322
USER	MySql - Save Scenario	START	1685561995323
USER	MySql - Save Scenario	START	1685561995323
USER	MySql - Save Scenario	START	1685561995325
REQUEST		MongoDB - Save	1685561994780	1685561996046	KO	j.i.IOException: Premature close
USER	MongoDB - Save Scenario	END	1685561996060
REQUEST		MongoDB - Save	1685561994833	1685561996063	KO	j.i.IOException: Premature close
USER	MongoDB - Save Scenario	END	1685561996063
REQUEST		MongoDB - Save	1685561994829	1685561996068	KO	j.i.IOException: Premature close
USER	MongoDB - Save Scenario	END	1685561996069
REQUEST		MongoDB - Save	1685561994829	1685561996069	KO	j.i.IOException: Premature close
USER	MongoDB - Save Scenario	END	1685561996070
REQUEST		MongoDB - Save	1685561994821	1685561996070	KO	j.i.IOException: Premature close
USER	MongoDB - Save Scenario	END	1685561996070
REQUEST		MongoDB - Save	1685561994815	1685561996070	KO	j.i.IOException: Premature close
USER	MongoDB - Save Scenario	END	1685561996071
REQUEST		MongoDB - Save	1685561994814	1685561996071	KO	j.i.IOException: Premature close
USER	MongoDB - Save Scenario	END	1685561996071
REQUEST		MongoDB - Save	1685561994841	1685561996071	KO	j.i.IOException: Premature close
USER	MongoDB - Save Scenario	END	1685561996072
REQUEST		MongoDB - Save	1685561994792	1685561996072	KO	j.i.IOException: Premature close
USER	MongoDB - Save Scenario	END	1685561996075
REQUEST		MongoDB - Save	1685561994790	1685561996076	KO	j.i.IOException: Premature close
USER	MongoDB - Save Scenario	END	1685561996076
REQUEST		MongoDB - Save	1685561994790	1685561996076	KO	j.i.IOException: Premature close
USER	MongoDB - Save Scenario	END	1685561996077
REQUEST		MongoDB - Save	1685561994789	1685561996077	KO	j.i.IOException: Premature close
USER	MongoDB - Save Scenario	END	1685561996077
REQUEST		MongoDB - Save	1685561994787	1685561996077	KO	j.i.IOException: Premature close
USER	MongoDB - Save Scenario	END	1685561996078
REQUEST		MongoDB - Save	1685561994786	1685561996078	KO	j.i.IOException: Premature close
USER	MongoDB - Save Scenario	END	1685561996078
REQUEST		MongoDB - Save	1685561994801	1685561996078	KO	j.i.IOException: Premature close
USER	MongoDB - Save Scenario	END	1685561996079
REQUEST		MongoDB - Save	1685561994785	1685561996079	KO	j.i.IOException: Premature close
USER	MongoDB - Save Scenario	END	1685561996079
REQUEST		MongoDB - Save	1685561994785	1685561996083	KO	j.i.IOException: Premature close
USER	MongoDB - Save Scenario	END	1685561996084
REQUEST		MongoDB - Save	1685561994784	1685561996084	KO	j.i.IOException: Premature close
USER	MongoDB - Save Scenario	END	1685561996085
REQUEST		MongoDB - Save	1685561994780	1685561996085	KO	j.i.IOException: Premature close
USER	MongoDB - Save Scenario	END	1685561996085
REQUEST		MongoDB - Save	1685561994786	1685561996085	KO	j.i.IOException: Premature close
USER	MongoDB - Save Scenario	END	1685561996086
REQUEST		MongoDB - Save	1685561994766	1685561996086	KO	j.i.IOException: Premature close
USER	MongoDB - Save Scenario	END	1685561996086
REQUEST		MongoDB - Save	1685561994764	1685561996087	KO	j.i.IOException: Premature close
USER	MongoDB - Save Scenario	END	1685561996087
REQUEST		MongoDB - Save	1685561994752	1685561996087	KO	j.i.IOException: Premature close
USER	MongoDB - Save Scenario	END	1685561996092
REQUEST		MongoDB - Load	1685561994760	1685561997126	KO	status.find.in([200, 209], 304), found 500
USER	MongoDB - Load Scenario	END	1685561997146
REQUEST		MongoDB - Load	1685561994764	1685561997229	KO	status.find.in([200, 209], 304), found 500
USER	MongoDB - Load Scenario	END	1685561997230
REQUEST		MongoDB - Load	1685561994770	1685561997306	KO	status.find.in([200, 209], 304), found 500
USER	MongoDB - Load Scenario	END	1685561997307
REQUEST		MongoDB - Save	1685561994770	1685561997324	OK	 
USER	MongoDB - Save Scenario	END	1685561997326
REQUEST		MongoDB - Save	1685561994771	1685561997368	OK	 
USER	MongoDB - Save Scenario	END	1685561997369
REQUEST		MongoDB - Save	1685561994772	1685561997470	OK	 
USER	MongoDB - Save Scenario	END	1685561997471
REQUEST		MySql - Load	1685561994888	1685561997492	KO	status.find.in([200, 209], 304), found 500
USER	MySql - Load Scenario	END	1685561997493
REQUEST		MySql - Load	1685561994751	1685561997571	KO	status.find.in([200, 209], 304), found 500
USER	MySql - Load Scenario	END	1685561997572
REQUEST		MySql - Load	1685561994763	1685561997572	KO	status.find.in([200, 209], 304), found 500
USER	MySql - Load Scenario	END	1685561997572
REQUEST		MySql - Load	1685561994769	1685561997575	KO	status.find.in([200, 209], 304), found 500
USER	MySql - Load Scenario	END	1685561997575
REQUEST		MySql - Load	1685561994786	1685561997617	KO	status.find.in([200, 209], 304), found 500
USER	MySql - Load Scenario	END	1685561997618
REQUEST		MongoDB - Load	1685561994780	1685561997633	OK	 
REQUEST		MongoDB - Save	1685561994782	1685561997634	OK	 
REQUEST		MySql - Load	1685561994890	1685561997635	KO	status.find.in([200, 209], 304), found 500
USER	MongoDB - Load Scenario	END	1685561997637
USER	MongoDB - Save Scenario	END	1685561997637
USER	MySql - Load Scenario	END	1685561997637
REQUEST		MongoDB - Load	1685561994771	1685561997637	OK	 
USER	MongoDB - Load Scenario	END	1685561997637
REQUEST		MySql - Load	1685561994783	1685561997667	KO	status.find.in([200, 209], 304), found 500
USER	MySql - Load Scenario	END	1685561997668
REQUEST		MongoDB - Load	1685561994785	1685561997691	OK	 
USER	MongoDB - Load Scenario	END	1685561997691
REQUEST		MySql - Load	1685561994770	1685561997706	KO	status.find.in([200, 209], 304), found 500
USER	MySql - Load Scenario	END	1685561997707
REQUEST		MySql - Load	1685561994779	1685561997735	KO	status.find.in([200, 209], 304), found 500
USER	MySql - Load Scenario	END	1685561997736
REQUEST		MySql - Load	1685561994759	1685561997789	KO	status.find.in([200, 209], 304), found 500
REQUEST		MySql - Load	1685561994897	1685561997790	KO	status.find.in([200, 209], 304), found 500
USER	MySql - Load Scenario	END	1685561997791
REQUEST		MySql - Load	1685561994892	1685561997791	KO	status.find.in([200, 209], 304), found 500
USER	MySql - Load Scenario	END	1685561997792
USER	MySql - Load Scenario	END	1685561997792
REQUEST		MySql - Load	1685561994759	1685561997792	KO	status.find.in([200, 209], 304), found 500
USER	MySql - Load Scenario	END	1685561997795
REQUEST		MySql - Load	1685561994752	1685561997799	KO	status.find.in([200, 209], 304), found 500
USER	MySql - Load Scenario	END	1685561997800
REQUEST		MySql - Load	1685561994757	1685561997800	KO	status.find.in([200, 209], 304), found 500
USER	MySql - Load Scenario	END	1685561997800
REQUEST		MongoDB - Load	1685561994786	1685561997836	OK	 
USER	MongoDB - Load Scenario	END	1685561997837
REQUEST		MySql - Load	1685561994768	1685561997866	KO	status.find.in([200, 209], 304), found 500
USER	MySql - Load Scenario	END	1685561997867
REQUEST		MongoDB - Save	1685561994785	1685561997869	OK	 
USER	MongoDB - Save Scenario	END	1685561997869
REQUEST		MySql - Load	1685561994768	1685561997999	KO	status.find.in([200, 209], 304), found 500
USER	MySql - Load Scenario	END	1685561998000
REQUEST		MySql - Load	1685561994764	1685561998019	KO	status.find.in([200, 209], 304), found 500
USER	MySql - Load Scenario	END	1685561998020
REQUEST		MySql - Load	1685561994767	1685561998029	KO	status.find.in([200, 209], 304), found 500
USER	MySql - Load Scenario	END	1685561998032
REQUEST		MySql - Load	1685561994768	1685561998057	KO	status.find.in([200, 209], 304), found 500
USER	MySql - Load Scenario	END	1685561998058
REQUEST		MongoDB - Save	1685561994757	1685561998072	OK	 
USER	MongoDB - Save Scenario	END	1685561998073
REQUEST		MySql - Load	1685561994765	1685561998076	KO	status.find.in([200, 209], 304), found 500
USER	MySql - Load Scenario	END	1685561998084
REQUEST		MySql - Load	1685561994769	1685561998085	KO	status.find.in([200, 209], 304), found 500
USER	MySql - Load Scenario	END	1685561998086
REQUEST		MongoDB - Save	1685561994791	1685561998105	OK	 
USER	MongoDB - Save Scenario	END	1685561998105
REQUEST		MongoDB - Save	1685561994786	1685561998106	OK	 
USER	MongoDB - Save Scenario	END	1685561998107
REQUEST		MongoDB - Load	1685561994790	1685561998107	OK	 
USER	MongoDB - Load Scenario	END	1685561998108
REQUEST		MySql - Load	1685561994770	1685561998133	KO	status.find.in([200, 209], 304), found 500
USER	MySql - Load Scenario	END	1685561998134
REQUEST		MongoDB - Save	1685561994767	1685561998201	KO	j.i.IOException: Premature close
USER	MongoDB - Save Scenario	END	1685561998201
REQUEST		MySql - Load	1685561994769	1685561998225	KO	status.find.in([200, 209], 304), found 500
USER	MySql - Load Scenario	END	1685561998226
REQUEST		MySql - Load	1685561994772	1685561998242	KO	status.find.in([200, 209], 304), found 500
USER	MySql - Load Scenario	END	1685561998243
REQUEST		MongoDB - Save	1685561994760	1685561998247	OK	 
USER	MongoDB - Save Scenario	END	1685561998248
REQUEST		MongoDB - Save	1685561994764	1685561998275	OK	 
USER	MongoDB - Save Scenario	END	1685561998276
REQUEST		MongoDB - Save	1685561994762	1685561998346	OK	 
USER	MongoDB - Save Scenario	END	1685561998347
REQUEST		MySql - Load	1685561994770	1685561998357	KO	status.find.in([200, 209], 304), found 500
USER	MySql - Load Scenario	END	1685561998358
REQUEST		MongoDB - Save	1685561994973	1685561998362	KO	j.i.IOException: Premature close
REQUEST		MongoDB - Save	1685561994934	1685561998363	KO	j.i.IOException: Premature close
REQUEST		MongoDB - Save	1685561994973	1685561998363	KO	j.i.IOException: Premature close
REQUEST		MongoDB - Save	1685561994970	1685561998363	KO	j.i.IOException: Premature close
REQUEST		MongoDB - Save	1685561994959	1685561998363	KO	j.i.IOException: Premature close
REQUEST		MongoDB - Save	1685561994958	1685561998363	KO	j.i.IOException: Premature close
REQUEST		MongoDB - Save	1685561994957	1685561998363	KO	j.i.IOException: Premature close
USER	MongoDB - Save Scenario	END	1685561998363
USER	MongoDB - Save Scenario	END	1685561998363
USER	MongoDB - Save Scenario	END	1685561998363
USER	MongoDB - Save Scenario	END	1685561998363
USER	MongoDB - Save Scenario	END	1685561998363
USER	MongoDB - Save Scenario	END	1685561998363
USER	MongoDB - Save Scenario	END	1685561998363
REQUEST		MongoDB - Save	1685561994947	1685561998363	KO	j.i.IOException: Premature close
REQUEST		MongoDB - Save	1685561994937	1685561998363	KO	j.i.IOException: Premature close
REQUEST		MongoDB - Save	1685561994906	1685561998363	KO	j.i.IOException: Premature close
REQUEST		MongoDB - Save	1685561994928	1685561998363	KO	j.i.IOException: Premature close
REQUEST		MongoDB - Save	1685561994922	1685561998363	KO	j.i.IOException: Premature close
USER	MongoDB - Save Scenario	END	1685561998364
USER	MongoDB - Save Scenario	END	1685561998364
USER	MongoDB - Save Scenario	END	1685561998364
USER	MongoDB - Save Scenario	END	1685561998364
USER	MongoDB - Save Scenario	END	1685561998364
REQUEST		MongoDB - Save	1685561994916	1685561998363	KO	j.i.IOException: Premature close
REQUEST		MongoDB - Save	1685561994974	1685561998375	KO	j.i.IOException: Premature close
REQUEST		MongoDB - Save	1685561994902	1685561998375	KO	j.i.IOException: Premature close
REQUEST		MongoDB - Save	1685561994898	1685561998375	KO	j.i.IOException: Premature close
REQUEST		MongoDB - Save	1685561994984	1685561998375	KO	j.i.IOException: Premature close
USER	MongoDB - Save Scenario	END	1685561998375
USER	MongoDB - Save Scenario	END	1685561998375
USER	MongoDB - Save Scenario	END	1685561998375
USER	MongoDB - Save Scenario	END	1685561998375
USER	MongoDB - Save Scenario	END	1685561998375
REQUEST		MongoDB - Save	1685561994767	1685561998380	OK	 
USER	MongoDB - Save Scenario	END	1685561998384
REQUEST		MySql - Load	1685561994772	1685561998478	KO	status.find.in([200, 209], 304), found 500
USER	MySql - Load Scenario	END	1685561998479
REQUEST		MongoDB - Load	1685561994887	1685561998497	OK	 
USER	MongoDB - Load Scenario	END	1685561998498
REQUEST		MySql - Load	1685561994771	1685561998505	KO	status.find.in([200, 209], 304), found 500
USER	MySql - Load Scenario	END	1685561998506
REQUEST		MySql - Load	1685561994771	1685561998523	KO	status.find.in([200, 209], 304), found 500
USER	MySql - Load Scenario	END	1685561998524
REQUEST		MongoDB - Save	1685561994768	1685561998531	OK	 
USER	MongoDB - Save Scenario	END	1685561998532
REQUEST		MongoDB - Save	1685561994768	1685561998539	OK	 
USER	MongoDB - Save Scenario	END	1685561998540
REQUEST		MongoDB - Save	1685561994769	1685561998542	OK	 
USER	MongoDB - Save Scenario	END	1685561998543
REQUEST		MySql - Save	1685561995220	1685561998591	KO	j.i.IOException: Premature close
REQUEST		MySql - Save	1685561995216	1685561998591	KO	j.i.IOException: Premature close
REQUEST		MySql - Save	1685561995202	1685561998591	KO	j.i.IOException: Premature close
REQUEST		MySql - Save	1685561995213	1685561998591	KO	j.i.IOException: Premature close
REQUEST		MySql - Save	1685561995195	1685561998591	KO	j.i.IOException: Premature close
USER	MySql - Save Scenario	END	1685561998592
USER	MySql - Save Scenario	END	1685561998592
USER	MySql - Save Scenario	END	1685561998592
USER	MySql - Save Scenario	END	1685561998592
USER	MySql - Save Scenario	END	1685561998592
REQUEST		MySql - Save	1685561995306	1685561998595	KO	j.i.IOException: Premature close
USER	MySql - Save Scenario	END	1685561998596
REQUEST		MySql - Save	1685561995305	1685561998596	KO	j.i.IOException: Premature close
USER	MySql - Save Scenario	END	1685561998596
REQUEST		MySql - Save	1685561995305	1685561998596	KO	j.i.IOException: Premature close
USER	MySql - Save Scenario	END	1685561998597
REQUEST		MySql - Save	1685561995292	1685561998597	KO	j.i.IOException: Premature close
USER	MySql - Save Scenario	END	1685561998597
REQUEST		MySql - Save	1685561995291	1685561998597	KO	j.i.IOException: Premature close
USER	MySql - Save Scenario	END	1685561998597
REQUEST		MySql - Save	1685561995290	1685561998597	KO	j.i.IOException: Premature close
USER	MySql - Save Scenario	END	1685561998598
REQUEST		MySql - Save	1685561995290	1685561998598	KO	j.i.IOException: Premature close
USER	MySql - Save Scenario	END	1685561998598
REQUEST		MySql - Save	1685561995289	1685561998598	KO	j.i.IOException: Premature close
USER	MySql - Save Scenario	END	1685561998598
REQUEST		MySql - Save	1685561995271	1685561998598	KO	j.i.IOException: Premature close
USER	MySql - Save Scenario	END	1685561998598
REQUEST		MySql - Save	1685561995305	1685561998598	KO	j.i.IOException: Premature close
USER	MySql - Save Scenario	END	1685561998599
REQUEST		MySql - Save	1685561995270	1685561998599	KO	j.i.IOException: Premature close
USER	MySql - Save Scenario	END	1685561998599
REQUEST		MySql - Save	1685561995262	1685561998599	KO	j.i.IOException: Premature close
REQUEST		MySql - Load	1685561994771	1685561998599	KO	status.find.in([200, 209], 304), found 500
USER	MySql - Load Scenario	END	1685561998599
USER	MySql - Save Scenario	END	1685561998600
REQUEST		MySql - Save	1685561995261	1685561998600	KO	j.i.IOException: Premature close
USER	MySql - Save Scenario	END	1685561998600
REQUEST		MySql - Save	1685561995253	1685561998600	KO	j.i.IOException: Premature close
USER	MySql - Save Scenario	END	1685561998600
REQUEST		MySql - Save	1685561995321	1685561998600	KO	j.i.IOException: Premature close
USER	MySql - Save Scenario	END	1685561998600
REQUEST		MySql - Save	1685561995322	1685561998601	KO	j.i.IOException: Premature close
USER	MySql - Save Scenario	END	1685561998601
REQUEST		MySql - Save	1685561995321	1685561998601	KO	j.i.IOException: Premature close
USER	MySql - Save Scenario	END	1685561998604
REQUEST		MySql - Save	1685561995320	1685561998604	KO	j.i.IOException: Premature close
USER	MySql - Save Scenario	END	1685561998605
REQUEST		MySql - Save	1685561995307	1685561998605	KO	j.i.IOException: Premature close
USER	MySql - Save Scenario	END	1685561998605
REQUEST		MySql - Save	1685561995322	1685561998605	KO	j.i.IOException: Premature close
USER	MySql - Save Scenario	END	1685561998605
REQUEST		MySql - Save	1685561995306	1685561998605	KO	j.i.IOException: Premature close
USER	MySql - Save Scenario	END	1685561998605
REQUEST		MySql - Save	1685561995322	1685561998606	KO	j.i.IOException: Premature close
USER	MySql - Save Scenario	END	1685561998606
REQUEST		MySql - Load	1685561994982	1685561998606	KO	status.find.in([200, 209], 304), found 500
USER	MySql - Load Scenario	END	1685561998607
REQUEST		MongoDB - Save	1685561994772	1685561998617	OK	 
USER	MongoDB - Save Scenario	END	1685561998617
REQUEST		MongoDB - Save	1685561994772	1685561998642	OK	 
USER	MongoDB - Save Scenario	END	1685561998643
REQUEST		MySql - Load	1685561994969	1685561998670	KO	status.find.in([200, 209], 304), found 500
USER	MySql - Load Scenario	END	1685561998671
REQUEST		MongoDB - Save	1685561994773	1685561998713	OK	 
USER	MongoDB - Save Scenario	END	1685561998714
REQUEST		MongoDB - Save	1685561994773	1685561998715	OK	 
USER	MongoDB - Save Scenario	END	1685561998716
REQUEST		MySql - Load	1685561994981	1685561998738	KO	status.find.in([200, 209], 304), found 500
REQUEST		MySql - Load	1685561994998	1685561998739	KO	status.find.in([200, 209], 304), found 500
USER	MySql - Load Scenario	END	1685561998739
USER	MySql - Load Scenario	END	1685561998740
REQUEST		MySql - Load	1685561994983	1685561998781	KO	status.find.in([200, 209], 304), found 500
USER	MySql - Load Scenario	END	1685561998782
REQUEST		MySql - Load	1685561995006	1685561998792	KO	status.find.in([200, 209], 304), found 500
USER	MySql - Load Scenario	END	1685561998793
REQUEST		MongoDB - Save	1685561994774	1685561998802	OK	 
USER	MongoDB - Save Scenario	END	1685561998803
REQUEST		MySql - Load	1685561995008	1685561998820	KO	status.find.in([200, 209], 304), found 500
USER	MySql - Load Scenario	END	1685561998820
REQUEST		MongoDB - Save	1685561994774	1685561998830	OK	 
USER	MongoDB - Save Scenario	END	1685561998831
REQUEST		MySql - Load	1685561994974	1685561998855	KO	status.find.in([200, 209], 304), found 500
USER	MySql - Load Scenario	END	1685561998855
REQUEST		MongoDB - Save	1685561994775	1685561998901	OK	 
USER	MongoDB - Save Scenario	END	1685561998902
REQUEST		MongoDB - Save	1685561994775	1685561998918	OK	 
USER	MongoDB - Save Scenario	END	1685561998918
REQUEST		MongoDB - Save	1685561994775	1685561998980	OK	 
USER	MongoDB - Save Scenario	END	1685561998981
REQUEST		MongoDB - Save	1685561994776	1685561998993	OK	 
USER	MongoDB - Save Scenario	END	1685561998994
REQUEST		MongoDB - Save	1685561994789	1685561999061	OK	 
USER	MongoDB - Save Scenario	END	1685561999062
REQUEST		MongoDB - Save	1685561994791	1685561999067	OK	 
USER	MongoDB - Save Scenario	END	1685561999067
REQUEST		MongoDB - Save	1685561994799	1685561999088	OK	 
USER	MongoDB - Save Scenario	END	1685561999088
REQUEST		MongoDB - Save	1685561994790	1685561999090	OK	 
USER	MongoDB - Save Scenario	END	1685561999091
REQUEST		MongoDB - Save	1685561994799	1685561999120	OK	 
USER	MongoDB - Save Scenario	END	1685561999121
REQUEST		MongoDB - Save	1685561994815	1685561999173	OK	 
USER	MongoDB - Save Scenario	END	1685561999173
REQUEST		MongoDB - Load	1685561994816	1685561999182	OK	 
USER	MongoDB - Load Scenario	END	1685561999182
REQUEST		MongoDB - Load	1685561994820	1685561999189	OK	 
USER	MongoDB - Load Scenario	END	1685561999190
REQUEST		MongoDB - Load	1685561994821	1685561999220	OK	 
USER	MongoDB - Load Scenario	END	1685561999221
REQUEST		MongoDB - Load	1685561994829	1685561999222	OK	 
USER	MongoDB - Load Scenario	END	1685561999222
REQUEST		MongoDB - Load	1685561994845	1685561999283	OK	 
USER	MongoDB - Load Scenario	END	1685561999284
REQUEST		MongoDB - Load	1685561994832	1685561999284	OK	 
USER	MongoDB - Load Scenario	END	1685561999285
REQUEST		MongoDB - Load	1685561994840	1685561999285	OK	 
USER	MongoDB - Load Scenario	END	1685561999286
REQUEST		MongoDB - Load	1685561994846	1685561999293	OK	 
USER	MongoDB - Load Scenario	END	1685561999293
REQUEST		MongoDB - Load	1685561994848	1685561999331	OK	 
USER	MongoDB - Load Scenario	END	1685561999332
REQUEST		MongoDB - Load	1685561994849	1685561999361	OK	 
USER	MongoDB - Load Scenario	END	1685561999361
REQUEST		MongoDB - Load	1685561994851	1685561999373	OK	 
USER	MongoDB - Load Scenario	END	1685561999373
REQUEST		MongoDB - Load	1685561994853	1685561999412	OK	 
USER	MongoDB - Load Scenario	END	1685561999413
REQUEST		MongoDB - Load	1685561994947	1685561999418	OK	 
USER	MongoDB - Load Scenario	END	1685561999418
REQUEST		MongoDB - Load	1685561994903	1685561999478	OK	 
USER	MongoDB - Load Scenario	END	1685561999479
REQUEST		MongoDB - Load	1685561994899	1685561999482	OK	 
USER	MongoDB - Load Scenario	END	1685561999483
REQUEST		MongoDB - Load	1685561994907	1685561999502	OK	 
USER	MongoDB - Load Scenario	END	1685561999502
REQUEST		MongoDB - Load	1685561994905	1685561999515	OK	 
USER	MongoDB - Load Scenario	END	1685561999516
REQUEST		MongoDB - Load	1685561994945	1685561999538	OK	 
USER	MongoDB - Load Scenario	END	1685561999539
REQUEST		MongoDB - Save	1685561994843	1685561999539	OK	 
USER	MongoDB - Save Scenario	END	1685561999540
REQUEST		MongoDB - Save	1685561994849	1685561999585	OK	 
USER	MongoDB - Save Scenario	END	1685561999586
REQUEST		MongoDB - Save	1685561994774	1685561999598	OK	 
USER	MongoDB - Save Scenario	END	1685561999599
REQUEST		MySql - Load	1685561994985	1685561999605	KO	status.find.in([200, 209], 304), found 500
USER	MySql - Load Scenario	END	1685561999605
REQUEST		MySql - Load	1685561994986	1685561999606	KO	status.find.in([200, 209], 304), found 500
USER	MySql - Load Scenario	END	1685561999606
REQUEST		MongoDB - Load	1685561994866	1685561999629	OK	 
USER	MongoDB - Load Scenario	END	1685561999630
REQUEST		MongoDB - Load	1685561994857	1685561999634	OK	 
USER	MongoDB - Load Scenario	END	1685561999635
REQUEST		MongoDB - Load	1685561994929	1685561999688	OK	 
USER	MongoDB - Load Scenario	END	1685561999689
REQUEST		MongoDB - Load	1685561994932	1685561999740	OK	 
USER	MongoDB - Load Scenario	END	1685561999740
REQUEST		MongoDB - Load	1685561994857	1685561999790	OK	 
USER	MongoDB - Load Scenario	END	1685561999790
REQUEST		MongoDB - Load	1685561994861	1685561999812	OK	 
USER	MongoDB - Load Scenario	END	1685561999813
REQUEST		MongoDB - Load	1685561994886	1685561999860	OK	 
USER	MongoDB - Load Scenario	END	1685561999861
REQUEST		MongoDB - Load	1685561994859	1685561999870	OK	 
USER	MongoDB - Load Scenario	END	1685561999871
REQUEST		MongoDB - Load	1685561994889	1685561999897	OK	 
USER	MongoDB - Load Scenario	END	1685561999900
REQUEST		MongoDB - Load	1685561994882	1685561999931	OK	 
USER	MongoDB - Load Scenario	END	1685561999932
REQUEST		MongoDB - Load	1685561994878	1685561999933	OK	 
USER	MongoDB - Load Scenario	END	1685561999935
REQUEST		MongoDB - Load	1685561994863	1685561999978	OK	 
USER	MongoDB - Load Scenario	END	1685561999979
REQUEST		MongoDB - Load	1685561994884	1685562000010	OK	 
USER	MongoDB - Load Scenario	END	1685562000011
REQUEST		MongoDB - Load	1685561994972	1685562000041	OK	 
USER	MongoDB - Load Scenario	END	1685562000042
REQUEST		MongoDB - Load	1685561994960	1685562000082	OK	 
USER	MongoDB - Load Scenario	END	1685562000083
REQUEST		MongoDB - Load	1685561994959	1685562000126	OK	 
USER	MongoDB - Load Scenario	END	1685562000127
REQUEST		MongoDB - Load	1685561994969	1685562000180	OK	 
USER	MongoDB - Load Scenario	END	1685562000181
REQUEST		MongoDB - Load	1685561994880	1685562000194	OK	 
USER	MongoDB - Load Scenario	END	1685562000195
REQUEST		MongoDB - Load	1685561994866	1685562000195	OK	 
USER	MongoDB - Load Scenario	END	1685562000197
REQUEST		MySql - Load	1685561994986	1685562000206	KO	status.find.in([200, 209], 304), found 500
USER	MySql - Load Scenario	END	1685562000207
REQUEST		MySql - Load	1685561995007	1685562000207	KO	status.find.in([200, 209], 304), found 500
USER	MySql - Load Scenario	END	1685562000208
REQUEST		MySql - Save	1685561994985	1685562000212	OK	 
USER	MySql - Save Scenario	END	1685562000213
REQUEST		MySql - Load	1685561994994	1685562000225	KO	status.find.in([200, 209], 304), found 500
USER	MySql - Load Scenario	END	1685562000226
REQUEST		MongoDB - Load	1685561994872	1685562000238	OK	 
USER	MongoDB - Load Scenario	END	1685562000238
REQUEST		MySql - Load	1685561994993	1685562000238	KO	status.find.in([200, 209], 304), found 500
USER	MySql - Load Scenario	END	1685562000239
REQUEST		MongoDB - Load	1685561994874	1685562000239	OK	 
USER	MongoDB - Load Scenario	END	1685562000240
REQUEST		MongoDB - Load	1685561994876	1685562000290	OK	 
USER	MongoDB - Load Scenario	END	1685562000291
REQUEST		MongoDB - Save	1685561994891	1685562000307	OK	 
USER	MongoDB - Save Scenario	END	1685562000308
REQUEST		MongoDB - Load	1685561994893	1685562000349	OK	 
USER	MongoDB - Load Scenario	END	1685562000350
REQUEST		MongoDB - Load	1685561994898	1685562000390	OK	 
USER	MongoDB - Load Scenario	END	1685562000390
REQUEST		MongoDB - Load	1685561994901	1685562000423	OK	 
USER	MongoDB - Load Scenario	END	1685562000424
REQUEST		MongoDB - Load	1685561994892	1685562000425	OK	 
USER	MongoDB - Load Scenario	END	1685562000425
REQUEST		MongoDB - Load	1685561994901	1685562000453	OK	 
USER	MongoDB - Load Scenario	END	1685562000453
REQUEST		MongoDB - Load	1685561994890	1685562000456	OK	 
USER	MongoDB - Load Scenario	END	1685562000457
REQUEST		MySql - Load	1685561994994	1685562000466	KO	status.find.in([200, 209], 304), found 500
USER	MySql - Load Scenario	END	1685562000467
REQUEST		MongoDB - Load	1685561994889	1685562000498	OK	 
USER	MongoDB - Load Scenario	END	1685562000499
REQUEST		MongoDB - Save	1685561994877	1685562000519	OK	 
USER	MongoDB - Save Scenario	END	1685562000520
REQUEST		MongoDB - Save	1685561994875	1685562000576	OK	 
USER	MongoDB - Save Scenario	END	1685562000576
REQUEST		MongoDB - Save	1685561994873	1685562000585	OK	 
USER	MongoDB - Save Scenario	END	1685562000585
REQUEST		MongoDB - Save	1685561994866	1685562000634	OK	 
USER	MongoDB - Save Scenario	END	1685562000635
REQUEST		MySql - Load	1685561994995	1685562000652	KO	status.find.in([200, 209], 304), found 500
USER	MySql - Load Scenario	END	1685562000653
REQUEST		MongoDB - Load	1685561994885	1685562000656	OK	 
USER	MongoDB - Load Scenario	END	1685562000659
REQUEST		MongoDB - Load	1685561994883	1685562000697	OK	 
USER	MongoDB - Load Scenario	END	1685562000697
REQUEST		MongoDB - Load	1685561994881	1685562000705	OK	 
USER	MongoDB - Load Scenario	END	1685562000706
REQUEST		MySql - Load	1685561994996	1685562000722	KO	status.find.in([200, 209], 304), found 500
USER	MySql - Load Scenario	END	1685562000728
REQUEST		MongoDB - Load	1685561994887	1685562000802	OK	 
USER	MongoDB - Load Scenario	END	1685562000802
REQUEST		MongoDB - Load	1685561994879	1685562000803	OK	 
USER	MongoDB - Load Scenario	END	1685562000803
REQUEST		MongoDB - Load	1685561994885	1685562000822	OK	 
REQUEST		MongoDB - Load	1685561994893	1685562000823	OK	 
USER	MongoDB - Load Scenario	END	1685562000823
REQUEST		MongoDB - Load	1685561994908	1685562000824	OK	 
USER	MongoDB - Load Scenario	END	1685562000824
USER	MongoDB - Load Scenario	END	1685562000824
REQUEST		MongoDB - Load	1685561994893	1685562000843	OK	 
USER	MongoDB - Load Scenario	END	1685562000844
REQUEST		MongoDB - Load	1685561994920	1685562000906	OK	 
USER	MongoDB - Load Scenario	END	1685562000907
REQUEST		MongoDB - Load	1685561994912	1685562000913	OK	 
USER	MongoDB - Load Scenario	END	1685562000914
REQUEST		MongoDB - Load	1685561994922	1685562000914	OK	 
USER	MongoDB - Load Scenario	END	1685562000914
REQUEST		MongoDB - Load	1685561994885	1685562000916	OK	 
USER	MongoDB - Load Scenario	END	1685562000917
REQUEST		MySql - Load	1685561995006	1685562000951	KO	status.find.in([200, 209], 304), found 500
USER	MySql - Load Scenario	END	1685562000952
REQUEST		MongoDB - Load	1685561994936	1685562000964	OK	 
USER	MongoDB - Load Scenario	END	1685562000966
REQUEST		MongoDB - Load	1685561994934	1685562000967	OK	 
USER	MongoDB - Load Scenario	END	1685562000968
REQUEST		MongoDB - Load	1685561994959	1685562001008	OK	 
USER	MongoDB - Load Scenario	END	1685562001008
REQUEST		MongoDB - Load	1685561994948	1685562001017	OK	 
USER	MongoDB - Load Scenario	END	1685562001017
REQUEST		MongoDB - Load	1685561994958	1685562001066	OK	 
USER	MongoDB - Load Scenario	END	1685562001067
REQUEST		MongoDB - Load	1685561994938	1685562001097	OK	 
USER	MongoDB - Load Scenario	END	1685562001097
REQUEST		MongoDB - Load	1685561994946	1685562001104	OK	 
USER	MongoDB - Load Scenario	END	1685562001104
REQUEST		MongoDB - Load	1685561994904	1685562001108	OK	 
USER	MongoDB - Load Scenario	END	1685562001108
REQUEST		MongoDB - Load	1685561994937	1685562001118	OK	 
USER	MongoDB - Load Scenario	END	1685562001119
REQUEST		MongoDB - Load	1685561994932	1685562001131	OK	 
USER	MongoDB - Load Scenario	END	1685562001132
REQUEST		MongoDB - Load	1685561994908	1685562001133	OK	 
USER	MongoDB - Load Scenario	END	1685562001134
REQUEST		MySql - Load	1685561994900	1685562001185	KO	status.find.in([200, 209], 304), found 500
USER	MySql - Load Scenario	END	1685562001186
REQUEST		MySql - Load	1685561994921	1685562001489	KO	status.find.in([200, 209], 304), found 500
REQUEST		MySql - Load	1685561994902	1685562001490	KO	status.find.in([200, 209], 304), found 500
USER	MySql - Load Scenario	END	1685562001491
USER	MySql - Load Scenario	END	1685562001491
REQUEST		MySql - Save	1685561994996	1685562001492	OK	 
USER	MySql - Save Scenario	END	1685562001492
REQUEST		MySql - Load	1685561994904	1685562001493	KO	status.find.in([200, 209], 304), found 500
USER	MySql - Load Scenario	END	1685562001493
REQUEST		MySql - Load	1685561994951	1685562001495	KO	status.find.in([200, 209], 304), found 500
USER	MySql - Load Scenario	END	1685562001495
REQUEST		MySql - Load	1685561994905	1685562001496	KO	status.find.in([200, 209], 304), found 500
USER	MySql - Load Scenario	END	1685562001496
REQUEST		MySql - Load	1685561994907	1685562001496	KO	status.find.in([200, 209], 304), found 500
USER	MySql - Load Scenario	END	1685562001496
REQUEST		MySql - Save	1685561994993	1685562001496	OK	 
USER	MySql - Save Scenario	END	1685562001497
REQUEST		MySql - Load	1685561994947	1685562001525	KO	status.find.in([200, 209], 304), found 500
USER	MySql - Load Scenario	END	1685562001525
REQUEST		MySql - Save	1685561995006	1685562001549	OK	 
USER	MySql - Save Scenario	END	1685562001549
REQUEST		MySql - Load	1685561995084	1685562001954	KO	status.find.in([200, 209], 304), found 500
USER	MySql - Load Scenario	END	1685562001955
REQUEST		MySql - Load	1685561995082	1685562001956	KO	status.find.in([200, 209], 304), found 500
USER	MySql - Load Scenario	END	1685562001956
REQUEST		MySql - Load	1685561995083	1685562001957	KO	status.find.in([200, 209], 304), found 500
USER	MySql - Load Scenario	END	1685562001957
REQUEST		MySql - Load	1685561995083	1685562001958	KO	status.find.in([200, 209], 304), found 500
USER	MySql - Load Scenario	END	1685562001959
REQUEST		MySql - Save	1685561994951	1685562001960	OK	 
USER	MySql - Save Scenario	END	1685562001961
REQUEST		MongoDB - Load	1685561994944	1685562002164	OK	 
USER	MongoDB - Load Scenario	END	1685562002165
REQUEST		MongoDB - Load	1685561994921	1685562002200	OK	 
USER	MongoDB - Load Scenario	END	1685562002201
REQUEST		MongoDB - Load	1685561994953	1685562002202	OK	 
USER	MongoDB - Load Scenario	END	1685562002203
REQUEST		MongoDB - Load	1685561994936	1685562002204	OK	 
USER	MongoDB - Load Scenario	END	1685562002205
REQUEST		MongoDB - Load	1685561994946	1685562002205	OK	 
USER	MongoDB - Load Scenario	END	1685562002205
REQUEST		MongoDB - Load	1685561994916	1685562002256	OK	 
USER	MongoDB - Load Scenario	END	1685562002257
REQUEST		MongoDB - Load	1685561994911	1685562002264	OK	 
USER	MongoDB - Load Scenario	END	1685562002264
REQUEST		MongoDB - Load	1685561994917	1685562002282	OK	 
USER	MongoDB - Load Scenario	END	1685562002283
REQUEST		MongoDB - Load	1685561994909	1685562002289	OK	 
USER	MongoDB - Load Scenario	END	1685562002289
REQUEST		MongoDB - Load	1685561994961	1685562002290	OK	 
USER	MongoDB - Load Scenario	END	1685562002290
REQUEST		MongoDB - Load	1685561994910	1685562002315	OK	 
USER	MongoDB - Load Scenario	END	1685562002316
REQUEST		MySql - Save	1685561995097	1685562002367	OK	 
USER	MySql - Save Scenario	END	1685562002368
REQUEST		MySql - Load	1685561995098	1685562002373	KO	status.find.in([200, 209], 304), found 500
USER	MySql - Load Scenario	END	1685562002373
REQUEST		MongoDB - Load	1685561994968	1685562002399	OK	 
USER	MongoDB - Load Scenario	END	1685562002400
REQUEST		MongoDB - Load	1685561994954	1685562002405	OK	 
USER	MongoDB - Load Scenario	END	1685562002405
REQUEST		MongoDB - Load	1685561994947	1685562002408	OK	 
USER	MongoDB - Load Scenario	END	1685562002409
REQUEST		MySql - Load	1685561995098	1685562002606	KO	status.find.in([200, 209], 304), found 500
USER	MySql - Load Scenario	END	1685562002607
REQUEST		MySql - Load	1685561995099	1685562002612	KO	status.find.in([200, 209], 304), found 500
USER	MySql - Load Scenario	END	1685562002612
REQUEST		MySql - Load	1685561995099	1685562002616	KO	status.find.in([200, 209], 304), found 500
USER	MySql - Load Scenario	END	1685562002617
REQUEST		MongoDB - Save	1685561994773	1685562002692	OK	 
USER	MongoDB - Save Scenario	END	1685562002694
REQUEST		MongoDB - Save	1685561994773	1685562002715	OK	 
USER	MongoDB - Save Scenario	END	1685562002715
REQUEST		MongoDB - Save	1685561994845	1685562002720	OK	 
USER	MongoDB - Save Scenario	END	1685562002720
REQUEST		MongoDB - Save	1685561994774	1685562002724	OK	 
USER	MongoDB - Save Scenario	END	1685562002725
REQUEST		MongoDB - Save	1685561994774	1685562002739	OK	 
USER	MongoDB - Save Scenario	END	1685562002740
REQUEST		MongoDB - Save	1685561994775	1685562002762	OK	 
USER	MongoDB - Save Scenario	END	1685562002763
REQUEST		MongoDB - Save	1685561994775	1685562002791	OK	 
USER	MongoDB - Save Scenario	END	1685562002791
REQUEST		MongoDB - Save	1685561994776	1685562002799	OK	 
USER	MongoDB - Save Scenario	END	1685562002800
REQUEST		MongoDB - Save	1685561994833	1685562002830	OK	 
USER	MongoDB - Save Scenario	END	1685562002830
REQUEST		MongoDB - Save	1685561994831	1685562002850	OK	 
USER	MongoDB - Save Scenario	END	1685562002850
REQUEST		MongoDB - Save	1685561994841	1685562002856	OK	 
USER	MongoDB - Save Scenario	END	1685562002857
REQUEST		MongoDB - Save	1685561994848	1685562002904	OK	 
USER	MongoDB - Save Scenario	END	1685562002904
REQUEST		MongoDB - Save	1685561994864	1685562002905	OK	 
USER	MongoDB - Save Scenario	END	1685562002906
REQUEST		MongoDB - Save	1685561994847	1685562002931	OK	 
USER	MongoDB - Save Scenario	END	1685562002932
REQUEST		MongoDB - Save	1685561994850	1685562002999	OK	 
USER	MongoDB - Save Scenario	END	1685562003000
REQUEST		MongoDB - Save	1685561994851	1685562003000	OK	 
USER	MongoDB - Save Scenario	END	1685562003001
REQUEST		MongoDB - Save	1685561994857	1685562003007	OK	 
USER	MongoDB - Save Scenario	END	1685562003008
REQUEST		MongoDB - Save	1685561994858	1685562003008	OK	 
USER	MongoDB - Save Scenario	END	1685562003009
REQUEST		MongoDB - Save	1685561994860	1685562003034	OK	 
USER	MongoDB - Save Scenario	END	1685562003035
REQUEST		MongoDB - Load	1685561994865	1685562003107	OK	 
USER	MongoDB - Load Scenario	END	1685562003108
REQUEST		MongoDB - Load	1685561994876	1685562003110	OK	 
USER	MongoDB - Load Scenario	END	1685562003111
REQUEST		MongoDB - Save	1685561994862	1685562003117	OK	 
USER	MongoDB - Save Scenario	END	1685562003118
REQUEST		MongoDB - Load	1685561994865	1685562003130	OK	 
USER	MongoDB - Load Scenario	END	1685562003131
REQUEST		MongoDB - Load	1685561994877	1685562003145	OK	 
USER	MongoDB - Load Scenario	END	1685562003145
REQUEST		MongoDB - Load	1685561994909	1685562003148	OK	 
USER	MongoDB - Load Scenario	END	1685562003149
REQUEST		MySql - Save	1685561995100	1685562003157	OK	 
USER	MySql - Save Scenario	END	1685562003157
REQUEST		MySql - Load	1685561995128	1685562003167	KO	status.find.in([200, 209], 304), found 500
USER	MySql - Load Scenario	END	1685562003168
REQUEST		MongoDB - Load	1685561994857	1685562003173	OK	 
USER	MongoDB - Load Scenario	END	1685562003174
REQUEST		MySql - Save	1685561995099	1685562003311	OK	 
USER	MySql - Save Scenario	END	1685562003312
REQUEST		MySql - Load	1685561995132	1685562003684	KO	status.find.in([200, 209], 304), found 500
USER	MySql - Load Scenario	END	1685562003685
REQUEST		MySql - Load	1685561995143	1685562003685	KO	status.find.in([200, 209], 304), found 500
USER	MySql - Load Scenario	END	1685562003686
REQUEST		MySql - Save	1685561995082	1685562003686	OK	 
USER	MySql - Save Scenario	END	1685562003687
REQUEST		MySql - Save	1685561995142	1685562003994	OK	 
USER	MySql - Save Scenario	END	1685562003995
REQUEST		MySql - Save	1685561995130	1685562004257	OK	 
USER	MySql - Save Scenario	END	1685562004257
REQUEST		MySql - Save	1685561995179	1685562004369	OK	 
USER	MySql - Save Scenario	END	1685562004370
REQUEST		MySql - Save	1685561994986	1685562004373	OK	 
USER	MySql - Save Scenario	END	1685562004373
REQUEST		MySql - Save	1685561995233	1685562004620	OK	 
USER	MySql - Save Scenario	END	1685562004621
REQUEST		MySql - Save	1685561994913	1685562004743	OK	 
USER	MySql - Save Scenario	END	1685562004744
REQUEST		MySql - Load	1685561995270	1685562004748	KO	status.find.in([200, 209], 304), found 500
USER	MySql - Load Scenario	END	1685562004749
REQUEST		MySql - Save	1685561994995	1685562005028	OK	 
USER	MySql - Save Scenario	END	1685562005029
REQUEST		MySql - Save	1685561995178	1685562005029	OK	 
USER	MySql - Save Scenario	END	1685562005032
REQUEST		MySql - Load	1685561995143	1685562005060	KO	status.find.in([200, 209], 304), found 500
USER	MySql - Load Scenario	END	1685562005061
REQUEST		MySql - Save	1685561995181	1685562005074	OK	 
USER	MySql - Save Scenario	END	1685562005075
REQUEST		MySql - Save	1685561995144	1685562005086	OK	 
USER	MySql - Save Scenario	END	1685562005086
REQUEST		MySql - Load	1685561995007	1685562005159	KO	status.find.in([200, 209], 304), found 500
REQUEST		MySql - Load	1685561995021	1685562005160	KO	status.find.in([200, 209], 304), found 500
USER	MySql - Load Scenario	END	1685562005160
USER	MySql - Load Scenario	END	1685562005160
REQUEST		MySql - Load	1685561995020	1685562005289	KO	status.find.in([200, 209], 304), found 500
USER	MySql - Load Scenario	END	1685562005290
REQUEST		MySql - Load	1685561995021	1685562005472	KO	status.find.in([200, 209], 304), found 500
USER	MySql - Load Scenario	END	1685562005473
REQUEST		MySql - Load	1685561995144	1685562006007	KO	status.find.in([200, 209], 304), found 500
USER	MySql - Load Scenario	END	1685562006008
REQUEST		MySql - Load	1685561995019	1685562006008	KO	status.find.in([200, 209], 304), found 500
USER	MySql - Load Scenario	END	1685562006009
REQUEST		MySql - Save	1685561995176	1685562006012	OK	 
USER	MySql - Save Scenario	END	1685562006013
REQUEST		MySql - Save	1685561995183	1685562006202	OK	 
USER	MySql - Save Scenario	END	1685562006203
REQUEST		MySql - Save	1685561995098	1685562006204	OK	 
USER	MySql - Save Scenario	END	1685562006205
REQUEST		MySql - Save	1685561995169	1685562006414	OK	 
USER	MySql - Save Scenario	END	1685562006415
REQUEST		MySql - Save	1685561995155	1685562006415	OK	 
USER	MySql - Save Scenario	END	1685562006416
REQUEST		MySql - Save	1685561995170	1685562006529	OK	 
USER	MySql - Save Scenario	END	1685562006529
REQUEST		MySql - Save	1685561995225	1685562006700	OK	 
USER	MySql - Save Scenario	END	1685562006701
REQUEST		MySql - Save	1685561995019	1685562006701	OK	 
USER	MySql - Save Scenario	END	1685562006702
REQUEST		MySql - Save	1685561995170	1685562006859	OK	 
USER	MySql - Save Scenario	END	1685562006859
REQUEST		MySql - Save	1685561995172	1685562006989	OK	 
USER	MySql - Save Scenario	END	1685562006990
REQUEST		MySql - Save	1685561995237	1685562007559	OK	 
USER	MySql - Save Scenario	END	1685562007560
REQUEST		MySql - Save	1685561995270	1685562007604	OK	 
USER	MySql - Save Scenario	END	1685562007605
REQUEST		MySql - Save	1685561995287	1685562007660	OK	 
USER	MySql - Save Scenario	END	1685562007661
REQUEST		MySql - Save	1685561995164	1685562007947	OK	 
USER	MySql - Save Scenario	END	1685562007948
REQUEST		MySql - Save	1685561995260	1685562008073	OK	 
USER	MySql - Save Scenario	END	1685562008074
REQUEST		MySql - Save	1685561995294	1685562008143	OK	 
USER	MySql - Save Scenario	END	1685562008144
REQUEST		MySql - Save	1685561995294	1685562008288	OK	 
USER	MySql - Save Scenario	END	1685562008289
REQUEST		MySql - Save	1685561995191	1685562008348	OK	 
USER	MySql - Save Scenario	END	1685562008349
REQUEST		MySql - Save	1685561995273	1685562008620	OK	 
USER	MySql - Save Scenario	END	1685562008621
REQUEST		MySql - Save	1685561995303	1685562008839	OK	 
USER	MySql - Save Scenario	END	1685562008841
REQUEST		MySql - Save	1685561995303	1685562008841	OK	 
USER	MySql - Save Scenario	END	1685562008841
REQUEST		MySql - Save	1685561995020	1685562008966	OK	 
USER	MySql - Save Scenario	END	1685562008967
REQUEST		MySql - Save	1685561995007	1685562009091	OK	 
USER	MySql - Save Scenario	END	1685562009091
REQUEST		MySql - Load	1685561995032	1685562009425	KO	status.find.in([200, 209], 304), found 500
USER	MySql - Load Scenario	END	1685562009425
REQUEST		MySql - Save	1685561995063	1685562009581	OK	 
USER	MySql - Save Scenario	END	1685562009581
REQUEST		MySql - Save	1685561995104	1685562009582	OK	 
USER	MySql - Save Scenario	END	1685562009583
REQUEST		MySql - Save	1685561995169	1685562009838	OK	 
USER	MySql - Save Scenario	END	1685562009838
REQUEST		MySql - Save	1685561995084	1685562009840	OK	 
USER	MySql - Save Scenario	END	1685562009840
REQUEST		MySql - Save	1685561995054	1685562009932	OK	 
USER	MySql - Save Scenario	END	1685562009933
REQUEST		MySql - Save	1685561995044	1685562009984	OK	 
USER	MySql - Save Scenario	END	1685562009985
REQUEST		MySql - Save	1685561995021	1685562009985	OK	 
USER	MySql - Save Scenario	END	1685562009986
REQUEST		MySql - Save	1685561995051	1685562010289	OK	 
USER	MySql - Save Scenario	END	1685562010290
REQUEST		MySql - Load	1685561995016	1685562010435	KO	status.find.in([200, 209], 304), found 500
USER	MySql - Load Scenario	END	1685562010435
REQUEST		MySql - Save	1685561995105	1685562010482	OK	 
USER	MySql - Save Scenario	END	1685562010483
REQUEST		MySql - Save	1685561995022	1685562010484	OK	 
USER	MySql - Save Scenario	END	1685562010484
REQUEST		MySql - Load	1685561994989	1685562010538	KO	status.find.in([200, 209], 304), found 500
USER	MySql - Load Scenario	END	1685562010539
REQUEST		MySql - Load	1685561994981	1685562010575	KO	status.find.in([200, 209], 304), found 500
USER	MySql - Load Scenario	END	1685562010576
REQUEST		MySql - Load	1685561994973	1685562010695	KO	status.find.in([200, 209], 304), found 500
USER	MySql - Load Scenario	END	1685562010697
REQUEST		MySql - Load	1685561994983	1685562010899	KO	status.find.in([200, 209], 304), found 500
USER	MySql - Load Scenario	END	1685562010900
REQUEST		MySql - Save	1685561995171	1685562010901	OK	 
USER	MySql - Save Scenario	END	1685562010901
REQUEST		MySql - Load	1685561994999	1685562010902	KO	status.find.in([200, 209], 304), found 500
USER	MySql - Load Scenario	END	1685562010902
REQUEST		MySql - Load	1685561995005	1685562010902	KO	status.find.in([200, 209], 304), found 500
USER	MySql - Load Scenario	END	1685562010903
REQUEST		MySql - Load	1685561995025	1685562010904	KO	status.find.in([200, 209], 304), found 500
USER	MySql - Load Scenario	END	1685562010905
REQUEST		MySql - Load	1685561995292	1685562010906	KO	status.find.in([200, 209], 304), found 500
USER	MySql - Load Scenario	END	1685562010906
REQUEST		MySql - Save	1685561995069	1685562010959	OK	 
USER	MySql - Save Scenario	END	1685562010960
REQUEST		MySql - Save	1685561995052	1685562011007	OK	 
USER	MySql - Save Scenario	END	1685562011008
REQUEST		MySql - Save	1685561995295	1685562011175	OK	 
USER	MySql - Save Scenario	END	1685562011177
REQUEST		MySql - Save	1685561995053	1685562011216	OK	 
USER	MySql - Save Scenario	END	1685562011216
REQUEST		MySql - Save	1685561995262	1685562011223	OK	 
USER	MySql - Save Scenario	END	1685562011224
REQUEST		MySql - Save	1685561995261	1685562011228	OK	 
USER	MySql - Save Scenario	END	1685562011229
REQUEST		MySql - Save	1685561995271	1685562011370	OK	 
USER	MySql - Save Scenario	END	1685562011371
REQUEST		MySql - Save	1685561995053	1685562011624	OK	 
USER	MySql - Save Scenario	END	1685562011625
REQUEST		MySql - Save	1685561995046	1685562011695	OK	 
USER	MySql - Save Scenario	END	1685562011695
REQUEST		MySql - Save	1685561995194	1685562011821	OK	 
USER	MySql - Save Scenario	END	1685562011822
REQUEST		MySql - Save	1685561995323	1685562011833	OK	 
USER	MySql - Save Scenario	END	1685562011833
REQUEST		MySql - Save	1685561995052	1685562012009	OK	 
USER	MySql - Save Scenario	END	1685562012010
REQUEST		MySql - Save	1685561995050	1685562012092	OK	 
USER	MySql - Save Scenario	END	1685562012093
REQUEST		MySql - Save	1685561995307	1685562012226	OK	 
USER	MySql - Save Scenario	END	1685562012227
REQUEST		MySql - Save	1685561995282	1685562012228	OK	 
USER	MySql - Save Scenario	END	1685562012229
REQUEST		MySql - Load	1685561995065	1685562012232	KO	status.find.in([200, 209], 304), found 500
USER	MySql - Load Scenario	END	1685562012232
REQUEST		MySql - Load	1685561995065	1685562012273	KO	status.find.in([200, 209], 304), found 500
USER	MySql - Load Scenario	END	1685562012274
REQUEST		MySql - Load	1685561995027	1685562012293	KO	status.find.in([200, 209], 304), found 500
USER	MySql - Load Scenario	END	1685562012294
REQUEST		MySql - Load	1685561995073	1685562012366	KO	status.find.in([200, 209], 304), found 500
USER	MySql - Load Scenario	END	1685562012367
REQUEST		MySql - Load	1685561995241	1685562012402	KO	status.find.in([200, 209], 304), found 500
USER	MySql - Load Scenario	END	1685562012403
REQUEST		MySql - Load	1685561995260	1685562012511	KO	status.find.in([200, 209], 304), found 500
USER	MySql - Load Scenario	END	1685562012512
REQUEST		MySql - Load	1685561995262	1685562012570	KO	status.find.in([200, 209], 304), found 500
USER	MySql - Load Scenario	END	1685562012571
REQUEST		MySql - Load	1685561995254	1685562012571	KO	status.find.in([200, 209], 304), found 500
USER	MySql - Load Scenario	END	1685562012571
REQUEST		MySql - Load	1685561995269	1685562012581	KO	status.find.in([200, 209], 304), found 500
USER	MySql - Load Scenario	END	1685562012582
REQUEST		MySql - Load	1685561995254	1685562012610	KO	status.find.in([200, 209], 304), found 500
USER	MySql - Load Scenario	END	1685562012618
REQUEST		MySql - Load	1685561995271	1685562012694	KO	status.find.in([200, 209], 304), found 500
USER	MySql - Load Scenario	END	1685562012695
REQUEST		MySql - Load	1685561995288	1685562012705	KO	status.find.in([200, 209], 304), found 500
USER	MySql - Load Scenario	END	1685562012706
REQUEST		MySql - Save	1685561995305	1685562012750	OK	 
USER	MySql - Save Scenario	END	1685562012751
REQUEST		MySql - Load	1685561995289	1685562012779	KO	status.find.in([200, 209], 304), found 500
USER	MySql - Load Scenario	END	1685562012779
REQUEST		MySql - Load	1685561995290	1685562012824	KO	status.find.in([200, 209], 304), found 500
USER	MySql - Load Scenario	END	1685562012824
REQUEST		MySql - Load	1685561995291	1685562012882	KO	status.find.in([200, 209], 304), found 500
USER	MySql - Load Scenario	END	1685562012882
REQUEST		MySql - Save	1685561995073	1685562013147	OK	 
USER	MySql - Save Scenario	END	1685562013148
REQUEST		MySql - Save	1685561995306	1685562013445	OK	 
USER	MySql - Save Scenario	END	1685562013446
REQUEST		MySql - Save	1685561995304	1685562013596	OK	 
USER	MySql - Save Scenario	END	1685562013597
REQUEST		MySql - Save	1685561995059	1685562013712	OK	 
USER	MySql - Save Scenario	END	1685562013713
