RUN	gatling.SpikeSpec	spikespec	1685813149463	 	3.9.5
USER	MongoDB - Load Scenario	START	1685813160472
USER	MongoDB - Load Scenario	START	1685813160471
USER	MongoDB - Save Scenario	START	1685813160471
USER	MongoDB - Load Scenario	START	1685813160473
USER	MongoDB - Save Scenario	START	1685813160473
USER	MongoDB - Load Scenario	START	1685813160473
USER	MongoDB - Save Scenario	START	1685813160474
USER	MongoDB - Load Scenario	START	1685813160474
USER	MongoDB - Save Scenario	START	1685813160474
USER	MongoDB - Load Scenario	START	1685813160474
USER	MongoDB - Load Scenario	START	1685813160472
USER	MongoDB - Load Scenario	START	1685813160475
USER	MongoDB - Load Scenario	START	1685813160475
USER	MongoDB - Load Scenario	START	1685813160476
USER	MongoDB - Load Scenario	START	1685813160476
USER	MongoDB - Load Scenario	START	1685813160476
USER	MongoDB - Load Scenario	START	1685813160477
USER	MongoDB - Load Scenario	START	1685813160477
USER	MongoDB - Load Scenario	START	1685813160477
USER	MongoDB - Load Scenario	START	1685813160478
USER	MongoDB - Load Scenario	START	1685813160478
USER	MongoDB - Load Scenario	START	1685813160478
USER	MongoDB - Load Scenario	START	1685813160479
USER	MongoDB - Load Scenario	START	1685813160478
USER	MongoDB - Load Scenario	START	1685813160479
USER	MongoDB - Load Scenario	START	1685813160479
USER	MongoDB - Load Scenario	START	1685813160480
USER	MongoDB - Load Scenario	START	1685813160480
USER	MongoDB - Load Scenario	START	1685813160480
USER	MongoDB - Load Scenario	START	1685813160482
USER	MongoDB - Save Scenario	START	1685813160483
USER	MongoDB - Load Scenario	START	1685813160483
USER	MongoDB - Load Scenario	START	1685813160484
USER	MongoDB - Load Scenario	START	1685813160485
USER	MongoDB - Save Scenario	START	1685813160485
USER	MongoDB - Load Scenario	START	1685813160486
USER	MongoDB - Load Scenario	START	1685813160487
USER	MongoDB - Load Scenario	START	1685813160487
USER	MongoDB - Load Scenario	START	1685813160488
USER	MongoDB - Load Scenario	START	1685813160486
USER	MongoDB - Load Scenario	START	1685813160488
USER	MongoDB - Load Scenario	START	1685813160489
USER	MongoDB - Load Scenario	START	1685813160489
USER	MongoDB - Load Scenario	START	1685813160488
USER	MongoDB - Load Scenario	START	1685813160489
USER	MongoDB - Save Scenario	START	1685813160490
USER	MongoDB - Load Scenario	START	1685813160490
USER	MongoDB - Load Scenario	START	1685813160491
USER	MongoDB - Load Scenario	START	1685813160491
USER	MongoDB - Load Scenario	START	1685813160493
USER	MongoDB - Load Scenario	START	1685813160494
USER	MongoDB - Load Scenario	START	1685813160494
USER	MongoDB - Load Scenario	START	1685813160495
USER	MongoDB - Load Scenario	START	1685813160495
USER	MongoDB - Load Scenario	START	1685813160496
USER	MongoDB - Load Scenario	START	1685813160492
USER	MongoDB - Load Scenario	START	1685813160491
USER	MongoDB - Load Scenario	START	1685813160497
USER	MongoDB - Load Scenario	START	1685813160498
USER	MongoDB - Load Scenario	START	1685813160497
USER	MongoDB - Save Scenario	START	1685813160498
USER	MongoDB - Save Scenario	START	1685813160499
USER	MySql - Load Scenario	START	1685813160499
USER	MongoDB - Load Scenario	START	1685813160499
USER	MongoDB - Load Scenario	START	1685813160499
USER	MongoDB - Load Scenario	START	1685813160500
USER	MongoDB - Save Scenario	START	1685813160501
USER	MongoDB - Save Scenario	START	1685813160501
USER	MongoDB - Load Scenario	START	1685813160502
USER	MongoDB - Load Scenario	START	1685813160502
USER	MongoDB - Save Scenario	START	1685813160502
USER	MongoDB - Load Scenario	START	1685813160502
USER	MongoDB - Load Scenario	START	1685813160503
USER	MongoDB - Load Scenario	START	1685813160504
USER	MongoDB - Load Scenario	START	1685813160503
USER	MongoDB - Save Scenario	START	1685813160504
USER	MySql - Load Scenario	START	1685813160504
USER	MongoDB - Load Scenario	START	1685813160504
USER	MongoDB - Load Scenario	START	1685813160505
USER	MongoDB - Save Scenario	START	1685813160505
USER	MongoDB - Load Scenario	START	1685813160504
USER	MongoDB - Load Scenario	START	1685813160506
USER	MongoDB - Load Scenario	START	1685813160505
USER	MongoDB - Save Scenario	START	1685813160506
USER	MongoDB - Load Scenario	START	1685813160507
USER	MongoDB - Load Scenario	START	1685813160507
USER	MongoDB - Load Scenario	START	1685813160508
USER	MongoDB - Load Scenario	START	1685813160508
USER	MongoDB - Load Scenario	START	1685813160509
USER	MongoDB - Load Scenario	START	1685813160503
USER	MongoDB - Save Scenario	START	1685813160510
USER	MongoDB - Save Scenario	START	1685813160511
USER	MongoDB - Load Scenario	START	1685813160511
USER	MongoDB - Save Scenario	START	1685813160511
USER	MongoDB - Save Scenario	START	1685813160510
USER	MongoDB - Save Scenario	START	1685813160512
USER	MongoDB - Load Scenario	START	1685813160512
USER	MongoDB - Save Scenario	START	1685813160512
USER	MongoDB - Save Scenario	START	1685813160513
USER	MongoDB - Load Scenario	START	1685813160513
USER	MongoDB - Load Scenario	START	1685813160513
USER	MongoDB - Load Scenario	START	1685813160514
USER	MongoDB - Save Scenario	START	1685813160514
USER	MongoDB - Save Scenario	START	1685813160514
USER	MongoDB - Load Scenario	START	1685813160514
USER	MongoDB - Load Scenario	START	1685813160514
USER	MySql - Load Scenario	START	1685813160515
USER	MongoDB - Save Scenario	START	1685813160515
USER	MongoDB - Load Scenario	START	1685813160515
USER	MongoDB - Save Scenario	START	1685813160515
USER	MongoDB - Save Scenario	START	1685813160515
USER	MongoDB - Save Scenario	START	1685813160515
USER	MongoDB - Load Scenario	START	1685813160516
USER	MongoDB - Save Scenario	START	1685813160516
USER	MySql - Load Scenario	START	1685813160516
USER	MongoDB - Save Scenario	START	1685813160516
USER	MongoDB - Save Scenario	START	1685813160516
USER	MySql - Load Scenario	START	1685813160517
USER	MySql - Load Scenario	START	1685813160517
USER	MongoDB - Save Scenario	START	1685813160519
USER	MongoDB - Save Scenario	START	1685813160519
USER	MongoDB - Save Scenario	START	1685813160520
USER	MySql - Load Scenario	START	1685813160520
USER	MySql - Load Scenario	START	1685813160520
USER	MongoDB - Load Scenario	START	1685813160529
USER	MongoDB - Load Scenario	START	1685813160529
USER	MySql - Load Scenario	START	1685813160536
USER	MongoDB - Save Scenario	START	1685813160536
USER	MongoDB - Load Scenario	START	1685813160536
USER	MongoDB - Save Scenario	START	1685813160537
USER	MySql - Load Scenario	START	1685813160543
USER	MongoDB - Save Scenario	START	1685813160538
USER	MongoDB - Load Scenario	START	1685813160544
USER	MongoDB - Load Scenario	START	1685813160544
USER	MySql - Load Scenario	START	1685813160544
USER	MongoDB - Save Scenario	START	1685813160547
USER	MongoDB - Save Scenario	START	1685813160548
USER	MongoDB - Load Scenario	START	1685813160548
USER	MongoDB - Save Scenario	START	1685813160549
USER	MongoDB - Load Scenario	START	1685813160549
USER	MySql - Load Scenario	START	1685813160550
USER	MongoDB - Load Scenario	START	1685813160550
USER	MongoDB - Save Scenario	START	1685813160555
USER	MongoDB - Save Scenario	START	1685813160555
USER	MySql - Load Scenario	START	1685813160556
USER	MongoDB - Save Scenario	START	1685813160556
USER	MySql - Load Scenario	START	1685813160557
USER	MongoDB - Save Scenario	START	1685813160557
USER	MongoDB - Load Scenario	START	1685813160558
USER	MySql - Load Scenario	START	1685813160559
USER	MySql - Load Scenario	START	1685813160563
USER	MongoDB - Save Scenario	START	1685813160563
USER	MongoDB - Save Scenario	START	1685813160564
USER	MongoDB - Save Scenario	START	1685813160564
USER	MySql - Load Scenario	START	1685813160564
USER	MongoDB - Save Scenario	START	1685813160572
USER	MongoDB - Save Scenario	START	1685813160583
USER	MongoDB - Save Scenario	START	1685813160584
USER	MySql - Load Scenario	START	1685813160584
USER	MongoDB - Save Scenario	START	1685813160585
USER	MySql - Load Scenario	START	1685813160585
USER	MongoDB - Save Scenario	START	1685813160586
USER	MongoDB - Save Scenario	START	1685813160586
USER	MySql - Load Scenario	START	1685813160586
USER	MongoDB - Save Scenario	START	1685813160595
USER	MySql - Load Scenario	START	1685813160595
USER	MongoDB - Save Scenario	START	1685813160597
USER	MySql - Load Scenario	START	1685813160599
USER	MongoDB - Save Scenario	START	1685813160609
USER	MySql - Load Scenario	START	1685813160620
USER	MongoDB - Save Scenario	START	1685813160620
USER	MongoDB - Save Scenario	START	1685813160628
USER	MySql - Load Scenario	START	1685813160629
USER	MongoDB - Save Scenario	START	1685813160630
USER	MongoDB - Save Scenario	START	1685813160630
USER	MongoDB - Save Scenario	START	1685813160633
USER	MySql - Load Scenario	START	1685813160638
USER	MongoDB - Load Scenario	START	1685813160635
USER	MongoDB - Save Scenario	START	1685813160640
USER	MongoDB - Load Scenario	START	1685813160640
USER	MySql - Load Scenario	START	1685813160641
USER	MySql - Load Scenario	START	1685813160641
USER	MongoDB - Save Scenario	START	1685813160644
USER	MongoDB - Save Scenario	START	1685813160643
USER	MongoDB - Save Scenario	START	1685813160644
USER	MySql - Load Scenario	START	1685813160645
USER	MongoDB - Save Scenario	START	1685813160642
USER	MySql - Load Scenario	START	1685813160652
USER	MySql - Load Scenario	START	1685813160653
USER	MongoDB - Load Scenario	START	1685813160650
USER	MongoDB - Save Scenario	START	1685813160654
USER	MySql - Load Scenario	START	1685813160649
USER	MongoDB - Save Scenario	START	1685813160653
USER	MongoDB - Load Scenario	START	1685813160655
USER	MongoDB - Save Scenario	START	1685813160655
USER	MySql - Load Scenario	START	1685813160656
USER	MongoDB - Save Scenario	START	1685813160656
USER	MySql - Load Scenario	START	1685813160657
USER	MongoDB - Save Scenario	START	1685813160657
USER	MongoDB - Save Scenario	START	1685813160660
USER	MongoDB - Save Scenario	START	1685813160660
USER	MySql - Load Scenario	START	1685813160661
USER	MySql - Load Scenario	START	1685813160662
USER	MongoDB - Save Scenario	START	1685813160663
USER	MySql - Load Scenario	START	1685813160662
USER	MongoDB - Save Scenario	START	1685813160663
USER	MongoDB - Load Scenario	START	1685813160658
USER	MongoDB - Save Scenario	START	1685813160664
USER	MySql - Load Scenario	START	1685813160664
USER	MongoDB - Load Scenario	START	1685813160665
USER	MongoDB - Save Scenario	START	1685813160665
USER	MySql - Load Scenario	START	1685813160674
USER	MySql - Load Scenario	START	1685813160674
USER	MongoDB - Save Scenario	START	1685813160666
USER	MySql - Load Scenario	START	1685813160675
USER	MySql - Load Scenario	START	1685813160666
USER	MongoDB - Save Scenario	START	1685813160675
USER	MongoDB - Save Scenario	START	1685813160675
USER	MongoDB - Save Scenario	START	1685813160676
USER	MySql - Load Scenario	START	1685813160676
USER	MySql - Load Scenario	START	1685813160676
USER	MongoDB - Save Scenario	START	1685813160677
USER	MongoDB - Load Scenario	START	1685813160677
USER	MySql - Save Scenario	START	1685813160677
USER	MySql - Save Scenario	START	1685813160675
USER	MongoDB - Load Scenario	START	1685813160678
USER	MySql - Load Scenario	START	1685813160683
USER	MySql - Load Scenario	START	1685813160684
USER	MySql - Load Scenario	START	1685813160684
USER	MongoDB - Save Scenario	START	1685813160683
USER	MongoDB - Save Scenario	START	1685813160684
USER	MySql - Load Scenario	START	1685813160688
USER	MongoDB - Load Scenario	START	1685813160689
USER	MongoDB - Save Scenario	START	1685813160689
USER	MySql - Load Scenario	START	1685813160690
USER	MySql - Save Scenario	START	1685813160691
USER	MySql - Load Scenario	START	1685813160690
USER	MySql - Load Scenario	START	1685813160693
USER	MySql - Load Scenario	START	1685813160693
USER	MySql - Load Scenario	START	1685813160694
USER	MySql - Load Scenario	START	1685813160694
USER	MySql - Save Scenario	START	1685813160694
USER	MongoDB - Save Scenario	START	1685813160697
USER	MongoDB - Save Scenario	START	1685813160691
USER	MongoDB - Save Scenario	START	1685813160699
USER	MySql - Load Scenario	START	1685813160703
USER	MySql - Load Scenario	START	1685813160705
USER	MongoDB - Save Scenario	START	1685813160699
USER	MySql - Load Scenario	START	1685813160707
USER	MySql - Load Scenario	START	1685813160708
USER	MongoDB - Save Scenario	START	1685813160709
USER	MongoDB - Save Scenario	START	1685813160710
USER	MySql - Save Scenario	START	1685813160716
USER	MySql - Load Scenario	START	1685813160715
USER	MySql - Load Scenario	START	1685813160717
USER	MySql - Load Scenario	START	1685813160717
USER	MySql - Save Scenario	START	1685813160717
USER	MySql - Load Scenario	START	1685813160718
USER	MongoDB - Save Scenario	START	1685813160718
USER	MySql - Load Scenario	START	1685813160719
USER	MongoDB - Save Scenario	START	1685813160724
USER	MySql - Load Scenario	START	1685813160723
USER	MySql - Load Scenario	START	1685813160736
USER	MySql - Load Scenario	START	1685813160739
USER	MongoDB - Save Scenario	START	1685813160739
USER	MySql - Load Scenario	START	1685813160740
USER	MongoDB - Save Scenario	START	1685813160740
USER	MySql - Load Scenario	START	1685813160741
USER	MySql - Load Scenario	START	1685813160741
USER	MySql - Save Scenario	START	1685813160742
USER	MySql - Load Scenario	START	1685813160742
USER	MySql - Load Scenario	START	1685813160743
USER	MySql - Load Scenario	START	1685813160755
USER	MySql - Load Scenario	START	1685813160763
USER	MySql - Load Scenario	START	1685813160771
USER	MySql - Save Scenario	START	1685813160772
USER	MySql - Load Scenario	START	1685813160772
USER	MySql - Load Scenario	START	1685813160773
USER	MySql - Save Scenario	START	1685813160773
USER	MySql - Save Scenario	START	1685813160781
USER	MySql - Load Scenario	START	1685813160781
USER	MySql - Load Scenario	START	1685813160782
USER	MySql - Load Scenario	START	1685813160783
USER	MongoDB - Save Scenario	START	1685813160783
USER	MySql - Save Scenario	START	1685813160784
USER	MySql - Save Scenario	START	1685813160784
USER	MySql - Load Scenario	START	1685813160785
USER	MySql - Load Scenario	START	1685813160785
USER	MySql - Save Scenario	START	1685813160786
USER	MySql - Load Scenario	START	1685813160795
USER	MySql - Save Scenario	START	1685813160796
USER	MySql - Load Scenario	START	1685813160796
USER	MySql - Save Scenario	START	1685813160797
USER	MySql - Save Scenario	START	1685813160797
USER	MongoDB - Save Scenario	START	1685813160797
USER	MySql - Save Scenario	START	1685813160798
USER	MongoDB - Save Scenario	START	1685813160798
USER	MySql - Save Scenario	START	1685813160803
USER	MySql - Load Scenario	START	1685813160798
USER	MySql - Save Scenario	START	1685813160803
USER	MySql - Save Scenario	START	1685813160804
USER	MySql - Load Scenario	START	1685813160807
USER	MySql - Save Scenario	START	1685813160807
USER	MySql - Save Scenario	START	1685813160808
USER	MySql - Load Scenario	START	1685813160813
USER	MySql - Load Scenario	START	1685813160827
USER	MySql - Save Scenario	START	1685813160827
USER	MySql - Save Scenario	START	1685813160828
USER	MySql - Save Scenario	START	1685813160828
USER	MySql - Save Scenario	START	1685813160828
USER	MySql - Save Scenario	START	1685813160829
USER	MySql - Save Scenario	START	1685813160829
USER	MySql - Load Scenario	START	1685813160829
USER	MySql - Save Scenario	START	1685813160829
USER	MySql - Save Scenario	START	1685813160829
USER	MySql - Save Scenario	START	1685813160829
USER	MySql - Load Scenario	START	1685813160830
USER	MongoDB - Save Scenario	START	1685813160830
USER	MySql - Load Scenario	START	1685813160830
USER	MySql - Save Scenario	START	1685813160830
USER	MySql - Save Scenario	START	1685813160831
USER	MySql - Save Scenario	START	1685813160831
USER	MongoDB - Save Scenario	START	1685813160831
USER	MySql - Save Scenario	START	1685813160831
USER	MySql - Load Scenario	START	1685813160831
USER	MySql - Save Scenario	START	1685813160831
USER	MySql - Load Scenario	START	1685813160832
USER	MySql - Save Scenario	START	1685813160832
USER	MySql - Save Scenario	START	1685813160832
USER	MySql - Save Scenario	START	1685813160832
USER	MySql - Load Scenario	START	1685813160832
USER	MySql - Save Scenario	START	1685813160833
USER	MySql - Save Scenario	START	1685813160834
USER	MySql - Load Scenario	START	1685813160835
USER	MySql - Save Scenario	START	1685813160835
USER	MySql - Load Scenario	START	1685813160839
USER	MySql - Save Scenario	START	1685813160839
USER	MySql - Load Scenario	START	1685813160840
USER	MySql - Save Scenario	START	1685813160840
USER	MySql - Save Scenario	START	1685813160841
USER	MySql - Save Scenario	START	1685813160839
USER	MySql - Save Scenario	START	1685813160842
USER	MySql - Save Scenario	START	1685813160841
USER	MySql - Save Scenario	START	1685813160842
USER	MySql - Save Scenario	START	1685813160843
USER	MySql - Load Scenario	START	1685813160843
USER	MySql - Save Scenario	START	1685813160843
USER	MySql - Save Scenario	START	1685813160843
USER	MySql - Save Scenario	START	1685813160844
USER	MySql - Save Scenario	START	1685813160844
USER	MySql - Save Scenario	START	1685813160844
USER	MySql - Save Scenario	START	1685813160844
USER	MySql - Save Scenario	START	1685813160845
USER	MySql - Load Scenario	START	1685813160846
USER	MySql - Save Scenario	START	1685813160846
USER	MySql - Save Scenario	START	1685813160847
USER	MySql - Save Scenario	START	1685813160848
USER	MySql - Save Scenario	START	1685813160851
USER	MySql - Save Scenario	START	1685813160852
USER	MySql - Load Scenario	START	1685813160845
USER	MySql - Save Scenario	START	1685813160854
USER	MySql - Load Scenario	START	1685813160855
USER	MySql - Save Scenario	START	1685813160855
USER	MySql - Save Scenario	START	1685813160856
USER	MySql - Save Scenario	START	1685813160853
USER	MySql - Save Scenario	START	1685813160853
USER	MySql - Save Scenario	START	1685813160859
USER	MySql - Save Scenario	START	1685813160860
USER	MySql - Save Scenario	START	1685813160862
USER	MySql - Save Scenario	START	1685813160861
USER	MySql - Save Scenario	START	1685813160867
USER	MySql - Save Scenario	START	1685813160868
USER	MySql - Save Scenario	START	1685813160868
USER	MySql - Save Scenario	START	1685813160869
USER	MySql - Save Scenario	START	1685813160869
USER	MySql - Load Scenario	START	1685813160862
USER	MySql - Save Scenario	START	1685813160863
USER	MySql - Save Scenario	START	1685813160863
USER	MySql - Save Scenario	START	1685813160871
USER	MySql - Save Scenario	START	1685813160875
USER	MySql - Save Scenario	START	1685813160875
USER	MySql - Save Scenario	START	1685813160870
USER	MySql - Save Scenario	START	1685813160879
USER	MySql - Save Scenario	START	1685813160880
USER	MySql - Save Scenario	START	1685813160880
USER	MySql - Save Scenario	START	1685813160880
USER	MySql - Save Scenario	START	1685813160877
USER	MySql - Save Scenario	START	1685813160881
USER	MySql - Save Scenario	START	1685813160881
USER	MySql - Save Scenario	START	1685813160881
USER	MySql - Save Scenario	START	1685813160884
USER	MySql - Save Scenario	START	1685813160884
USER	MySql - Save Scenario	START	1685813160893
USER	MySql - Save Scenario	START	1685813160886
USER	MySql - Save Scenario	START	1685813160897
USER	MySql - Save Scenario	START	1685813160901
USER	MySql - Save Scenario	START	1685813160912
USER	MySql - Save Scenario	START	1685813160915
USER	MySql - Save Scenario	START	1685813160916
USER	MySql - Save Scenario	START	1685813160919
REQUEST		MySql - Load	1685813160520	1685813163191	KO	status.find.in([200, 209], 304), found 500
REQUEST		MySql - Load	1685813160543	1685813163184	KO	status.find.in([200, 209], 304), found 500
USER	MySql - Load Scenario	END	1685813163199
REQUEST		MySql - Load	1685813160555	1685813163199	KO	status.find.in([200, 209], 304), found 500
USER	MySql - Load Scenario	END	1685813163201
USER	MySql - Load Scenario	END	1685813163201
REQUEST		MySql - Load	1685813160520	1685813163201	KO	status.find.in([200, 209], 304), found 500
USER	MySql - Load Scenario	END	1685813163207
REQUEST		MySql - Load	1685813160556	1685813163207	KO	status.find.in([200, 209], 304), found 500
USER	MySql - Load Scenario	END	1685813163208
REQUEST		MySql - Load	1685813160506	1685813163161	KO	status.find.in([200, 209], 304), found 500
REQUEST		MySql - Load	1685813160498	1685813163222	KO	status.find.in([200, 209], 304), found 500
USER	MySql - Load Scenario	END	1685813163221
USER	MySql - Load Scenario	END	1685813163223
REQUEST		MySql - Load	1685813160516	1685813163223	KO	status.find.in([200, 209], 304), found 500
USER	MySql - Load Scenario	END	1685813163224
REQUEST		MySql - Load	1685813160564	1685813163233	KO	status.find.in([200, 209], 304), found 500
USER	MySql - Load Scenario	END	1685813163236
REQUEST		MySql - Load	1685813160517	1685813163289	KO	status.find.in([200, 209], 304), found 500
USER	MySql - Load Scenario	END	1685813163290
REQUEST		MySql - Load	1685813160557	1685813163316	KO	status.find.in([200, 209], 304), found 500
USER	MySql - Load Scenario	END	1685813163317
REQUEST		MySql - Load	1685813160504	1685813163349	KO	status.find.in([200, 209], 304), found 500
USER	MySql - Load Scenario	END	1685813163350
REQUEST		MySql - Load	1685813160584	1685813163363	KO	status.find.in([200, 209], 304), found 500
USER	MySql - Load Scenario	END	1685813163364
REQUEST		MySql - Load	1685813160585	1685813163366	KO	status.find.in([200, 209], 304), found 500
USER	MySql - Load Scenario	END	1685813163367
REQUEST		MySql - Load	1685813160517	1685813163392	KO	status.find.in([200, 209], 304), found 500
USER	MySql - Load Scenario	END	1685813163393
REQUEST		MySql - Load	1685813160586	1685813163405	KO	status.find.in([200, 209], 304), found 500
USER	MySql - Load Scenario	END	1685813163406
REQUEST		MySql - Load	1685813160535	1685813163434	KO	status.find.in([200, 209], 304), found 500
USER	MySql - Load Scenario	END	1685813163435
REQUEST		MongoDB - Load	1685813160505	1685813163440	OK	 
USER	MongoDB - Load Scenario	END	1685813163442
REQUEST		MongoDB - Save	1685813160501	1685813163443	OK	 
USER	MongoDB - Save Scenario	END	1685813163444
REQUEST		MongoDB - Load	1685813160478	1685813163445	OK	 
USER	MongoDB - Load Scenario	END	1685813163446
REQUEST		MongoDB - Save	1685813160505	1685813163448	OK	 
REQUEST		MongoDB - Load	1685813160471	1685813163451	OK	 
USER	MongoDB - Load Scenario	END	1685813163451
USER	MongoDB - Save Scenario	END	1685813163452
REQUEST		MongoDB - Load	1685813160488	1685813163452	OK	 
USER	MongoDB - Load Scenario	END	1685813163455
REQUEST		MongoDB - Load	1685813160515	1685813163455	OK	 
USER	MongoDB - Load Scenario	END	1685813163455
REQUEST		MongoDB - Load	1685813160494	1685813163456	OK	 
USER	MongoDB - Load Scenario	END	1685813163468
REQUEST		MongoDB - Load	1685813160503	1685813163468	OK	 
USER	MongoDB - Load Scenario	END	1685813163469
REQUEST		MongoDB - Save	1685813160485	1685813163469	OK	 
USER	MongoDB - Save Scenario	END	1685813163470
REQUEST		MongoDB - Save	1685813160504	1685813163470	OK	 
USER	MongoDB - Save Scenario	END	1685813163470
REQUEST		MongoDB - Save	1685813160489	1685813163471	OK	 
USER	MongoDB - Save Scenario	END	1685813163474
REQUEST		MongoDB - Load	1685813160479	1685813163474	OK	 
USER	MongoDB - Load Scenario	END	1685813163476
REQUEST		MongoDB - Load	1685813160477	1685813163476	OK	 
USER	MongoDB - Load Scenario	END	1685813163478
REQUEST		MongoDB - Save	1685813160483	1685813163479	OK	 
USER	MongoDB - Save Scenario	END	1685813163483
REQUEST		MongoDB - Load	1685813160495	1685813163483	OK	 
USER	MongoDB - Load Scenario	END	1685813163487
REQUEST		MongoDB - Load	1685813160515	1685813163487	OK	 
USER	MongoDB - Load Scenario	END	1685813163488
REQUEST		MongoDB - Load	1685813160472	1685813163593	OK	 
REQUEST		MongoDB - Save	1685813160473	1685813163594	OK	 
USER	MongoDB - Load Scenario	END	1685813163594
REQUEST		MongoDB - Load	1685813160476	1685813163595	OK	 
REQUEST		MongoDB - Load	1685813160496	1685813163595	OK	 
USER	MongoDB - Save Scenario	END	1685813163596
USER	MongoDB - Load Scenario	END	1685813163596
USER	MongoDB - Load Scenario	END	1685813163596
REQUEST		MongoDB - Save	1685813160470	1685813163596	OK	 
USER	MongoDB - Save Scenario	END	1685813163598
REQUEST		MySql - Load	1685813160674	1685813163605	KO	status.find.in([200, 209], 304), found 500
USER	MySql - Load Scenario	END	1685813163605
REQUEST		MongoDB - Save	1685813160515	1685813163632	OK	 
USER	MongoDB - Save Scenario	END	1685813163632
REQUEST		MongoDB - Load	1685813160486	1685813163636	OK	 
USER	MongoDB - Load Scenario	END	1685813163636
REQUEST		MongoDB - Load	1685813160474	1685813163647	OK	 
USER	MongoDB - Load Scenario	END	1685813163647
REQUEST		MongoDB - Load	1685813160484	1685813163649	OK	 
USER	MongoDB - Load Scenario	END	1685813163650
REQUEST		MongoDB - Load	1685813160479	1685813163656	OK	 
REQUEST		MongoDB - Load	1685813160484	1685813163657	OK	 
USER	MongoDB - Load Scenario	END	1685813163659
USER	MongoDB - Load Scenario	END	1685813163659
REQUEST		MongoDB - Load	1685813160503	1685813163669	OK	 
USER	MongoDB - Load Scenario	END	1685813163669
REQUEST		MongoDB - Load	1685813160475	1685813163672	KO	status.find.in([200, 209], 304), found 500
USER	MongoDB - Load Scenario	END	1685813163673
REQUEST		MongoDB - Load	1685813160490	1685813163673	OK	 
USER	MongoDB - Load Scenario	END	1685813163675
REQUEST		MongoDB - Load	1685813160505	1685813163675	OK	 
USER	MongoDB - Load Scenario	END	1685813163676
REQUEST		MongoDB - Load	1685813160486	1685813163680	KO	status.find.in([200, 209], 304), found 500
USER	MongoDB - Load Scenario	END	1685813163681
REQUEST		MySql - Load	1685813160544	1685813163685	KO	status.find.in([200, 209], 304), found 500
USER	MySql - Load Scenario	END	1685813163685
REQUEST		MySql - Load	1685813160549	1685813163688	KO	status.find.in([200, 209], 304), found 500
USER	MySql - Load Scenario	END	1685813163688
REQUEST		MySql - Load	1685813160558	1685813163689	KO	status.find.in([200, 209], 304), found 500
USER	MySql - Load Scenario	END	1685813163690
REQUEST		MongoDB - Load	1685813160475	1685813163698	KO	status.find.in([200, 209], 304), found 500
USER	MongoDB - Load Scenario	END	1685813163699
REQUEST		MongoDB - Save	1685813160474	1685813163701	OK	 
USER	MongoDB - Save Scenario	END	1685813163702
REQUEST		MySql - Load	1685813160598	1685813163733	KO	status.find.in([200, 209], 304), found 500
USER	MySql - Load Scenario	END	1685813163734
REQUEST		MongoDB - Save	1685813160473	1685813163745	OK	 
USER	MongoDB - Save Scenario	END	1685813163746
REQUEST		MySql - Load	1685813160641	1685813163764	KO	status.find.in([200, 209], 304), found 500
USER	MySql - Load Scenario	END	1685813163765
REQUEST		MongoDB - Load	1685813160488	1685813163807	KO	status.find.in([200, 209], 304), found 500
USER	MongoDB - Load Scenario	END	1685813163807
REQUEST		MongoDB - Load	1685813160487	1685813163824	KO	status.find.in([200, 209], 304), found 500
USER	MongoDB - Load Scenario	END	1685813163825
REQUEST		MongoDB - Load	1685813160483	1685813163839	OK	 
USER	MongoDB - Load Scenario	END	1685813163840
REQUEST		MongoDB - Load	1685813160493	1685813163850	KO	status.find.in([200, 209], 304), found 500
USER	MongoDB - Load Scenario	END	1685813163850
REQUEST		MongoDB - Load	1685813160495	1685813163884	KO	status.find.in([200, 209], 304), found 500
USER	MongoDB - Load Scenario	END	1685813163884
REQUEST		MySql - Load	1685813160619	1685813163907	KO	status.find.in([200, 209], 304), found 500
USER	MySql - Load Scenario	END	1685813163908
REQUEST		MySql - Load	1685813160661	1685813163909	KO	status.find.in([200, 209], 304), found 500
USER	MySql - Load Scenario	END	1685813163909
REQUEST		MySql - Load	1685813160629	1685813163910	KO	status.find.in([200, 209], 304), found 500
USER	MySql - Load Scenario	END	1685813163911
REQUEST		MySql - Load	1685813160630	1685813163914	KO	status.find.in([200, 209], 304), found 500
USER	MySql - Load Scenario	END	1685813163914
REQUEST		MySql - Load	1685813160652	1685813163914	KO	status.find.in([200, 209], 304), found 500
USER	MySql - Load Scenario	END	1685813163915
REQUEST		MongoDB - Load	1685813160491	1685813163919	KO	status.find.in([200, 209], 304), found 500
USER	MongoDB - Load Scenario	END	1685813163921
REQUEST		MongoDB - Load	1685813160496	1685813163927	KO	status.find.in([200, 209], 304), found 500
USER	MongoDB - Load Scenario	END	1685813163927
REQUEST		MongoDB - Load	1685813160478	1685813163929	KO	status.find.in([200, 209], 304), found 500
USER	MongoDB - Load Scenario	END	1685813163929
REQUEST		MongoDB - Load	1685813160497	1685813163935	KO	status.find.in([200, 209], 304), found 500
USER	MongoDB - Load Scenario	END	1685813163936
REQUEST		MongoDB - Load	1685813160501	1685813163973	KO	status.find.in([200, 209], 304), found 500
USER	MongoDB - Load Scenario	END	1685813163975
REQUEST		MongoDB - Load	1685813160502	1685813163983	KO	status.find.in([200, 209], 304), found 500
USER	MongoDB - Load Scenario	END	1685813163984
REQUEST		MongoDB - Load	1685813160511	1685813164016	KO	status.find.in([200, 209], 304), found 500
USER	MongoDB - Load Scenario	END	1685813164016
REQUEST		MongoDB - Load	1685813160498	1685813164027	KO	status.find.in([200, 209], 304), found 500
USER	MongoDB - Load Scenario	END	1685813164028
REQUEST		MongoDB - Load	1685813160502	1685813164028	KO	status.find.in([200, 209], 304), found 500
USER	MongoDB - Load Scenario	END	1685813164028
REQUEST		MongoDB - Save	1685813160595	1685813164057	OK	 
USER	MongoDB - Save Scenario	END	1685813164057
REQUEST		MongoDB - Load	1685813160500	1685813164063	KO	status.find.in([200, 209], 304), found 500
USER	MongoDB - Load Scenario	END	1685813164063
REQUEST		MongoDB - Load	1685813160470	1685813164075	KO	status.find.in([200, 209], 304), found 500
USER	MongoDB - Load Scenario	END	1685813164075
REQUEST		MongoDB - Save	1685813160511	1685813164079	OK	 
USER	MongoDB - Save Scenario	END	1685813164080
REQUEST		MySql - Load	1685813160674	1685813164111	KO	status.find.in([200, 209], 304), found 500
USER	MySql - Load Scenario	END	1685813164111
REQUEST		MySql - Load	1685813160661	1685813164114	KO	status.find.in([200, 209], 304), found 500
USER	MySql - Load Scenario	END	1685813164116
REQUEST		MongoDB - Save	1685813160831	1685813164116	KO	j.i.IOException: Premature close
USER	MongoDB - Save Scenario	END	1685813164118
REQUEST		MySql - Load	1685813160595	1685813164136	KO	status.find.in([200, 209], 304), found 500
USER	MySql - Load Scenario	END	1685813164137
REQUEST		MongoDB - Save	1685813160655	1685813164155	KO	j.i.IOException: Premature close
USER	MongoDB - Save Scenario	END	1685813164155
REQUEST		MongoDB - Save	1685813160688	1685813164184	KO	j.i.IOException: Premature close
REQUEST		MongoDB - Save	1685813160683	1685813164184	KO	j.i.IOException: Premature close
REQUEST		MongoDB - Save	1685813160783	1685813164184	KO	j.i.IOException: Premature close
REQUEST		MongoDB - Save	1685813160709	1685813164184	KO	j.i.IOException: Premature close
REQUEST		MongoDB - Save	1685813160698	1685813164184	KO	j.i.IOException: Premature close
REQUEST		MongoDB - Save	1685813160691	1685813164184	KO	j.i.IOException: Premature close
USER	MongoDB - Save Scenario	END	1685813164185
USER	MongoDB - Save Scenario	END	1685813164185
USER	MongoDB - Save Scenario	END	1685813164185
USER	MongoDB - Save Scenario	END	1685813164185
USER	MongoDB - Save Scenario	END	1685813164185
USER	MongoDB - Save Scenario	END	1685813164185
REQUEST		MySql - Load	1685813160662	1685813164248	KO	status.find.in([200, 209], 304), found 500
USER	MySql - Load Scenario	END	1685813164249
REQUEST		MySql - Load	1685813160653	1685813164252	KO	status.find.in([200, 209], 304), found 500
USER	MySql - Load Scenario	END	1685813164252
REQUEST		MongoDB - Load	1685813160474	1685813164304	OK	 
USER	MongoDB - Load Scenario	END	1685813164305
REQUEST		MongoDB - Save	1685813160515	1685813164359	OK	 
USER	MongoDB - Save Scenario	END	1685813164360
REQUEST		MongoDB - Load	1685813160499	1685813164361	OK	 
USER	MongoDB - Load Scenario	END	1685813164361
REQUEST		MongoDB - Load	1685813160489	1685813164363	OK	 
USER	MongoDB - Load Scenario	END	1685813164364
REQUEST		MongoDB - Load	1685813160497	1685813164364	OK	 
USER	MongoDB - Load Scenario	END	1685813164365
REQUEST		MongoDB - Save	1685813160510	1685813164373	OK	 
USER	MongoDB - Save Scenario	END	1685813164374
REQUEST		MongoDB - Load	1685813160509	1685813164384	OK	 
USER	MongoDB - Load Scenario	END	1685813164385
REQUEST		MongoDB - Load	1685813160492	1685813164394	OK	 
USER	MongoDB - Load Scenario	END	1685813164394
REQUEST		MongoDB - Load	1685813160476	1685813164398	OK	 
USER	MongoDB - Load Scenario	END	1685813164398
REQUEST		MongoDB - Load	1685813160488	1685813164399	OK	 
USER	MongoDB - Load Scenario	END	1685813164399
REQUEST		MongoDB - Load	1685813160503	1685813164401	OK	 
USER	MongoDB - Load Scenario	END	1685813164402
REQUEST		MongoDB - Load	1685813160476	1685813164403	OK	 
USER	MongoDB - Load Scenario	END	1685813164403
REQUEST		MongoDB - Load	1685813160474	1685813164404	OK	 
REQUEST		MongoDB - Load	1685813160505	1685813164405	OK	 
USER	MongoDB - Load Scenario	END	1685813164405
REQUEST		MongoDB - Save	1685813160718	1685813164405	OK	 
USER	MongoDB - Load Scenario	END	1685813164405
REQUEST		MongoDB - Load	1685813160477	1685813164406	OK	 
USER	MongoDB - Save Scenario	END	1685813164406
REQUEST		MongoDB - Load	1685813160508	1685813164406	OK	 
USER	MongoDB - Load Scenario	END	1685813164406
USER	MongoDB - Load Scenario	END	1685813164407
REQUEST		MongoDB - Load	1685813160480	1685813164411	OK	 
USER	MongoDB - Load Scenario	END	1685813164412
REQUEST		MongoDB - Load	1685813160501	1685813164416	OK	 
USER	MongoDB - Load Scenario	END	1685813164417
REQUEST		MongoDB - Load	1685813160474	1685813164418	OK	 
USER	MongoDB - Load Scenario	END	1685813164419
REQUEST		MongoDB - Load	1685813160473	1685813164425	OK	 
USER	MongoDB - Load Scenario	END	1685813164425
REQUEST		MongoDB - Save	1685813160510	1685813164429	OK	 
USER	MongoDB - Save Scenario	END	1685813164429
REQUEST		MongoDB - Load	1685813160506	1685813164445	OK	 
USER	MongoDB - Load Scenario	END	1685813164445
REQUEST		MongoDB - Load	1685813160490	1685813164448	OK	 
USER	MongoDB - Load Scenario	END	1685813164449
REQUEST		MongoDB - Load	1685813160473	1685813164455	OK	 
USER	MongoDB - Load Scenario	END	1685813164455
REQUEST		MongoDB - Save	1685813160537	1685813164489	OK	 
USER	MongoDB - Save Scenario	END	1685813164490
REQUEST		MongoDB - Save	1685813160516	1685813164507	OK	 
USER	MongoDB - Save Scenario	END	1685813164509
REQUEST		MongoDB - Save	1685813160515	1685813164523	OK	 
USER	MongoDB - Save Scenario	END	1685813164523
REQUEST		MongoDB - Save	1685813160516	1685813164539	OK	 
USER	MongoDB - Save Scenario	END	1685813164539
REQUEST		MongoDB - Save	1685813160516	1685813164555	OK	 
USER	MongoDB - Save Scenario	END	1685813164556
REQUEST		MongoDB - Save	1685813160517	1685813164572	OK	 
USER	MongoDB - Save Scenario	END	1685813164572
REQUEST		MongoDB - Save	1685813160513	1685813164599	OK	 
USER	MongoDB - Save Scenario	END	1685813164599
REQUEST		MongoDB - Save	1685813160512	1685813164617	OK	 
USER	MongoDB - Save Scenario	END	1685813164618
REQUEST		MongoDB - Save	1685813160512	1685813164619	OK	 
USER	MongoDB - Save Scenario	END	1685813164620
REQUEST		MongoDB - Save	1685813160512	1685813164636	OK	 
USER	MongoDB - Save Scenario	END	1685813164636
REQUEST		MongoDB - Load	1685813160476	1685813164661	OK	 
USER	MongoDB - Load Scenario	END	1685813164661
REQUEST		MongoDB - Save	1685813160548	1685813164681	OK	 
USER	MongoDB - Save Scenario	END	1685813164681
REQUEST		MongoDB - Load	1685813160513	1685813164693	OK	 
USER	MongoDB - Load Scenario	END	1685813164694
REQUEST		MongoDB - Save	1685813160514	1685813164718	OK	 
USER	MongoDB - Save Scenario	END	1685813164718
REQUEST		MongoDB - Save	1685813160830	1685813164732	OK	 
USER	MongoDB - Save Scenario	END	1685813164732
REQUEST		MongoDB - Load	1685813160513	1685813164748	OK	 
USER	MongoDB - Load Scenario	END	1685813164748
REQUEST		MongoDB - Save	1685813160654	1685813164779	OK	 
USER	MongoDB - Save Scenario	END	1685813164779
REQUEST		MongoDB - Save	1685813160660	1685813164785	OK	 
USER	MongoDB - Save Scenario	END	1685813164786
REQUEST		MySql - Load	1685813160676	1685813164799	KO	status.find.in([200, 209], 304), found 500
USER	MySql - Load Scenario	END	1685813164799
REQUEST		MySql - Load	1685813160673	1685813164802	KO	status.find.in([200, 209], 304), found 500
USER	MySql - Load Scenario	END	1685813164802
REQUEST		MySql - Load	1685813160684	1685813164807	KO	status.find.in([200, 209], 304), found 500
USER	MySql - Load Scenario	END	1685813164808
REQUEST		MongoDB - Load	1685813160658	1685813164823	OK	 
USER	MongoDB - Load Scenario	END	1685813164823
REQUEST		MongoDB - Save	1685813160563	1685813164831	OK	 
USER	MongoDB - Save Scenario	END	1685813164831
REQUEST		MongoDB - Save	1685813160519	1685813164864	OK	 
USER	MongoDB - Save Scenario	END	1685813164864
REQUEST		MongoDB - Save	1685813160519	1685813164886	OK	 
USER	MongoDB - Save Scenario	END	1685813164887
REQUEST		MongoDB - Save	1685813160665	1685813164890	OK	 
USER	MongoDB - Save Scenario	END	1685813164890
REQUEST		MongoDB - Load	1685813160514	1685813164904	OK	 
USER	MongoDB - Load Scenario	END	1685813164904
REQUEST		MongoDB - Save	1685813160662	1685813164925	OK	 
USER	MongoDB - Save Scenario	END	1685813164926
REQUEST		MongoDB - Save	1685813160519	1685813164926	OK	 
USER	MongoDB - Save Scenario	END	1685813164927
REQUEST		MongoDB - Save	1685813160675	1685813164976	OK	 
USER	MongoDB - Save Scenario	END	1685813164977
REQUEST		MongoDB - Save	1685813160676	1685813164992	OK	 
USER	MongoDB - Save Scenario	END	1685813164992
REQUEST		MongoDB - Load	1685813160543	1685813165030	OK	 
USER	MongoDB - Load Scenario	END	1685813165031
REQUEST		MongoDB - Load	1685813160536	1685813165056	OK	 
USER	MongoDB - Load Scenario	END	1685813165057
REQUEST		MongoDB - Load	1685813160544	1685813165065	OK	 
USER	MongoDB - Load Scenario	END	1685813165066
REQUEST		MongoDB - Load	1685813160649	1685813165090	OK	 
USER	MongoDB - Load Scenario	END	1685813165090
REQUEST		MongoDB - Save	1685813160628	1685813165104	OK	 
USER	MongoDB - Save Scenario	END	1685813165104
REQUEST		MongoDB - Save	1685813160620	1685813165136	OK	 
USER	MongoDB - Save Scenario	END	1685813165136
REQUEST		MongoDB - Load	1685813160655	1685813165143	OK	 
USER	MongoDB - Load Scenario	END	1685813165144
REQUEST		MongoDB - Save	1685813160675	1685813165179	OK	 
USER	MongoDB - Save Scenario	END	1685813165179
REQUEST		MongoDB - Save	1685813160676	1685813165185	OK	 
USER	MongoDB - Save Scenario	END	1685813165186
REQUEST		MongoDB - Save	1685813160538	1685813165218	OK	 
USER	MongoDB - Save Scenario	END	1685813165219
REQUEST		MongoDB - Load	1685813160478	1685813165227	OK	 
USER	MongoDB - Load Scenario	END	1685813165228
REQUEST		MongoDB - Load	1685813160479	1685813165244	OK	 
USER	MongoDB - Load Scenario	END	1685813165245
REQUEST		MongoDB - Load	1685813160529	1685813165276	OK	 
USER	MongoDB - Load Scenario	END	1685813165277
REQUEST		MongoDB - Load	1685813160479	1685813165291	OK	 
USER	MongoDB - Load Scenario	END	1685813165294
REQUEST		MongoDB - Load	1685813160487	1685813165312	OK	 
USER	MongoDB - Load Scenario	END	1685813165313
REQUEST		MySql - Load	1685813160694	1685813165333	KO	status.find.in([200, 209], 304), found 500
USER	MySql - Load Scenario	END	1685813165334
REQUEST		MySql - Load	1685813160691	1685813165335	KO	status.find.in([200, 209], 304), found 500
USER	MySql - Load Scenario	END	1685813165335
REQUEST		MySql - Load	1685813160703	1685813165340	KO	status.find.in([200, 209], 304), found 500
USER	MySql - Load Scenario	END	1685813165340
REQUEST		MongoDB - Load	1685813160487	1685813165342	OK	 
USER	MongoDB - Load Scenario	END	1685813165343
REQUEST		MongoDB - Load	1685813160489	1685813165358	OK	 
USER	MongoDB - Load Scenario	END	1685813165358
REQUEST		MySql - Load	1685813160693	1685813165385	KO	status.find.in([200, 209], 304), found 500
USER	MySql - Load Scenario	END	1685813165386
REQUEST		MySql - Save	1685813160675	1685813165386	OK	 
USER	MySql - Save Scenario	END	1685813165387
REQUEST		MongoDB - Load	1685813160490	1685813165396	OK	 
USER	MongoDB - Load Scenario	END	1685813165396
REQUEST		MongoDB - Load	1685813160491	1685813165400	OK	 
USER	MongoDB - Load Scenario	END	1685813165400
REQUEST		MySql - Load	1685813160693	1685813165413	KO	status.find.in([200, 209], 304), found 500
USER	MySql - Load Scenario	END	1685813165414
REQUEST		MongoDB - Save	1685813160498	1685813165447	OK	 
USER	MongoDB - Save Scenario	END	1685813165447
REQUEST		MongoDB - Save	1685813160499	1685813165451	OK	 
USER	MongoDB - Save Scenario	END	1685813165451
REQUEST		MongoDB - Save	1685813160501	1685813165502	OK	 
USER	MongoDB - Save Scenario	END	1685813165502
REQUEST		MongoDB - Save	1685813160506	1685813165529	OK	 
USER	MongoDB - Save Scenario	END	1685813165529
REQUEST		MongoDB - Load	1685813160507	1685813165547	OK	 
USER	MongoDB - Load Scenario	END	1685813165548
REQUEST		MongoDB - Load	1685813160503	1685813165548	OK	 
USER	MongoDB - Load Scenario	END	1685813165548
REQUEST		MongoDB - Save	1685813160509	1685813165575	OK	 
USER	MongoDB - Save Scenario	END	1685813165576
REQUEST		MongoDB - Load	1685813160504	1685813165576	OK	 
USER	MongoDB - Load Scenario	END	1685813165577
REQUEST		MongoDB - Load	1685813160508	1685813165589	OK	 
USER	MongoDB - Load Scenario	END	1685813165589
REQUEST		MongoDB - Save	1685813160500	1685813165592	OK	 
USER	MongoDB - Save Scenario	END	1685813165593
REQUEST		MongoDB - Load	1685813160512	1685813165609	OK	 
USER	MongoDB - Load Scenario	END	1685813165609
REQUEST		MongoDB - Load	1685813160513	1685813165636	OK	 
USER	MongoDB - Load Scenario	END	1685813165636
REQUEST		MongoDB - Load	1685813160558	1685813165640	OK	 
USER	MongoDB - Load Scenario	END	1685813165640
REQUEST		MongoDB - Save	1685813160608	1685813165663	OK	 
USER	MongoDB - Save Scenario	END	1685813165663
REQUEST		MongoDB - Load	1685813160518	1685813165676	OK	 
USER	MongoDB - Load Scenario	END	1685813165677
REQUEST		MongoDB - Load	1685813160514	1685813165686	OK	 
USER	MongoDB - Load Scenario	END	1685813165687
REQUEST		MongoDB - Save	1685813160514	1685813165703	OK	 
USER	MongoDB - Save Scenario	END	1685813165704
REQUEST		MongoDB - Save	1685813160597	1685813165715	OK	 
USER	MongoDB - Save Scenario	END	1685813165716
REQUEST		MongoDB - Save	1685813160563	1685813165725	OK	 
USER	MongoDB - Save Scenario	END	1685813165726
REQUEST		MongoDB - Load	1685813160549	1685813165743	OK	 
USER	MongoDB - Load Scenario	END	1685813165743
REQUEST		MongoDB - Load	1685813160550	1685813165760	OK	 
USER	MongoDB - Load Scenario	END	1685813165761
REQUEST		MongoDB - Save	1685813160549	1685813165799	OK	 
USER	MongoDB - Save Scenario	END	1685813165800
REQUEST		MySql - Load	1685813160704	1685813165801	KO	status.find.in([200, 209], 304), found 500
USER	MySql - Load Scenario	END	1685813165802
REQUEST		MongoDB - Load	1685813160548	1685813165805	OK	 
USER	MongoDB - Load Scenario	END	1685813165805
REQUEST		MongoDB - Save	1685813160550	1685813165813	OK	 
USER	MongoDB - Save Scenario	END	1685813165813
REQUEST		MySql - Save	1685813160797	1685813165889	OK	 
USER	MySql - Save Scenario	END	1685813165890
REQUEST		MySql - Load	1685813160716	1685813165900	KO	status.find.in([200, 209], 304), found 500
USER	MySql - Load Scenario	END	1685813165901
REQUEST		MySql - Load	1685813160718	1685813166030	KO	status.find.in([200, 209], 304), found 500
USER	MySql - Load Scenario	END	1685813166030
REQUEST		MySql - Load	1685813160798	1685813166186	KO	status.find.in([200, 209], 304), found 500
USER	MySql - Load Scenario	END	1685813166187
REQUEST		MySql - Load	1685813160718	1685813166188	KO	status.find.in([200, 209], 304), found 500
USER	MySql - Load Scenario	END	1685813166188
REQUEST		MySql - Load	1685813160831	1685813166188	KO	status.find.in([200, 209], 304), found 500
USER	MySql - Load Scenario	END	1685813166189
REQUEST		MySql - Save	1685813160710	1685813166385	OK	 
USER	MySql - Save Scenario	END	1685813166385
REQUEST		MySql - Load	1685813160683	1685813166388	KO	status.find.in([200, 209], 304), found 500
USER	MySql - Load Scenario	END	1685813166388
REQUEST		MySql - Save	1685813160803	1685813166425	OK	 
USER	MySql - Save Scenario	END	1685813166426
REQUEST		MySql - Load	1685813160684	1685813166507	KO	status.find.in([200, 209], 304), found 500
REQUEST		MySql - Load	1685813160645	1685813166507	KO	status.find.in([200, 209], 304), found 500
USER	MySql - Load Scenario	END	1685813166507
USER	MySql - Load Scenario	END	1685813166508
REQUEST		MySql - Load	1685813160813	1685813166626	KO	status.find.in([200, 209], 304), found 500
USER	MySql - Load Scenario	END	1685813166627
REQUEST		MySql - Load	1685813160829	1685813166738	KO	status.find.in([200, 209], 304), found 500
USER	MySql - Load Scenario	END	1685813166738
REQUEST		MySql - Save	1685813160807	1685813166744	OK	 
USER	MySql - Save Scenario	END	1685813166744
REQUEST		MySql - Load	1685813160830	1685813167047	KO	status.find.in([200, 209], 304), found 500
USER	MySql - Load Scenario	END	1685813167047
REQUEST		MySql - Save	1685813160831	1685813167169	OK	 
USER	MySql - Save Scenario	END	1685813167169
REQUEST		MySql - Load	1685813160831	1685813167368	KO	status.find.in([200, 209], 304), found 500
USER	MySql - Load Scenario	END	1685813167369
REQUEST		MySql - Save	1685813160829	1685813167369	OK	 
USER	MySql - Save Scenario	END	1685813167370
REQUEST		MySql - Save	1685813160830	1685813167375	OK	 
USER	MySql - Save Scenario	END	1685813167375
REQUEST		MySql - Save	1685813160854	1685813167775	OK	 
USER	MySql - Save Scenario	END	1685813167776
REQUEST		MySql - Load	1685813160855	1685813167776	KO	status.find.in([200, 209], 304), found 500
USER	MySql - Load Scenario	END	1685813167777
REQUEST		MySql - Save	1685813160831	1685813167780	OK	 
USER	MySql - Save Scenario	END	1685813167780
REQUEST		MongoDB - Load	1685813160478	1685813167868	OK	 
USER	MongoDB - Load Scenario	END	1685813167868
REQUEST		MongoDB - Save	1685813160641	1685813167881	OK	 
USER	MongoDB - Save Scenario	END	1685813167881
REQUEST		MongoDB - Save	1685813160660	1685813167904	OK	 
USER	MongoDB - Save Scenario	END	1685813167906
REQUEST		MongoDB - Save	1685813160653	1685813167907	OK	 
USER	MongoDB - Save Scenario	END	1685813167907
REQUEST		MongoDB - Save	1685813160584	1685813167929	OK	 
USER	MongoDB - Save Scenario	END	1685813167930
REQUEST		MongoDB - Save	1685813160640	1685813167950	OK	 
USER	MongoDB - Save Scenario	END	1685813167951
REQUEST		MongoDB - Save	1685813160630	1685813167965	OK	 
USER	MongoDB - Save Scenario	END	1685813167965
REQUEST		MongoDB - Save	1685813160543	1685813167997	OK	 
USER	MongoDB - Save Scenario	END	1685813167997
REQUEST		MongoDB - Save	1685813160629	1685813167998	OK	 
USER	MongoDB - Save Scenario	END	1685813167999
REQUEST		MongoDB - Save	1685813160557	1685813168000	OK	 
USER	MongoDB - Save Scenario	END	1685813168001
REQUEST		MySql - Save	1685813160855	1685813168020	OK	 
USER	MySql - Save Scenario	END	1685813168021
REQUEST		MongoDB - Save	1685813160556	1685813168031	OK	 
USER	MongoDB - Save Scenario	END	1685813168031
REQUEST		MongoDB - Save	1685813160586	1685813168038	OK	 
USER	MongoDB - Save Scenario	END	1685813168038
REQUEST		MongoDB - Save	1685813160585	1685813168047	OK	 
USER	MongoDB - Save Scenario	END	1685813168047
REQUEST		MongoDB - Save	1685813160585	1685813168066	OK	 
USER	MongoDB - Save Scenario	END	1685813168066
REQUEST		MongoDB - Save	1685813160571	1685813168096	OK	 
USER	MongoDB - Save Scenario	END	1685813168096
REQUEST		MongoDB - Save	1685813160563	1685813168100	OK	 
USER	MongoDB - Save Scenario	END	1685813168100
REQUEST		MongoDB - Save	1685813160549	1685813168140	OK	 
USER	MongoDB - Save Scenario	END	1685813168140
REQUEST		MongoDB - Save	1685813160541	1685813168153	OK	 
USER	MongoDB - Save Scenario	END	1685813168154
REQUEST		MongoDB - Save	1685813160740	1685813168168	OK	 
USER	MongoDB - Save Scenario	END	1685813168169
REQUEST		MongoDB - Save	1685813160657	1685813168203	OK	 
USER	MongoDB - Save Scenario	END	1685813168203
REQUEST		MongoDB - Save	1685813160663	1685813168205	OK	 
USER	MongoDB - Save Scenario	END	1685813168205
REQUEST		MongoDB - Save	1685813160654	1685813168229	OK	 
USER	MongoDB - Save Scenario	END	1685813168230
REQUEST		MongoDB - Save	1685813160644	1685813168235	OK	 
USER	MongoDB - Save Scenario	END	1685813168235
REQUEST		MongoDB - Save	1685813160643	1685813168258	OK	 
USER	MongoDB - Save Scenario	END	1685813168258
REQUEST		MongoDB - Save	1685813160797	1685813168273	OK	 
USER	MongoDB - Save Scenario	END	1685813168273
REQUEST		MongoDB - Save	1685813160798	1685813168276	OK	 
USER	MongoDB - Save Scenario	END	1685813168276
REQUEST		MongoDB - Save	1685813160739	1685813168310	OK	 
USER	MongoDB - Save Scenario	END	1685813168310
REQUEST		MySql - Save	1685813160880	1685813168311	KO	j.i.IOException: Premature close
USER	MySql - Save Scenario	END	1685813168312
REQUEST		MySql - Save	1685813160677	1685813168312	KO	j.i.IOException: Premature close
USER	MySql - Save Scenario	END	1685813168312
REQUEST		MySql - Save	1685813160783	1685813168313	KO	j.i.IOException: Premature close
USER	MySql - Save Scenario	END	1685813168313
REQUEST		MySql - Save	1685813160828	1685813168313	KO	j.i.IOException: Premature close
USER	MySql - Save Scenario	END	1685813168313
REQUEST		MySql - Save	1685813160785	1685813168313	KO	j.i.IOException: Premature close
USER	MySql - Save Scenario	END	1685813168313
REQUEST		MySql - Save	1685813160798	1685813168313	KO	j.i.IOException: Premature close
USER	MySql - Save Scenario	END	1685813168313
REQUEST		MySql - Save	1685813160827	1685813168313	KO	j.i.IOException: Premature close
USER	MySql - Save Scenario	END	1685813168313
REQUEST		MySql - Save	1685813160827	1685813168314	KO	j.i.IOException: Premature close
USER	MySql - Save Scenario	END	1685813168314
REQUEST		MySql - Save	1685813160828	1685813168314	KO	j.i.IOException: Premature close
USER	MySql - Save Scenario	END	1685813168314
REQUEST		MySql - Save	1685813160828	1685813168314	KO	j.i.IOException: Premature close
USER	MySql - Save Scenario	END	1685813168314
REQUEST		MySql - Save	1685813160848	1685813168314	KO	j.i.IOException: Premature close
USER	MySql - Save Scenario	END	1685813168314
REQUEST		MySql - Save	1685813160829	1685813168314	KO	j.i.IOException: Premature close
USER	MySql - Save Scenario	END	1685813168314
REQUEST		MySql - Save	1685813160829	1685813168314	KO	j.i.IOException: Premature close
USER	MySql - Save Scenario	END	1685813168314
REQUEST		MySql - Save	1685813160830	1685813168315	KO	j.i.IOException: Premature close
USER	MySql - Save Scenario	END	1685813168315
REQUEST		MySql - Save	1685813160773	1685813168315	KO	j.i.IOException: Premature close
USER	MySql - Save Scenario	END	1685813168315
REQUEST		MongoDB - Save	1685813160717	1685813168322	OK	 
USER	MongoDB - Save Scenario	END	1685813168322
REQUEST		MongoDB - Save	1685813160684	1685813168368	OK	 
USER	MongoDB - Save Scenario	END	1685813168368
REQUEST		MongoDB - Save	1685813160691	1685813168387	OK	 
USER	MongoDB - Save Scenario	END	1685813168388
REQUEST		MongoDB - Load	1685813160688	1685813168389	OK	 
USER	MongoDB - Load Scenario	END	1685813168389
REQUEST		MongoDB - Save	1685813160709	1685813168390	OK	 
USER	MongoDB - Save Scenario	END	1685813168391
REQUEST		MongoDB - Load	1685813160678	1685813168392	OK	 
USER	MongoDB - Load Scenario	END	1685813168392
REQUEST		MongoDB - Load	1685813160677	1685813168411	OK	 
USER	MongoDB - Load Scenario	END	1685813168411
REQUEST		MongoDB - Save	1685813160698	1685813168413	OK	 
USER	MongoDB - Save Scenario	END	1685813168414
REQUEST		MongoDB - Save	1685813160666	1685813168419	OK	 
USER	MongoDB - Save Scenario	END	1685813168419
REQUEST		MongoDB - Load	1685813160664	1685813168463	OK	 
USER	MongoDB - Load Scenario	END	1685813168463
REQUEST		MongoDB - Save	1685813160663	1685813168468	OK	 
USER	MongoDB - Save Scenario	END	1685813168469
REQUEST		MongoDB - Load	1685813160640	1685813168495	OK	 
USER	MongoDB - Load Scenario	END	1685813168496
REQUEST		MongoDB - Load	1685813160635	1685813168526	OK	 
USER	MongoDB - Load Scenario	END	1685813168526
REQUEST		MongoDB - Save	1685813160643	1685813168547	OK	 
USER	MongoDB - Save Scenario	END	1685813168548
REQUEST		MongoDB - Save	1685813160633	1685813168555	OK	 
USER	MongoDB - Save Scenario	END	1685813168555
REQUEST		MySql - Load	1685813160689	1685813168892	KO	status.find.in([200, 209], 304), found 500
REQUEST		MySql - Save	1685813160869	1685813168892	OK	 
USER	MySql - Load Scenario	END	1685813168893
USER	MySql - Save Scenario	END	1685813168893
REQUEST		MySql - Save	1685813160809	1685813169223	OK	 
USER	MySql - Save Scenario	END	1685813169224
REQUEST		MySql - Load	1685813160832	1685813169274	KO	status.find.in([200, 209], 304), found 500
USER	MySql - Load Scenario	END	1685813169275
REQUEST		MySql - Save	1685813160822	1685813169531	OK	 
USER	MySql - Save Scenario	END	1685813169531
REQUEST		MySql - Save	1685813160868	1685813169535	OK	 
USER	MySql - Save Scenario	END	1685813169536
REQUEST		MySql - Save	1685813160856	1685813169540	OK	 
USER	MySql - Save Scenario	END	1685813169540
REQUEST		MySql - Save	1685813160868	1685813169616	OK	 
USER	MySql - Save Scenario	END	1685813169617
REQUEST		MySql - Save	1685813160867	1685813169617	OK	 
USER	MySql - Save Scenario	END	1685813169617
REQUEST		MySql - Save	1685813160685	1685813169618	OK	 
USER	MySql - Save Scenario	END	1685813169618
REQUEST		MySql - Save	1685813160842	1685813169798	OK	 
USER	MySql - Save Scenario	END	1685813169798
REQUEST		MySql - Save	1685813160832	1685813169813	OK	 
USER	MySql - Save Scenario	END	1685813169813
REQUEST		MySql - Save	1685813160879	1685813169875	OK	 
USER	MySql - Save Scenario	END	1685813169875
REQUEST		MySql - Load	1685813160715	1685813170098	KO	status.find.in([200, 209], 304), found 500
USER	MySql - Load Scenario	END	1685813170098
REQUEST		MySql - Save	1685813160694	1685813170099	OK	 
USER	MySql - Save Scenario	END	1685813170100
REQUEST		MySql - Save	1685813160842	1685813170164	OK	 
USER	MySql - Save Scenario	END	1685813170164
REQUEST		MySql - Load	1685813160699	1685813170181	KO	status.find.in([200, 209], 304), found 500
USER	MySql - Load Scenario	END	1685813170182
REQUEST		MySql - Load	1685813160676	1685813170210	KO	status.find.in([200, 209], 304), found 500
USER	MySql - Load Scenario	END	1685813170211
REQUEST		MySql - Load	1685813160657	1685813170254	KO	status.find.in([200, 209], 304), found 500
USER	MySql - Load Scenario	END	1685813170255
REQUEST		MySql - Save	1685813160717	1685813170470	OK	 
USER	MySql - Save Scenario	END	1685813170471
REQUEST		MySql - Save	1685813160847	1685813170471	OK	 
USER	MySql - Save Scenario	END	1685813170471
REQUEST		MySql - Save	1685813160845	1685813170472	OK	 
USER	MySql - Save Scenario	END	1685813170472
REQUEST		MySql - Save	1685813160844	1685813170472	OK	 
USER	MySql - Save Scenario	END	1685813170473
REQUEST		MySql - Save	1685813160870	1685813170694	OK	 
USER	MySql - Save Scenario	END	1685813170694
REQUEST		MySql - Load	1685813160840	1685813171048	KO	status.find.in([200, 209], 304), found 500
USER	MySql - Load Scenario	END	1685813171049
REQUEST		MySql - Save	1685813160832	1685813171291	OK	 
USER	MySql - Save Scenario	END	1685813171291
REQUEST		MySql - Save	1685813160840	1685813171292	OK	 
USER	MySql - Save Scenario	END	1685813171292
REQUEST		MySql - Load	1685813160845	1685813171633	KO	status.find.in([200, 209], 304), found 500
USER	MySql - Load Scenario	END	1685813171634
REQUEST		MySql - Save	1685813160839	1685813171635	OK	 
USER	MySql - Save Scenario	END	1685813171635
REQUEST		MySql - Save	1685813160844	1685813171636	OK	 
USER	MySql - Save Scenario	END	1685813171637
REQUEST		MySql - Save	1685813160841	1685813171662	OK	 
USER	MySql - Save Scenario	END	1685813171663
REQUEST		MySql - Save	1685813160861	1685813171774	OK	 
USER	MySql - Save Scenario	END	1685813171774
REQUEST		MySql - Save	1685813160867	1685813171775	OK	 
USER	MySql - Save Scenario	END	1685813171775
REQUEST		MySql - Save	1685813160879	1685813172108	OK	 
USER	MySql - Save Scenario	END	1685813172109
REQUEST		MySql - Save	1685813160831	1685813172116	OK	 
USER	MySql - Save Scenario	END	1685813172116
REQUEST		MySql - Save	1685813160842	1685813172442	OK	 
USER	MySql - Save Scenario	END	1685813172442
REQUEST		MySql - Save	1685813160843	1685813172443	OK	 
USER	MySql - Save Scenario	END	1685813172443
REQUEST		MySql - Load	1685813160832	1685813172641	KO	status.find.in([200, 209], 304), found 500
USER	MySql - Load Scenario	END	1685813172642
REQUEST		MySql - Save	1685813160859	1685813172987	OK	 
USER	MySql - Save Scenario	END	1685813172987
REQUEST		MySql - Save	1685813160832	1685813172990	OK	 
USER	MySql - Save Scenario	END	1685813172990
REQUEST		MySql - Save	1685813160853	1685813173315	OK	 
USER	MySql - Save Scenario	END	1685813173315
REQUEST		MySql - Save	1685813160883	1685813173320	OK	 
USER	MySql - Save Scenario	END	1685813173320
REQUEST		MySql - Save	1685813160841	1685813173321	OK	 
USER	MySql - Save Scenario	END	1685813173321
REQUEST		MySql - Load	1685813160846	1685813173434	KO	status.find.in([200, 209], 304), found 500
USER	MySql - Load Scenario	END	1685813173434
REQUEST		MySql - Save	1685813160843	1685813173438	OK	 
USER	MySql - Save Scenario	END	1685813173438
REQUEST		MySql - Save	1685813160877	1685813173732	OK	 
USER	MySql - Save Scenario	END	1685813173732
REQUEST		MySql - Save	1685813160880	1685813173943	OK	 
USER	MySql - Save Scenario	END	1685813173944
REQUEST		MySql - Save	1685813160844	1685813173947	OK	 
USER	MySql - Save Scenario	END	1685813173948
REQUEST		MySql - Save	1685813160851	1685813173948	OK	 
USER	MySql - Save Scenario	END	1685813173948
REQUEST		MySql - Save	1685813160845	1685813173949	OK	 
USER	MySql - Save Scenario	END	1685813173949
REQUEST		MySql - Save	1685813160880	1685813174151	OK	 
USER	MySql - Save Scenario	END	1685813174152
REQUEST		MySql - Save	1685813160876	1685813174196	OK	 
USER	MySql - Save Scenario	END	1685813174196
REQUEST		MySql - Save	1685813160843	1685813174467	OK	 
USER	MySql - Save Scenario	END	1685813174468
REQUEST		MySql - Save	1685813160874	1685813174468	OK	 
USER	MySql - Save Scenario	END	1685813174468
REQUEST		MySql - Save	1685813160893	1685813174469	OK	 
USER	MySql - Save Scenario	END	1685813174469
REQUEST		MySql - Load	1685813160842	1685813174794	KO	status.find.in([200, 209], 304), found 500
USER	MySql - Load Scenario	END	1685813174794
REQUEST		MySql - Save	1685813160863	1685813174814	OK	 
USER	MySql - Save Scenario	END	1685813174815
REQUEST		MySql - Load	1685813160862	1685813174815	KO	status.find.in([200, 209], 304), found 500
USER	MySql - Load Scenario	END	1685813174816
REQUEST		MySql - Save	1685813160853	1685813174887	OK	 
USER	MySql - Save Scenario	END	1685813174887
REQUEST		MySql - Load	1685813160834	1685813174928	KO	status.find.in([200, 209], 304), found 500
USER	MySql - Load Scenario	END	1685813174929
REQUEST		MySql - Save	1685813160900	1685813175016	OK	 
USER	MySql - Save Scenario	END	1685813175017
REQUEST		MySql - Save	1685813160871	1685813175219	OK	 
USER	MySql - Save Scenario	END	1685813175220
REQUEST		MySql - Save	1685813160880	1685813175496	OK	 
USER	MySql - Save Scenario	END	1685813175497
REQUEST		MySql - Save	1685813160809	1685813175499	OK	 
USER	MySql - Save Scenario	END	1685813175500
REQUEST		MySql - Save	1685813160830	1685813176022	OK	 
USER	MySql - Save Scenario	END	1685813176023
REQUEST		MySql - Save	1685813160863	1685813176159	OK	 
USER	MySql - Save Scenario	END	1685813176159
REQUEST		MySql - Save	1685813160916	1685813176160	OK	 
USER	MySql - Save Scenario	END	1685813176160
REQUEST		MySql - Save	1685813160915	1685813176161	OK	 
USER	MySql - Save Scenario	END	1685813176161
REQUEST		MySql - Save	1685813160919	1685813176166	OK	 
USER	MySql - Save Scenario	END	1685813176167
REQUEST		MySql - Save	1685813160911	1685813176199	OK	 
USER	MySql - Save Scenario	END	1685813176199
REQUEST		MySql - Save	1685813160897	1685813176200	OK	 
USER	MySql - Save Scenario	END	1685813176200
REQUEST		MySql - Save	1685813160883	1685813176204	OK	 
USER	MySql - Save Scenario	END	1685813176204
REQUEST		MySql - Save	1685813160873	1685813176368	OK	 
USER	MySql - Save Scenario	END	1685813176369
REQUEST		MySql - Save	1685813160808	1685813176372	OK	 
USER	MySql - Save Scenario	END	1685813176372
REQUEST		MySql - Save	1685813160802	1685813176582	OK	 
USER	MySql - Save Scenario	END	1685813176582
REQUEST		MySql - Save	1685813160861	1685813176587	OK	 
USER	MySql - Save Scenario	END	1685813176587
REQUEST		MySql - Load	1685813160782	1685813176881	KO	status.find.in([200, 209], 304), found 500
USER	MySql - Load Scenario	END	1685813176881
REQUEST		MySql - Save	1685813160797	1685813176882	OK	 
USER	MySql - Save Scenario	END	1685813176882
REQUEST		MySql - Load	1685813160795	1685813176882	KO	status.find.in([200, 209], 304), found 500
USER	MySql - Load Scenario	END	1685813176883
REQUEST		MySql - Load	1685813160785	1685813176883	KO	status.find.in([200, 209], 304), found 500
USER	MySql - Load Scenario	END	1685813176884
REQUEST		MySql - Load	1685813160773	1685813176922	KO	status.find.in([200, 209], 304), found 500
USER	MySql - Load Scenario	END	1685813176923
REQUEST		MySql - Load	1685813160727	1685813177172	KO	status.find.in([200, 209], 304), found 500
USER	MySql - Load Scenario	END	1685813177173
REQUEST		MySql - Load	1685813160742	1685813177174	KO	status.find.in([200, 209], 304), found 500
USER	MySql - Load Scenario	END	1685813177174
REQUEST		MySql - Load	1685813160664	1685813177176	KO	status.find.in([200, 209], 304), found 500
REQUEST		MySql - Load	1685813160741	1685813177176	KO	status.find.in([200, 209], 304), found 500
USER	MySql - Load Scenario	END	1685813177176
REQUEST		MySql - Load	1685813160763	1685813177176	KO	status.find.in([200, 209], 304), found 500
USER	MySql - Load Scenario	END	1685813177176
USER	MySql - Load Scenario	END	1685813177177
REQUEST		MySql - Load	1685813160755	1685813177200	KO	status.find.in([200, 209], 304), found 500
USER	MySql - Load Scenario	END	1685813177200
REQUEST		MySql - Load	1685813160743	1685813177214	KO	status.find.in([200, 209], 304), found 500
USER	MySql - Load Scenario	END	1685813177214
REQUEST		MySql - Load	1685813160771	1685813177334	KO	status.find.in([200, 209], 304), found 500
USER	MySql - Load Scenario	END	1685813177334
REQUEST		MySql - Load	1685813160772	1685813177391	KO	status.find.in([200, 209], 304), found 500
USER	MySql - Load Scenario	END	1685813177391
REQUEST		MySql - Load	1685813160784	1685813177459	KO	status.find.in([200, 209], 304), found 500
USER	MySql - Load Scenario	END	1685813177460
REQUEST		MySql - Load	1685813160774	1685813177462	KO	status.find.in([200, 209], 304), found 500
USER	MySql - Load Scenario	END	1685813177462
REQUEST		MySql - Load	1685813160782	1685813177463	KO	status.find.in([200, 209], 304), found 500
USER	MySql - Load Scenario	END	1685813177463
REQUEST		MySql - Load	1685813160798	1685813177496	KO	status.find.in([200, 209], 304), found 500
USER	MySql - Load Scenario	END	1685813177497
REQUEST		MySql - Load	1685813160808	1685813177558	KO	status.find.in([200, 209], 304), found 500
USER	MySql - Load Scenario	END	1685813177559
REQUEST		MySql - Load	1685813160795	1685813177562	KO	status.find.in([200, 209], 304), found 500
USER	MySql - Load Scenario	END	1685813177562
REQUEST		MySql - Load	1685813160830	1685813177563	KO	status.find.in([200, 209], 304), found 500
USER	MySql - Load Scenario	END	1685813177563
REQUEST		MySql - Load	1685813160641	1685813177645	KO	status.find.in([200, 209], 304), found 500
USER	MySql - Load Scenario	END	1685813177646
REQUEST		MySql - Save	1685813160784	1685813177682	OK	 
USER	MySql - Save Scenario	END	1685813177682
REQUEST		MySql - Load	1685813160649	1685813177697	KO	status.find.in([200, 209], 304), found 500
USER	MySql - Load Scenario	END	1685813177698
REQUEST		MySql - Load	1685813160690	1685813177724	KO	status.find.in([200, 209], 304), found 500
USER	MySql - Load Scenario	END	1685813177727
REQUEST		MySql - Load	1685813160656	1685813177793	KO	status.find.in([200, 209], 304), found 500
USER	MySql - Load Scenario	END	1685813177793
REQUEST		MySql - Load	1685813160666	1685813177796	KO	status.find.in([200, 209], 304), found 500
USER	MySql - Load Scenario	END	1685813177797
REQUEST		MySql - Load	1685813160739	1685813177826	KO	status.find.in([200, 209], 304), found 500
USER	MySql - Load Scenario	END	1685813177827
REQUEST		MySql - Load	1685813160707	1685813177831	KO	status.find.in([200, 209], 304), found 500
USER	MySql - Load Scenario	END	1685813177831
REQUEST		MySql - Save	1685813160771	1685813177856	OK	 
USER	MySql - Save Scenario	END	1685813177857
REQUEST		MySql - Load	1685813160716	1685813177858	KO	status.find.in([200, 209], 304), found 500
USER	MySql - Load Scenario	END	1685813177858
REQUEST		MySql - Load	1685813160687	1685813177859	KO	status.find.in([200, 209], 304), found 500
USER	MySql - Load Scenario	END	1685813177859
REQUEST		MySql - Load	1685813160723	1685813177890	KO	status.find.in([200, 209], 304), found 500
USER	MySql - Load Scenario	END	1685813177891
REQUEST		MySql - Load	1685813160735	1685813177892	KO	status.find.in([200, 209], 304), found 500
USER	MySql - Load Scenario	END	1685813177893
REQUEST		MySql - Save	1685813160774	1685813177949	OK	 
USER	MySql - Save Scenario	END	1685813177950
REQUEST		MySql - Save	1685813160852	1685813177950	OK	 
USER	MySql - Save Scenario	END	1685813177950
REQUEST		MySql - Save	1685813160804	1685813177952	OK	 
USER	MySql - Save Scenario	END	1685813177952
REQUEST		MySql - Save	1685813160835	1685813177952	OK	 
USER	MySql - Save Scenario	END	1685813177953
REQUEST		MySql - Load	1685813160741	1685813177988	KO	status.find.in([200, 209], 304), found 500
USER	MySql - Load Scenario	END	1685813177989
REQUEST		MySql - Save	1685813160886	1685813178257	OK	 
USER	MySql - Save Scenario	END	1685813178258
REQUEST		MySql - Save	1685813160742	1685813178466	OK	 
USER	MySql - Save Scenario	END	1685813178466
REQUEST		MySql - Save	1685813160860	1685813178503	OK	 
USER	MySql - Save Scenario	END	1685813178504
REQUEST		MySql - Save	1685813160796	1685813178581	OK	 
USER	MySql - Save Scenario	END	1685813178582
